ARM GAS  /tmp/ccZLbh1m.s 			page 1


   1              		.cpu cortex-m4
   2              		.eabi_attribute 27, 1
   3              		.eabi_attribute 28, 1
   4              		.eabi_attribute 20, 1
   5              		.eabi_attribute 21, 1
   6              		.eabi_attribute 23, 3
   7              		.eabi_attribute 24, 1
   8              		.eabi_attribute 25, 1
   9              		.eabi_attribute 26, 1
  10              		.eabi_attribute 30, 1
  11              		.eabi_attribute 34, 1
  12              		.eabi_attribute 18, 4
  13              		.file	"board.c"
  14              		.text
  15              	.Ltext0:
  16              		.section	.gnu.lto_.profile.bd5692efab75a605,"",%progbits
  17 0000 789C6365 		.ascii	"x\234ce`b`e```d\230\301h\005\000\002\232\000\341"
  17      60626065 
  17      60606064 
  17      98C16805 
  17      00029A00 
  18              		.text
  19              		.section	.gnu.lto_.inline.bd5692efab75a605,"",%progbits
  20 0000 789C6365 		.ascii	"x\234ce`b\230\310\200\000,\014\014\202\002\214\014L"
  20      606298C8 
  20      80002C0C 
  20      0C82028C 
  20      0C4C
  21 0012 7C1B7219 		.ascii	"|\033r\031D.\36402\201\004\031\0314?\000\011&\231\007"
  21      442EF430 
  21      32810419 
  21      19343F00 
  21      09269907 
  22 0026 B71819D8 		.ascii	"\267\030\031\330\026\310\203\005\231y\030\200z\311\240"
  22      16C88305 
  22      99791880 
  22      7AC9A0
  23 0035 1858C518 		.ascii	"\030X\305\030A\014\270I\214\\0\202\205\201\231\011U"
  23      410CB849 
  23      8C5C3082 
  23      85819909 
  23      55
  24 0046 8E0100D4 		.ascii	"\216\001\000\324R\011s"
  24      520973
  25              		.text
  26              		.section	.gnu.lto_.jmpfuncs.bd5692efab75a605,"",%progbits
  27 0000 789C6365 		.ascii	"x\234ce`b\220`@\000\026 fDp\231ab\000\005;\000,"
  27      60629060 
  27      40001620 
  27      66447099 
  27      61620005 
  28              		.text
  29              		.section	.gnu.lto_.pureconst.bd5692efab75a605,"",%progbits
  30 0000 789C6365 		.ascii	"x\234ce`b\340d```a\220b\224b\226`a\000\000\002\267\000"
  30      6062E064 
  30      60606061 
  30      90629462 
ARM GAS  /tmp/ccZLbh1m.s 			page 2


  30      96606100 
  31 0018 69       		.ascii	"i"
  32              		.text
  33              		.section	.gnu.lto_gpio_init.bd5692efab75a605,"",%progbits
  34 0000 789CA594 		.ascii	"x\234\245\224\315O\023A\024\300\347\355l\267\333\272"
  34      CD4F1341 
  34      14C0E7ED 
  34      6CB7DBBA 
  35 0010 6C1A4F1A 		.ascii	"l\032O\0329p0i\360\320\2754\034L<5\230\230\030\211\242"
  35      39703069 
  35      F0D0BD34 
  35      1C4C3C35 
  35      98981889 
  36 0025 67423142 		.ascii	"gB1B\023c\211\374\001L\011\006\003\211r\240|i].\006"
  36      136389FC 
  36      014C0906 
  36      038972A0 
  36      7C695D2E 
  37 003a 0AB4053F 		.ascii	"\012\264\005?\001\025k\001\021\37461\336<H\3244\321"
  37      01156B01 
  37      11FC3631 
  37      DE3C48D4 
  37      34D1
  38 004c 18F1E0AD 		.ascii	"\030\361\340\255\372\336,\233\030<m:\331};\263\363\346"
  38      FADE2C9B 
  38      183C6D3A 
  38      D97D3BB3 
  38      F3E6
  39 005e 37BF7D9B 		.ascii	"7\277}\233]\037S\330\220\217\261c\214\261\003x\002g"
  39      5D1F53D8 
  39      908FB163 
  39      8CB10378 
  39      0267
  40 0070 A00CBE62 		.ascii	"\240\014\276b,\245+\000\324\021:\260n\005\272\341*\037"
  40      2CA52B00 
  40      D4113AB0 
  40      6E05BAE1 
  40      2A1F
  41 0082 E150EAFB 		.ascii	"\341P\352\373\262\250\324O\012l\305\221\345`F\274\021"
  41      B2A8D44F 
  41      0A6CC591 
  41      E56046BC 
  41      11
  42 0093 DCE68C8D 		.ascii	"\334\346\214\215\341I\015&\241\036\323\336\366\316]"
  42      E1490D26 
  42      A11ED3DE 
  42      F6CE5D
  43 00a2 E7577006 		.ascii	"\347Wp\006@\305\341\317\227\343[&\015\025\250\303\341"
  43      40C5E1CF 
  43      97E35B26 
  43      0D15A8C3 
  43      E1
  44 00b3 C0E7A994 		.ascii	"\300\347\251\224\302\217\000\303~\272\360\343\275\021"
  44      C28F00C3 
  44      7EBAF0E3 
  44      BD11
  45 00c1 BE29448F 		.ascii	"\276)D\217(~\033\342\342\240\3159L\003G d\241\026\246"
ARM GAS  /tmp/ccZLbh1m.s 			page 3


  45      287E1BE2 
  45      E2A0CD39 
  45      4C034720 
  45      64A116A6 
  46 00d5 A096E12D 		.ascii	"\240\226\341-\0063\020\306\364r\245\360U\3451\2714\373"
  46      063310C6 
  46      F472A5F0 
  46      55E531B9 
  46      34FB
  47 00e7 F1DAC99D 		.ascii	"\361\332\311\235\225\253\373\306DQ\265\271\012\263\273"
  47      95ABFBC6 
  47      4451B5B9 
  47      0AB3BB
  48 00f6 97AA0C72 		.ascii	"\227\252\014r\020\246\374O\363\225t\215\246:\256\220"
  48      10A6FC4F 
  48      F395748D 
  48      A63AAE90 
  49 0106 070DF05A 		.ascii	"\007\015\360Zx\007EQ\371\323\207\214\375\343\371\300"
  49      78074551 
  49      F9D3878C 
  49      FDE3F9C0 
  50 0116 5E7C6A4C 		.ascii	"^|jL\347\270\320\247\002m\252QW\247\020\244`P0)\204"
  50      E7B8D0A7 
  50      026DAA51 
  50      57A710A4 
  50      60503029 
  51 012b 2830D68F 		.ascii	"(0\326\2174\252\323\000W\350\312\313\320\263T\316\256"
  51      34AAD300 
  51      57E8CACB 
  51      D0B354CE 
  51      AE
  52 013c 99B44186 		.ascii	"\231\264A\206S\315\206/\225^\373\351\351U\251\375{}"
  52      53CD862F 
  52      955EFBE9 
  52      E955A9FD 
  52      7B7D
  53 014e F3B26143 		.ascii	"\363\262aC&\2055\254\2639&)P@U\232\2731\272\360\313"
  53      268535AC 
  53      B3392629 
  53      5040559A 
  53      BB31BAF0 
  54 0163 B4726250 		.ascii	"\264rbPN\371a\016l\030\225\245\205y\260X\031J\303\033"
  54      4EF9610E 
  54      6C1895A5 
  54      8579B058 
  54      194AC31B 
  55 0177 8788FC2F 		.ascii	"\207\210\374/\226\377\207\235\210\243\233\236\301\015"
  55      96FF879D 
  55      88A39B9E 
  55      C10D
  56 0185 6FED803F 		.ascii	"o\355\200?lo\257\030\010\356M\0218\000\267%\230\012"
  56      6C6FAF18 
  56      08EE4D11 
  56      3800B725 
  56      980A
  57 0197 0077C042 		.ascii	"\000w\300BO&\275\247]o\315\243\350]\311S\210wo\267\250"
  57      4F26BDA7 
ARM GAS  /tmp/ccZLbh1m.s 			page 4


  57      5D6FCDA3 
  57      E85DC953 
  57      88776FB7 
  58 01ac 37B3FB92 		.ascii	"7\263\373\222$_\321\002\231i\216\331\214k\246{4[\224"
  58      245FD102 
  58      99698ED9 
  58      8C6BA67B 
  58      345B94
  59 01bf 3C95784B 		.ascii	"<\225xK\325\231=\220$\037\221\036\222\231\356\230\315"
  59      D5993D90 
  59      241F911E 
  59      9299EE98 
  59      CD
  60 01d0 BA66418F 		.ascii	"\272fA\217f\217$O#\336ruf\217%\311O\244\"\231\005\035"
  60      668F244F 
  60      23DE7275 
  60      668F25C9 
  60      4FA42299 
  61 01e6 B39C6B66 		.ascii	"\263\234kfx4{\"y:\361J\325\231\255HR\200H\253df8fy\327"
  61      78347B22 
  61      793AF14A 
  61      D599AD48 
  61      528048AB 
  62 0200 CCF468B6 		.ascii	"\314\364h\266&yA\342=\255\316l]\222\366\020\351\031"
  62      267941E2 
  62      3DADCE6C 
  62      5D92F610 
  62      E919
  63 0212 99998E59 		.ascii	"\231\231\216Y\3015\013y4\333\220<\203x\233\325\231="
  63      C1350B79 
  63      34DB903C 
  63      83789BD5 
  63      993D
  64 0224 97A41A22 		.ascii	"\227\244\032\"\275 \263\020\373\016=\023[i \232\374"
  64      BD20B310 
  64      FB0E3D13 
  64      5B69209A 
  64      FC
  65 0235 CBF6E397 		.ascii	"\313\366\343\227\213\377\032\374\334\016G\"\226s\304"
  65      8BFF1AFC 
  65      DC0E4722 
  65      9673C4
  66 0244 3A12F144 		.ascii	":\022\361DS\263\225\354\262:Z\317[\361d\353\305\263"
  66      53B395EC 
  66      B23A5ACF 
  66      5BF164EB 
  66      C5B3
  67 0256 5D56F3E9 		.ascii	"]V\363\351\226\023gb\307\033\233\032\242-G\243\321\206"
  67      96136762 
  67      C71B9B1A 
  67      A22D47A3 
  67      D186
  68 0268 538DCE4C 		.ascii	"S\215\316L\244\215\371\332;\023\311N\255-y\341\\\242"
  68      A48DF9DA 
  68      3B13C94E 
  68      AD2D79E1 
  68      5CA2
ARM GAS  /tmp/ccZLbh1m.s 			page 5


  69 027a FD2F29E4 		.ascii	"\375/)\344\342X"
  69      E258
  70              		.text
  71              		.section	.gnu.lto_stm32_gpio_init.bd5692efab75a605,"",%progbits
  72 0000 789CA5D6 		.ascii	"x\234\245\326\311O\023Q\034\007\360\367\233\327\226"
  72      C94F1351 
  72      1C07F0F7 
  72      9BD796
  73 000f 69A5E249 		.ascii	"i\245\342II\344\340\325\013s!\036\2147\202'\003\211"
  73      49E4E0D5 
  73      0B73211E 
  73      8C378227 
  73      0389
  74 0021 E8D9809A 		.ascii	"\350\331\200\232`41\221?\240S\025AM\0207\266H\246\011"
  74      60343191 
  74      3FA05315 
  74      414D1037 
  74      B648A609 
  75 0035 26A55628 		.ascii	"&\245V(**\255\013X\305\235E\305\265\250P\021\255uC1"
  75      2A2AAD0B 
  75      58C59D45 
  75      C5B5A850 
  75      11AD7543 
  76 004a 3120E0FB 		.ascii	"1 \340\373\275\327\3114$\035[\231t~\323\316\362\375"
  76      BDD7C934 
  76      241D5B99 
  76      747ED3CE 
  76      F2FD
  77 005c 7DA66F66 		.ascii	"}\246ofZ+\221\310Q;!\353\010!+\331\014\224\200T7@\210"
  77      5A2B91C8 
  77      513B21EB 
  77      08212BD9 
  77      0C948054 
  78 0073 5B9600F0 		.ascii	"[\226\000\360\215*\003qI\340\202#\264\201B\270z\"(\255"
  78      8D2A0371 
  78      49E08223 
  78      B48142B8 
  78      7A2228AD 
  79 0087 F6AA6CEA 		.ascii	"\366\252l\352m\230r\264\250C*\325(!Ml\306\011\274\260"
  79      6D9872B4 
  79      A8432AD5 
  79      28214D6C 
  79      C609BCB0 
  80 009b 9AB0FDA2 		.ascii	"\232\260\375\242\347\346N:m\026\261\036\332\300\006"
  80      E7E64E3A 
  80      6D16B11E 
  80      DAC006
  81 00aa 6C19780C 		.ascii	"l\031x\014\275\352\334|\265\332;r\032\032\212s%\242"
  81      BDEADC7C 
  81      B5DA3B72 
  81      1A1A8A73 
  81      25A2
  82 00bc 51D69015 		.ascii	"Q\326\220\025+\026\033\026\031\213\035\213\003K6\026"
  82      2B161B16 
  82      198B1D8B 
  82      034B3616 
  83 00cc 27961C2C 		.ascii	"'\226\034,\204\034b\201\310:L%\\\322\030\204C\261\353"
ARM GAS  /tmp/ccZLbh1m.s 			page 6


  83      841C6281 
  83      C83A4C25 
  83      5CD21884 
  83      43B1EB
  84 00df DBB1450B 		.ascii	"\333\261E\013\225X\347\372\252\360`V-CI\200\220\375"
  84      9558E7FA 
  84      AAF06056 
  84      2D434980 
  84      90FD
  85 00f1 2D7D1376 		.ascii	"-}\023v\361Q\375^\243Z\330\252\370\333\231\240U\203"
  85      F151FD5E 
  85      A35AD8AA 
  85      F8DB99A0 
  85      5583
  86 0103 16373B89 		.ascii	"\0267;\211U\032\245p\006\362\300\007y\004\367\377Q?"
  86      551AA570 
  86      06F2C007 
  86      7904F7FF 
  86      513F
  87 0115 349AADB4 		.ascii	"4\232\255\264\253\373A\243\026\360\203\006\215\374\324"
  87      ABFB41A3 
  87      16F08306 
  87      8DFCD4
  88 0124 E02C2824 		.ascii	"\340,($\006\373~\037\000\321\213\212v\201\252q\237\214"
  88      06FB7E1F 
  88      00D18B8A 
  88      7681AA71 
  88      9F8C
  89 0136 F900F300 		.ascii	"\371\000\363\000\355,\205\211\352\355\270Of\255:\214"
  89      ED2C8589 
  89      EAEDB84F 
  89      66AD3A8C 
  90 0146 56015058 		.ascii	"V\001PX>\006\205\354\242\2315\263\254N#\353\234`\377"
  90      3E0685EC 
  90      A29935B3 
  90      AC4E23EB 
  90      9C60FF
  91 0159 D1D989B0 		.ascii	"\321\331\211\260\350\267\3704\025l6\"\3639p\376\377"
  91      E8B7F834 
  91      156C3622 
  91      F33970FE 
  91      FF
  92 016a E5178C6E 		.ascii	"\345\027\214n](\267%\313\345\264\263\334\270\315\002"
  92      5D28B725 
  92      CBE5B4B3 
  92      DCB8CD02 
  93 017a 178DB44B 		.ascii	"\027\215\264K\334\036\016\371z\254\"\314\236\031\354"
  93      DC1E0EF9 
  93      7AAC22CC 
  93      9E19EC
  94 0189 328FC22B 		.ascii	"2\217\302+\017\272\027\214\236\203\205-f\264\202Ft\010"
  94      0FBA178C 
  94      9E83852D 
  94      66B48246 
  94      7408
  95 019b CFD9917C 		.ascii	"\317\331\221|\316\331\231e]\341Y\022f]]\300t\262\260"
  95      CED99965 
ARM GAS  /tmp/ccZLbh1m.s 			page 7


  95      5DE15912 
  95      665D5DC0 
  95      74B2B0
  96 01ae C530AF19 		.ascii	"\3050\257\031\321\327\221\351Lf\346d:4=FZ/\203\306\241"
  96      D1D791E9 
  96      4C66E664 
  96      3A343D46 
  96      5A2F83C6 
  97 01c3 CAD3BE1C 		.ascii	"\312\323\276\034\263p\347`\360s$\3135\253\312\032\265"
  97      B370E760 
  97      F07324CB 
  97      35ABCA1A 
  97      B5
  98 01d4 36E13703 		.ascii	"6\3417\0037\300\205\033\246\"\321\001\300K\315\006\252"
  98      37C0851B 
  98      A622D101 
  98      C04BCD06 
  98      AA
  99 01e5 CAEE4008 		.ascii	"\312\356@\010C^\362}\232\305\357\323}\323=?\227\262"
  99      435EF27D 
  99      9AC5EFD3 
  99      7DD33D3F 
  99      97B2
 100 01f7 C373D98A 		.ascii	"\303s\331\212V\034~\266\356^\263\177'\332\226iT\206"
 100      561C7EB6 
 100      EE5EB37F 
 100      27DA9669 
 100      5486
 101 0209 5BEC1174 		.ascii	"[\354\021t3\001\253u\037\033\221\030\254NU=QIcC\331"
 101      3301AB75 
 101      1F1B9118 
 101      AC4E553D 
 101      51496343 
 102 021e C76989E3 		.ascii	"\307i\211\343:\016\336\355\002\226\325\3106/\325\250"
 102      3A0EDEED 
 102      0296D5C8 
 102      362FD5A8 
 103 022e 036E83C2 		.ascii	"\003n\203\302\231p\007\\\032]\302\345A\023\371]!o\016"
 103      9970075C 
 103      1A5DC2E5 
 103      4113F95D 
 103      216F0E
 104 0241 CFDCB427 		.ascii	"\317\334\264'\3445(\277\307\345\377\244\3367\245>\340"
 104      E43528BF 
 104      C7E5FFA4 
 104      DE37A53E 
 104      E0
 105 0252 544B0AEA 		.ascii	"TK\012\352C\235\332oP\337\233P\007\004\365D\270i\330"
 105      439DDA6F 
 105      50DF9B50 
 105      0704F544 
 105      B869D8
 106 0265 99A0D621 		.ascii	"\231\240\326!u0=\352\220)\365\021\247ZSP\037\353\324"
 106      75303DEA 
 106      9029F511 
 106      A75A5350 
 106      1FEBD4
ARM GAS  /tmp/ccZLbh1m.s 			page 8


 107 0278 270675D2 		.ascii	"'\006u\322\204:,\2505\376\023\2554AmD\352\323\364\250"
 107      843A2CA8 
 107      35FE13AD 
 107      34416D44 
 107      EAD3F4A8 
 108 028c CF4CA9CF 		.ascii	"\317L\251\3179\325\226\202\372B\247\2764\250\263&\324"
 108      39D59682 
 108      FA42A7BE 
 108      34A8B326 
 108      D4
 109 029d 57821A09 		.ascii	"W\202\032\011\364\307\345\004\325\203\324Hz\324\021"
 109      F4C7E504 
 109      D583D448 
 109      7AD411
 110 02ac 53EA6B4E 		.ascii	"S\352kN\315JA}\243S\337\032T\337\212\324\324QA\035\362"
 110      CD4A417D 
 110      A353DF1A 
 110      54DF8AD4 
 110      D451411D 
 111 02c1 7EA8B126 		.ascii	"~\250\261&\250mH\035K\217\0325\245\276\343T9\005u\\"
 111      A86D481D 
 111      4B8F1A35 
 111      A5BEE354 
 111      3905755C 
 112 02d5 A7BE37A8 		.ascii	"\247\2767\250\027M\250\023\202z\374\227wL\247v\"\365"
 112      174DA813 
 112      827AFC97 
 112      774CA776 
 112      22F5
 113 02e7 437AD48F 		.ascii	"Cz\324\217\246\324\030\247\332SP?\351\324\270A\0353"
 113      A6D418A7 
 113      DA53503F 
 113      E9D4B841 
 113      1D33
 114 02f9 A17E16D4 		.ascii	"\241~\026\324\276.\377\260N\355F\352\227\364\250_M\251"
 114      BE2EFFB0 
 114      4EED46EA 
 114      97F4A85F 
 114      4DA9
 115 030b DF38D591 		.ascii	"\3378\325\221\202\372]\247N\012\352\027\330\353\011"
 115      82FA5DA7 
 115      4E0AEA17 
 115      D8EB09
 116 031a 9CE23F08 		.ascii	"\234\342?\010\374/\326!\006d\377|\330cxm~\276\"^\205"
 116      FC2FD621 
 116      0664FF7C 
 116      D863786D 
 116      7EBE225E 
 117 032f 153BCA77 		.ascii	"\025;\312w\224\224*\273+\225\212\262]J\371\356\262="
 117      94942ABB 
 117      2B958AB2 
 117      5D4AF9EE 
 117      B23D
 118 0341 DB2A95D2 		.ascii	"\333*\225\322M[\2127\027n(*YS\260e}A\301\232\215EbK"
 118      4D5B8A37 
 118      176E282A 
 118      5953B065 
ARM GAS  /tmp/ccZLbh1m.s 			page 9


 118      7D41C19A 
 119 0359 FE56F217 		.ascii	"\376V\362\027*\333-z"
 119      2ADB2D7A 
 120              		.text
 121              		.section	.gnu.lto_gpio_default_config.bd5692efab75a605,"",%progbits
 122 0000 789CDD92 		.ascii	"x\234\335\222\313J\303@\024\206s2M\257\266}\001\237"
 122      CB4AC340 
 122      14867332 
 122      4DAFB67D 
 122      019F
 123 0012 C027C89B 		.ascii	"\300'\310\233\370\032>B6B\"(\202\227\306U\242P\354\305"
 123      F81A3E42 
 123      36422228 
 123      8297C655 
 123      A250ECC5 
 124 0026 26D5D668 		.ascii	"&\325\326h\255\025\021\021\353F\015\006t!\305\215T\260"
 124      AD151111 
 124      EB460D06 
 124      7421C58D 
 124      54B0
 125 0038 EA4A89A2 		.ascii	"\352J\211\242\361\214'\024\352\242\324\255\263\230\237"
 125      F18C2714 
 125      EAA2D4AD 
 125      B3989F
 126 0047 F3CDE13F 		.ascii	"\363\315\341??3#\011\2420\311\004\001\004Z9\006\366"
 126      3F332309 
 126      A230C904 
 126      01045A39 
 126      06F6
 127 0059 63C34FCF 		.ascii	"c\303O\3171\203!\3042\377\376\361\302\250\014\002\206"
 127      318321C4 
 127      32FFFEF1 
 127      C2A80C02 
 127      86
 128 006a 60D67DF6 		.ascii	"`\326}\366$\002\027%\257$!\272=-\226\373=A\220E\324"
 128      24021725 
 128      AF2421BA 
 128      3D2D96FB 
 128      3D419045 
 129 007f 5BD29A19 		.ascii	"[\322\232\031\331QTS\2312\030\350x\264\016\343:\003"
 129      D9515453 
 129      993218E8 
 129      78B40EE3 
 129      3A03
 130 0091 12114A5C 		.ascii	"\022\021J\\\030\024\271D\240\300E\242\263(\027>\332"
 130      1814B944 
 130      A0C045A2 
 130      B328173E 
 130      DA
 131 00a2 B5F26A84 		.ascii	"\265\362j\204l\275p\322\335e\327\310\216`\2731\304\366"
 131      6CBD70D2 
 131      DD65D7C8 
 131      8E60BB31 
 131      C4F6
 132 00b4 3F797CAE 		.ascii	"?y|\256\034\370\321\376\025%\221\034w:\365\324\010\256"
 132      1CF8D1FE 
 132      1525911C 
ARM GAS  /tmp/ccZLbh1m.s 			page 10


 132      773AF5D4 
 132      08AE
 133 00c6 9B435C9D 		.ascii	"\233C\\\235\373\366I\222\\\025\300\272\255]\237\375"
 133      FBF64992 
 133      5C15C0BA 
 133      AD5D9FFD 
 134 00d6 7ACCDA5F 		.ascii	"z\314\332_\223\316\250f.\036z\036N \310\025\264\205"
 134      93CEA866 
 134      2E1E7A1E 
 134      4E20C815 
 134      B485
 135 00e8 44089EF8 		.ascii	"D\010\236\370\024\267R}\210\021\350\374\374\264\371"
 135      14B7527D 
 135      8811E8FC 
 135      FCB4F9
 136 00f7 56E3284B 		.ascii	"V\343(K`z\3153\243\210jNo9\354\261\337\350\247\325\253"
 136      607ACD33 
 136      A3886A4E 
 136      6F39ECB1 
 136      DFE8A7D5 
 137 010c 5FDDB0CB 		.ascii	"_\335\260\313\324\224+\021\321\342\215\345K\203y\367"
 137      D4942B11 
 137      D1E28DE5 
 137      4B8379F7 
 138 011c 06F23628 		.ascii	"\006\3626(\357.\345\335\241\274\016\345\335\246\274"
 138      EF2EE5DD 
 138      A1BC0EE5 
 138      DDA6BC
 139 012b ABB5F3D7 		.ascii	"\253\265\363\327\360\036\0254\027u\026\203&\310:\213"
 139      F01E1534 
 139      17751683 
 139      26C83A8B 
 140 013b 439D4B02 		.ascii	"C\235K\002\266\270$\241\312%\0056\2271\260\270\244\241"
 140      B6B824A1 
 140      CA250536 
 140      9731B0B8 
 140      A4A1
 141 014d C2250365 		.ascii	"\302%\003e\220\005\330\307\355\033\254^\376\327"
 141      9005D8C7 
 141      ED1BAC5E 
 141      FED7
 142              		.text
 143              		.section	.gnu.lto___early_init.bd5692efab75a605,"",%progbits
 144 0000 789C6365 		.ascii	"x\234ce`b8\313\300\300`\003\304\322@\314\310\314\300"
 144      606238CB 
 144      C0C06003 
 144      C4D240CC 
 144      C8CCC0
 145 0013 C834E11C 		.ascii	"\3104\341\034\003C#\007\023##\210\321\300\301\310P\317"
 145      03432307 
 145      13232388 
 145      D1C0C1C8 
 145      50CF
 146 0025 C458CFD8 		.ascii	"\304X\317\330\317<\235\231\361P\373\263\235L\232\313"
 146      CF3C9D99 
 146      F150FBB3 
 146      9D4C9ACB 
ARM GAS  /tmp/ccZLbh1m.s 			page 11


 147 0035 1B80E0C0 		.ascii	"\033\200\340\300\364+|m\015\255\022\363\231\031\030"
 147      F42B7C6D 
 147      0DAD12F3 
 147      991918
 148 0044 66023108 		.ascii	"f\0021\0100.g\324d\000*{\264\361\337T^6\026\2108\343"
 148      302E67D4 
 148      64002A7B 
 148      B4F1DF54 
 148      5E361688 
 149 005a 0A463646 		.ascii	"\012F6F \275\376\022\343\201\206\177\377\333\033\016"
 149      20BDFE12 
 149      E381867F 
 149      FFDB1B0E 
 150 006a 9C59CC78 		.ascii	"\234Y\314x\327\217\205\201\241\013(\015\262\243\233"
 150      D78F8581 
 150      A10B280D 
 150      B2A39B
 151 0079 99094433 		.ascii	"\231\011D3\277fl^\260y.3H\003\310\224\235;\337\334f"
 151      BF666C5E 
 151      B0792E33 
 151      4803C894 
 151      9D3BDFDC 
 152 008e AFFFDBC0 		.ascii	"\257\377\333\3001\237\231q&3\320\010\306\225\214\365"
 152      319F9971 
 152      2633D008 
 152      C6958CF5 
 153 009e 0CF3818A 		.ascii	"\014\363\201\212A\012\267\312bW\307\004T\267\012\252"
 153      410AB7CA 
 153      6257C704 
 153      54B70AAA 
 154 00ae EE2D63D3 		.ascii	"\356-c\323\202\335s\031\301\012A\240\013h\012\320\""
 154      82DD7319 
 154      C10A41A0 
 154      0B680AD0 
 154      22
 155 00bf A0122B3D 		.ascii	"\240\022+==}\010r\316\310L\312\364\017\326\317/\326"
 155      3D7D0872 
 155      CEC84CCA 
 155      F40FD6CF 
 155      2FD6
 156 00d1 CF48CCD1 		.ascii	"\317H\314\321O\312O,J)\326\017\016\211\367\013u\366"
 156      4FCA4F2C 
 156      4A29D60F 
 156      0E89F70B 
 156      75F6
 157 00e3 71F53733 		.ascii	"q\36573\211w311\013r\205\310\350%3\000\000\324@V\010"
 157      89773331 
 157      310B7285 
 157      C8E82533 
 157      0000D440 
 158              		.text
 159              		.section	.gnu.lto_boardInit.bd5692efab75a605,"",%progbits
 160 0000 789C6365 		.ascii	"x\234ce`b\250d``\260\001bi fdf`d\232p\216\201\241\221"
 160      6062A864 
 160      6060B001 
 160      62692066 
 160      64666064 
ARM GAS  /tmp/ccZLbh1m.s 			page 12


 161 001a 83899111 		.ascii	"\203\211\221\021\304h\340`d\250gb\254g\354g\236\316"
 161      C468E060 
 161      64A86762 
 161      AC67EC67 
 161      9ECE
 162 002c CC78A8FD 		.ascii	"\314x\250\375\331N&\315\345\015@p`\372\006\241\266\206"
 162      D94E26CD 
 162      E50D4070 
 162      60FA06A1 
 162      B686
 163 003e 5689F9CC 		.ascii	"V\211\371\314\014\0143\201\030\004\030\2273j2\000\225"
 163      0C0C3381 
 163      18041897 
 163      336A3200 
 163      95
 164 004f 3DDAF86F 		.ascii	"=\332\370o*/\033\013D\234q\005#\033#\220^\177\211\361"
 164      2A2F1B0B 
 164      449C7105 
 164      231B2390 
 164      5E7F89F1 
 165 0063 40C3BFFF 		.ascii	"@\303\277\377\355\015\007\276,b\334\032\304\304\300"
 165      ED0D07BE 
 165      2C62DC1A 
 165      C4C4C0
 166 0072 D0059406 		.ascii	"\320\005\224\006\331\321\315\314\004\242\231\33726)"
 166      D9D1CDCC 
 166      04A299DF 
 166      323629
 167 0081 805483CD 		.ascii	"\200T\203\315\352bf\004\011\002\225Y\351\351\351C\220"
 167      EA626604 
 167      09029559 
 167      E9E9E943 
 167      90
 168 0092 73466652 		.ascii	"sFfR\246\177\260~~\261~Fb\216~R~bQJ\261~pH\274_\250"
 168      A67FB07E 
 168      7EB17E46 
 168      628E7E52 
 168      7E62514A 
 169 00ad B38FABBF 		.ascii	"\263\217\253\277\231I\274\233\211\211Y\220+DF/\231\001"
 169      9949BC9B 
 169      89895990 
 169      2B44462F 
 169      9901
 170 00bf 00CF283A 		.ascii	"\000\317(:="
 170      3D
 171              		.text
 172              		.section	.gnu.lto_.symbol_nodes.bd5692efab75a605,"",%progbits
 173 0000 789C5DCB 		.ascii	"x\234]\313M\016\202P\014\004\340y\363|^\203\204\223"
 173      4D0E8250 
 173      0C04E079 
 173      F37C5E83 
 173      8493
 174 0012 E0C9DAB0 		.ascii	"\340\311\332\2601\321\015g\340\024\350N\302\002\377"
 174      31D10D67 
 174      E014E84E 
 174      C202FF
 175 0021 380361ED 		.ascii	"8\003a\355\031\010E\353B\273\371\232\2316\201h`\303"
ARM GAS  /tmp/ccZLbh1m.s 			page 13


 175      190845EB 
 175      42BBF99A 
 175      99368168 
 175      60C3
 176 0033 2B05A806 		.ascii	"+\005\250\006\3008\351E\267\226\335(\341/K=\2419\020"
 176      C038E945 
 176      B796DD28 
 176      E12F4B3D 
 176      A13910
 177 0046 79A7F05B 		.ascii	"y\247\360[\236ug\347\017J\374I\302\223\262y'\200ja_"
 177      9E7567E7 
 177      0F4AFC49 
 177      C293B279 
 177      27806A61 
 178 005b 0198F6AF 		.ascii	"\001\230\366\257l\265<|\254\335\326\235\334\362\350"
 178      6CB53C7C 
 178      ACDDD69D 
 178      DCF2E8
 179 006a BDDBAEDA 		.ascii	"\275\333\256\332R\217s\2101\2413\261\000\333\2252Y"
 179      528F7388 
 179      31A133B1 
 179      00DB9532 
 179      59
 180              		.text
 181              		.section	.gnu.lto_.refs.bd5692efab75a605,"",%progbits
 182 0000 789C05C1 		.ascii	"x\234\005\301\271\015\300 \000\004\260\303\022\022\035"
 182      B90DC020 
 182      0004B0C3 
 182      12121D
 183 000f E16DD87F 		.ascii	"\341m\330\177\317\3305\362\222\264B\347c0Yl\0167?\015"
 183      CFD835F2 
 183      92B442E7 
 183      6330596C 
 183      0E373F0D 
 184 0023 C700E0   		.ascii	"\307\000\340"
 185              		.text
 186              		.section	.gnu.lto_.decls.bd5692efab75a605,"",%progbits
 187 0000 789CCD59 		.ascii	"x\234\315YyPTI\232\177\371\262\252\200\2428\002\234"
 187      79505449 
 187      9A7FF9B2 
 187      AA80A238 
 187      029C
 188 0012 5E67C6DD 		.ascii	"^g\306\335\350ph\233\230\211\261\204v\214\211\215\211"
 188      E870689B 
 188      9889B184 
 188      768C898D 
 188      89
 189 0023 89514031 		.ascii	"\211Q@1\332n\211\302\356\215\375\213@\301\221X\024\003"
 189      DA6E89C2 
 189      EE8DFD8B 
 189      40C19158 
 189      1403
 190 0035 70D79E8D 		.ascii	"p\327\236\215\215}\034\212\\\002*\312\341-*\264(\266"
 190      8D7D1C8A 
 190      5C022ACA 
 190      E12D2AB4 
 190      28B6
ARM GAS  /tmp/ccZLbh1m.s 			page 14


 191 0047 8A8A7854 		.ascii	"\212\212xT\203 \2020\010\036\210\200\210-\"*\247\012"
 191      83208230 
 191      081E8880 
 191      882D222A 
 191      A70A
 192 0059 22C77C99 		.ascii	"\"\307|\231\371\212\227\365xF\367\314_S\341\217\227"
 192      F98A97F5 
 192      7846F7CC 
 192      5F53E18F 
 192      97
 193 006a DFCB5F7E 		.ascii	"\337\313_~G\036_f>\365\202(,\3717A\250\306\202\340."
 193      471E5F66 
 193      3EF58228 
 193      2CF93741 
 193      A8C682E0 
 194 007f 0AC214FC 		.ascii	"\012\302\024\374\014\202 \234\024\224\237\036\340\200"
 194      0C82209C 
 194      14949F1E 
 194      E080
 195 008d 04C10830 		.ascii	"\004\301\0100\001\\\001\356\000\370',@\202\335\317\015"
 195      015C01EE 
 195      00F8272C 
 195      4082DDCF 
 195      0D
 196 009e 7418E1F9 		.ascii	"t\030\341\3715\300\0030\013\240\003N\003<?\005\324\003"
 196      35C00330 
 196      0BA0034E 
 196      033C3F05 
 196      D403
 197 00b0 7C40C680 		.ascii	"|@\306\200&(\273\002n\000\336\000\252\000\243\200J\300"
 197      2628BB02 
 197      6E00DE00 
 197      AA00A380 
 197      4AC0
 198 00c2 7BC075C0 		.ascii	"{\300u\300\004\240\006\360\026\360=`\004P\001\030\023"
 198      04A006F0 
 198      16F03D60 
 198      04500118 
 198      13
 199 00d3 987D0795 		.ascii	"\230}\007\225}\362\373\031\370`\222} 6\223\201\263M"
 199      7DF2FB19 
 199      F860927D 
 199      20369381 
 199      B34D
 200 00e5 B6978298 		.ascii	"\266\227\202\230?\251\0003 M\366\315\000Ogx\376\005"
 200      3FA90033 
 200      204DF6CD 
 200      004F6778 
 200      FE05
 201 00f7 9EFF0758 		.ascii	"\236\377\007X\017\230\007\370\004\360k\300o\000^\000"
 201      0F9807F8 
 201      04F06BC0 
 201      6F005E00 
 202 0107 6FC05CC0 		.ascii	"o\300\\\300\257\000`\206\366\211\303\007\372\"\024\010"
 202      AF006086 
 202      F689C307 
 202      FA221408 
ARM GAS  /tmp/ccZLbh1m.s 			page 15


 203 0117 58F6A14E 		.ascii	"X\366\241N`\366\334d\377o\310\361V\312q\326\310\361"
 203      60F6DC64 
 203      FF6FC8F1 
 203      56CA71D6 
 203      C8F1
 204 0129 FD984DAD 		.ascii	"\375\230M\255\337\317e;$\336t\3408\311<\362\316$\217"
 204      DFCF653B 
 204      24DE74E0 
 204      38C93CF2 
 204      CE248F
 205 013c 9BBB46DB 		.ascii	"\233\273F\333\177\025\231\337_\3132)\273j\360\366`T"
 205      7F1599DF 
 205      5FCB3229 
 205      BB6AF0F6 
 205      6054
 206 014e FFB8FB97 		.ascii	"\377\270\373\227\035\250\015!\001!w\204\344\200I\033"
 206      1DA80D21 
 206      01217784 
 206      E480491B 
 207 015e C44AE4D5 		.ascii	"\304J\344\325\224\355\207\230\014\177E\233^4mA.\320"
 207      94ED8798 
 207      0C7F459B 
 207      5E346D41 
 207      2ED0
 208 0170 76481011 		.ascii	"vH\020\021#\213\202\026\211\327\250X\264\375l\357\220"
 208      238B8216 
 208      89D7A858 
 208      B4FD6CEF 
 208      90
 209 0181 BD4AA20D 		.ascii	"\275J\242\015q/\370\006\234B9\012\306\340|\264EC\273"
 209      712FF806 
 209      9C42390A 
 209      C6E07CB4 
 209      4543BB
 210 0194 8F06FF32 		.ascii	"\217\006\3772m\370\200\356\021jG\310Y8\370'D\337\275"
 210      6DF880EE 
 210      116A47C8 
 210      5938F827 
 210      44DFBD
 211 01a7 B3765689 		.ascii	"\263vV\211\030\354@\371\321\273\302\245\363\213%\366"
 211      18EC40F9 
 211      D1BBC2A5 
 211      F38B25F6 
 212 01b7 739CA3F4 		.ascii	"s\234\243\364\332\355\304\323{\361v\214<\214H\007\342"
 212      DAEDC4D3 
 212      7BF1768C 
 212      3C8C4807 
 212      E2
 213 01c8 607DDE13 		.ascii	"`}\336\023W\020g\031\321\307 \366%>\355tf\265\263Al"
 213      57106719 
 213      D1C720F6 
 213      253EED74 
 213      66B5B341 
 214 01dd 1AB8B54F 		.ascii	"\032\270\265O\026\335AlK\336\272\337\200\177F\015\264"
 214      16DD416C 
 214      4BDEBADF 
 214      807F460D 
ARM GAS  /tmp/ccZLbh1m.s 			page 16


 214      B4
 215 01ee D7149D20 		.ascii	"\327\024\235 z>5\"\342\273\033\274*yY\366\316\205\275"
 215      7A3E3522 
 215      E2BB1BBC 
 215      2A7959F6 
 215      CE85BD
 216 0201 228CA68C 		.ascii	"\"\214\246\214\241\002\007\374\013R\026sk\357W\350\220"
 216      A10207FC 
 216      0B521673 
 216      6BEF57E8 
 216      90
 217 0212 B7F11871 		.ascii	"\267\361\030q\307\332\177nnV\222$\211\350\0342\2423"
 217      C7DA7F6E 
 217      6E569224 
 217      89E81C32 
 217      A233
 218 0224 08A36FD1 		.ascii	"\010\243o\321|\022\341\247d\225n\223\244x)3Ar\012\024"
 218      7C12E1A7 
 218      64956E93 
 218      A4782933 
 218      41720A14 
 219 0238 50319A83 		.ascii	"P1\232\203N\2409\002:\213\274\211Z\302C\337\301\313"
 219      4EA03902 
 219      3A8BBC89 
 219      5AC243DF 
 219      C1CB
 220 024a D3F0124C 		.ascii	"\323\360\022L\024\025d\0356\340`j\242\372\352\303\026"
 220      1415641D 
 220      36E0606A 
 220      A2FAEAC3 
 220      16
 221 025b 1D327A6B 		.ascii	"\0352zk\266\277\240\321\236\371\362,\177n\365\026\342"
 221      B6BFA0D1 
 221      9EF9F22C 
 221      7F6EF516 
 221      E2
 222 026c CB79F0A5 		.ascii	"\313y\360\245T\361\005\\c\035\326u\251-N\304\377OC\312"
 222      54F1055C 
 222      631DD675 
 222      A92D4EC4 
 222      FF4F43CA 
 223 0280 2B7F5DAB 		.ascii	"+\177]\253g\375\341\010b\377\316\252z\021' Z\327\335"
 223      67FDE108 
 223      62FFCEAA 
 223      7A112720 
 223      5AD7DD
 224 0293 92906BC0 		.ascii	"\222\220k\300\311L\310\234x \031p\026\023\322\373G\017"
 224      C94CC89C 
 224      78201970 
 224      1613D2FB 
 224      470F
 225 02a5 E9700E13 		.ascii	"\351p\016\023.^y\345\3134\314\001\351R\373\240\325\231"
 225      2E5E79E5 
 225      CB34CC01 
 225      E952FBA0 
 225      D599
 226 02b7 757F2702 		.ascii	"u\177'\002\371A\302\310=\027\274\237R\235\266\226\\"
ARM GAS  /tmp/ccZLbh1m.s 			page 17


 226      F941C2C8 
 226      3D17BC9F 
 226      529DB696 
 226      5C
 227 02c8 3C67425E 		.ascii	"<gB^\344\347\351\345\345}\230\004f}T\374\207\354\343"
 227      E4E7E9E5 
 227      E57D9804 
 227      667D54FC 
 227      87ECE3
 228 02db 5BA5CC50 		.ascii	"[\245\314P\352\260\025\034\256F\236J\240'\341\217\200"
 228      EAB0151C 
 228      AE469E4A 
 228      A027E18F 
 228      80
 229 02ec 7CC88033 		.ascii	"|\310\2003~m6\226\012fS\362\0255\331\254\342v)\334K"
 229      7E6D3696 
 229      0A6653F2 
 229      1535D9AC 
 229      E27629DC 
 230 0301 6A6E1955 		.ascii	"jn\031U\\\214\024v\257\302\276\250f\237R\273\321\252"
 230      5C8C1476 
 230      AFC2BEA8 
 230      669F52BB 
 230      D1AA
 231 0313 90CBB555 		.ascii	"\220\313\265USr\026\031\223LI\372\223N@\327\240\376"
 231      53721619 
 231      934C49FA 
 231      934E40D7 
 231      A0FE
 232 0325 2AAD226C 		.ascii	"*\255\"l\030\026t\023F\261\002y\241\033\200*@%\340:"
 232      18167413 
 232      46B10279 
 232      A11B802A 
 232      4025E03A 
 233 0339 A006F03D 		.ascii	"\240\006\360=\362\242S\234\231kR\314]\326\214\232\017"
 233      F2A2539C 
 233      996B52CC 
 233      5DD68C9A 
 233      0F
 234 034a 64482197 		.ascii	"dH!\227h\007\302\330l\302T\003[r$,A\236+\362\312\252"
 234      6807C2D8 
 234      6CC25403 
 234      5B72242C 
 234      419E2BF2 
 235 0360 ACC89D74 		.ascii	"\254\310\235t\300\035t\354\304\344\302\236Q\214<\275"
 235      C01D74EC 
 235      C4E4C29E 
 235      518C3CBD 
 236 0370 B50242B7 		.ascii	"\265\002B\267 \216\277'&\331\360\"b\267\016\332\325"
 236      208EBF27 
 236      26D9F022 
 236      62B70EDA 
 236      D5
 237 0381 2AD394B8 		.ascii	"*\323\224\270A\255\277\031\335{\317\344)\233\333\366"
 237      41ADBF19 
 237      DD7BCFE4 
 237      299BDBF6 
ARM GAS  /tmp/ccZLbh1m.s 			page 18


 238 0391 2173C28F 		.ascii	"!s\302\217\332\002Uu\3757\366 S\312\364:B\365\\\217"
 238      DA025575 
 238      FD37F620 
 238      53CAF43A 
 238      42F55C8F 
 239 03a5 08A80199 		.ascii	"\010\250\001\231d\342\333\303M\373\235t\"{\207V\353"
 239      64E2DBC3 
 239      4DFB9D74 
 239      227B8756 
 239      EB
 240 03b6 042EA178 		.ascii	"\004.\241x\260\204rzjW\247\013~\301\346\376\266\342"
 240      B084727A 
 240      6A57A70B 
 240      7EC1E6FE 
 240      B6E2
 241 03c8 ED95D808 		.ascii	"\355\225\330\010\0134\341'-P\262\370\342\317\325\270"
 241      0B34E127 
 241      2D50B2F8 
 241      E2CFD5B8 
 242 03d8 E001791D 		.ascii	"\340\001y\035\355\252\250\320\341\267L8\222\233\225"
 242      EDAAA8D0 
 242      E1B74C38 
 242      929B95
 243 03e7 A4C7EF99 		.ascii	"\244\307\357\231P\264#\363\264\021O0\301\226\264f\261"
 243      50B423F3 
 243      B4114F30 
 243      C196B466 
 243      B1
 244 03f8 A4553535 		.ascii	"\244U55buc\016\211 \346|{\177\314\011O1\352\321\261"
 244      6275630E 
 244      8920E67C 
 244      7B7FCC09 
 244      4F31EAD1 
 245 040d F7032489 		.ascii	"\367\003$\211\315#I\014s)l\036Ka\327\352n\0363\341-"
 245      CD23490C 
 245      73296C1E 
 245      4B61D7EA 
 245      6E1E33E1 
 246 0422 34A58A99 		.ascii	"4\245\212\231\207N\244:\331\022\014\204\240\367\026"
 246      874EA43A 
 246      D9120C84 
 246      A0F716
 247 0431 D07D70B5 		.ascii	"\320}p\265\205\370\337\001\376\317\223\375\177\010/"
 247      85F8DF01 
 247      FECF93FD 
 247      7F082F
 248 0440 5BA7134C 		.ascii	"[\247\023L\377\353\217\312$\311\035R\265\0216\253\351"
 248      FFEB8FCA 
 248      24C91D52 
 248      B51136AB 
 248      E9
 249 0451 819B27A7 		.ascii	"\201\233'\247\227\253Y\017\273\2158\223\231\030O\330"
 249      97AB590F 
 249      BB8D3893 
 249      99184FD8 
 250 0461 DDAFA4C9 		.ascii	"\335\257\244\311g\371\276\327ijz\014M\037)M\333\321"
 250      67F9BED7 
ARM GAS  /tmp/ccZLbh1m.s 			page 19


 250      696A7A0C 
 250      4D1F294D 
 250      DBD1
 251 0473 749E54BB 		.ascii	"t\236T\273\321\251\341\006\030\211\037=|\331\021\347"
 251      D1A9E106 
 251      18891F3D 
 251      7CD911E7 
 252 0483 5223BAE1 		.ascii	"R#\272\341\267i\255FD2\312\364\344\024\005n|\237\310"
 252      B769AD46 
 252      4432CAF4 
 252      E414056E 
 252      7C9FC8
 253 0496 33B31B74 		.ascii	"3\263\033t=\205\231\361\203\335\312\352\257[\230?\324"
 253      3D8599F1 
 253      83DDCAEA 
 253      AF5B983F 
 253      D4
 254 04a7 29492926 		.ascii	")I)&\352\326\003p\2134\230\366\200\256\256\373\334\352"
 254      EAD60370 
 254      8B3498F6 
 254      80AEAEFB 
 254      DCEA
 255 04b9 EAFA658E 		.ascii	"\352\372e\216d\215\307\224\335\245\311\366Q\026WG\276"
 255      648DC794 
 255      DDA5C9F6 
 255      51165747 
 255      BE
 256 04ca 914CF227 		.ascii	"\221L\362'\352\305\245\273\323\321\267\003!\257Y\336"
 256      EAC5A5BB 
 256      D3D1B703 
 256      21AF59DE 
 257 04da 5E8729F1 		.ascii	"^\207)\361m\276k\034UK\324\335\003\265=h\226Vb\333A"
 257      6DBE6B1C 
 257      554BD4DD 
 257      03B53D68 
 257      965662DB 
 258 04ef 434CA0EB 		.ascii	"CL\240\353O\011\221\220I\210\317!\304^\010\361\231\335"
 258      4F099190 
 258      4988CF21 
 258      C45E08F1 
 258      99DD
 259 0501 426BC89F 		.ascii	"Bk\310\237\035'I\210\260x/X8\367\362=v&H5\013h\272\270"
 259      1D274988 
 259      B0782F58 
 259      38F7F23D 
 259      76264835 
 260 0519 FB61C3D0 		.ascii	"\373a\303\320\353C\227\353n\211\263\300\203\270\017"
 260      EB4397EB 
 260      6E89B3C0 
 260      83B80F
 261 0528 7A20D899 		.ascii	"z \330\231\2076\211\225wKM\270\225m\342O\353J\342\035"
 261      87368995 
 261      774B4DB8 
 261      956DE24F 
 261      EB4AE21D 
 262 053c 710713F6 		.ascii	"q\007\023\366\327\237\252\323\343.&\224\2378\325$\342"
 262      D79FAAD3 
ARM GAS  /tmp/ccZLbh1m.s 			page 20


 262      E32E2694 
 262      9F38D524 
 262      E2
 263 054d 1E261497 		.ascii	"\036&\024\227\015\244\"<\300\204\301\244\222X<\302\312"
 263      0DA4223C 
 263      C084C1A4 
 263      92583CC2 
 263      CA
 264 055e F9C3EDCF 		.ascii	"\371\303\355\317\235\330\324\367\0061\243\361\300CG"
 264      9DD8D4F7 
 264      0631A3F1 
 264      C04347
 265 056d B630AC64 		.ascii	"\2660\254d)\214\036\372a\207\210'(\3274Y\\\347\305\366"
 265      298C1EFA 
 265      61878827 
 265      28D73459 
 265      5CE7C5F6 
 266 0581 1ABADF90 		.ascii	"\032\272\337\220~NL\200\321\373E\256dM\204E\005\321"
 266      7E4E4C80 
 266      D1FB45AE 
 266      644D8445 
 266      05D1
 267 0593 0E40B493 		.ascii	"\016@\264\223\037\314\244\204];Ga\337V\263\033\371="
 267      1FCCA484 
 267      5D3B4761 
 267      DF56B31B 
 267      F93D
 268 05a5 81B09B38 		.ascii	"\201\260\2338\366km6\257\274\227s\245_M/S+\037\343\330"
 268      F66B6D36 
 268      AFBC9773 
 268      A55F4D2F 
 268      532B1FE3 
 269 05ba AFD4EC53 		.ascii	"\257\324\354Sjv+\307\036\324\014\223#\017q\344>mG\246"
 269      6A762BC7 
 269      1ED40C93 
 269      230F71E4 
 269      3E6D47A6 
 270 05ce FD86493A 		.ascii	"\375\206I:\231od\374\0270\346w\324\374\223jW\252m\023"
 270      996F64FC 
 270      1730E677 
 270      D4FC936A 
 270      57AA6D13 
 271 05e2 8CA87FA9 		.ascii	"\214\250\177\251\3559S\317\357-\303@\030\242u\223\362"
 271      ED3953CF 
 271      EF2DC340 
 271      18A27593 
 271      F2
 272 05f3 F29D82B9 		.ascii	"\362\235\202\271=\006\223\353\015`\024\360\036\360\016"
 272      3D0693EB 
 272      0D6014F0 
 272      1EF00E
 273 0602 30011807 		.ascii	"0\001\030\007H\242\027z\013\317\021\373\271\237\347"
 273      48A2177A 
 273      0BCF11FB 
 273      B99FE7
 274 0611 41E7FEA4 		.ascii	"A\347\376\244\375\012\224]\333\313\271\326\254\035\011"
 274      FD0A945D 
ARM GAS  /tmp/ccZLbh1m.s 			page 21


 274      DBCBB9D6 
 274      AC1D09
 275 0620 730D6697 		.ascii	"s\015f\227\265~\364\234\036\303\012%\211m\254\346\\"
 275      B57EF49C 
 275      1EC30A25 
 275      896DACE6 
 275      5C
 276 0631 8D1E797B 		.ascii	"\215\036y{\312\253|\257\201\254\362\004\321\023\301"
 276      CAAB7CAF 
 276      81ACF204 
 276      D113C1
 277 0640 D1CA96D6 		.ascii	"\321\312\226\326&\351V\246\025\024\212\027\275\377\341"
 277      26E956A6 
 277      15148A17 
 277      BDFFE1
 278 064f B8C095D7 		.ascii	"\270\300\225\327\267\037\0259\363\033\032\261\254\254"
 278      B71F1539 
 278      F31B1AB1 
 278      ACAC
 279 065d C544D124 		.ascii	"\305D\321$\373\000\334\023{\233\213\364tO#\257\377\212"
 279      FB00DC13 
 279      7B9B8BF4 
 279      744F23AF 
 279      FF8A
 280 066f E8A6F678 		.ascii	"\350\246\366x_g\271n\366nz\230N\220\334E\364\365G\323"
 280      5F67B96E 
 280      F66E7A98 
 280      4E90DC45 
 280      F4F547D3 
 281 0683 394C405B 		.ascii	"9L@[\305\331\360w\213\250c\032\216\035\315\252\302s"
 281      C5D9F077 
 281      8BA8631A 
 281      8E1DCDAA 
 281      C273
 282 0695 0F4AD64E 		.ascii	"\017J\326NzZ+\272\364\203$\031u\204\205\212\224$\016"
 282      7A5A2BBA 
 282      F4832419 
 282      7584858A 
 282      94240E
 283 06a8 45F85B08 		.ascii	"E\370[\010y\035\035\207\335C@I\342\\r\244\034\277\177"
 283      791D1D87 
 283      DD434049 
 283      E25C72A4 
 283      1CBF7F
 284 06bb 11E30CDA 		.ascii	"\021\343\014\332kh4\356\356\367\306\017\232M\246fW\313"
 284      6B6834EE 
 284      EEF7C60F 
 284      9A4DA666 
 284      57CB
 285 06cd 565B0A7B 		.ascii	"V[\012{[\334d\253M\277\201\011\007\233\003l\035@B\333"
 285      5BDC64AB 
 285      4DBF8109 
 285      079B036C 
 285      1D4042DB 
 286 06e1 943E86A2 		.ascii	"\224>\206\242\275\325\024ju\360UF\203\033>\300\254\246"
 286      BDD5146A 
 286      75F05546 
ARM GAS  /tmp/ccZLbh1m.s 			page 22


 286      831B3EC0 
 286      ACA6
 287 06f3 643D8F73 		.ascii	"d=\217s\004M\007A\323\275K&;U\251\212\252T\265\2524"
 287      044D0741 
 287      D3BD4B26 
 287      3B55A98A 
 287      AA54B5AA 
 288 0708 AAEA5677 		.ascii	"\252\352Vw\373\377\342b\246\2512u\353Q\322\023\247A"
 288      FBFFE262 
 288      A6A93275 
 288      EB51D213 
 288      A741
 289 071a 53C5723B 		.ascii	"S\305r;E\351\212\242t\265\242\355T\221\324S\336\346"
 289      45E98AA2 
 289      74B5A2ED 
 289      5491D453 
 289      DEE6
 290 072c 86CF334D 		.ascii	"\206\3173M%G\356\355r\001M\260\361X\247F\177\377*\251"
 290      2547EEED 
 290      72014DB0 
 290      F158A746 
 290      7FFF2AA9 
 291 0740 3A4D3A84 		.ascii	":M:\204h\037\240\014EU\206\310.H(\223\252\250\332\027"
 291      681FA00C 
 291      455586C8 
 291      2E482893 
 291      AAA8DA17 
 292 0754 77C5196F 		.ascii	"w\305\031o\325Q\025\266\243\266\207|\324~\3672\347\256"
 292      D55115B6 
 292      A3B6877C 
 292      D47EF732 
 292      E7AE
 293 0766 9C0D2557 		.ascii	"\234\015%WrR\271\234\370J>\270XI\375p\341\231\375\216"
 293      7252B99C 
 293      F84A3EB8 
 293      5849FD70 
 293      E199FD8E 
 294 077a 4C2E24F2 		.ascii	"L.$\362\363\211\352\027z\234\307\224\025\327\337h\223"
 294      F389EA17 
 294      7A9CC794 
 294      15D7DF68 
 294      93
 295 078b 6F51DB48 		.ascii	"oQ\333He\363Hc\222\021\037b\225S\317\037\034\221\323"
 295      65F34863 
 295      92111F62 
 295      9553CF1F 
 295      1C91D3
 296 079e EE00EDD0 		.ascii	"\356\000\355\320\322\235G\334p!\253l\356>\224hb\225"
 296      D29D47DC 
 296      7021AB6C 
 296      EE3E9468 
 296      6295
 297 07b0 8D44DE9E 		.ascii	"\215D\336\236q\366;#.a\225\205\335{\267\313\225\277"
 297      71F63B23 
 297      2E619585 
 297      DD7BB7CB 
 297      95BF
ARM GAS  /tmp/ccZLbh1m.s 			page 23


 298 07c2 07B1B4FE 		.ascii	"\007\261\264\376b\207\036\237gumC\367\222"
 298      62871E9F 
 298      67756D43 
 298      F792
 299 07d0 9CF11526 		.ascii	"\234\361\025&\224\214\357:n\300\327\231\220\272%#\331"
 299      948CEF3A 
 299      6EC0D799 
 299      90BA2523 
 299      D9
 300 07e1 01D751C1 		.ascii	"\001\327Q\301X:\226{\325\305vi\360\366\222\267\313G"
 300      583A967B 
 300      D5C57669 
 300      F0F692B7 
 300      CB47
 301 07f3 C55EB943 		.ascii	"\305^\271C\211\222\264\303D\017\220\273\241\313\216"
 301      8992B4C3 
 301      440F90BB 
 301      A1CB8E
 302 0802 C31A983E 		.ascii	"\303\032\230>\"f\213\374y\035\032t\375<\216\346,\302"
 302      22668BFC 
 302      791D1A74 
 302      FD3C8EE6 
 302      2CC2
 303 0814 3EA466EF 		.ascii	">\244f\357\022\355\216\320@o\235\255\320\363\324\364"
 303      12ED8ED0 
 303      406F9DAD 
 303      D0F3D4F4 
 304 0824 5CB5F2A6 		.ascii	"\\\265\362\246\177!\347m\302=\240\346\236Dj\325c\037"
 304      7F21E76D 
 304      C23DA0E6 
 304      9E446AD5 
 304      631F
 305 0836 D9C807D5 		.ascii	"\331\310\007\325d%1\363Yc\2478\007\355\240&\011\231"
 305      642531F3 
 305      5963A738 
 305      07EDA026 
 305      0999
 306 0848 A48C2248 		.ascii	"\244\214\"H\037\307 -\034\005|\0138\001(\000\024\002"
 306      1FC7202D 
 306      1C057C0B 
 306      38012800 
 306      1402
 307 085a 0E038E88 		.ascii	"\016\003\216\210\323'\03408\304\305\222\2436\271\207"
 307      D3271C30 
 307      38C4C592 
 307      A336B987 
 308 086a 0B9D25B3 		.ascii	"\013\235%\263\276\335\364>\000,\325a\201\324\355qPt"
 308      BEDDF43E 
 308      002CD561 
 308      81D4ED71 
 308      5074
 309 087c ED57EBDA 		.ascii	"\355W\353\332\247\356\227\012\316\362^5;_\264K\257\325"
 309      A7EE970A 
 309      CEF25E35 
 309      3B5FB44B 
 309      AFD5
 310 088e CDF72774 		.ascii	"\315\367't\270\211\016\272X\276\257\031\266q\373\333"
ARM GAS  /tmp/ccZLbh1m.s 			page 24


 310      B8890EBA 
 310      58BEAF19 
 310      B671FBDB 
 311 089e 86AD1BD0 		.ascii	"\206\255\033\320)\210\376\357\355\011\026\332d\036\315"
 311      2988FEEF 
 311      ED0916DA 
 311      641ECD
 312 08ad D32749B6 		.ascii	"\323'I\266T\026\031\211\224\2720\034\367\340!\266\273"
 312      54161989 
 312      94BA301C 
 312      F7E021B6 
 312      BB
 313 08be 7268D914 		.ascii	"rh\331\024~\222A\262atL\244\343O\216H\215V\311\332\235"
 313      7E9241B2 
 313      61744CA4 
 313      E34F8E48 
 313      8D56C9DA 
 314 08d3 3F7BA724 		.ascii	"?{\247$\005\242\022\320\221\305Ls\343J\336\254\2023"
 314      05A212D0 
 314      91C54C73 
 314      E34ADEAC 
 314      8233
 315 08e5 EB69F113 		.ascii	"\353i\361\023h\3273\330\235\353l\224\257\375\333~\364"
 315      68D733D8 
 315      9DEB6C94 
 315      AFFDDB7E 
 315      F4
 316 08f6 5681BE13 		.ascii	"V\201\276\023\215\304\371\353\205\303\362\265 \223\254"
 316      8DC4F9EB 
 316      85C3F2B5 
 316      2093AC
 317 0905 E0AB932F 		.ascii	"\340\253\223/j\235q'[Q\307\232\363\006\015\3709\023"
 317      6A9D7127 
 317      5B51C79A 
 317      F3060DF8 
 317      3913
 318 0917 0EE6D4C4 		.ascii	"\016\346\324\304\213x\220\011\347\273oV\033Y3\2114+"
 318      8B789009 
 318      E7BB6F56 
 318      1B593389 
 318      342B
 319 0929 B8D8398E 		.ascii	"\270\3309\216\3608\253\264V\247\301Q#I\317.;\217\223"
 319      F038ABB4 
 319      56A7C151 
 319      2349CF2E 
 319      3B8F93
 320 093c 9A65E628 		.ascii	"\232e\346(\221/\364\235\270\340\"\237\276h\226\250\030"
 320      912FF49D 
 320      B8E0229F 
 320      BE6896A8 
 320      18
 321 094d 6971C1E9 		.ascii	"iq\301\351\214\234r\276\271CGb\220\344\035\012Z)\033"
 321      8C9C72BE 
 321      B9434762 
 321      90E41D0A 
 321      5A291B
 322 0960 D465110E 		.ascii	"\324e\021\016\3740\333\321\002z\232\317\276\222]\352"
ARM GAS  /tmp/ccZLbh1m.s 			page 25


 322      FC30DBD1 
 322      027A9ACF 
 322      BE925DEA 
 323 0970 EA91298F 		.ascii	"\352\221)\217\365\307:va\207\336ag\217+\242\207\255"
 323      F5C73A76 
 323      6187DE61 
 323      678F2BA2 
 323      87AD
 324 0982 0D61EF29 		.ascii	"\015a\357)\353\032p\305{\230\235\254\3127\303\3168\237"
 324      EB1A70C5 
 324      7B989DAC 
 324      CA37C3CE 
 324      389F
 325 0994 096D8777 		.ascii	"\011m\207w\035\3251\017{\210\274o|<Q\207\017\262\312"
 325      1DD5310F 
 325      7B88BC6F 
 325      7C3C5187 
 325      0FB2CA
 326 09a7 F8F20759 		.ascii	"\370\362\007Yr\377t\322[U\374\316\002\003\376\226U\276"
 326      72FF74D2 
 326      5B55FCCE 
 326      0203FE96 
 326      55BE
 327 09b9 EF3B3E60 		.ascii	"\357;>`\300\347\230p\341q\36659\335\265\320\254?\274"
 327      C0E79870 
 327      E171F635 
 327      39DDB5D0 
 327      AC3FBC
 328 09cc 77D084AF 		.ascii	"w\320\204\257\262\312-\005w\322\034p\015\023\206\037"
 328      B2CA2D05 
 328      77D21C70 
 328      0D13861F 
 329 09dc A6579B70 		.ascii	"\246W\233p\023\023\256\327<iv\304mLH\255*\255\226\363"
 329      1313AED7 
 329      3C6976C4 
 329      6D4C48AD 
 329      2AAD96F3 
 330 09f0 690D91E3 		.ascii	"i\015\221\343zN'a\334-\033\220{\316C\356\271\301\306"
 330      7A4E2761 
 330      DC2D1B90 
 330      7BCE43EE 
 330      B9C1C6
 331 0a03 CA14273C 		.ascii	"\312\024'<\300*\353\223wd\213x\224\011S\371\003\373"
 331      C02AEB93 
 331      77648B78 
 331      940953F9 
 331      03FB
 332 0a15 4C583250 		.ascii	"LX2P\341\362\221-E\2168\205\011\345\027.W\313_n\026"
 332      E1F2912D 
 332      458E3885 
 332      09E5172E 
 332      57CB5F6E 
 333 0a2a 90637643 		.ascii	"\220cvCz\233\011\357`u\247z\222\254\0168OnU\377\256"
 333      7A9B09EF 
 333      6075A77A 
 333      92AC0E38 
 333      4F6E55FF 
ARM GAS  /tmp/ccZLbh1m.s 			page 26


 334 0a3f D8151F96 		.ascii	"\330\025\037\226\205\207\245f\\\314\312\207z\312v\272"
 334      8587A566 
 334      5CCCCA87 
 334      7ACA76BA 
 335 0a4f E152263C 		.ascii	"\341R&<n\177\226\342\212\2572a\353\265\354+N\270\206"
 335      6E7F96E2 
 335      8AAF3261 
 335      EBB5EC2B 
 335      4EB886
 336 0a62 09D73B3B 		.ascii	"\011\327;;\020\276\315\312/R\254\017D\334\312\204\242"
 336      10BECDCA 
 336      2F52AC0F 
 336      44DCCA84 
 336      A2
 337 0a73 B2F4C77A 		.ascii	"\262\364\307z\374\204\011O.$\276\325\341gL81\276\277"
 337      FC84094F 
 337      2E24BED5 
 337      E1674C38 
 337      31BEBF
 338 0a86 D109BF64 		.ascii	"\321\011\277dB\343\245\316\247\256\3705\023n\306\247"
 338      42E3A5CE 
 338      A7AEF835 
 338      136EC6A7 
 339 0a96 1F97F783 		.ascii	"\037\227\367\203\0342\333\372v\237\2510\310s\310\011"
 339      1C32DBFA 
 339      769FA930 
 339      C873C809 
 340 0aa6 E4DED4FD 		.ascii	"\344\336\324\375\005:<B\311^\273Z\336\324\273(Gx/\333"
 340      053A3C42 
 340      C95EBB5A 
 340      DED4BB28 
 340      47782FDB 
 341 0aba 8723F879 		.ascii	"\207#\370y\333\277d\247\271\033=\270\344l\301\3158\222"
 341      DBBF64A7 
 341      B91B3DB8 
 341      E46CC1CD 
 341      3892
 342 0acc 5EC981EE 		.ascii	"^\311\201\356\"\254\252A\356`\204\316\213\252\243ik"
 342      22ACAA41 
 342      EE6084CE 
 342      8BAAA369 
 342      6B
 343 0add 3E564EBE 		.ascii	">VN\276g\325\36433\350\271\034\275^M\277e\267\211\320"
 343      67D5F433 
 343      33E8B91C 
 343      BD5E4DBF 
 343      65B789D0 
 344 0af1 BB460EC7 		.ascii	"\273F\016\307\277\253\346\317\274\020\324\362\374\026"
 344      BFABE6CF 
 344      BC10D4F2 
 344      FC16
 345 0aff 357FC6C1 		.ascii	"5\177\306\301\272)\217\243W\252\351\0253\334\251\340"
 345      BA298FA3 
 345      57AAE915 
 345      33DCA9E0 
 346 0b0f A3BDA0DD 		.ascii	"\243\275\240\3359\374F5\224\207Y\372\206\005\210\312"
 346      39FC4635 
ARM GAS  /tmp/ccZLbh1m.s 			page 27


 346      948759FA 
 346      860588CA 
 347 0b1f 65BE6D59 		.ascii	"e\276mY\2422u\357t\361\352\037kw\246\335\365'\203\343"
 347      A23275EF 
 347      74F1EA1F 
 347      6B77A6DD 
 347      F52783E3 
 348 0b33 B7A9F933 		.ascii	"\267\251\3713\356?]<\275]M\237qs\353\345\307\352\246"
 348      EE3F5D3C 
 348      BD5D4D9F 
 348      7173EBE5 
 348      C7EAA6
 349 0b46 9A9E3FC3 		.ascii	"\232\236?\303y\276/\257\251\351\271jz-\037k\251\232"
 349      79BE2FAF 
 349      A9E9B96A 
 349      7A2D1F6B 
 349      A99A
 350 0b58 BE474D1F 		.ascii	"\276GM\037\343\235\271\241\246W)t~\277\353\204\236~"
 350      E39DB9A1 
 350      A6572974 
 350      7EBFEB84 
 350      9E7E
 351 0b6a 44AB06E5 		.ascii	"D\253\006\345\315n\0046\2418\354\205^\302>\363\202\334"
 351      CD6E0436 
 351      A138EC85 
 351      5EC23EF3 
 351      82DC
 352 0b7c 0A006380 		.ascii	"\012\000c\200)@7 \001\352\266\000\236By\0300\001\030"
 352      29403720 
 352      01EAB600 
 352      9E427918 
 352      300118
 353 0b8f 02BC078C 		.ascii	"\002\274\007\214\002\336\000~\000\214\003^\001\336\001"
 353      02DE007E 
 353      008C035E 
 353      01DE01
 354 0b9e 060012B4 		.ascii	"\006\000\022\264\231\204\3473@\"\224\373\340\371\032"
 354      9984E733 
 354      402294FB 
 354      E0F91A
 355 0bad F01CD005 		.ascii	"\360\034\320\005\350\001\364\003\342\241\356\011<{\247"
 355      E801F403 
 355      E2A1EE09 
 355      3C7BA7
 356 0bbc 8F173438 		.ascii	"\217\02748~\3266\251\203\273=cZ\365\346p\323\352\216"
 356      7ED636A9 
 356      83BB3D63 
 356      5AF5E670 
 356      D3EA8E
 357 0bcf 7A5A0DA9 		.ascii	"zZ\015\251\307\275\227\037\231\253\332#\303\017|\023"
 357      C7BD971F 
 357      99ABDA23 
 357      C30F7C13 
 358 0bdf DFD70DDA 		.ascii	"\337\327\015\332\213\224\277\373\362\323\352\241\366"
 358      8B94BFFB 
 358      F2D3EAA1 
 358      F6
ARM GAS  /tmp/ccZLbh1m.s 			page 28


 359 0bec 2CE44F47 		.ascii	",\344OG\015\204/\271\023\332\314o)\015\271\270\350\214"
 359      0D842FB9 
 359      13DACC6F 
 359      290DB9B8 
 359      E88C
 360 0bfe 24251BE8 		.ascii	"$%\033\350\016\366W\265\266}3\234\035\342\235\255\321"
 360      0EF657B5 
 360      B67D339C 
 360      1DE29DAD 
 360      D1
 361 0c0f 9EA53C7F 		.ascii	"\236\245<\177\214\367\266U\315\237\361\025\240\202W"
 361      8CF7B655 
 361      CD9FF115 
 361      A08257
 362 0c1e DFA8ED0E 		.ascii	"\337\250\355\016\177F\316\345F\246N=2\2653\272\216\037"
 362      7F46CEE5 
 362      46A64E3D 
 362      32B533BA 
 362      8E1F
 363 0c30 F866ED81 		.ascii	"\370f\355\201\347\327\014?\220\327\265\323\025\357;"
 363      E7D70C3F 
 363      90D7B5D3 
 363      15EF3B
 364 0c3f AFFD8176 		.ascii	"\257\375\201v\250\374G\357\012\233z\322\365\325\332"
 364      A8FC47EF 
 364      0A9B7AD2 
 364      F5D5DA
 365 0c4e 6B8CEFCA 		.ascii	"k\214\357\312V\276+;4\363\011\237k\371\005\177N{\301"
 365      56BE2B3B 
 365      34F3099F 
 365      6BF9057F 
 365      4E7BC1
 366 0c61 F3DE34E5 		.ascii	"\363\3364\345p\336\334\327N\345v\367\015>\327~\257\356"
 366      70DEDCD7 
 366      4EE576F7 
 366      0D3ED77E 
 366      AFEE
 367 0c73 7AEB8C9D 		.ascii	"z\353\214\235\210\357\234{\332;\213\355\253\335\233"
 367      88EF9C7B 
 367      DA3B8BED 
 367      ABDD9B
 368 0c82 E2E27667 		.ascii	"\342\342vg\\\356@\017\326\011EC\345h\372\273E_>N \037"
 368      5CEE400F 
 368      D6094543 
 368      E568FABB 
 368      455F3E4E 
 369 0c98 47B6614F 		.ascii	"G\266aO\264\025O\037\210\007E\365\207\013[.BI\330\373"
 369      B4154F1F 
 369      880745F5 
 369      870B5B2E 
 369      4249D8FB 
 370 0cac 9F361D41 		.ascii	"\2376\035A\254w2o\226;\362\037FHd\312\2713\031\323/"
 370      AC77326F 
 370      963BF21F 
 370      464864CA 
 370      B93319D3 
 371 0cc1 FDE4498E 		.ascii	"\375\344I\216r\257\007\322t<\231|\321P\310)29\205\222"
ARM GAS  /tmp/ccZLbh1m.s 			page 29


 371      72AF07D2 
 371      743C997C 
 371      D150C829 
 371      32398592 
 372 0cd5 0F649CB5 		.ascii	"\017d\234\265\343\226\330}qI\225\271\251\224{\246\241"
 372      E396D87D 
 372      714995B9 
 372      A9947BA6 
 372      A1
 373 0ce6 30DB49F3 		.ascii	"0\333I\363\277.\204\237\376\377\026(\015{\202\256G\243"
 373      BF2E849F 
 373      FEFF1628 
 373      0D7B82AE 
 373      47A3
 374 0cf8 F73B4CBC 		.ascii	"\367;L\274\341d;'\323e\303\344\351\364\347\215\021Q"
 374      E1643B27 
 374      D365C3E4 
 374      E9F4E78D 
 374      1151
 375 0d0a 21111B22 		.ascii	"!\021\033\"b\035\227}\371\325\307~>>\202.tmt\2441$d"
 375      621D977D 
 375      F9D5C77E 
 375      3E3E822E 
 375      746D74A4 
 376 0d21 53C486D8 		.ascii	"S\304\206\330\317|Cb\177k\336\024\023m\216\330\260&"
 376      CF7C4362 
 376      7F6BDE14 
 376      136D8ED8 
 376      B026
 377 0d33 725358B8 		.ascii	"rSX\270yC\370\377DF\2546\257\017]\263.bC\2709$,|m\350"
 377      7943F8FF 
 377      4446AC36 
 377      AF0F5DB3 
 377      2E6243B8 
 378 0d4d A6C8D890 		.ascii	"\246\310\330\220\330o6\206\307\314_'8\332\232\315\325"
 378      D86F3686 
 378      C7CC5F27 
 378      38DA9ACD 
 378      D5
 379 0d5e 6A16F34D 		.ascii	"j\026\363M\2149$&6\0148\300\305Qa\321\372\215\2336\206"
 379      8C392426 
 379      360C38C0 
 379      C55161D1 
 379      FA8D9B36 
 380 0d73 453B44C5 		.ascii	"E;D\305l\014\017\017\2136D\021=\321\372\365Qa\341\321"
 380      6C0C0F0F 
 380      8B364411 
 380      3DD1FAF5 
 380      5161E1D1 
 381 0d87 C49175FF 		.ascii	"\304\221u\377>\177\276\231\375\363[\027\261:be\2609"
 381      3E7FBE99 
 381      FDF35B17 
 381      B13A6265 
 381      B039
 382 0d99 2AC6BC2E 		.ascii	"*\306\274.4\322\274:*4:,\306\034\274*\344\313\257\374"
 382      34D2BC3A 
 382      2A343A2C 
ARM GAS  /tmp/ccZLbh1m.s 			page 30


 382      C61CBC2A 
 382      E4CBAFFC 
 383 0dad 5604AC5C 		.ascii	"V\004\254\\\2640d\351\302\205\213,\001\254f\376\032"
 383      B43064E9 
 383      C2858B2C 
 383      01AC66FE 
 383      1A
 384 0dbe C144638B 		.ascii	"\301Dc\213\011\217\335\2641$V\267x\251e\205~\305J\277"
 384      098FDDB4 
 384      312456B7 
 384      78A96585 
 384      7EC54ABF 
 385 0dd2 CF2DBA25 		.ascii	"\317-\272%\301\026\013\372\017\024\250_\023\031\036"
 385      C1160BFA 
 385      0F14A85F 
 385      13191E
 386 0de1 1A2D87EA 		.ascii	"\032-\207\352\263($\326\321V\300\320\352\017\037\262"
 386      B32824D6 
 386      D156C0D0 
 386      EA0F1FB2 
 387 0df1 BC312A3A 		.ascii	"\2741*:\226\030\376\3423_\363\212\025\376\346eA\313"
 387      9618FEE2 
 387      335FF38A 
 387      15FEE665 
 387      41CB
 388 0e03 57FEB7AF 		.ascii	"W\376\267\2579&v=\304Ml\222\320V\372[\360r\177\213>"
 388      3926763D 
 388      C44D6C92 
 388      D056FA5B 
 388      F0727F8B 
 389 0e18 E8AB207F 		.ascii	"\350\253 \177\213\303\312\340\240\200\000\177\213a\345"
 389      8BC3CAE0 
 389      A080007F 
 389      8B61E5
 390 0e27 AAFF0C0A 		.ascii	"\252\377\014\012\260\350\277X\351\037`!\036\005\232"
 390      B0E8BF58 
 390      E91F6021 
 390      1E059A
 391 0e36 945621B1 		.ascii	"\224V!\261n\234@\206\304\024\022\002\376E~C\005'\032"
 391      6E9C4086 
 391      C4141202 
 391      FE457E43 
 391      05271A
 392 0e49 D67228B9 		.ascii	"\326r(\2713\332\232\310\2505\377E\253\376\370S<\245"
 392      33DA9AC8 
 392      A835FF45 
 392      ABFEF853 
 392      3CA5
 393 0e5b 7F972EDC 		.ascii	"\177\227.\334\274\231\324\204DF\206\321!\363\001_=\251"
 393      BC99D484 
 393      444686D1 
 393      21F3015F 
 393      3DA9
 394 0e6d 41DB40AE 		.ascii	"A\333@\256\211\332\2606\342\317\206\240e\376\241\261"
 394      89DAB036 
 394      E2CF86A0 
 394      65FEA1B1 
ARM GAS  /tmp/ccZLbh1m.s 			page 31


 395 0e7d A186A0A5 		.ascii	"\241\206\240\245\354\021\300\036\376\354\341\307\036"
 395      EC11C01E 
 395      FEECE1C7 
 395      1E
 396 0e8a 4BD86331 		.ascii	"K\330c1{\004\222\207\013\325\305t@\177\372}\276l\361"
 396      7B049287 
 396      0BD5C574 
 396      407FFA7D 
 396      BE6CF1
 397 0e9d AA802F2D 		.ascii	"\252\200/-\016\376~\237\373-]f1\006\255X\021\274x\271"
 397      0EFE7E9F 
 397      FB2D5D66 
 397      3106AD58 
 397      11BC78B9 
 398 0eb1 ADB8DC37 		.ascii	"\255\270\3347\230\024\365\301\301~\313,N\226\200\340"
 398      9814F5C1 
 398      C17ECB2C 
 398      4E9680E0 
 399 0ec1 00CBD701 		.ascii	"\000\313\327\001\376\213\260_0\014\222\277\237\362\352"
 399      FE8BB05F 
 399      300C92BF 
 399      9FF2EA
 400 0ed0 774E8B83 		.ascii	"wN\213\203\226\370\256\010\002U\244\344\303J\266\332"
 400      96F8AE08 
 400      0255A4E4 
 400      C34AB6DA 
 401 0ee0 854E8B03 		.ascii	"\205N\213\003\227|&\327\006N\363\002\325\274\317\034"
 401      977C26D7 
 401      064EF302 
 401      D5BCCF1C 
 402 0ef0 8816E20E 		.ascii	"\210\026\342\016\321\301\327\370:\020\015\264&Pf\004"
 402      D1C1D7F8 
 402      3A100DB4 
 402      26506604 
 403 0f00 DA337C1C 		.ascii	"\3323|\034I[K\360*\013)\370\220\302t\335\002G\322\232"
 403      495B4BF0 
 403      2A0B29F8 
 403      90C274DD 
 403      0247D29A 
 404 0f14 D505DA48 		.ascii	"\325\005\332H\201\214\204\375\226[t$H\007\210\227<E"
 404      818C84FD 
 404      965B7424 
 404      48078897 
 404      3C45
 405 0f26 3F8BA3DC 		.ascii	"?\213\243\334\033\276\232\223{M\324\372\365Q\033\314"
 405      1BBE9A93 
 405      7B4DD4FA 
 405      F5511BCC 
 406 0f36 E19B6361 		.ascii	"\341\233ca\314\270a\243\243\276\026\246\370\346\315"
 406      CCB861A3 
 406      A3BE16A6 
 406      F8E6CD
 407 0f45 3068CE16 		.ascii	"0h\316\026?\277\220U0\202\376\341k\377\006\253Y\232"
 407      3FBF9055 
 407      3082FEE1 
 407      6BFF06AB 
 407      599A
ARM GAS  /tmp/ccZLbh1m.s 			page 32


 408 0f57 47       		.ascii	"G"
 409              		.text
 410              		.section	.gnu.lto_.symtab.bd5692efab75a605,"",%progbits
 411 0000 5F5F6561 		.ascii	"__early_init\000"
 411      726C795F 
 411      696E6974 
 411      00
 412 000d 00       		.ascii	"\000"
 413 000e 00       		.ascii	"\000"
 414 000f 00       		.ascii	"\000"
 415 0010 00000000 		.ascii	"\000\000\000\000\000\000\000\000"
 415      00000000 
 416 0018 0C010000 		.ascii	"\014\001\000\000"
 417 001c 626F6172 		.ascii	"boardInit\000"
 417      64496E69 
 417      7400
 418 0026 00       		.ascii	"\000"
 419 0027 00       		.ascii	"\000"
 420 0028 00       		.ascii	"\000"
 421 0029 00000000 		.ascii	"\000\000\000\000\000\000\000\000"
 421      00000000 
 422 0031 0E010000 		.ascii	"\016\001\000\000"
 423 0035 73746D33 		.ascii	"stm32_clock_init\000"
 423      325F636C 
 423      6F636B5F 
 423      696E6974 
 423      00
 424 0046 00       		.ascii	"\000"
 425 0047 02       		.ascii	"\002"
 426 0048 00       		.ascii	"\000"
 427 0049 00000000 		.ascii	"\000\000\000\000\000\000\000\000"
 427      00000000 
 428 0051 10010000 		.ascii	"\020\001\000\000"
 429              		.text
 430              		.section	.gnu.lto_.opts,"",%progbits
 431 0000 272D666D 		.ascii	"'-fmath-errno' '-fsigned-zeros' '-ftrapping-math' '"
 431      6174682D 
 431      6572726E 
 431      6F272027 
 431      2D667369 
 432 0033 2D666E6F 		.ascii	"-fno-trapv' '-fno-strict-overflow' '-fno-openmp' '-"
 432      2D747261 
 432      70762720 
 432      272D666E 
 432      6F2D7374 
 433 0066 666E6F2D 		.ascii	"fno-openacc' '-mcpu=cortex-m4' '-mthumb' '-mfloat-a"
 433      6F70656E 
 433      61636327 
 433      20272D6D 
 433      6370753D 
 434 0099 62693D68 		.ascii	"bi=hard' '-mfpu=fpv4-sp-d16' '-ggdb' '-Og' '-fomit-"
 434      61726427 
 434      20272D6D 
 434      6670753D 
 434      66707634 
 435 00cc 6672616D 		.ascii	"frame-pointer' '-falign-functions=16' '-ffunction-s"
 435      652D706F 
ARM GAS  /tmp/ccZLbh1m.s 			page 33


 435      696E7465 
 435      72272027 
 435      2D66616C 
 436 00ff 65637469 		.ascii	"ections' '-fdata-sections' '-fno-common' '-flto'\000"
 436      6F6E7327 
 436      20272D66 
 436      64617461 
 436      2D736563 
 437              		.text
 438              		.comm	__gnu_lto_v1,1,1
 439              		.comm	__gnu_lto_slim,1,1
 440              		.ident	"GCC: (15:6.3.1+svn253039-1build1) 6.3.1 20170620"
ARM GAS  /tmp/ccZLbh1m.s 			page 34


DEFINED SYMBOLS
                            *ABS*:0000000000000000 board.c
                            *COM*:0000000000000001 __gnu_lto_v1
                            *COM*:0000000000000001 __gnu_lto_slim

NO UNDEFINED SYMBOLS
