ARM GAS  /tmp/ccx06y2R.s 			page 1


   1              		.cpu cortex-m4
   2              		.eabi_attribute 27, 1
   3              		.eabi_attribute 28, 1
   4              		.eabi_attribute 20, 1
   5              		.eabi_attribute 21, 1
   6              		.eabi_attribute 23, 3
   7              		.eabi_attribute 24, 1
   8              		.eabi_attribute 25, 1
   9              		.eabi_attribute 26, 1
  10              		.eabi_attribute 30, 1
  11              		.eabi_attribute 34, 1
  12              		.eabi_attribute 18, 4
  13              		.file	"chcore_v7m.c"
  14              		.text
  15              	.Ltext0:
  16              		.section	.gnu.lto_.profile.8516e9db08097d2c,"",%progbits
  17 0000 789C6365 		.ascii	"x\234ce`b`a```dP\227\001\000\000\352\000P"
  17      60626061 
  17      60606064 
  17      50970100 
  17      00EA0050 
  18              		.text
  19              		.section	.gnu.lto_.inline.8516e9db08097d2c,"",%progbits
  20 0000 789C6365 		.ascii	"x\234ce`b\320c@\000&\006\006.NF\006&\276\015\271\014"
  20      6062D063 
  20      40002606 
  20      062E4E46 
  20      0626BE0D 
  21 0016 6C0BE499 		.ascii	"l\013\344\231@b\214\014b|@!\245#m\214p1&n\020\011\000"
  21      40628C0C 
  21      627C4021 
  21      A5236D8C 
  21      7031266E 
  22 002d 7BE404A9 		.ascii	"{\344\004\251"
  23              		.text
  24              		.section	.gnu.lto_.jmpfuncs.8516e9db08097d2c,"",%progbits
  25 0000 789C6365 		.ascii	"x\234ce`b\340d@\000& f\0041\000\001\230\000\024"
  25      6062E064 
  25      40002620 
  25      66043100 
  25      01980014 
  26              		.text
  27              		.section	.gnu.lto_.pureconst.8516e9db08097d2c,"",%progbits
  28 0000 789C6365 		.ascii	"x\234ce`b`g`\000\222\273\030\031w1\002\000\005\355\001"
  28      60626067 
  28      600092BB 
  28      18197731 
  28      020005ED 
  29 0015 88       		.ascii	"\210"
  30              		.text
  31              		.section	.gnu.lto_SVC_Handler.8516e9db08097d2c,"",%progbits
  32 0000 789C9D54 		.ascii	"x\234\235T_LSW\030\377\276{no\013\255`\366\266\214,"
  32      5F4C5357 
  32      18FFBE7B 
  32      6E6F0BAD 
  32      60F6B68C 
  33 0015 251BC94C 		.ascii	"%\033\311L\014w/f\276\370\260\3612\037\210\206&{5z\327"
ARM GAS  /tmp/ccx06y2R.s 			page 2


  33      0C772F66 
  33      BEF8B0F1 
  33      321F8886 
  33      267B357A 
  34 002a 0999B54D 		.ascii	"\011\231\265M[\027\366\344\245E\310\012\323\3051,D\274"
  34      5B17F6E4 
  34      A545C80A 
  34      D3C5312C 
  34      44BC
  35 003c 0B8B01C7 		.ascii	"\013\213\001\307\370\357\246\342,\035L\020\020\315\210"
  35      F8EFA6E2 
  35      2C1D4C10 
  35      10CD88
  36 004b 7B636CA3 		.ascii	"{cl\243\350\004\263%\230i\226\210e\337w\356\235S4[\266"
  36      E804B325 
  36      98699688 
  36      65DF77EE 
  36      9D53345B 
  37 0060 9BF6B4E7 		.ascii	"\233\366\264\347|\277\357\367\375\276\3379\347\272@"
  37      7CBFEFF7 
  37      FDBEDF39 
  37      E7BA40
  38 006f 81B75C00 		.ascii	"\201\267\\\000\233\020\340\005\000@\001\250|t\015\240"
  38      9B10E005 
  38      004001A8 
  38      7C740DA0 
  39 007f CEA320F2 		.ascii	"\316\243 \362\037\323\203pX\301\303xL\234\0208\326x"
  39      1FD38370 
  39      58C1C378 
  39      4C9C1038 
  39      D678
  40 0091 EB82B2A5 		.ascii	"\353\202\262\245\313\244'{b\355y\263;\213\226\000h\243"
  40      CBA4277B 
  40      62ED79B3 
  40      3B8B9600 
  40      68A3
  41 00a3 2F3FD885 		.ascii	"/?\330\205[\200`\337\325\017\234\024G\205%\020U\232"
  41      5B8060DF 
  41      D50F9C14 
  41      47852510 
  41      559A
  42 00b5 AECEB6E7 		.ascii	"\256\316\266\347\212x\252\240\237\246\251\251\245\316"
  42      8A78AAA0 
  42      9FA6A9A9 
  42      A5CE
  43 00c3 62B11D19 		.ascii	"b\261\035\031\371[~>\345+\373\3144\023fv\"\375\342\361"
  43      F95B7E3E 
  43      E52BFBCC 
  43      34136676 
  43      22FDE2F1 
  44 00d7 A479C554 		.ascii	"\244y\305T-!\360s\024\304\212g\260\004\273\261D\262"
  44      2D21F073 
  44      14C48A67 
  44      B004BBB1 
  44      44B2
  45 00e9 137C7130 		.ascii	"\023|q0\377\311&M\305\036,\263\213\342\027\250\221v"
  45      FFC9264D 
ARM GAS  /tmp/ccx06y2R.s 			page 3


  45      C51E2CB3 
  45      8BE217A8 
  45      9176
  46 00fb 8557287E 		.ascii	"\205W(~\253\351r\306-vH\352\251\265\017s\305\016\365"
  46      ABE972C6 
  46      2D7648EA 
  46      A9B50F73 
  46      C50EF5
  47 010e 2FE99747 		.ascii	"/\351\227G\317/\231\346q\223\364\252\330\37349\366a"
  47      CF2F99E6 
  47      7193F4AA 
  47      D8FB3439 
  47      F661
  48 0120 59FF1C66 		.ascii	"Y\377\034f\315\374z#\365V\3228\271\320\256\024*`\011"
  48      CDFC7A23 
  48      F556D238 
  48      B9D0AE14 
  48      2A6009
  49 0133 97E0C105 		.ascii	"\227\340\301\005\\B\223\243\233\027<2\005 E2\330\250"
  49      5C4293A3 
  49      9B173C32 
  49      05204532 
  49      D8A8
  50 0145 26A1F0AF 		.ascii	"&\241\360\257X\306\261\221\345\346q7+\353\020\012\011"
  50      58C6B191 
  50      E5E67137 
  50      2BEB100A 
  50      09
  51 0156 693D3276 		.ascii	"i=2v\335\315\355kRW\352\207c}\036{:\260\2204\213hi\264"
  51      DDCDED6B 
  51      5257EA87 
  51      637D1E7B 
  51      3AB09034 
  52 016e 6BF59ED7 		.ascii	"k\365\236\327\302\216:\362\325o\0117\016\220\262~VF"
  52      C28E3AF2 
  52      D56F0937 
  52      0E90B27E 
  52      5646
  53 0180 C1DBD337 		.ascii	"\301\333\3237r\250\367\232\365$\335\203\203haZ\332\215"
  53      72A8F79A 
  53      F524DD83 
  53      8368615A 
  53      DA8D
  54 0192 43A8C332 		.ascii	"C\250\3032&\327\032\320\256%\354r\0133\315\017\244\333"
  54      26D71AD0 
  54      AE25EC72 
  54      0B33CD0F 
  54      A4DB
  55 01a4 2ECCAFAF 		.ascii	".\314\257\257\257\027\3430\021\221\252\326\002\206\375"
  55      AF17E330 
  55      1191AAD6 
  55      0286FD
  56 01b3 B76A67FF 		.ascii	"\267jg\377\256\366%\352T\002V\260nq\270\371\376u|\264"
  56      AEF625EA 
  56      540256B0 
  56      6E71B8F9 
  56      FE757CB4 
ARM GAS  /tmp/ccx06y2R.s 			page 4


  57 01c7 1BF5F669 		.ascii	"\033\365\366i\030\320\336\224\273\321&\360\361\235b"
  57      18D0DE94 
  57      BBD126F0 
  57      F19D62
  58 01d6 8FF02BD4 		.ascii	"\217\360+\324\210\341\034\215\264W\215\234\332z\264"
  58      88E11C8D 
  58      B4578D9C 
  58      DA7AB4
  59 01e5 D5524B5B 		.ascii	"\325RK[\3202\323$\241\2003\036.\036\311\025\250\012"
  59      D032D324 
  59      A180331E 
  59      2E1EC915 
  59      A80A
  60 01f7 01CF63A9 		.ascii	"\001\317c\251\3242\2618<\242\321\012^@\265Cx(2\202*"
  60      D432B138 
  60      3CA2D10A 
  60      5E40B543 
  60      78283282 
  61 020c DCC4C44F 		.ascii	"\334\304\304OR\001\0232?\207x\261)\235|N\236\007\271"
  61      52011332 
  61      3F8778B1 
  61      299D7C4E 
  61      9E07B9
  62 021f 2FCB98B8 		.ascii	"/\313\230\270\333\370\201\260\255q9\030\277\214\367"
  62      DBF881B0 
  62      AD713918 
  62      BF8CF7
  63 022e 708E8BBD 		.ascii	"p\216\213\275;\3310;\\bC\030E5\347;[N\253\366\321\275"
  63      3BD9303B 
  63      5C624318 
  63      4535E73B 
  63      5B4EABF6 
  64 0244 0D78915C 		.ascii	"\015x\221\\y2M\263\211\037\016\373\35447/\375\005\241"
  64      79324DB3 
  64      891F0EFB 
  64      EC34372F 
  64      FD05A1
  65 0257 FCC93B4B 		.ascii	"\374\311;K\035\036\221Fi\302\235\245\325q\257s\004\357"
  65      1D1E9146 
  65      69C29DA5 
  65      D571AF73 
  65      04EF
  66 0269 EF6F33B3 		.ascii	"\357o3\263\365~>~_?\343\370]br\267c\357\302\334F{?\316"
  66      F57E3E7E 
  66      5F3FE3F8 
  66      5D6272B7 
  66      63EFC2DC 
  67 0281 680C711C 		.ascii	"h\014q\034V\036s\0300#\335\035\225\027\001\2728\263"
  67      561E7318 
  67      3023DD1D 
  67      951701BA 
  67      38B3
  68 0293 D31AFAA3 		.ascii	"\323\032\372\243\260\364\254\343n!\243{s\027M\217t7"
  68      B0F4ACE3 
  68      6E21A37B 
  68      73174D8F 
  68      7437
ARM GAS  /tmp/ccx06y2R.s 			page 5


  69 02a5 EBB83BDF 		.ascii	"\353\270;\337>\322R\310\356~\303\356\272)2f\273kw\313"
  69      3ED252C8 
  69      EE7EC3EE 
  69      BA293266 
  69      BB6B77CB 
  70 02b9 D568264B 		.ascii	"\325h&K\235\236\236\033\365\212svS\277\247\007\273\013"
  70      9D9E9E1B 
  70      F58A7376 
  70      53BFA707 
  70      BB0B
  71 02cb 9CA6D6FB 		.ascii	"\234\246\326\373_9\225\234i6?Ml\346\306\306\237\321"
  71      5F39959C 
  71      69363F4D 
  71      6CE6C6C6 
  71      9FD1
  72 02dd D8B7F262 		.ascii	"\330\267\362b>\272\003*\002^\246\330\012&\250\321\221"
  72      3EBA032A 
  72      025EA6D8 
  72      0A26A8D1 
  72      91
  73 02ee 1F9F6AF4 		.ascii	"\037\237j\364\206\3464)`C\350A\377\3663\304>\301Auc"
  73      86E63429 
  73      6043E841 
  73      FFF633C4 
  73      3EC14175 
  74 0303 70E594E0 		.ascii	"p\345\224\340R\200\223\034v=a\320\025i\320\024\033\204"
  74      5280931C 
  74      763D61D0 
  74      1569D014 
  74      1B84
  75 0315 70EF5F0D 		.ascii	"p\357_\015\232v\014\312[?g\274l\320\014\252R3\340U\371"
  75      9A760CCA 
  75      5B3F67BC 
  75      6CD00CAA 
  75      5233E055 
  76 032a 3EEBCE8C 		.ascii	">\353\316\214\337\364\2256(v\266\227\261w\373\206\276"
  76      DFF49536 
  76      2876B697 
  76      B177FB86 
  76      BE
  77 033b F7CAEC59 		.ascii	"\367\312\354Y\316\306k\216\225\262\177\200_\371x\366"
  77      CEC66B8E 
  77      95B27F80 
  77      5FF978F6 
  78 034b BCC48D49 		.ascii	"\274\304\215IWRtI\350eA\370m\345\345\272\375\251\250"
  78      57527449 
  78      E86541F8 
  78      6DE5E5BA 
  78      FDA9A8
  79 035e AED957B3 		.ascii	"\256\331W\263+\240\207c\272\021\016\205\302\007\365"
  79      2BA08763 
  79      BA110E85 
  79      C207F5
  80 036d 48381A8F 		.ascii	"H8\032\217\351\257WUVT\326\352F\265\021\216\006\367"
  80      E9AF5755 
  80      5654D6EA 
  80      46B5118E 
ARM GAS  /tmp/ccx06y2R.s 			page 6


  80      06F7
  81 037f BCF75AA8 		.ascii	"\274\367Z\250\334\000\325\210\327F\264h0v\350@\374\215"
  81      DC00D588 
  81      D746B468 
  81      3076E840 
  81      FC8D
  82 0391 7F6008D6 		.ascii	"\177`\010\326\3069_\257\250\014\354\014\350\025D\240"
  82      C6395FAF 
  82      A80CEC0C 
  82      E81544A0 
  83 03a1 EF3C681C 		.ascii	"\357<h\0348\364vP7B\261\232\330\236\375\206Q^\015\276"
  83      38F47650 
  83      3742B19A 
  83      D89EFD86 
  83      515E0DBE 
  84 03b5 CAAA80BF 		.ascii	"\312\252\200\277\354\325\255\376H,\002bG\024\212\342"
  84      ECD5ADFE 
  84      482C0262 
  84      47148AE2 
  85 03c5 E1C8AE77 		.ascii	"\341\310\256wvG\303F \276\327x\327W\031\250\342\330"
  85      7647C346 
  85      20BED778 
  85      D75719A8 
  85      E2D8
  86 03d7 56028112 		.ascii	"V\002\201\022\005\367\276\275\261\340\356h\315\377\021"
  86      05F7BEBD 
  86      B1E0EE68 
  86      CDFF11
  87 03e6 5F0D9B99 		.ascii	"_\015\233\231\215\031\"\321\032\311\350\016\005C\341"
  87      8D1922D1 
  87      1AC9E80E 
  87      0543E1
  88 03f5 E8FBF027 		.ascii	"\350\373\360'W\177\000\011"
  88      577F0009 
  89              		.text
  90              		.section	.gnu.lto__port_irq_epilogue.8516e9db08097d2c,"",%progbits
  91 0000 789C9D56 		.ascii	"x\234\235VYLTg\024\376\317\375\357\235\031f\206EJ\214"
  91      594C5467 
  91      14FECFFD 
  91      EF9D1966 
  91      86454A8C 
  92 0014 4D6C3224 		.ascii	"Ml2$%\255\211a\372\320F_|hy\262\011\321H\322>\032\035"
  92      25AD8961 
  92      FAD0465F 
  92      7C6879B2 
  92      09D148D2 
  93 002b B1908A43 		.ascii	"\261\220\212Cf\260\261O\\61`\265\255\312\242\340%4\015"
  93      66B0B14F 
  93      5C363160 
  93      B5ADCAA2 
  93      E025340D 
  94 003f 6005D7B6 		.ascii	"`\005\327\266\202l\005Qp\243\"\342\202\033\233\262\232"
  94      826C0551 
  94      70A322E2 
  94      821B9BB2 
  94      9A
  95 0050 42D4A855 		.ascii	"B\324\250U\3509\377\2753\214#J\352\004.\367?\353w\316"
ARM GAS  /tmp/ccx06y2R.s 			page 7


  95      E839FFBD 
  95      338C234A 
  95      EA042EF7 
  95      3FEB77CE 
  96 0064 F9F8CF28 		.ascii	"\371\370\317(Lb\355!\214}\000\214}\315\030\003\013\003"
  96      4C62ED21 
  96      8C7D008C 
  96      7DCD1803 
  96      0B03
  97 0076 E9C74B8C 		.ascii	"\351\307K\214eX$\211w/d\252\325T\277\214\251v.\311\333"
  97      65582489 
  97      772F64AA 
  97      D554BF8C 
  97      A9762EC9 
  98 008b 3FC29342 		.ascii	"?\302\223BO\273\014f\335H\361\275\230|/f\000zQ-\300"
  98      4FBB0C66 
  98      DD48F1BD 
  98      987C2F66 
  98      007A512D 
  99 00a0 D2252E2B 		.ascii	"\322%.+&3\244\303.^\310\241%\367~\255\264\244B\305O"
  99      2633A4C3 
  99      2E5EC8A1 
  99      25F77EAD 
  99      B4A442C5 
 100 00b5 73E123F3 		.ascii	"s\341#\36365g\221\306\031+\306_\372@\005,ah\326\177"
 100      36356791 
 100      C6192BC6 
 100      5FFA4005 
 100      2C6168D6 
 101 00ca 747A6FA8 		.ascii	"tzo\250I\326\345P\011&\204F\356\227\263\217\224\360"
 101      49D6E550 
 101      09268446 
 101      EE97B38F 
 101      94F0
 102 00dc 9D5CE300 		.ascii	"\235\\\343\0002\036'/\356\033\010\243\243\004\016<\346"
 102      321E272F 
 102      EE1B08A3 
 102      A3040E3C 
 102      E6
 103 00ed 750C9687 		.ascii	"u\014\226\207\363\345@\021\036N\337\312\263\307\374"
 103      F3E54011 
 103      1E4EDFCA 
 103      B3C7FC
 104 00fc A2AA996A 		.ascii	"\242\252\231j\363\023-rw\226\332\256\312\032\347\360"
 104      F3132D72 
 104      7796DAAE 
 104      CA1AE7F0 
 105 010c 1B708C0A 		.ascii	"\033p\214\012\007a1T\301b=\353!\210A\227\373\371m\215"
 105      07613154 
 105      C1623DEB 
 105      21884197 
 105      FBF96D8D 
 106 0120 66BE42B8 		.ascii	"f\276B\270w\274\370a \334p\177P\364a\323\311AU\375Y"
 106      77BCF861 
 106      20DC707F 
 106      50F461D3 
 106      C94155FD 
ARM GAS  /tmp/ccx06y2R.s 			page 8


 107 0135 058DCB50 		.ascii	"\005\215\313P=G\200\032\021 \320\251\245\203\027\253"
 107      3D47801A 
 107      1120D0A9 
 107      A58317AB 
 108 0145 CDD98E37 		.ascii	"\315\331\2167y\034\206\230\303]\320\254N\317\344b'\242"
 108      791C8698 
 108      C35DD0AC 
 108      4ECFE462 
 108      27A2
 109 0157 B4E9E14B 		.ascii	"\264\351\341K1Q\234i\\\221\351\241\010P&\361\264\220"
 109      31519C69 
 109      5C91E9A1 
 109      085026F1 
 109      B490
 110 0169 20041F26 		.ascii	" \004\037&\033\275\205\342\303\034!r.\020q\030\313\303"
 110      1BBD85E2 
 110      C31C2172 
 110      2E107118 
 110      CBC3
 111 017b 3651C3F3 		.ascii	"6Q\303\363\271D\177\371\020HT\304\257\347\272\232l<"
 111      B9447FF9 
 111      104854C4 
 111      AFE7BA9A 
 111      6C3C
 112 018d 1744458F 		.ascii	"\027DE\217\212\216V\206\030\340f\252>\336\237u~\207"
 112      8A8E5686 
 112      18E066AA 
 112      3EDE9F75 
 112      7E87
 113 019f 5A961941 		.ascii	"Z\226\031A\370\216\314\201\357\250\250(wDm\220\251\301"
 113      F88ECC81 
 113      EFA8A828 
 113      77446D90 
 113      A9C1
 114 01b1 3238E018 		.ascii	"28\340\030\352F!\263\377\370\216\272\273\340\037R\266"
 114      EA4621B3 
 114      FFF88EBA 
 114      BBE01F52 
 114      B6
 115 01c2 98E5EEA7 		.ascii	"\230\345\356\247f1\247b\016,H\365o\325\322J\214~\234"
 115      6631A762 
 115      0E2C48F5 
 115      6FD5D24A 
 115      8C7E9C
 116 01d5 9452B0B2 		.ascii	"\224R\260\262\253\204S*\006'H\315\003g\017\277\203\011"
 116      AB84532A 
 116      062748CD 
 116      03670FBF 
 116      8309
 117 01e7 81FC41C3 		.ascii	"\201\374A\303\007\326F\031\313\265cO\255\321=\240\251"
 117      07D64619 
 117      CBB5634F 
 117      ADD13DA0 
 117      A9
 118 01f8 45D8580B 		.ascii	"E\330X\013YW\017\234R-\262\204\206\177B4#\311?\343\335"
 118      59570F9C 
 118      522DB284 
ARM GAS  /tmp/ccx06y2R.s 			page 9


 118      867F4234 
 118      23C93FE3 
 119 020d BD124AE0 		.ascii	"\275\022J\340$\310\0023\203Z\301\226\312\306\326!{\364"
 119      24C80233 
 119      835AC196 
 119      CAC6D621 
 119      7BF4
 120 021f 0DC33B84 		.ascii	"\015\303;\204l\247j\216]\265\011\357:\362\206S \263"
 120      6CA76A8E 
 120      5DB509EF 
 120      3AF28653 
 120      20B3
 121 0231 21C87488 		.ascii	"!\310t\210\372\031\033\201\226\272g\3453\327\201J+\345"
 121      FA191B81 
 121      96BA67E5 
 121      33D7814A 
 121      2BE5
 122 0243 C4C0829C 		.ascii	"\304\300\202\234\226N3u\304*\012\315\250\255\337\243"
 122      964E3375 
 122      C42A0ACD 
 122      A8ADDFA3 
 123 0253 E847F566 		.ascii	"\350G\365f\226\032F\034-\312\354\263hP\232\201\365a"
 123      961A461C 
 123      2DCAECB3 
 123      68509A81 
 123      F561
 124 0265 1E1B3460 		.ascii	"\036\0334`_\353\011\007*\307\367\266\037\264:\253\325"
 124      5FEB0907 
 124      2AC7F7B6 
 124      1FB43AAB 
 124      D5
 125 0276 EC0CD2D9 		.ascii	"\354\014\322\331\241\0214(\022\344\207&pb\302\254\027"
 125      A1113428 
 125      12E48726 
 125      7062C2AC 
 125      17
 126 0287 DBAA143D 		.ascii	"\333\252\024=\235\254g\234\2700T.f\240\200\032\001\315"
 126      9DAC679C 
 126      B830542E 
 126      66A0801A 
 126      01CD
 127 0299 186810B2 		.ascii	"\030h\020\262{[?5\214\320\342\360x\355\263P\335\202"
 127      7B5B3F35 
 127      8CD0E2F0 
 127      78EDB350 
 127      DD82
 128 02ab C15FC604 		.ascii	"\301_\306\004\363\261\233\335\013\371(d\340\300NL-\232"
 128      F3B19BDD 
 128      0BF92864 
 128      E0C04E4C 
 128      2D9A
 129 02bd ED2C714A 		.ascii	"\355,qJ\014\213\005O\243p\217\025\307\330B\243\220\003"
 129      0C8B054F 
 129      A3708F15 
 129      C7D842A3 
 129      9003
 130 02cf 46214806 		.ascii	"F!H\006\255b\034\247\361\211\377\214}4\216\202\235\005"
ARM GAS  /tmp/ccx06y2R.s 			page 10


 130      AD621CA7 
 130      F189FF8C 
 130      7D348E82 
 130      9D05
 131 02e1 9A1C3D69 		.ascii	"\232\034=i44\224<^\366\347\014\204\210\206\266\031\343"
 131      3434943C 
 131      5EF6E70C 
 131      848886B6 
 131      19E3
 132 02f3 38D37FBC 		.ascii	"8\323\177\274\316D\3438\003X\320\002\324\234\325\233"
 132      CE44E338 
 132      0358D002 
 132      D49CD59B 
 133 0303 7C4FC0A2 		.ascii	"|O\300\242\200\024\237T$\314\317\033\002B\240\023[G"
 133      80149F54 
 133      24CCCF1B 
 133      0242A013 
 133      5B47
 134 0315 FFA43398 		.ascii	"\377\2443\230n\205%\326/\015\240J \320\032\002\332."
 134      6E8525D6 
 134      2F0DA04A 
 134      20D01A02 
 134      DA2E
 135 0327 8076E840 		.ascii	"\200v\350@\037\317\013\364\\0\320\363\0044\0025\027"
 135      1FCF0BF4 
 135      5C30D0F3 
 135      04340235 
 135      17
 136 0338 FC401101 		.ascii	"\374@\021\001\005\244\370\244\022@w\266E\012\2405:S"
 136      05A4F8A4 
 136      124077B6 
 136      450AA035 
 136      3A53
 137 034a 32A772AB 		.ascii	"2\247r\2538\011J\271b\3308\204\376\020\371(4\332\222"
 137      38094AB9 
 137      62D83884 
 137      FE10F928 
 137      34DA92
 138 035d 6DD55736 		.ascii	"m\325W6\350&d\2059\237\235\254hP\364\373\254hff&\034"
 138      E8266485 
 138      399F9DAC 
 138      6850F4FB 
 138      AC686666 
 139 0373 2EE2F45E 		.ascii	".\342\364^\3654Q\354G\303\2459V\222\241O\363\300\376"
 139      F53451EC 
 139      47C3A539 
 139      5692A14F 
 139      F3C0FE
 140 0386 1213F970 		.ascii	"\022\023\371p\335\007E\371jS\205\217re\033\361~\010"
 140      DD0745F9 
 140      6A53858F 
 140      72651BF1 
 140      7E08
 141 0398 C3F070C9 		.ascii	"\303\360p\311\340\334\223\256\251\023\3049\235\217\341"
 141      E0DC93AE 
 141      A913C439 
 141      9D8FE1
ARM GAS  /tmp/ccx06y2R.s 			page 11


 142 03a7 D0293807 		.ascii	"\320)8\007\304\271\277\301I\214\035z\336\031B\021M\200"
 142      C4B9BFC1 
 142      498C1D7A 
 142      DE194211 
 142      4D80
 143 03b9 3616B88C 		.ascii	"6\026\270\214\216D\375\021-'R\207k\011d~\204`~\336\355"
 143      8E44FD11 
 143      2D275287 
 143      6B09647E 
 143      84607EDE 
 144 03ce 5D3516FD 		.ascii	"]5\026\375x\344\216\316\374\246\212\311\307\266Y\346"
 144      78E48ECE 
 144      FCA68AC9 
 144      C7B659E6 
 145 03de 2F802BC8 		.ascii	"/\200+\310\374.\003\305\360\271\356\001\010`~\267@!"
 145      FC2E03C5 
 145      F0B9EE01 
 145      08607EB7 
 145      4021
 146 03f0 118AAB82 		.ascii	"\021\212\253\202\371\330\300ZEO\027\202\031IR\320\261"
 146      F9D8C05A 
 146      454F1782 
 146      194952D0 
 146      B1
 147 0401 C428FAFF 		.ascii	"\304(\372\377U\330#b\213\335q\015\234\030O\017\337p"
 147      55D82362 
 147      8BDD710D 
 147      9C184F0F 
 147      DF70
 148 0413 354A8F6F 		.ascii	"5J\217o\243\266\372\332\214\376g\307\006K-<S\022\205"
 148      A3B6FADA 
 148      8CFE67C7 
 148      064B2D3C 
 148      531285
 149 0426 8D0D4EB6 		.ascii	"\215\015N\266\332\214\213\262G\263\373o\361\353s\334"
 149      DA8C8BB2 
 149      47B3FB6F 
 149      F1EB73DC 
 150 0436 92376842 		.ascii	"\2227hB6\203\246w\272^\243i\217U!\033\203\252\246W\256"
 150      3683A677 
 150      BA5EA369 
 150      8F55211B 
 150      83AAA657 
 151 044b B79B82A6 		.ascii	"\267\233\202\246\275b\267\261\237\244\371\256\267[\006"
 151      BD62B7B1 
 151      9FA4F9AE 
 151      B75B06
 152 045a 4D6FEDAB 		.ascii	"Mo\355\253\333c%\232\336&\232\332Ps\307\270\264\004"
 152      DB63259A 
 152      DE269ADA 
 152      5073C7B8 
 152      B404
 153 046c 67281B1B 		.ascii	"g(\033\033\203\254\262\246\275\357\353\305\206\242S"
 153      83ACB2A6 
 153      BDEFEBC5 
 153      86A253
 154 047b 6DED78AF 		.ascii	"m\355x\2579\375\245j\321xd17\243\323]H\307.\276\247"
ARM GAS  /tmp/ccx06y2R.s 			page 12


 154      39FDA56A 
 154      D1786431 
 154      37A3D35D 
 154      48C72EBE 
 155 0490 DF25A761 		.ascii	"\337%\247a\326\324?f3^&\367\374\227\211\314\016\332"
 155      D6D43F66 
 155      335E26F7 
 155      FC9789CC 
 155      0EDA
 156 04a2 3876F179 		.ascii	"8v\361yn\351\2652\230k*\233\347\233J\237\230\212L}\353"
 156      6EE9B532 
 156      986B2A9B 
 156      E79B4A9F 
 156      988A4C7D 
 157 04b7 17BCF3A1 		.ascii	"\027\274\363\241\332\216\336S\270[\243\212\261h\006"
 157      DA8EDE53 
 157      B85BA38A 
 157      B16806
 158 04c6 03088D52 		.ascii	"\003\010\215R*\376\224\023\357\232rp6\345\320\233R\342"
 158      2AFE9413 
 158      EF9A7270 
 158      36E5D09B 
 158      52E2
 159 04d8 371FB86F 		.ascii	"7\037\270o\2444\261\372e\276\355\031\2640\017\314\263"
 159      A434B1FA 
 159      65BEED19 
 159      B4300FCC 
 159      B3
 160 04e9 301F8885 		.ascii	"0\037\210\205\351\357\236\214\335\033~\333\302\334g"
 160      E9EF9E8C 
 160      DD1B7EDB 
 160      C2DC67
 161 04f8 3316A6F5 		.ascii	"3\026\246\365\365\205\271\274\012\243\217\220\322\026"
 161      F585B9BC 
 161      0AA38F90 
 161      D216
 162 0506 AC1C3DC0 		.ascii	"\254\034=\300)\025\203\321\327\027\346\230`\324x\300"
 162      291583D1 
 162      D717E698 
 162      60D478C0 
 163 0516 C29CD6FA 		.ascii	"\302\234\326\372\032m\276]8,v\341\204\330\205\301\213"
 163      1A6DBE5D 
 163      382C76E1 
 163      84D885C1 
 163      8B
 164 0527 EFA17FF1 		.ascii	"\357\241\177\361Qp\321\013\263\370*1\001\222\376\325"
 164      5170D10B 
 164      B3F82A31 
 164      0192FED5 
 165 0537 2C0F6F0C 		.ascii	",\017o\014\024\340\351\263\330X\247\376\023\227\224"
 165      14E0E9B3 
 165      D858A7FE 
 165      139794
 166 0546 BC3E7955 		.ascii	"\274>yU\202\323\355u\272\334))\356\315\316T\267'\315"
 166      82D3ED75 
 166      BADC2929 
 166      EECDCE54 
ARM GAS  /tmp/ccx06y2R.s 			page 13


 166      B727CD
 167 0559 EBFC7C4D 		.ascii	"\353\374|M|\\\374V\247+\311\345\366$\256\375nYJ\254"
 167      7C5CFC56 
 167      A72BC9E5 
 167      F624AEFD 
 167      6E594AAC 
 168 056d 8BC9AEB4 		.ascii	"\213\311\256\264\255\251&O\242w\313\246\264/\336\022"
 168      ADA9264F 
 168      A277CBA6 
 168      B42FDE12 
 169 057d 21716B1A 		.ascii	"!qk\032\371;\343\342\023V&8\3430\200s\345f\327\246-"
 169      F93BE3E2 
 169      13562638 
 169      E3308073 
 169      E566D7A6 
 170 0592 1B129DAE 		.ascii	"\033\022\235\256\024o\262w\3557.Wl\0223\257_\347M\\"
 170      146FB277 
 170      ED372E57 
 170      6C1233AF 
 170      5FE74D5C 
 171 05a6 ED497E17 		.ascii	"\355I~\0270I,\">a\215\203\"\244z\222\227:b>a\222\207"
 171      30492C22 
 171      3E618D83 
 171      22A47A92 
 171      973A623E 
 172 05bd 99531253 		.ascii	"\231S\022S\334\236\357Y\370W\361k\022P\266\324\2611"
 172      DC9EEF59 
 172      F857F16B 
 172      1250B6D4 
 172      B131
 173 05cf D5EBF230 		.ascii	"\325\353\3620\276\302\303\354>Q\2527\225\205\245\271"
 173      BEC2C3EC 
 173      3E51AA37 
 173      9585A5B9 
 174 05df 53576D5C 		.ascii	"SWm\\\355q\273\022\322\326\271\276\265S,\224\2138\377"
 174      ED71BB12 
 174      D2D6B9BE 
 174      B5532C94 
 174      8B38FF
 175 05f2 01C61681 		.ascii	"\001\306\026\201\311"
 175      C9
 176              		.text
 177              		.section	.gnu.lto_.symbol_nodes.8516e9db08097d2c,"",%progbits
 178 0000 789C6365 		.ascii	"x\234ce`bHd\000\002\246\345L\365\014\014\023\31610\000"
 178      60624864 
 178      0002A6E5 
 178      4CF50C0C 
 178      13CE3130 
 179 0015 A95D0D8E 		.ascii	"\251]\015\216@\221\025L\365\214(\"\214\253\230\352\231"
 179      4091154C 
 179      F58C2822 
 179      8CAB98EA 
 179      99
 180 0026 C0220C0C 		.ascii	"\300\"\014\014\015\013\034\200\002\253\231\352\231Q"
 180      0D0B1C80 
 180      02AB99EA 
 180      9951
ARM GAS  /tmp/ccx06y2R.s 			page 14


 181 0034 045632D5 		.ascii	"\004V2\325\263\300\004\032\200\002\314\214,\014K\372"
 181      B3C0041A 
 181      8002CC8C 
 181      2C0C4BFA 
 182 0044 9EB23000 		.ascii	"\236\2620\000\000\234\211\0279"
 182      009C8917 
 182      39
 183              		.text
 184              		.section	.gnu.lto_.refs.8516e9db08097d2c,"",%progbits
 185 0000 789C6365 		.ascii	"x\234ce`b\340d```bdb\222fb\226a\000\000\001\375\000"
 185      6062E064 
 185      60606062 
 185      64629266 
 185      62966100 
 186 0018 54       		.ascii	"T"
 187              		.text
 188              		.section	.gnu.lto_.decls.8516e9db08097d2c,"",%progbits
 189 0000 789CBD59 		.ascii	"x\234\275YkPTI\226\256\274Y\024\257\002\014df\335\030"
 189      6B505449 
 189      96AEBC59 
 189      14AF020C 
 189      6466DD18 
 190 0014 62BAD730 		.ascii	"b\272\3270\246\331\037#\320\332=\275\261\363\243\021"
 190      A6D91F23 
 190      D0DA3DBD 
 190      B1F3A311 
 191 0024 9BD11F6E 		.ascii	"\233\321\037n\0230\032\263\033\273Qc\003\335\020\313"
 191      13301AB3 
 191      1BBB5163 
 191      03DD10CB 
 192 0034 C3A9C269 		.ascii	"\303\251\302i\215\330\230\271\010\"**O\005DD\001\001"
 192      8DD898B9 
 192      08222A2A 
 192      4F054444 
 192      0101
 193 0046 054540F1 		.ascii	"\005E@\361\001\312[D@\305\026\004\021P\021\224\227<"
 193      01CA5B44 
 193      40C51604 
 193      11501194 
 193      973C
 194 0058 E5A1C29E 		.ascii	"\345\241\302\236\314\274\305\315\272\026\335;\363cK"
 194      CCBCC5CD 
 194      BA16DD3B 
 194      F3634B
 195 0067 CEBDF7DC 		.ascii	"\316\275\367\334\373\345y\345\311\314\223\251\205JP"
 195      FBE579E5 
 195      C9CC93A9 
 195      854A50
 196 0076 9DFA48A5 		.ascii	"\235\372H\245j\302*\325\177\"\225j\021~\360\250*T\311"
 196      6AC22AD5 
 196      7F22956A 
 196      117EF0A8 
 196      2A54C9
 197 0089 3F0BA0F3 		.ascii	"?\013\240\363@E@\305@\245@\345\252\017\177\377\005\355"
 197      404540C5 
 197      40A540E5 
 197      AA0F7FFF 
ARM GAS  /tmp/ccx06y2R.s 			page 15


 197      05ED
 198 009b B570DF06 		.ascii	"\265p\337\006\344\010\344\004d\011\357\354\201>\201"
 198      E408E404 
 198      6409EFEC 
 198      813E81
 199 00aa E75FC17D 		.ascii	"\347_\301}\015\320J W w\240\317\201\340O\365Op\321H"
 199      0DD04A20 
 199      572077A0 
 199      CF81E04F 
 199      F54F70D1 
 200 00bf 7AFE159E 		.ascii	"z\376\025\236\277\004\332\000\264\021\350w\350C]\333"
 200      BF04DA00 
 200      B411E877 
 200      E8435DDB 
 201 00cf E1DDCF7E 		.ascii	"\341\335\317~D\327V\240\253*YG2P\"\247\373=|\253\346"
 201      44D756A0 
 201      AB2A5947 
 201      325022A7 
 201      FB3D7CAB 
 202 00e4 6C3A0A74 		.ascii	"l:\012t\035\370c\210\371\373?p\037\206\373/\340>\012"
 202      1DF86388 
 202      F9FB3F70 
 202      1F86FB2F 
 202      E03E0A
 203 00f7 F77915F3 		.ascii	"\367y\025\363\215\304 \025\336\035\227\354\312@\262"
 203      8DC42015 
 203      DE1D97EC 
 203      CA40B2
 204 0106 BDE55C7C 		.ascii	"\275\345\\|\214\266+\177\3070j~\332\377\213n\324\205"
 204      8CB62B7F 
 204      C7306A7E 
 204      DAFF8B6E 
 204      D485
 205 0118 900AA115 		.ascii	"\220\012\241\025\010I\001\200\037y#\335i?\320\037b<"
 205      08490180 
 205      1F7923DD 
 205      693FD01F 
 205      623C
 206 012a 5C057A55 		.ascii	"\\\005zU\031\341K\302\021\375\007\177\002b`Ae\016\304"
 206      19E14BC2 
 206      11FD077F 
 206      02626041 
 206      650EC4
 207 013d 4B94351A 		.ascii	"K\2245\032\177\306w\310T$\221\206\270\027|\003N\240"
 207      7FC677C8 
 207      54249186 
 207      B8177C03 
 207      4EA0
 208 014f E4054370 		.ascii	"\344\005Cp6\032\275Qa\243\363\303\261\223'\325=\350"
 208      361ABD51 
 208      61A3F3C3 
 208      B19327D5 
 208      3DE8
 209 0161 0942B6AA 		.ascii	"\011B\266\252L\0224x\227W7\225\2031\350\201\347\236"
 209      4C123478 
 209      97573795 
 209      8331E881 
ARM GAS  /tmp/ccx06y2R.s 			page 16


 209      E79E
 210 0173 B93CAFB5 		.ascii	"\271<\257\265\005\"\373Y\375R\216Z\335\342L\245\303"
 210      0522FB59 
 210      FD528E5A 
 210      DDE24CA5 
 210      C3
 211 0184 618C1C6D 		.ascii	"a\214\034m\220\000l\353X\323\011[`\235l\320\012`g#\036"
 211      90006CEB 
 211      58D3095B 
 211      609D6CD0 
 211      0A606723 
 212 0199 56D9AC3A 		.ascii	"V\331\254:J[E\212+\004\264\355\347\250\0009\243s\310"
 212      4A5B458A 
 212      2B04B4ED 
 212      E7A80039 
 212      A373C8
 213 01ac 192C2844 		.ascii	"\031,(D\253\340\372\215\232IJ\025\007\262\360\352L1"
 213      ABE0FA8D 
 213      9A494A15 
 213      07B2F0EA 
 213      4C31
 214 01be B357AC5C 		.ascii	"\263W\254\\\254\376\350h\244\230\007\255>&(\224\217"
 214      ACFEE868 
 214      A49807AD 
 214      3E262894 
 214      8F
 215 01cf 303A8BD6 		.ascii	"0:\213\326\022\263\341\021\256y\250\007\241\\\324\015"
 215      12B3E111 
 215      AE79A807 
 215      A15CD40D 
 216 01df 5E9D47AB 		.ascii	"^\235G\253\211\201c\223\267l\361\026j\354\350\340\243"
 216      89816393 
 216      B76CF116 
 216      6AECE8E0 
 216      A3
 217 01f0 684B4952 		.ascii	"hKIR\353G\251b\345\036\020$PA\027dA\027\224\202\212"
 217      EB47A962 
 217      E51E1024 
 217      50411764 
 217      41179482 
 218 0205 A8A091E6 		.ascii	"\250\240\221\346\342b\007\374G*\250>\267\343\2015\010"
 218      E26207FC 
 218      472AA83E 
 218      B7E38135 
 218      08
 219 0216 EA15C5CA 		.ascii	"\352\025\305\312\231\214\365\013E}b\214\015\265\033"
 219      998CF50B 
 219      457D628C 
 219      0DB51B
 220 0225 5D94055D 		.ascii	"]\224\005]D,\214\250\230\012x\332\2333a\213\013\020"
 220      442C8CA8 
 220      980A78DA 
 220      9B33618B 
 220      0B10
 221 0237 95909831 		.ascii	"\225\220\2301\371\002K\022&\376\222*V33J\344\326%\306"
 221      F9024B12 
 221      26FE922A 
ARM GAS  /tmp/ccx06y2R.s 			page 17


 221      5633334A 
 221      E4D625C6 
 222 024b D6A5B475 		.ascii	"\326\245\264uf\312\233W\032\\\311Z7\327=H\261\304\235"
 222      66CA9B57 
 222      1A5CC95A 
 222      37D73D48 
 222      B1C49D
 223 025e 9451BFBC 		.ascii	"\224Q\277\2749!@\350\310\237\265K\232h\205\256\"kU\232"
 223      392140E8 
 223      C89FB54B 
 223      9A6885AE 
 223      226B559A 
 224 0272 18238A2B 		.ascii	"\030#\212+\350\343>Q\334#\216\355\211[\001\256\254s"
 224      E8E33E51 
 224      DC238EED 
 224      895B01AE 
 224      AC73
 225 0284 466ECE2A 		.ascii	"Fn\316*t\015\271\320O*T\006\315\256@\320\317\030\273"
 225      740DB9D0 
 225      4F2A5406 
 225      CDAE40D0 
 225      CF18BB
 226 0297 50453EA0 		.ascii	"PE>\240\313\222r\326\003\265\371-\011Z\276\267\010D"
 226      CB9272D6 
 226      03B5F92D 
 226      095ABEB7 
 226      0844
 227 02a9 EEAEEB26 		.ascii	"\356\256\353&\335\2252v\357\211 yVS\376\333\371b1\312"
 227      DD953276 
 227      EF892079 
 227      5653FEDB 
 227      F96231CA 
 228 02bd 8240D025 		.ascii	"\202@\320%\331\267KF\337\312\251o\367\243\212\3221\313"
 228      D9B74B46 
 228      DFCAA96F 
 228      F7A38AD2 
 228      31CB
 229 02cf 1535B0E3 		.ascii	"\0255\260\343\315i\317\355Y\256|\014\354\236\353\035"
 229      CD69CFED 
 229      59AE7C0C 
 229      EC9EEB1D 
 230 02df F15226F5 		.ascii	"\361R&\365\022\005qi\321\247\264x?\313\277\223]\343"
 230      12057169 
 230      D1A7B478 
 230      3FCBBF93 
 230      5DE3
 231 02f1 85963881 		.ascii	"\205\2268\2012B\325\303S\371vH\353r\200x\034\027)Zo"
 231      3242D5C3 
 231      53F97648 
 231      EB728078 
 231      1C17295A 
 232 0306 22797503 		.ascii	"\"yu\003\014\255\000CQ\015x\275U+\331@\035\256\354\271"
 232      0CAD0043 
 232      510D78BD 
 232      552BD940 
 232      1DAEECB9 
 233 031a B33EFD06 		.ascii	"\263>\375\006I\246j\244EU\262\201[\265\314\231\202\374"
ARM GAS  /tmp/ccx06y2R.s 			page 18


 233      49A66AA4 
 233      4555B281 
 233      5BB5CC99 
 233      82FC
 234 032c DA7907DC 		.ascii	"\332y\007\334\314t\225=M\276i\315\014yD\370\0237\233"
 234      CC74953D 
 234      4DBE69CD 
 234      0C7944F8 
 234      13379B
 235 033f 8E5BE107 		.ascii	"\216[\341\007\354\343T^\325\220=ng\314\203\376SQZ\206"
 235      ECE3545E 
 235      D5903D6E 
 235      67CC83FE 
 235      53515A86 
 236 0353 BC4753B8 		.ascii	"\274GS\270\241z\330\032?f\037\307\207\016\017\011\270"
 236      A17AD81A 
 236      3F661FC7 
 236      870E0F09 
 236      B8
 237 0364 873107EB 		.ascii	"\2071\007\353.\325K\2567\020\276\273\272\355\204\032"
 237      2ED54BAE 
 237      3710BEBB 
 237      BAED841A 
 238 0374 3F671F33 		.ascii	"?g\0373k\367\275v\300\003\222\366\321sev\014YI\343|"
 238      6BF7BD76 
 238      C00392F6 
 238      D1736576 
 238      0C5949E3 
 239 0389 AFFC9A1D 		.ascii	"\257\374\232\035\036b\037k\023\347\243\254\361(c\362"
 239      1E621F6B 
 239      13E7A3AC 
 239      F12863F2 
 240 0399 FAD30F4B 		.ascii	"\372\323\017K\332\277\000\266ctp\301\001\217\263oi\373"
 240      DABF00B6 
 240      637470C1 
 240      018FB36F 
 240      69FB
 241 03ab 8687319E 		.ascii	"\206\2071\236b\314\365\262\362z\013\006t\003\366yGw"
 241      62CCF5B2 
 241      F27A0B06 
 241      7403F679 
 241      4777
 242 03bd AF3D9E61 		.ascii	"\257=\236a\337\036\211\263\2356x\2361\307'\237\274\222"
 242      DF1E89B3 
 242      9D36789E 
 242      31C7279F 
 242      BC92
 243 03cf 3C7701F6 		.ascii	"<w\001\366fw\353\244\005~\317\276e\347$uj\260\210\231"
 243      6677EBA4 
 243      057ECFBE 
 243      65E72475 
 243      6AB08899 
 244 03e3 6F52D739 		.ascii	"oR\3279\262\256\273\332\236[\241\306\221\354\333\233"
 244      B2AEBBDA 
 244      9E5BA1C6 
 244      91ECDB9B 
 245 03f3 439DD336 		.ascii	"C\235\32368\2321\243Q/zm\031p\025\260\021\227\262\216"
ARM GAS  /tmp/ccx06y2R.s 			page 19


 245      389A31A3 
 245      512F7A6D 
 245      197015B0 
 245      1197B28E 
 246 0407 409FB26F 		.ascii	"@\237\262oG\217\235}dM\202\242\342&\016G6q\014\245w"
 246      478F9D7D 
 246      644D82A2 
 246      E2260E47 
 246      36710CA5 
 247 041c 766A713C 		.ascii	"vjq<\373Vrk\374\2265NaL\332\365\251F\311\031+\342\365"
 247      FB56726B 
 247      FC96354E 
 247      614CDAF5 
 247      A946C919 
 248 0433 BDA283F6 		.ascii	"\275\242\203\3668\235}\213\316\252\231\263\303'\031"
 248      389D7D8B 
 248      CEAA99B3 
 248      C32719
 249 0442 9337D8F3 		.ascii	"\2237\330\363\016\343\323\214y{\265N\264\3029\214\311"
 249      0EE3D38C 
 249      797BB54E 
 249      B4C2398C 
 249      C9
 250 0453 BDD571CB 		.ascii	"\275\325q\313\001\3471\246\353tR\216\232\311{I\370\311"
 250      01E731A6 
 250      EB74528E 
 250      9AC97B49 
 250      F8C9
 251 0465 B9915881 		.ascii	"\271\221X\201ee\245\346\030v\276S\221\231\255Ek\224"
 251      6565A5E6 
 251      1876BE53 
 251      9199AD45 
 251      6B94
 252 0477 3F97954B 		.ascii	"?\227\225K\217\247I\032\302\374\340\322\331\332'\212"
 252      8FA7491A 
 252      C2FCE0D2 
 252      D9DA278A 
 253 0487 095A9A64 		.ascii	"\011Z\232d\267 \311\336\243\225rV\326\3211\344\016\027"
 253      B720C9DE 
 253      A3957256 
 253      D6D131E4 
 253      0E17
 254 0499 156BD0FA 		.ascii	"\025k\320\372\007\230\231\2420Ew+\321O(\372\006\222"
 254      079899A2 
 254      3045772B 
 254      D14F28FA 
 254      0692
 255 04ab E1D51CFC 		.ascii	"\341\325\034\374\251\022\336\373\001\374\331\177\310"
 255      A912DEFB 
 255      01FCD97F 
 255      C8
 256 04b8 F05A25FC 		.ascii	"\360Z%\374\246\322\226F\016}[\211n\370@\370\340\327"
 256      A6D29646 
 256      0E7D5B89 
 256      6EF840F8 
 256      E0D7
 257 04ca 32FC8512 		.ascii	"2\374\205\022\376\\)\374\331\277\313\350{Jt\313\007"
ARM GAS  /tmp/ccx06y2R.s 			page 20


 257      FE5C29FC 
 257      D9BFCBE8 
 257      7B4A74CB 
 257      07
 258 04db 68CECF2E 		.ascii	"h\316\317.%\272S\211\356\344,\031P\242]\225\021\347"
 258      25BA5389 
 258      EEE42C19 
 258      50A25D95 
 258      11E7
 259 04ed 0C79A004 		.ascii	"\014y\240\004\337W\212\036\344\320w\315\233m\022\023"
 259      DF578A1E 
 259      E4D077CD 
 259      9B6D1213 
 260 04fd 2E8495E6 		.ascii	".\204\225\346\003n\322\235\234\3646%\374\007\245-\023"
 260      036ED29D 
 260      9CF43625 
 260      FC07A52D 
 260      13
 261 050e 9C9B7DE6 		.ascii	"\234\233}\346\003n\"\234\263\245\321|w\362\235\317E"
 261      036E229C 
 261      B3A5D17C 
 261      77F29DCF 
 261      45
 262 051f BCC77C22 		.ascii	"\274\307|\"\362\246p\2067+\321wd4\233x\333\356\256\210"
 262      F2A67086 
 262      372BD177 
 262      64349B78 
 262      DBEEAE88 
 263 0533 10454450 		.ascii	"\020EDP*i\322%\277x\3621N\024\277T\253\320 4~E\032\277"
 263      2A69D225 
 263      BF78F231 
 263      4E14BF54 
 263      ABD02034 
 264 054b 94A4010C 		.ascii	"\224\244\001\014\275\2039|\022\255A{\2055h\014\356\263"
 264      BD83397C 
 264      12AD417B 
 264      8535680C 
 264      EEB3
 265 055d 4051F03C 		.ascii	"@Q\360<\002\367y\240a\240\011 \021\336E\003E\000\315"
 265      02F779A0 
 265      61A00920 
 265      11DE4503 
 265      4500CD
 266 0570 001F09F7 		.ascii	"\000\037\011\367)\270/\002\215\003M\003\275\005\332"
 266      29B82F02 
 266      8D034D03 
 266      BD05DA
 267 057f 03EFE7E0 		.ascii	"\003\357\347\340\376\032h\010h\001h\024\350\015ZC\015"
 267      FE1A6808 
 267      68016814 
 267      E80D5A43 
 267      0D
 268 0590 62BE7577 		.ascii	"b\276uw:&D\212\015n\324\271z\363#\230\217s'\027\213"
 268      3A26448A 
 268      0D6ED4B9 
 268      7AF32398 
 268      8F732717 
ARM GAS  /tmp/ccx06y2R.s 			page 21


 269 05a5 56F30965 		.ascii	"V\363\011e\222\"\\\240\037\233Om\036>\317\301\037)\341"
 269      92225CA0 
 269      1F9B4F6D 
 269      1E3ECFC1 
 269      1F29E1
 270 05b8 ED1FC239 		.ascii	"\355\037\3029c\232\314w\014\017o\344\340\017\315'\240"
 270      639ACC77 
 270      0C0F6FE4 
 270      E00FCD27 
 270      A0
 271 05c9 89742E03 		.ascii	"\211t.\003\237\231\237~\370A\314\241\373\315\016K^\366"
 271      9F999F7E 
 271      F841CCA1 
 271      FBCD0E4B 
 271      5EF6
 272 05db 04E76887 		.ascii	"\004\347h\207yG\251l\262:\036\250\214\261\325r\013?"
 272      7947A96C 
 272      B23A1EA8 
 272      8CB1D572 
 272      0B3F
 273 05ed 8F55A17D 		.ascii	"\217U\241}\202\226\326\033p\007\360\223\206\374sd}\371"
 273      8296D61B 
 273      7007F093 
 273      86FC7364 
 273      7DF9
 274 05ff C406917A 		.ascii	"\304\006\221z\330\001^]\030\276:g\307^\321U\347\310"
 274      D8015E5D 
 274      18BE3A67 
 274      C75ED155 
 274      E7C8
 275 0611 44B6252E 		.ascii	"D\266%.\245+\201\220\332\330^\255F.6,s\027_\377*e\202"
 275      A52B8190 
 275      DAD85EAD 
 275      462E362C 
 275      73175FFF 
 276 0628 940CB182 		.ascii	"\224\014\261\202\015: ,\225\014\237\330\3005f\311\000"
 276      0D3A202C 
 276      950C9FD8 
 276      C03566C9 
 276      00
 277 0639 956CE941 		.ascii	"\225l\351A\301\205\310%8\264_pF1\2023\321\221\237\035"
 277      C185C825 
 277      38B45F70 
 277      46318233 
 277      D1919F1D 
 278 064d 7F5A8347 		.ascii	"\177Z\203G\230\216\372\033\217\037\251\221\215\213Y"
 278      988EFA1B 
 278      8F1FA991 
 278      8D8B59
 279 065c 0147CC08 		.ascii	"\001G\314\010`\306\314,\254\256\337Kj\330\303`\314!"
 279      60C6CC2C 
 279      ACAEDF4B 
 279      6AD8C360 
 279      CC21
 280 066e D918B08D 		.ascii	"\331\030\260\215\334\340-\251>\242\253\367ip\252\232"
 280      DCE02DA9 
 280      3EA2ABF7 
ARM GAS  /tmp/ccx06y2R.s 			page 22


 280      6970AA9A 
 281 067e D5140BF1 		.ascii	"\325\024\013\361\247mmbH!\027\027\031\363\223jH,\306"
 281      A76D6D62 
 281      48211717 
 281      19F3936A 
 281      482CC6
 282 0691 93CE6BF1 		.ascii	"\223\316k\361I\326<\246\340p\01566\377i+I\335\034\033"
 282      49D63CA6 
 282      E0700D36 
 282      36FF692B 
 282      49DD1C1B 
 283 06a5 916387CF 		.ascii	"\221c\207\317\260\346m\355\351\3735\270\2001O\237\014"
 283      B0E66DED 
 283      E9FB35B8 
 283      80314F9F 
 283      0C
 284 06b6 1CB0C7C5 		.ascii	"\034\260\307\305\2149p\371A\267\232\010\026\245\016"
 284      8C3970F9 
 284      41B79A08 
 284      16A50E
 285 06c5 847557EE 		.ascii	"\204uW\356\277c\304\037H\020\222#\000\356\273[T\342"
 285      BF63C41F 
 285      48109223 
 285      00EEBB5B 
 285      54E2
 286 06d7 E0182781 		.ascii	"\340\030'\201?VS\367et\212\340hlC\320E\345Q#R=Y\211"
 286      3F5653F7 
 286      65748AE0 
 286      686C43D0 
 286      45E55123 
 287 06ef 4821525E 		.ascii	"H!R^\031\251\301\345T\257U\365\265C5\226t\031_\351B"
 287      19A9C1E5 
 287      54AF55F5 
 287      B5433596 
 287      74195FE9 
 288 0704 96ECA848 		.ascii	"\226\354\250H\261\262=\005wu\344\335\216\020\263W\241"
 288      B1B23D05 
 288      7775E4DD 
 288      8E10B357 
 288      A1
 289 0715 44909C00 		.ascii	"D\220\234\000\201=),;\263&A\223\301f\013\226\253\361"
 289      813D292C 
 289      3BB32641 
 289      93C1660B 
 289      96ABF1
 290 0728 808F53E2 		.ascii	"\200\217S\342M\306\001\321\320i\204\023\361I\346\305"
 290      4DC601D1 
 290      D0698413 
 290      F149E6C5 
 291 0738 BBCBD227 		.ascii	"\273\313\322'x\351i\346\2453k\370\0114\025:\201M\323"
 291      78E969E6 
 291      A5336BF8 
 291      0934153A 
 291      814DD3
 292 074b 044E66CF 		.ascii	"\004Nf\317L\350\242\3230\343\235\002:\001t\034(\035"
 292      4CE8A2D3 
 292      30E39D02 
ARM GAS  /tmp/ccx06y2R.s 			page 23


 292      3A01741C 
 292      281D
 293 075d 284360B3 		.ascii	"(C`\263\035K\252\205&\320\006\233\007h\305\317\315\314"
 293      1D4BAA85 
 293      26D0069B 
 293      0768C5CF 
 293      CDCC
 294 076f F2B6668B 		.ascii	"\362\266f\213\263\305\242\270_CMOV\332b:\206AX\243\321"
 294      B3C5A2B8 
 294      5F434D4F 
 294      56DA623A 
 294      864158A3 
 295 0784 74E81474 		.ascii	"t\350\024t\324,\3348\206\037N]9\245\306\260[ \003\242"
 295      D42CDC38 
 295      861F4E5D 
 295      39A5C6B0 
 295      5B2003A2 
 296 0798 B6B0AC14 		.ascii	"\266\260\254\024\241\225.\346\034B9\340\307\337\350"
 296      A1952EE6 
 296      1C4239E0 
 296      C7DFE8
 297 07a7 53B34524 		.ascii	"S\263E$Yo\262\241U\226<N\210\213T\367\330\\\314A\007"
 297      596FB2A1 
 297      55963C4E 
 297      888B54F7 
 297      D85CCC41 
 298 07bc 7EFEC816 		.ascii	"~\376\310\026\370\371\343\2144\177\234\241\363G\331"
 298      F8F9E38C 
 298      347F9CA1 
 298      F347D9
 299 07cb F88968BC 		.ascii	"\370\211h\274l"
 299      6C
 300 07d0 AEE61A73 		.ascii	"\256\346\032s\225\354\216\000]=Q\224+\225\343\230\253"
 300      95EC8E00 
 300      5D3D5194 
 300      2B95E398 
 300      AB
 301 07e1 7C9D58E5 		.ascii	"|\235X\345\373p\266b^\213\017Q\247\325\275Y\023C\032"
 301      FB70B662 
 301      5E8B0F51 
 301      A7D5BD59 
 301      13431A
 302 07f4 E4023B39 		.ascii	"\344\002;9\033 nOV\010\261>+,\355\311\350\356n\354\257"
 302      1B206E4F 
 302      5608B13E 
 302      2B2CEDC9 
 302      E8EE6EEC 
 303 0809 E4359B72 		.ascii	"\3445\233r\306N\213x\325\322\366\356\034\204\244\220"
 303      C64E8B78 
 303      D5D2F6EE 
 303      1C84A490 
 304 0819 5A711E22 		.ascii	"Zq\036\"V\000\343\220l\013\311\033\262}\232-\214\326"
 304      5600E390 
 304      6C0BC91B 
 304      B27D9A2D 
 304      8CD6
 305 082b 4863874C 		.ascii	"Hc\207LcTv>\340\362\004b\375\005:vr\331\374\001\314"
ARM GAS  /tmp/ccx06y2R.s 			page 24


 305      6354763E 
 305      E0F20462 
 305      FD053A76 
 305      72D9FC01 
 306 0840 4F0ECD22 		.ascii	"O\016\315\"\243\273n\324\333\330\221\373)Z\245xy\257"
 306      A3BB6ED4 
 306      DBD891FB 
 306      295AA578 
 306      79AF
 307 0852 78918A2F 		.ascii	"x\221\212/b\342/R\361}o\013\257I{\006\250\253\321\314"
 307      62E22F52 
 307      F17D6F0B 
 307      AF497B06 
 307      A8ABD1CC 
 308 0866 85CC16BB 		.ascii	"\205\314\026\273e\265\225\030\265\025\263\331e\352\300"
 308      65B59518 
 308      B515B3D9 
 308      65EAC0
 309 0875 DE1969FF 		.ascii	"\336\031i\377d\311m}\234\330\326\347\361\275\202z;\245"
 309      64C96D7D 
 309      9CD8D6E7 
 309      F1BD827A 
 309      3BA5
 310 0887 3197C0D7 		.ascii	"1\227\300\327R\352\353ejL\0113\34625\246\255\2535\305"
 310      52EAEB65 
 310      6A4C0933 
 310      E63235A6 
 310      ADAB35C5 
 311 089b 1A27D0EE 		.ascii	"\032'\320\356@g\0133\212`\017\301\230\203\3255\351\032"
 311      40670B33 
 311      8A600FC1 
 311      9883D535 
 311      E91A
 312 08ad B5A04257 		.ascii	"\265\240BWh?\300\233+\271\003\347\355\370m\361a\023"
 312      683FC09B 
 312      2BB903E7 
 312      EDF86DF1 
 312      6113
 313 08bf 57AF09FC 		.ascii	"W\257\011\374\266x<az\301\036\266\305\225\2750\277\024"
 313      B6783C61 
 313      7AC11EB6 
 313      C595BD30 
 313      BF14
 314 08d1 E2D70377 		.ascii	"\342\327\003wc\305\314\010\361\313\006\201\000Q\231"
 314      63C5CC08 
 314      F1CB0681 
 314      005199
 315 08e0 3127D155 		.ascii	"1'\321UAM8\323#\210\353\002\331'\017\237i_\201G\226"
 315      414D38D3 
 315      2388EB02 
 315      D9270F9F 
 315      695F8147 
 316 08f5 33A77AAE 		.ascii	"3\247z\256g\005\274\240\263>QK\266\205E\347\336\333"
 316      6705BCA0 
 316      B33E514B 
 316      B68545E7 
 316      DEDB
ARM GAS  /tmp/ccx06y2R.s 			page 25


 317 0907 2F7BCC72 		.ascii	"/{\314r\223\032xC\220,,\233\035\315\301\222\205\243"
 317      931A7843 
 317      902C2C9B 
 317      1DCDC192 
 317      85A3
 318 0919 8D3F4FA4 		.ascii	"\215?O\244\347,q\331\210\340P\371\222}\025`_\271\322"
 318      E72C71D9 
 318      88E050F9 
 318      927D1560 
 318      5FB9D2
 319 092c BE4A6ADF 		.ascii	"\276Jj\337\355\276\302j\330@2\003\363{.\276\322H\342"
 319      EDBEC26A 
 319      D8403203 
 319      F37B2EBE 
 319      D248E2
 320 093f 6632DCF2 		.ascii	"f2\334\362#\3570\2077\321\203\216*y\014V)\205USa\275"
 320      23EF3087 
 320      37D1838E 
 320      2A790C56 
 320      29855553 
 321 0955 270712ED 		.ascii	"'\007\022\355p\254\206\012\033\022K_\032mk\315\300\354"
 321      70AC860A 
 321      1B124B5F 
 321      1A6D6BCD 
 321      C0EC
 322 0967 E8E6143B 		.ascii	"\350\346\024;3\251\221E\325(E\325RQ\355\375\325\376"
 322      33A99145 
 322      D52845D5 
 322      5251EDFD 
 322      D5FE
 323 0979 3845B34C 		.ascii	"8E\263L\334.\225\324\307j\345\236y\374\272e\251g\210"
 323      DC2E95D4 
 323      C76AE59E 
 323      79FCBA65 
 323      A96788
 324 098c E7754B9E 		.ascii	"\347uK\236\327\203\347uJ\015\267\250\206\202\346[]R"
 324      D783E775 
 324      4A0DB7A8 
 324      8682E65B 
 324      5D52
 325 099e 1AC69025 		.ascii	"\032\306\220%f\361UG\226\264a\036\243\275\377\356D\231"
 325      66F15547 
 325      96B4611E 
 325      A3BDFFEE 
 325      4499
 326 09b0 C43B01FB 		.ascii	"\304;\001\373\276'.\316\222\245i&\201\277;X\221\252"
 326      BE272ECE 
 326      92A56926 
 326      81BF3B58 
 326      91AA
 327 09c2 5936E79B 		.ascii	"Y6\347\233\2149_\301&\224\271\250\262^$g5[\375\356@"
 327      8C395FC1 
 327      2694B9A8 
 327      B25E2467 
 327      355BFDEE 
 328 09d7 5637D2AC 		.ascii	"V7\322\254n\246Y\335d\\\375.\265\266\277\261\306g\230"
 328      6EA659DD 
ARM GAS  /tmp/ccx06y2R.s 			page 26


 328      645CFD2E 
 328      B5B6BFB1 
 328      C66798
 329 09ea F7FB1F76 		.ascii	"\367\373\037v\025\2334\215\377\261\246\227\373o\327"
 329      159B348D 
 329      FFB1A697 
 329      FB6FD7
 330 09f9 DB303345 		.ascii	"\33303Eb\346\365\372V\330\004\236c\242bR'\3569,ks\253"
 330      62E6F5FA 
 330      56D8049E 
 330      63A26252 
 330      27EE392C 
 331 0a10 D1E63C36 		.ascii	"\321\346<6N;f\353:-\2246\337\003\305l\361z@\025\267"
 331      4E3B66EB 
 331      3A2D9436 
 331      DF03C56C 
 331      F17A4015 
 332 0a25 1A157797 		.ascii	"\032\025w\227\244\366[*\315\\\026\335\277P\322h\211"
 332      A4F65B2A 
 332      CD5C16DD 
 332      BF50D268 
 332      89
 333 0a36 8B985989 		.ascii	"\213\230Y\211\011\263\215V\270Tcrf\342$\235\231L\236"
 333      09B38D56 
 333      B8546372 
 333      66E2249D 
 333      994C9E
 334 0a49 1BCBD1E0 		.ascii	"\033\313\321\340+\354crE\362%{\245I\355\240\204-\277"
 334      2BEC6372 
 334      45F2257B 
 334      A549EDA0 
 334      842DBF
 335 0a5c 1DDC4C05 		.ascii	"\035\334L\005\350\363\323\223\327l\224&-\213N\231;5"
 335      E8F3D393 
 335      D76C9426 
 335      2D8B4E99 
 335      3B35
 336 0a6e 6887CB99 		.ascii	"h\207\313\231\242\221\321w\027\354q\025c\316\025T\265"
 336      A291D177 
 336      17EC7115 
 336      63CE1554 
 336      B5
 337 0a7f D8E27AC6 		.ascii	"\330\342z\306\274\213;Yb\215\233\030S\235\225\221`\215"
 337      BC8B3B59 
 337      628D9B18 
 337      539D9591 
 337      608D
 338 0a91 EF336631 		.ascii	"\3573f1.&\325\022\2671&\251%)\313\026?f\314\333\227"
 338      2E26D512 
 338      B73126A9 
 338      2529CB16 
 338      3F66CCDB 
 339 0aa6 491D88A5 		.ascii	"I\035\210\245\222\226;\035s\222N\307\316\2779|\314\026"
 339      92963B1D 
 339      73924EC7 
 339      CEBF397C 
 339      CC16
ARM GAS  /tmp/ccx06y2R.s 			page 27


 340 0ab8 3F65D8F6 		.ascii	"?e\330\366\216\250\253\022\326\226L\375wz\376\260l\217"
 340      8EA8AB12 
 340      D6964CFD 
 340      777AFEB0 
 340      6C8F
 341 0aca F51B7BEC 		.ascii	"\365\033{\354\005\353\261\013{\373\362\255\240\2553"
 341      05EBB10B 
 341      7BFBF2AD 
 341      A0AD33
 342 0ad9 14C988AB 		.ascii	"\024\311\210\253\220\235Y\205\\Z9Y\250\306/\250\036"
 342      909D5985 
 342      5C5A3959 
 342      A8C62FA8 
 342      1E
 343 0aea E172695F 		.ascii	"\341ri_\232\015W!\177\036\271\217\024\245C\020\242W"
 343      9A0D5721 
 343      7F1EB98F 
 343      14A54310 
 343      A257
 344 0afc F2E8745E 		.ascii	"\362\350t^\252\220M\227\253AX\256\234\245\302\361%D"
 344      AA904D97 
 344      AB4158AE 
 344      9CA5C2F1 
 344      2544
 345 0b0e 7440AA8F 		.ascii	"t@\252\217O\346\325\332\341\327LCjrU\251\375\222\006"
 345      4FE6D5DA 
 345      E1D74C43 
 345      6A7255A9 
 345      FD9206
 346 0b21 287B4B68 		.ascii	"({Kh\331;\012\032\206e\015C\3022*F\314\253hlh:\244\346"
 346      D93B0A1A 
 346      86650D43 
 346      C2322A46 
 346      CCAB686C 
 347 0b39 D70722EF 		.ascii	"\327\007\"\3579|\177F\207\303k\332\251\375\306N\315"
 347      397C7F46 
 347      87C36BDA 
 347      A9FDC64E 
 347      CD
 348 0b4a 2C481DB6 		.ascii	",H\035\266d\265\357\377IzVj\344\274\005/}\354\307\244"
 348      64B5EFFF 
 348      497A566A 
 348      E4BC052F 
 348      7DECC7A4 
 349 0b5e 57B4767D 		.ascii	"W\264v}\211gX\277M\267t=E\370-c\242\356\334\316\265"
 349      896758BF 
 349      4DB7743D 
 349      45F82D63 
 349      A2EEDCCE 
 350 0b73 C48B8C19 		.ascii	"\304\213\214\031\316on\320\340\275\226\224\351\353\237"
 350      CE6F6ED0 
 350      E0BD9694 
 350      E9EB9F
 351 0b82 BF82F101 		.ascii	"\277\202\361\001\306\234\031>}\310\032\037aLT\337h\213"
 351      C69C193E 
 351      7DC81A1F 
 351      614C54DF 
ARM GAS  /tmp/ccx06y2R.s 			page 28


 351      688B
 352 0b94 746A164B 		.ascii	"tj\026K:\357\355\330\345\037\214YBN\307\006\247_,Z\341"
 352      3AEFEDD8 
 352      E51F8C59 
 352      424EC706 
 352      A75F2C5A 
 353 0ba9 640AFE87 		.ascii	"d\012\376\207\341\322\370\034\371$k%w\226E\017\261\242"
 353      E1D2F81C 
 353      F9246B25 
 353      7796450F 
 353      B1A2
 354 0bbb 2268451C 		.ascii	"\"hE\034s\267Q\024{+\021\032\207B\256\017b\036\211W"
 354      73B75114 
 354      7B2B111A 
 354      8742AE0F 
 354      621E8957 
 355 0bcf 2E79637A 		.ascii	".ycz\034@+\3340\271\300}#\241\315W\211I \277sw\004E"
 355      1C402BDC 
 355      30B9C07D 
 355      23A1CD57 
 355      894920BF 
 356 0be7 FF00B2EF 		.ascii	"\377\000\262\357Kh\343x7=\230 \262\033w\311\262\237"
 356      4B68E378 
 356      373D9820 
 356      B21B77C9 
 356      B29F
 357 0bf9 2A659BEE 		.ascii	"*e\233\356\227\011\374\031\007\357V\302M\216TH\255\335"
 357      9709FC19 
 357      07EF56C2 
 357      4D8E5448 
 357      ADDD
 358 0c0b B85B2EB5 		.ascii	"\270[.\265\333\224\350;JSZ9\331\275Jt\273\022\375\214"
 358      DB94E83B 
 358      4A535A39 
 358      D9BD4A74 
 358      BB12FD8C 
 359 0c1f 0BCAB412 		.ascii	"\013\312\264\022\315U\375|\321;\007a\230\245\011C\320"
 359      CD55FD7C 
 359      D13B0761 
 359      98A50943 
 359      D0
 360 0c30 A4E23D8C 		.ascii	"\244\342=\214]P\024^\203\336A\225\273\007\356\007\201"
 360      5D50145E 
 360      83DE4195 
 360      BB07EE07 
 360      81
 361 0c41 A2810E01 		.ascii	"\242\201\016\001\275\205w\013\344\334\003\236\017\000"
 361      BD85770B 
 361      E4DC039E 
 361      0F00
 362 0c4f 2DC2732C 		.ascii	"-\302s,\334\367\002\305\003\035\001\022\201\342\200"
 362      DCF702C5 
 362      031D0112 
 362      81E280
 363 0c5e DEC3B718 		.ascii	"\336\303\267\030\270\357\007\332\207\215\347\035$\006"
 363      B8EF07DA 
 363      878DE71D 
ARM GAS  /tmp/ccx06y2R.s 			page 29


 363      2406
 364 0c6c AD61720C 		.ascii	"\255ar\014f\314v\036\347\324\004\027\202.%\370\2762"
 364      66CC761E 
 364      E7D40417 
 364      822E25F8 
 364      BE32
 365 0c7e 04135C08 		.ascii	"\004\023\\\010&\225\350\017\366I\023\273e\364\274\022"
 365      2695E80F 
 365      F64913BB 
 365      65F4BC12 
 366 0c8e DD20F05D 		.ascii	"\335 \360]\007\011\364L\312\242\273\220E-\022\332\270"
 366      0709F44C 
 366      CAA2BB90 
 366      452D12DA 
 366      B8
 367 0c9f B829CE36 		.ascii	"\270)\3166a\022\031\224\320\315\322\306\304\004}[Pf"
 367      61121994 
 367      D0CDD2C6 
 367      C4047D5B 
 367      5066
 368 0cb1 5127E766 		.ascii	"Q'\347f\217\371\236\346\341\203\234\237S\346\273\332"
 368      8FF99EE6 
 368      E1839C9F 
 368      53E6BBDA 
 369 0cc1 04CE497F 		.ascii	"\004\316I\177b>Gy\370<'}\302|\024\031\234\315\227\365"
 369      623E4779 
 369      F83C277D 
 369      C27C1419 
 369      9CCD97F5 
 370 0cd5 AF1DE969 		.ascii	"\257\035\351i\033\300Lwt$j\365sN\011\"9\334\352\204"
 370      1BC04C77 
 370      74246AF5 
 370      734E0922 
 370      39DCEA84 
 371 0ce9 403C9284 		.ascii	"@<\222\204\031W6\323sX\232\033\334\370xh~|\230X\312"
 371      195736D3 
 371      73589A1B 
 371      DCF87868 
 371      7E7C9858 
 372 0cfe 39F6D87C 		.ascii	"9\366\330|v08\314J-=\311-j|\234\316JBY{I\262\275b\003"
 372      763038CC 
 372      4A2D3DC9 
 372      2D6A7C9C 
 372      CE4A4259 
 373 0d18 681C0B28 		.ascii	"h\034\013(\011\206\300\377\307p\2206\217s\032\330\205"
 373      0986C0FF 
 373      C7709036 
 373      8F731AD8 
 373      85
 374 0d29 A1445098 		.ascii	"\241DP\230\200\227\026\033\022Lj\366\321\246\256HK~"
 374      8097161B 
 374      124C6AF6 
 374      D1A6AE48 
 374      4B7E
 375 0d3b EF9888F9 		.ascii	"\357\230\210\371\275c2f{G\270\223\262v\366\310\242\311"
 375      BD633266 
 375      7B47B893 
ARM GAS  /tmp/ccx06y2R.s 			page 30


 375      B276F6C8 
 375      A2C9
 376 0d4d 4693FCD7 		.ascii	"F\223\374\327\230\014>*\201\217Rp\317l{\267\226\007"
 376      980C3E2A 
 376      818F5270 
 376      CF6C7BB7 
 376      9607
 377 0d5f 179A808F 		.ascii	"\027\232\200\217I\340c\024\\\363\246\255\320\022g\263"
 377      49E06314 
 377      5CF3A6AD 
 377      D01267B3 
 378 0d6f 05E055D4 		.ascii	"\005\340U\324@\243v\251\372^\223gZ}\247\310^\300\243"
 378      40A376A9 
 378      FA5E9367 
 378      5A7DA7C8 
 378      5EC0A3
 379 0d82 69419B8A 		.ascii	"iA\233\212IA{ff\366\240=.c\302joO\305\010\306\352\373"
 379      49417B66 
 379      66F6A03D 
 379      2E63C26A 
 379      6F4FC508 
 380 0d99 B869F59D 		.ascii	"\270i\365\235&\213JS\212:NEEM\267e\330\341*\313e\312"
 380      268B4A53 
 380      8A3A4E45 
 380      454DB765 
 380      D8E12ACB 
 381 0daf EF8C23D3 		.ascii	"\357\214#\323\311\\\371\275P\366\356v\204\350\024\365"
 381      C95CF9BD 
 381      50F6EE76 
 381      84E814F5 
 382 0dbf CF745B94 		.ascii	"\317t[\224n\224\216N`5\341L\025d\340\325*[\337m\236"
 382      6E948E4E 
 382      6035E14C 
 382      1564E0D5 
 382      2A5BDF6D 
 383 0dd4 BA4DDB43 		.ascii	"\272M\333C\375\203\003\364V\277\373\267\255\037{\272"
 383      FD8303F4 
 383      56BFFBB7 
 383      AD1F7BBA 
 384 0de4 BBAB3E5B 		.ascii	"\273\253>[\273\326\225\375y\006\006}\023\364\265\257"
 384      BBD695FD 
 384      7906067D 
 384      13F4B5AF 
 385 0df4 6B98C1D5 		.ascii	"k\230\301\325/,$$,\324uG\230>\334\340\352\341\263\305"
 385      2F2C2424 
 385      2CD47547 
 385      983EDCE0 
 385      EAE1B3C5 
 386 0e08 73CB2E57 		.ascii	"s\313.W\277@\2770}\200\356\317\277\011Y\353\247r\324"
 386      BF40BF30 
 386      7D80EECF 
 386      BF0959EB 
 386      A772D4
 387 0e1b 916FBA20 		.ascii	"\221o\272 \375\237t\001;\202\202\303\276\333\031\360"
 387      FD9F7401 
 387      3B8282C3 
 387      BEDB19F0 
ARM GAS  /tmp/ccx06y2R.s 			page 31


 388 0e2b 33F6CAF0 		.ascii	"3\366\312\360}P\270_\240\356[}X\210.\310\240\377{\304"
 388      7D50B85F 
 388      A0EE5B7D 
 388      58882EC8 
 388      A0FF7BC4 
 389 0e3f 07AA5632 		.ascii	"\007\252V2Y\001\273\202\302\227$\375\243_\240\257_\340"
 389      5901BB82 
 389      C29724FD 
 389      A35FA0AF 
 389      5FE0
 390 0e51 6683B73E 		.ascii	"f\203\267>  dGxPX\250O\300\237v\006\351\003\374-t\033"
 390      20206447 
 390      785058A8 
 390      4FC09F76 
 390      06E903FC 
 391 0e68 C2C2825D 		.ascii	"\302\302\202]\314i\322\207\273\006\205\372\005\357\364"
 391      CC69D287 
 391      BB0685FA 
 391      05EFF4
 392 0e77 0F000506 		.ascii	"\017\000\005\006\277@\177\020n\245\0170\004\350\377"
 392      BF407F10 
 392      6EA50F30 
 392      04E8FF
 393 0e86 1CE00F0F 		.ascii	"\034\340\017\017\337m\327\207\350\302\335\3776#A\206"
 393      DF6DD787 
 393      E8C2DDFF 
 393      36234186 
 394 0e96 C5B73B0C 		.ascii	"\305\267;\014~zlp\377\014h=\320:\240O\201\334\201\334"
 394      7E7A6C70 
 394      FF0C683D 
 394      D03AA04F 
 394      81DC81DC 
 395 0eaa 04C3BF08 		.ascii	"\004\303\277\010\206/\004\303o\004\303\347\202\3413"
 395      862F04C3 
 395      6F04C3E7 
 395      82E133
 396 0eb9 C1B05E30 		.ascii	"\301\260^0\254\023\014\237\012\006w\301\340\246\336"
 396      AC130C9F 
 396      0A0677C1 
 396      E0A6DE
 397 0ec8 B5C3A017 		.ascii	"\265\303\240\027v\370i\202\365\272\360@\177\254w\377"
 397      76F86982 
 397      F5BAF040 
 397      7FAC77FF 
 398 0ed8 54D0AF13 		.ascii	"T\320\257\023\364pu\027\364n\266\222\353\341~\341\273"
 398      F4707517 
 398      F46EB692 
 398      EBE17EE1 
 398      BB
 399 0ee9 6C74BA9D 		.ascii	"lt\272\235A\241\341\353>\325\205\377\332u\247A\277\344"
 399      41A1E1EB 
 399      3ED585FF 
 399      DA75A741 
 399      BFE4
 400 0efb 4C68C0F7 		.ascii	"Lh\300\367\301A\337\270\206l\367\013\014\012\015p\325"
 400      C141DFB8 
 400      866CF70B 
ARM GAS  /tmp/ccx06y2R.s 			page 32


 400      0C0A0D70 
 400      D5
 401 0f0c F9077CBB 		.ascii	"\371\007|\273}gp\270.|\367\216\000\003\361\321\330l"
 401      7D6770B8 
 401      2E7CF78E 
 401      0003F1D1 
 401      D86C
 402 0f1e B5B96686 		.ascii	"\265\271f\206\335\006W\235!\334\0370\304\227-\333\274"
 402      DD06579D 
 402      21DC1F30 
 402      C4972DDB 
 402      BC
 403 0f2f 7CDC345E 		.ascii	"|\3344^\336\033}=},\274\274==\350\325\323\307\332\347"
 403      DE1B7D3D 
 403      7D2CBCBC 
 403      3D3DE8D5 
 403      D3C7DAE7 
 404 0f43 2BDFAF7C 		.ascii	"+\337\257|\266}\265\321\215B\334=~$L`/\011\222\253\347"
 404      B67DB5D1 
 404      8D42DC3D 
 404      7E244C60 
 404      2F0992AB 
 405 0f58 16DFCDBE 		.ascii	"\026\337\315\276\256\236\020%\327\315\306\300\223~\365"
 405      AE9E1025 
 405      D7CDC6C0 
 405      937EF5
 406 0f67 0B594FCC 		.ascii	"\013YO\314\362\362\336\252\373=\330\250\366\013\334"
 406      F2F2DEAA 
 406      FB3DD8A8 
 406      F60BDC
 407 0f76 AEB7D6E9 		.ascii	"\256\267\326\351\276\013\010\327y\373z\333m\017\376"
 407      BE0B08D7 
 407      79FB7ADB 
 407      6D0FFE
 408 0f85 7EFB6E83 		.ascii	"~\373n\203.(4\030\334\331\360w\352\0111\004\031t\337"
 408      2E283418 
 408      DCD9F077 
 408      EA093104 
 408      1974DF
 409 0f98 F9F98122 		.ascii	"\371\371\201\"\020m`\242"
 409      106D60A2 
 410 0fa0 9D683877 		.ascii	"\235h8w\206\006\207\371\375\367R.\331r/\355\030t\203"
 410      860687F9 
 410      FDF7522E 
 410      D9722FED 
 410      187483
 411 0fb3 87EF57DE 		.ascii	"\207\357W\336>\233\325\233}=|\324[\266x\371`\217\215"
 411      3E9BD59B 
 411      7D3D7CD4 
 411      5BB678F9 
 411      608F8D
 412 0fc6 3E7823DC 		.ascii	">x#\334\275\275|\324\036^\276>\352\015^\020\031\370"
 412      BDBD7CD4 
 412      1E5EBE3E 
 412      EA0D5E10 
 412      19F8
 413 0fd8 04808D84 		.ascii	"\004\200\215\204\337D.\236p\261\360\335\344\351\353"
ARM GAS  /tmp/ccx06y2R.s 			page 33


 413      DF442E9E 
 413      70B1F0DD 
 413      E4E9EB
 414 0fe7 837D3779 		.ascii	"\203}7y[\263\016\373B\027n)\3351\004\022\223\300zl\366"
 414      5BB30EFB 
 414      42176E29 
 414      DD310412 
 414      93C07A6C 
 415 0ffc F1F4516F 		.ascii	"\361\364Qo"
 416 1000 FBFDD73E 		.ascii	"\373\375\327>\352\315\200\266\360\364\336\272y#\\=<"
 416      EACD80B6 
 416      F0F4DEBA 
 416      79235C3D 
 416      3C
 417 1011 7DAC7C3D 		.ascii	"}\254|=7\320\2608R\273LL\265^ze\313\302\345\345\015"
 417      37D0B038 
 417      52BB4C4C 
 417      B55E7A65 
 417      CBC2E5E5 
 418 1026 D2FE1774 		.ascii	"\322\376\027tx-R"
 418      782D52
 419              		.text
 420              		.section	.gnu.lto_.symtab.8516e9db08097d2c,"",%progbits
 421 0000 5356435F 		.ascii	"SVC_Handler\000"
 421      48616E64 
 421      6C657200 
 422 000c 00       		.ascii	"\000"
 423 000d 00       		.ascii	"\000"
 424 000e 00       		.ascii	"\000"
 425 000f 00000000 		.ascii	"\000\000\000\000\000\000\000\000"
 425      00000000 
 426 0017 AE000000 		.ascii	"\256\000\000\000"
 427 001b 5F706F72 		.ascii	"_port_irq_epilogue\000"
 427      745F6972 
 427      715F6570 
 427      696C6F67 
 427      756500
 428 002e 00       		.ascii	"\000"
 429 002f 00       		.ascii	"\000"
 430 0030 00       		.ascii	"\000"
 431 0031 00000000 		.ascii	"\000\000\000\000\000\000\000\000"
 431      00000000 
 432 0039 B0000000 		.ascii	"\260\000\000\000"
 433 003d 5F706F72 		.ascii	"_port_switch_from_isr\000"
 433      745F7377 
 433      69746368 
 433      5F66726F 
 433      6D5F6973 
 434 0053 00       		.ascii	"\000"
 435 0054 02       		.ascii	"\002"
 436 0055 00       		.ascii	"\000"
 437 0056 00000000 		.ascii	"\000\000\000\000\000\000\000\000"
 437      00000000 
 438 005e B2000000 		.ascii	"\262\000\000\000"
 439 0062 5F706F72 		.ascii	"_port_exit_from_isr\000"
 439      745F6578 
 439      69745F66 
ARM GAS  /tmp/ccx06y2R.s 			page 34


 439      726F6D5F 
 439      69737200 
 440 0076 00       		.ascii	"\000"
 441 0077 02       		.ascii	"\002"
 442 0078 00       		.ascii	"\000"
 443 0079 00000000 		.ascii	"\000\000\000\000\000\000\000\000"
 443      00000000 
 444 0081 B4000000 		.ascii	"\264\000\000\000"
 445 0085 63685363 		.ascii	"chSchIsPreemptionRequired\000"
 445      68497350 
 445      7265656D 
 445      7074696F 
 445      6E526571 
 446 009f 00       		.ascii	"\000"
 447 00a0 02       		.ascii	"\002"
 448 00a1 00       		.ascii	"\000"
 449 00a2 00000000 		.ascii	"\000\000\000\000\000\000\000\000"
 449      00000000 
 450 00aa BC000000 		.ascii	"\274\000\000\000"
 451              		.text
 452              		.section	.gnu.lto_.opts,"",%progbits
 453 0000 272D666D 		.ascii	"'-fmath-errno' '-fsigned-zeros' '-ftrapping-math' '"
 453      6174682D 
 453      6572726E 
 453      6F272027 
 453      2D667369 
 454 0033 2D666E6F 		.ascii	"-fno-trapv' '-fno-strict-overflow' '-fno-openmp' '-"
 454      2D747261 
 454      70762720 
 454      272D666E 
 454      6F2D7374 
 455 0066 666E6F2D 		.ascii	"fno-openacc' '-mcpu=cortex-m4' '-mthumb' '-mfloat-a"
 455      6F70656E 
 455      61636327 
 455      20272D6D 
 455      6370753D 
 456 0099 62693D68 		.ascii	"bi=hard' '-mfpu=fpv4-sp-d16' '-ggdb' '-Og' '-fomit-"
 456      61726427 
 456      20272D6D 
 456      6670753D 
 456      66707634 
 457 00cc 6672616D 		.ascii	"frame-pointer' '-falign-functions=16' '-ffunction-s"
 457      652D706F 
 457      696E7465 
 457      72272027 
 457      2D66616C 
 458 00ff 65637469 		.ascii	"ections' '-fdata-sections' '-fno-common' '-flto'\000"
 458      6F6E7327 
 458      20272D66 
 458      64617461 
 458      2D736563 
 459              		.text
 460              		.comm	__gnu_lto_v1,1,1
 461              		.comm	__gnu_lto_slim,1,1
 462              		.ident	"GCC: (15:6.3.1+svn253039-1build1) 6.3.1 20170620"
ARM GAS  /tmp/ccx06y2R.s 			page 35


DEFINED SYMBOLS
                            *ABS*:0000000000000000 chcore_v7m.c
                            *COM*:0000000000000001 __gnu_lto_v1
                            *COM*:0000000000000001 __gnu_lto_slim

NO UNDEFINED SYMBOLS
