ARM GAS  /tmp/ccvCARmN.s 			page 1


   1              		.cpu cortex-m4
   2              		.eabi_attribute 27, 1
   3              		.eabi_attribute 28, 1
   4              		.eabi_attribute 20, 1
   5              		.eabi_attribute 21, 1
   6              		.eabi_attribute 23, 3
   7              		.eabi_attribute 24, 1
   8              		.eabi_attribute 25, 1
   9              		.eabi_attribute 26, 1
  10              		.eabi_attribute 30, 1
  11              		.eabi_attribute 34, 1
  12              		.eabi_attribute 18, 4
  13              		.file	"crt1.c"
  14              		.text
  15              	.Ltext0:
  16              		.section	.gnu.lto_.profile.eb905aa65b8bc06e,"",%progbits
  17 0000 789C6365 		.ascii	"x\234ce`b`a```d\220\024\005\000\000\307\000;"
  17      60626061 
  17      60606064 
  17      90140500 
  17      00C7003B 
  18              		.text
  19              		.section	.gnu.lto_.inline.eb905aa65b8bc06e,"",%progbits
  20 0000 789C6365 		.ascii	"x\234ce`b\210g@\000V\006\006f&F\240 \003\003\333\002"
  20      60628867 
  20      40005606 
  20      06662646 
  20      A0200303 
  21 0016 7910C5C0 		.ascii	"y\020\305\300\210!\302\204!\302\014\344ADX\300$\220"
  21      8821C284 
  21      21C20CE4 
  21      414458C0 
  21      2490
  22 0028 1259C901 		.ascii	"\022Y\311\001\024Q\332\364\274\221\021\256\214\001\000"
  22      1451DAF4 
  22      BC9111AE 
  22      8C0100
  23 0037 015E06BA 		.ascii	"\001^\006\272"
  24              		.text
  25              		.section	.gnu.lto_.jmpfuncs.eb905aa65b8bc06e,"",%progbits
  26 0000 789C6365 		.ascii	"x\234ce`b\020d@\000V fd\000\0122030\260\0009\000\003"
  26      60621064 
  26      40005620 
  26      6664000A 
  26      32303330 
  27 0019 8C0028   		.ascii	"\214\000("
  28              		.text
  29              		.section	.gnu.lto_.pureconst.eb905aa65b8bc06e,"",%progbits
  30 0000 789C6365 		.ascii	"x\234ce`b\340f```e\220`\224`\222`6a\221\002\000\004"
  30      6062E066 
  30      60606065 
  30      90609460 
  30      92603661 
  31 0018 4600B8   		.ascii	"F\000\270"
  32              		.text
  33              		.section	.gnu.lto___core_init.eb905aa65b8bc06e,"",%progbits
  34 0000 789C6365 		.ascii	"x\234ce`b\250d``p\004bi fdf`d\232p\216\201\241\221\203"
ARM GAS  /tmp/ccvCARmN.s 			page 2


  34      6062A864 
  34      60607004 
  34      62692066 
  34      64666064 
  35 001b 899111C4 		.ascii	"\211\221\021\304h\340`d\250gb\254g\354g\236\316\314"
  35      68E06064 
  35      A86762AC 
  35      67EC679E 
  35      CECC
  36 002d 78A8FDD9 		.ascii	"x\250\375\331N&\315\345\015@p`\372&\256\266\206V\211"
  36      4E26CDE5 
  36      0D407060 
  36      FA26AEB6 
  36      865689
  37 0040 F9CC0C0C 		.ascii	"\371\314\014\0143\201\030\004\030\2273j2\000\225=\332"
  37      33811804 
  37      1897336A 
  37      3200953D 
  37      DA
  38 0051 F86F2A2F 		.ascii	"\370o*/\033\013D\234q\005#\033#\220^\177\211\361@\303"
  38      1B0B449C 
  38      7105231B 
  38      23905E7F 
  38      89F140C3 
  39 0065 BFFFED0D 		.ascii	"\277\377\355\015\007\216,f\334\357\305\304\300\320\005"
  39      078E2C66 
  39      DCEFC5C4 
  39      C0D005
  40 0074 9406D9D1 		.ascii	"\224\006\331\321\315\314\004\242\231\33726)\200T\203"
  40      CDCC04A2 
  40      99DF3236 
  40      29805483 
  41 0084 CDEA6266 		.ascii	"\315\352bf\004\011\002\225\331\353\351\351C\220sFfR"
  41      04090295 
  41      D9EBE9E9 
  41      43907346 
  41      6652
  42 0096 A67FB07E 		.ascii	"\246\177\260~~\261~r~nn~\236~qIbQIi\201\276c\220\257"
  42      7EB17E72 
  42      7E6E6E7E 
  42      9E7E7149 
  42      62514969 
  43 00af B36F0548 		.ascii	"\263o\005H\264 3'\265\250X\337\335\331Y?\271\250\304"
  43      B4203327 
  43      B5A858DF 
  43      DDD9593F 
  43      B9A8C4
  44 00c2 502F9901 		.ascii	"P/\231\001\000\021\245=C"
  44      0011A53D 
  44      43
  45              		.text
  46              		.section	.gnu.lto___early_init.eb905aa65b8bc06e,"",%progbits
  47 0000 789C6365 		.ascii	"x\234ce`b(g``p\004bi fdf`d\232p\216\201\241\221\203"
  47      60622867 
  47      60607004 
  47      62692066 
  47      64666064 
ARM GAS  /tmp/ccvCARmN.s 			page 3


  48 001b 899111C4 		.ascii	"\211\221\021\304h\340`d\250gb\254g\354g\236\316\314"
  48      68E06064 
  48      A86762AC 
  48      67EC679E 
  48      CECC
  49 002d 78A8FDD9 		.ascii	"x\250\375\331N&\315\345\015@p`\372\017\256\266\206V"
  49      4E26CDE5 
  49      0D407060 
  49      FA0FAEB6 
  49      8656
  50 003f 89F9CC0C 		.ascii	"\211\371\314\014\0143\201\030\004\030\2273j2\000\225"
  50      0C338118 
  50      04189733 
  50      6A320095 
  51 004f 3DDAF86F 		.ascii	"=\332\370o*/\033\013D\234q\005#\033#\220^\177\211\361"
  51      2A2F1B0B 
  51      449C7105 
  51      231B2390 
  51      5E7F89F1 
  52 0063 40C3BFFF 		.ascii	"@\303\277\377\355\015\007\316(3310t\001%A6t\0039@\232"
  52      ED0D07CE 
  52      28333331 
  52      30740125 
  52      41367403 
  53 007a F92D6393 		.ascii	"\371-c\223\002H-\330\244.fF\220 P\231\275\236\236>\004"
  53      02482DD8 
  53      A42E6646 
  53      90205099 
  53      BD9E9E3E 
  54 008f 39676426 		.ascii	"9gd&e\372\007\353\347\027\353'\347\347\346\346\347\351"
  54      65FA07EB 
  54      E717EB27 
  54      E7E7E6E6 
  54      E7E9
  55 00a1 17972416 		.ascii	"\027\227$\026\225\224\026\350;\006\371:\373V\200D\013"
  55      959416E8 
  55      3B06F93A 
  55      FB568044 
  55      0B
  56 00b2 3273528B 		.ascii	"2sR\213\212\365\335\235\235\365\223\213J\014\365\222"
  56      8AF5DD9D 
  56      9DF5938B 
  56      4A0CF592 
  57 00c2 19005D08 		.ascii	"\031\000]\010<\010"
  57      3C08
  58              		.text
  59              		.section	.gnu.lto___late_init.eb905aa65b8bc06e,"",%progbits
  60 0000 789C6365 		.ascii	"x\234ce`b(g``p\004bi fdf`d\232p\216\201\241\221\203"
  60      60622867 
  60      60607004 
  60      62692066 
  60      64666064 
  61 001b 899111C4 		.ascii	"\211\221\021\304h\340`d\250gb\254g\354g\236\316\314"
  61      68E06064 
  61      A86762AC 
  61      67EC679E 
  61      CECC
ARM GAS  /tmp/ccvCARmN.s 			page 4


  62 002d 78A8FDD9 		.ascii	"x\250\375\331N&\315\345\015@p`\372\026\356\266\206V"
  62      4E26CDE5 
  62      0D407060 
  62      FA16EEB6 
  62      8656
  63 003f 89F9CC0C 		.ascii	"\211\371\314\014\0143\201\030\004\030\2273j2\000\225"
  63      0C338118 
  63      04189733 
  63      6A320095 
  64 004f 3DDAF86F 		.ascii	"=\332\370o*/\033\013D\234q\005#\033#\220^\177\211\361"
  64      2A2F1B0B 
  64      449C7105 
  64      231B2390 
  64      5E7F89F1 
  65 0063 40C3BFFF 		.ascii	"@\303\277\377\355\015\007\216(3310t\001%A6t\0039@\232"
  65      ED0D078E 
  65      28333331 
  65      30740125 
  65      41367403 
  66 007a F92D6393 		.ascii	"\371-c\223\002H-\330\244.fF\220 P\231\275\236\236>\004"
  66      02482DD8 
  66      A42E6646 
  66      90205099 
  66      BD9E9E3E 
  67 008f 39676426 		.ascii	"9gd&e\372\007\353\347\027\353'\347\347\346\346\347\351"
  67      65FA07EB 
  67      E717EB27 
  67      E7E7E6E6 
  67      E7E9
  68 00a1 17972416 		.ascii	"\027\227$\026\225\224\026\350;\006\371:\373V\200D\013"
  68      959416E8 
  68      3B06F93A 
  68      FB568044 
  68      0B
  69 00b2 3273528B 		.ascii	"2sR\213\212\365\335\235\235\365\223\213J\014\365\222"
  69      8AF5DD9D 
  69      9DF5938B 
  69      4A0CF592 
  70 00c2 19002E2D 		.ascii	"\031\000.-;\275"
  70      3BBD
  71              		.text
  72              		.section	.gnu.lto___default_exit.eb905aa65b8bc06e,"",%progbits
  73 0000 789C6365 		.ascii	"x\234ce`b(c``p\004bS fde`d\232p\216\201\241\221\203"
  73      60622863 
  73      60607004 
  73      62532066 
  73      64656064 
  74 001b 899119C4 		.ascii	"\211\221\031\304`dfd\201\010\260@\004\034\031\031\352"
  74      60646664 
  74      8108B040 
  74      041C1919 
  74      EA
  75 002c 99985918 		.ascii	"\231\230Y\030\201\004\003\004\3643Ogf<\324\376l'\223"
  75      81040304 
  75      F4334F67 
  75      663CD4FE 
  75      6C2793
ARM GAS  /tmp/ccvCARmN.s 			page 5


  76 003f E6F20620 		.ascii	"\346\362\006 80\375\036w[C\253\304|\240\202\231PE\214"
  76      3830FD1E 
  76      775B43AB 
  76      C47CA082 
  76      9950458C 
  77 0053 CB193519 		.ascii	"\313\0315\031\200\312\036m\3747\225\227\215\005\"\316"
  77      80CA1E6D 
  77      FC379597 
  77      8D0522CE 
  78 0063 B882918D 		.ascii	"\270\202\221\215\021H\257\277\304x\240\341\337\377\366"
  78      1148AFBF 
  78      C478A0E1 
  78      DFFFF6
  79 0072 86037716 		.ascii	"\206\003w\0263\376\364\006\012u\001\245\031\201$\023"
  79      33FEF406 
  79      0A7501A5 
  79      19812413 
  80 0082 D0FE2E66 		.ascii	"\320\376.ff\006\240\305\214]\314,P\232\021l\244\275"
  80      6606A0C5 
  80      8C5DCC2C 
  80      509A116C 
  80      A4BD
  81 0094 9E9E3E04 		.ascii	"\236\236>\0049gd&e\372\007\353\347\027\353'\347\347"
  81      39676426 
  81      65FA07EB 
  81      E717EB27 
  81      E7E7
  82 00a6 E6E6E7E9 		.ascii	"\346\346\347\351\027\227$\026\225\224\026\350;\006\371"
  82      17972416 
  82      959416E8 
  82      3B06F9
  83 00b5 3AFB5680 		.ascii	":\373V\200D\0132sR\213\212\365\335\235\235\365\223\213"
  83      440B3273 
  83      528B8AF5 
  83      DD9D9DF5 
  83      938B
  84 00c7 4A0CF592 		.ascii	"J\014\365\222\031\000\"\002>{"
  84      19002202 
  84      3E7B
  85              		.text
  86              		.section	.gnu.lto___init_ram_areas.eb905aa65b8bc06e,"",%progbits
  87 0000 789C9554 		.ascii	"x\234\225T\335oTU\020?s\317\375\332{\267\273K\2721\306"
  87      DD6F5455 
  87      103F73CF 
  87      FDDA7BB7 
  87      BB4BBA31 
  88 0015 10D2973E 		.ascii	"\020\322\227>\360\322\233\276\021_\0106\361+!&\372\017"
  88      F0D29BBE 
  88      115F0836 
  88      F12B2126 
  88      FA0F
  89 0027 88D5C446 		.ascii	"\210\325\304F\261\233\266$<\271\267\355\002\332\032"
  89      B19BB624 
  89      3CB9B7ED 
  89      02DA1A
  90 0036 3E44A12C 		.ascii	">D\241,\273n#\017P*\335\202_e\261\260-\325\322\006\212"
  90      BB6E230F 
ARM GAS  /tmp/ccvCARmN.s 			page 6


  90      502ADD82 
  90      5F65B1B0 
  90      2DD5D206 
  91 004b 6CE28B41 		.ascii	"l\342\213A\037@\\[bR\263\255\206\215\026g\346\334\206"
  91      1F405C5B 
  91      6252B3AD 
  91      868D1667 
  91      E6DC86
  92 005e A5F573D3 		.ascii	"\245\365s\323\336s\316|\374f\3467\347\214!4\361\236"
  92      DE73CE7C 
  92      FC66E637 
  92      E78C2134 
  92      F19E
  93 0070 29C4B342 		.ascii	")\304\263B\210,\376CX\200vpN\210n[\003\2516\022\014"
  93      882CFE43 
  93      58807670 
  93      4E886E5B 
  93      03A93612 
  94 0085 B5D1D566 		.ascii	"\265\321\325f\30264\375\235i!|\307JY\302\017[\340\220"
  94      C23634FD 
  94      9D69217C 
  94      C74A59C2 
  94      0F5BE090 
  95 0099 1C4CB54E 		.ascii	"\034L\265N\330\216f*\275\315z[sG\246\350\030\272\025"
  95      D88E662A 
  95      BDCD7A5B 
  95      7347A6E8 
  95      18BA15
  96 00ac C2A3AB80 		.ascii	"\302\243\253\200\267\205\000h\365m\020IM\352\206e:\266"
  96      B7850068 
  96      F56D1049 
  96      4DEA8665 
  96      3AB6
  97 00be 1B82A42E 		.ascii	"\033\202\244.\205\372\031\301\352\004\353\001yT\302"
  97      85FA19C1 
  97      EA04EB01 
  97      7954C2
  98 00cd E4BE1FCF 		.ascii	"\344\276\037\317k\233O\372\370+\036}7\262\327\337\363"
  98      6B9B4FFA 
  98      F82B1E7D 
  98      37B2D7DF 
  98      F3
  99 00de 680E1D8E 		.ascii	"h\016\035\216\005Np\0226\0134\273\221\032\315\310\375"
  99      054E7012 
  99      360B34BB 
  99      911ACDC8 
  99      FD
 100 00ef 32270174 		.ascii	"2'\001t<\376r-};BG\015\032\360\230\312\235\312\353\362"
 100      3CFE722D 
 100      7D3B4247 
 100      0D1AF098 
 100      CA9DCAEB 
 101 0104 0920CBD3 		.ascii	"\011 \313\323\367n\364\311\306\023\276\337\343\027\277"
 101      F76EF4C9 
 101      C613BEDF 
 101      E317BF
 102 0113 1F8B1FEE 		.ascii	"\037\213\037\356\365\257\370zN\242\002$\242\302\020"
ARM GAS  /tmp/ccvCARmN.s 			page 7


 102      F5AFF87A 
 102      4EA20224 
 102      A2C210
 103 0122 6C8453B0 		.ascii	"l\204S\260\221\321\321\374\326\331\225\367\353L\035"
 103      91D1D1FC 
 103      D6D995F7 
 103      EB4C1D
 104 0131 86A15105 		.ascii	"\206\241Q\005\205\217\260p!$IP?u\347\367\222+\237d\350"
 104      858FB070 
 104      21244950 
 104      3F75E7F7 
 104      922B9F64 
 105 0146 EEE1E399 		.ascii	"\356\341\343\231p\000\375\353\330\246C\001\264\016g"
 105      7000FDEB 
 105      D8A64301 
 105      B40E67
 106 0155 D643C308 		.ascii	"\326C\303\010\273_-\276\235w\3443\354\276R\232_4\002"
 106      BB5F2DBE 
 106      9D77E433 
 106      ECBE529A 
 106      5F3402
 107 0168 F7EA9663 		.ascii	"\367\352\226c~1\325@\316\371\277p\036\205\306|\011\212"
 107      7E31D540 
 107      CEF9BF70 
 107      1E85C67C 
 107      098A
 108 017a FECAFD7D 		.ascii	"\376\312\375}~qn\313\370\322\315\372G@PJ\032#K6\321"
 108      7E716ECB 
 108      F8D2CDFA 
 108      4740504A 
 108      1A234B36 
 109 018f F96BF3D7 		.ascii	"\371k\363\327a\271\313\373\260@\334:\374\030Q>\307X"
 109      61B9CBFB 
 109      B040DC3A 
 109      FC18513E 
 109      C758
 110 01a1 B781A4F5 		.ascii	"\267\201\244\365,\2103\224\020}X\360\242\020\375R\303"
 110      2C883394 
 110      107D58F0 
 110      A210FD52 
 110      C3
 111 01b2 45DE819E 		.ascii	"E\336\201\236\301|\346q&@\025\177d\317\344u\213h6\271"
 111      C17CE671 
 111      2640157F 
 111      64CFE475 
 111      8B6836B9 
 112 01c6 80DEEAA5 		.ascii	"\200\336\352\245J$\371\207\217\0352OH\305\337Lz\370"
 112      4A24F987 
 112      8F1D324F 
 112      48C5DF4C 
 112      7AF8
 113 01d8 B51C64BB 		.ascii	"\265\034d\273c9i\3019H\302Y\252\001\025\367\027\316"
 113      633969C1 
 113      3948C259 
 113      AA0115F7 
 113      17CE
 114 01ea 8D84D078 		.ascii	"\215\204\320x\300\367\007?\324\010\342c\310!\261\360"
ARM GAS  /tmp/ccvCARmN.s 			page 8


 114      C0F7073F 
 114      D408E263 
 114      C821B1F0 
 115 01fa 092405C5 		.ascii	"\011$\005\305\224\"eaL\215s\311J\020\363\320S\230\337"
 115      94226561 
 115      4C8D73C9 
 115      4A10F3D0 
 115      5398DF
 116 020d 5FB66ABA 		.ascii	"_\266j\272\202iS\276\334\024t\375\024\314\254tj\023"
 116      826953BE 
 116      DC1474FD 
 116      14CCAC74 
 116      6A13
 117 021f 939CD86F 		.ascii	"\223\234\330o\323\263o\205)\013\274E\203\027\001\013"
 117      D3B36F85 
 117      290BBC45 
 117      8317010B 
 118 022f B511103E 		.ascii	"\265\021\020>\013R\371``\254\022\361\316\370\007}\037"
 118      0B52F960 
 118      60AC12F1 
 118      CEF8077D 
 118      1F
 119 0240 190FC1E7 		.ascii	"\031\017\301\347\230\310\000_0\030\003OP\335o\0226\205"
 119      98C8005F 
 119      3018034F 
 119      50DD6F12 
 119      3685
 120 0252 437C4E64 		.ascii	"C|Nd\350\200\245\302\271k\361\013\377\212\177\236\361"
 120      E880A5C2 
 120      B96BF10B 
 120      FF8A7F9E 
 120      F1
 121 0263 81F00B0F 		.ascii	"\201\360\013\017\341\217\022\276+\3042@\015\235\304"
 121      E18F12BE 
 121      2BC43240 
 121      0D9DC4
 122 0272 503EF3F4 		.ascii	"P>\363\364*\251p\001\222Z)\222\225q\267pw\002\220)]"
 122      2AA97001 
 122      925A2992 
 122      9571B770 
 122      77029029 
 123 0287 E0F39398 		.ascii	"\340\363\223\230U\265o\274\222Pi\325\325\262\240\257"
 123      55B56FBC 
 123      925069D5 
 123      D5B2A0AF 
 124 0297 6301F370 		.ascii	"c\001\363p\262\370:\276\240\024a\234\230G\377#3\217"
 124      B2F83ABE 
 124      A014619C 
 124      9847FF23 
 124      338F
 125 02a9 91F7DA8A 		.ascii	"\221\367\332\2126\261\261\014\214/\2421\342\243}of\357"
 125      36B1B10C 
 125      8C2FA231 
 125      E2A37D6F 
 125      66EF
 126 02bb B5CA8B2A 		.ascii	"\265\312\213*^\224\014\350~b5\015\017\212\211*\263\357"
 126      5E940CE8 
ARM GAS  /tmp/ccvCARmN.s 			page 9


 126      7E62350D 
 126      0F8A892A 
 126      B3EF
 127 02cd 2A2F2BB3 		.ascii	"*/+\263\030\005}\310\2149\215q\307\015\201\003B\265"
 127      18057DC8 
 127      8C398D71 
 127      C70D8103 
 127      42B5
 128 02df 9C9DA5E0 		.ascii	"\234\235\245\340=[h\252\375\351\262\243\200\302\353"
 128      3D5B68AA 
 128      FDE9B2A3 
 128      80C2EB
 129 02ee 0BFA47CE 		.ascii	"\013\372G\316/1\347\032\361WD\316\177\200\324\334\345"
 129      2F31E71A 
 129      F15744CE 
 129      7F80D4DC 
 129      E5
 130 02ff 9BA0B024 		.ascii	"\233\240\260$\302Q\267\227A\303\366\312oo\337\303\002"
 130      C251B797 
 130      41C3F6CA 
 130      6F6FDFC3 
 130      02
 131 0310 637AA13C 		.ascii	"cz\241<\003\313\200JWVY\024\325\323e&\334\242\253\211"
 131      03CB804A 
 131      57565914 
 131      D5D36526 
 131      DCA2AB89 
 132 0324 E6181193 		.ascii	"\346\030\021\223F\201\271\332\201\245\237NO\233\177"
 132      4681B9DA 
 132      81A59F4E 
 132      4F9B7F
 133 0333 CFA11E70 		.ascii	"\317\241\036p8\201\331\3246\310\301\307;\211\032&k|"
 133      3881D9D4 
 133      36C8C1C7 
 133      3B891A26 
 133      6B7C
 134 0345 39E0B49E 		.ascii	"9\340\264\236\034\326sZ\317d9D\026< KW\004\015\255\022"
 134      1CD6735A 
 134      CF643944 
 134      163C204B 
 134      57040DAD 
 135 035a B4E17F12 		.ascii	"\264\341\177\022t\231\011\342\0136\265\226 \035\341"
 135      749909E2 
 135      0B36B596 
 135      201DE1
 136 0369 1441B8B3 		.ascii	"\024A\270\263-\2019\230\325\005\246\302&*8\355ov)\343"
 136      2D813998 
 136      D505A6C2 
 136      262A38ED 
 136      6F7629E3 
 137 037d 384641FC 		.ascii	"8FA\374\322\342\325\254\253&r\014\276\254-\202\237s"
 137      D2E2D5AC 
 137      AB26720C 
 137      BEAC2D82 
 137      9F73
 138 038f 5C455829 		.ascii	"\\EX)\230\364v\361\214.\351\013K\263\006\271\270`\377"
 138      98F476F1 
ARM GAS  /tmp/ccvCARmN.s 			page 10


 138      8C2EE90B 
 138      4BB306B9 
 138      B860FF
 139 03a2 9771325D 		.ascii	"\227q2]3N\016\315\036_0\232\363T\316\340\002`\255p\005"
 139      334E0ECD 
 139      1E5F309A 
 139      F354CEE0 
 139      0260AD70 
 140 03b7 0B82AFD4 		.ascii	"\013\202\257\324\304D\203\376\273\363_GW\347\015\320"
 140      C44483FE 
 140      BBF35F47 
 140      57E70DD0 
 141 03c7 64988166 		.ascii	"d\230\201f,v\226\307\015\315:W\0346\241_\206h\326\375"
 141      2C7696C7 
 141      0DCD3A57 
 141      1C36A15F 
 141      8668D6FD 
 142 03db 8C6FB29C 		.ascii	"\214o\262\234\0055WX\013(\306\353\263\265\251\311S\177"
 142      05355758 
 142      0B28C6EB 
 142      B3B5A9C9 
 142      537F
 143 03ed 2DAFB6BD 		.ascii	"-\257\266\275\324\366\334\013^{\247\327\332\276sg\373"
 143      D4F6DC0B 
 143      5E7BA7D7 
 143      DABE7367 
 143      FB
 144 03fe 1B5E67D7 		.ascii	"\033^g\327\216\216\256]\011o\333\363\333[\266\357&i"
 144      8E8EAE5D 
 144      096FDBF3 
 144      DB5BB6EF 
 144      2669
 145 0410 A2EDF557 		.ascii	"\242\355\365W::\275\247ZZ\274\326\216\256\346\246V!"
 145      3A3ABDA7 
 145      5A5ABCD6 
 145      8EAEE6A6 
 145      5621
 146 0422 3B7624B4 		.ascii	";v$\264\256\004$\376\004\264\2060\014"
 146      AE0424FE 
 146      04B48630 
 146      0C
 147              		.text
 148              		.section	.gnu.lto_ram_areas.eb905aa65b8bc06e,"",%progbits
 149 0000 789C75D1 		.ascii	"x\234u\321\313K\033Q\024\006\360{\346\032\343\333\372"
 149      CB4B1B51 
 149      1406F07B 
 149      E61AE3DB 
 149      FA
 150 0011 7E34D5FF 		.ascii	"~4\325\377 C\\eW%\013\351B\204\372\027\264A0\240\215"
 150      20435C65 
 150      57250BE9 
 150      4284FA17 
 150      B44130A0 
 151 0026 24294837 		.ascii	"$)H7\231\205\005\251\324\255\201\026\"(\370\252Ml\253"
 151      998505A9 
 151      D4AD8116 
 151      2228F8AA 
ARM GAS  /tmp/ccvCARmN.s 			page 11


 151      4D6CAB
 152 0039 3551EB33 		.ascii	"5Q\3533m\255\332\326>Vn\272\010\012\245+\333\"TEo\362"
 152      6DADDAD6 
 152      3E566EBA 
 152      080AA52B 
 152      DB225445 
 153 004f CDA24C38 		.ascii	"\315\242L8\3030\037\234s\371\370q\307&4q\313&D\233\300"
 153      C3301F9C 
 153      73F9F871 
 153      C7263471 
 153      CB26449B 
 154 0064 332A2991 		.ascii	"3*)\221\370uh\017_\030C\206\361c\370\247|\020\225b\\"
 154      F875680F 
 154      5F184386 
 154      F163F8A7 
 154      7C109562 
 155 0079 E6ACC68E 		.ascii	"\346\254\306\216\264\354\202r\027\224]h9\213\312\354"
 155      B4EC8272 
 155      17945D68 
 155      398BCAEC 
 156 0089 5C66E77F 		.ascii	"\\f\347\177\217\322k\005\356Ech\314h\215J\212HA3\024"
 156      8FD26B05 
 156      EE456368 
 156      CC688D4A 
 156      8A484133 
 157 009e 8E48A2E9 		.ascii	"\216H\242\351Lh4\225\011I\223\024\316\034\377\363\350"
 157      4C683495 
 157      09499314 
 157      CE1CFFF3 
 157      E8
 158 00af E1A91C91 		.ascii	"\341\251\034\221Q\265\260[Z/G \314\343\2046N\230\317"
 158      51B5B05B 
 158      5A2F4720 
 158      CCE38436 
 158      4E98CF
 159 00c2 08ED9C30 		.ascii	"\010\355\2340\016a\014\302\347\020\316A\230>\233K\226"
 159      0E610CC2 
 159      E710CE41 
 159      983E9B4B 
 159      96
 160 00d3 41986F69 		.ascii	"A\230oi\375m\012\0138a!',b\204\305\234p\021\302\005"
 160      FD6D0A0B 
 160      38612127 
 160      2C6284C5 
 160      9C7011C2 
 161 00e8 085F41F8 		.ascii	"\010_A\370\022\302\235\211\344y\011\2046K\353\261),"
 161      12C29D89 
 161      E4790984 
 161      364BEBB1 
 161      292C
 162 00fa E184A59C 		.ascii	"\341\204\245\234\260\214\021\226s\302\025\010\227!L"
 162      B08C1196 
 162      73C21508 
 162      97214C
 163 0109 429880F0 		.ascii	"B\230\200\360`0\376\324\374\313y\226\326eSx\215\023"
 163      6030FED4 
 163      FCCB7996 
ARM GAS  /tmp/ccvCARmN.s 			page 12


 163      D6655378 
 163      8D13
 164 011b 5670C24A 		.ascii	"Vp\302JFX\305\0117!\334\200p\035\3025\0107O\342\223"
 164      4658C509 
 164      3721DC80 
 164      701DC235 
 164      08374FE2 
 165 0130 E61D4A4B 		.ascii	"\346\035JKk\314\024Vs\302\032NX\313\010\3538\341{\010"
 165      6BCC1456 
 165      73C21A4E 
 165      58CB08EB 
 165      38E17B08 
 166 0144 DF41F816 		.ascii	"\337A\370\026\302\024\204\251\313\323\365r\0105K\353"
 166      C21484A9 
 166      CBD3F572 
 166      08354BEB 
 167 0154 B829ACE7 		.ascii	"\270)\254\347\204\015\234\260\221\021^\347\204\037!"
 167      840D9CB0 
 167      91115EE7 
 167      841F21
 168 0163 DC87700F 		.ascii	"\334\207p\017\302]\010\377\2579{\014\222\203#\335\340"
 168      C25D08FF 
 168      AF397B0C 
 168      928323DD 
 168      E0
 169 0174 484D0CA9 		.ascii	"HM\014\251\231#}\005\351\013H\007 }\006i\360I\352\237"
 169      99237D05 
 169      E90B4807 
 169      207D0669 
 169      F049EA9F 
 170 0188 1DC70D75 		.ascii	"\035\307\015uu\222\\\016\372Fnjq\320'\025\037\310A;"
 170      75925C0E 
 170      FA466E6A 
 170      71D02715 
 170      1FC8413B 
 171 019c 2AB7556E 		.ascii	"*\267Un\251|\243rU\345\222\312\327*_\250\234W\371L\345"
 171      A97CA372 
 171      55E592CA 
 171      D72A5FA8 
 171      9C57F94C 
 172 01b1 2CB9057D 		.ascii	",\271\005}W\237\233N\247\216\327\323\343\273\353\353"
 172      579F9B4E 
 172      A78ED7D3 
 172      E3BBEBEB 
 173 01c1 ECD2FD41 		.ascii	"\354\322\375A\335\353\357\353\363\337\323\203\241;\201"
 173      DDEBEFEB 
 173      F3DFD383 
 173      A13B81
 174 01d0 D0FD7EBD 		.ascii	"\320\375~\275\355v\207\247c 3\355\367\365v\007\202z"
 174      ED7687A7 
 174      632033ED 
 174      F7F57607 
 174      827A
 175 01e2 BBC7A37B 		.ascii	"\273\307\243{\003!\227\323+\256\000\034\275\016\316"
 175      032197D3 
 175      2BAE001C 
 175      BD0ECE
ARM GAS  /tmp/ccvCARmN.s 			page 13


 176              		.text
 177              		.section	.gnu.lto_.symbol_nodes.eb905aa65b8bc06e,"",%progbits
 178 0000 789C55CD 		.ascii	"x\234U\315YR\302P\030D\341\377$\2718\2038 \010hp'.\206"
 178      5952C250 
 178      1844E1FF 
 178      24B93883 
 178      38200868 
 179 0018 75DC9403 		.ascii	"u\334\224\003\010\016D\005'T\024\034\366\340\"\\\223"
 179      080E4405 
 179      2754141C 
 179      F6E0225C 
 179      93
 180 0029 A15FAC3C 		.ascii	"\241_\254<}U\247\272\252\235\005\326\306\314\202c\274"
 180      7D55A7BA 
 180      AA9D05D6 
 180      C6CC8263 
 180      BC
 181 003a 59FA6B96 		.ascii	"Y\372k\226\361\223\034f\345\004O\276\234\342\203|\351"
 181      F1931C66 
 181      E5044FBE 
 181      9CE2837C 
 181      E9
 182 004b E0C3FFD2 		.ascii	"\340\303\377\322\312J\027\037\3456\356\010K\016\314"
 182      CA4A171F 
 182      E536EE08 
 182      4B0ECC
 183 005a 42770671 		.ascii	"Bw\006qv\345z\004\262O(\317\211\344\005N^R\220W,\310"
 183      76E57A04 
 183      B24F28CF 
 183      89E4054E 
 183      5E529057 
 184 0070 018B3265 		.ascii	"\001\2132eI^\263,oX\221\267\254\312!krDQ\336Q\222\367"
 184      495EB32C 
 184      6F5891B7 
 184      ACCA216B 
 184      724451DE 
 185 0087 ACCB07CA 		.ascii	"\254\313\007\312\362\221\015\371\304\246\034\263%\237"
 185      F2910DF9 
 185      C4A61CB3 
 185      259F
 186 0095 D9962F54 		.ascii	"\331\226/T\344+;rBU\276Q\223\357\354\312)u9\243!?h\312"
 186      E42B3B72 
 186      4255BE51 
 186      93EFECCA 
 186      297539A3 
 187 00ad 4FF6E417 		.ascii	"O\366\344\027\373\362\233x\256\375\001\343\2141 "
 187      FBF29B78 
 187      AEFD01E3 
 187      8C3120
 188              		.text
 189              		.section	.gnu.lto_.refs.eb905aa65b8bc06e,"",%progbits
 190 0000 789C05C1 		.ascii	"x\234\005\301\007\022\202@\020\000\260\235\014\207 "
 190      07128240 
 190      1000B09D 
 190      0C8720
 191 000f 168A8A58 		.ascii	"\026\212\212XNl\257\341\377\377!I!\226\210PH\244<'\245"
 191      4E6CAFE1 
ARM GAS  /tmp/ccvCARmN.s 			page 14


 191      FFFF2149 
 191      21968850 
 191      48A43C27 
 192 0024 8D4A6DAB 		.ascii	"\215Jm\253\261\263wp\324\352\364\006'g\027\243\253\311"
 192      B1B37770 
 192      D4EAF406 
 192      276717A3 
 192      ABC9
 193 0036 CDDDC353 		.ascii	"\315\335\303S\3662{\373\370\372\371\307\012}f\003\234"
 193      F6327BFB 
 193      F8FAF9C7 
 193      0A7D6603 
 193      9C
 194              		.text
 195              		.section	.gnu.lto_.decls.eb905aa65b8bc06e,"",%progbits
 196 0000 789C8596 		.ascii	"x\234\205\226iPT\331\025\307\337\355\333lM\013\006\234"
 196      695054D9 
 196      15C7DFED 
 196      DB6C4D0B 
 196      069C
 197 0012 8C29B5C6 		.ascii	"\214)\265\3061\314H\325\324\320\3015\3372)\2532\363"
 197      31CC48D5 
 197      D4D0C135 
 197      DF3229AB 
 197      32F3
 198 0024 C54C6A92 		.ascii	"\305Lj\222\314\247Tu!\222\221\012\202\005M\251\225|"
 198      CCA75475 
 198      2192910A 
 198      82054DA9 
 198      957C
 199 0036 78EC8280 		.ascii	"x\354\202\200\250\310&*\213:\200\0132*\012\010\242("
 199      A8C8262A 
 199      8B3A800B 
 199      322A0A08 
 199      A228
 200 0048 2A2802B2 		.ascii	"*(\002\262\250\310.\270\260\264\002\262\210B\316=\367"
 200      A8C82EB8 
 200      B0B402B2 
 200      8842CE3D 
 200      F7
 201 0059 35BDDC26 		.ascii	"5\275\334&y\305\237\367\356}\347\374\316\271\347\236"
 201      79C59FF7 
 201      EE7DE7FC 
 201      CEB9E79E 
 202 0069 77AB1D24 		.ascii	"w\253\035$\225\364\237\245\222\264\225JR\264J\222\346"
 202      95F49FA5 
 202      92B4954A 
 202      52B44A92 
 202      E6
 203 007a E1729224 		.ascii	"\341r\222$\351\234d\276\034@\027@\027A\245\240\012P"
 203      E99C64BE 
 203      1C401740 
 203      1741A5A0 
 203      0A50
 204 008c 25E87350 		.ascii	"%\350sP/\250\0374\000z\001z\005\032\002\215\200\214"
 204      2FA81F34 
 204      007A017A 
ARM GAS  /tmp/ccvCARmN.s 			page 15


 204      051A028D 
 204      808C
 205 009e A0B7A071 		.ascii	"\240\267\240q\320;\320\024h\0064\013\372\010\232\007"
 205      D03BD014 
 205      6806340B 
 205      FA089A07 
 206 00ae 11224914 		.ascii	"\021\"I\024\344\000r\002\271\200\\AK@\356\240_\201<"
 206      E4007202 
 206      B9805C41 
 206      4B40EEA0 
 206      5F813C
 207 00c1 419F803E 		.ascii	"A\237\200>\005\375\006\264\002\264\012\364\031\350s"
 207      05FD06B4 
 207      02B40AF4 
 207      19E873
 208 00d0 22595D7E 		.ascii	"\"Y]~0fS?*c\242\344n{\375d\307\356\242\035\273\235v"
 208      3066533F 
 208      2A63A2E4 
 208      6E7BFD64 
 208      C7EEA21D 
 209 00e7 EC4AEDD8 		.ascii	"\354J\355\330\355\266cWa\307\356\337\360B\253\330y\200"
 209      EDB66357 
 209      61C7EEDF 
 209      F042ABD8 
 209      7980
 210 00f9 9681D6C0 		.ascii	"\226\201\326\300\334C\270\257\005\375\026\236{\340\336"
 210      DC43B8AF 
 210      05FD169E 
 210      7BE0DE
 211 0108 0DF282E7 		.ascii	"\015\362\202\347\007p\377\013H\015z\002j\005\265\201"
 211      0770FF0B 
 211      480D7A02 
 211      6A05B581 
 212 0118 DA951895 		.ascii	"\332\225\030\225\312\275\327&N\015\341>\017\025\026"
 212      CABDD726 
 212      4E0DE13E 
 212      0F1516
 213 0127 8BD3B308 		.ascii	"\213\323\263\010\207]\253%^\313\317\224\332\256Pj\375"
 213      875DAB25 
 213      5ECBCF94 
 213      DAAE506A 
 213      FD
 214 0138 A9527B4F 		.ascii	"\251R{Oe/\334\225\275qU\366\312I\331;\266\207l/\331"
 214      652FDC95 
 214      BD7155F6 
 214      CA49D93B 
 214      B6876C2F 
 215 014d 9EB2BD65 		.ascii	"\236\262\275e{\314\366\232\3559\333{\326\003\254\027"
 215      7BCCF69A 
 215      ED39DB7B 
 215      D603AC17 
 216 015d 584FB0DE 		.ascii	"XO\260\336`=\302z\205\365\014\353\235~\233\374\323)"
 216      603DC27A 
 216      85F50CEB 
 216      9D7E9BFC 
 216      D329
 217 016f 79D03BB8 		.ascii	"y\320;\270\242\213<\003*!K\011Q\012,a\034\242\334\261"
ARM GAS  /tmp/ccvCARmN.s 			page 16


 217      A28B3C03 
 217      2A214B09 
 217      510A2C61 
 217      1CA2DCB1 
 218 0183 5FF152E2 		.ascii	"_\361R\342\303\177\225\251\376da'\224\007\364#\222\212"
 218      C37F95A9 
 218      FE646127 
 218      9407F423 
 218      928A
 219 0195 70639564 		.ascii	"pc\225d\317\310\222h\216h\272Ls\304\032\311h\304b\302"
 219      CFC89268 
 219      8E68BA4C 
 219      73C41AC9 
 219      68C462C2 
 220 01a9 D2C102A8 		.ascii	"\322\301\002\250\254\202[X\344hZ\215DM\213\037N\034"
 220      AC825B58 
 220      E4685A8D 
 220      444D8B1F 
 220      4E1C
 221 01bb 3FA1EE26 		.ascii	"?\241\356&\235\204\270J9\337\020\234\273\362\364\300"
 221      9D84B84A 
 221      39DF109C 
 221      BBF2F4C0 
 222 01cb 1D470A71 		.ascii	"\035G\012qXq\236\215\234u\240n\370|!\373C\223\263Z%"
 222      58719E8D 
 222      9C75A06E 
 222      F87C21FB 
 222      4393B35A 
 223 01e0 912242B9 		.ascii	"\221\"B\271w\367L\301\237|\316\312\374r\376\312\\\323"
 223      77F74CC1 
 223      9F7CCECA 
 223      FC72FECA 
 223      5CD3
 224 01f2 DBF353D5 		.ascii	"\333\363S\325\356\311\224xh\210\012\206\315o\356\037"
 224      EEC99478 
 224      68880A86 
 224      CD6FEE1F 
 225 0202 7385E132 		.ascii	"s\205\3412\015Y\012\303\351\210\326\033\232\345i\350"
 225      0D590AC3 
 225      E988D61B 
 225      9AE569E8 
 226 0212 15252F55 		.ascii	"\025%/U\221\037\177M\316\223\225\344\034Y\011\371\025"
 226      911F7F4D 
 226      CE9395E4 
 226      1C5909F9 
 226      15
 227 0223 93E5F07F 		.ascii	"\223\345\360\177\233\232\223\352\317\347\377\264&G\316"
 227      9B9A93EA 
 227      CFE7FFB4 
 227      2647CE
 228 0232 A996AB5F 		.ascii	"\251\226\253_\344\177\331\367\213,\307D\312\262\232"
 228      E47FD9F7 
 228      8B2CC744 
 228      CAB29A
 229 0241 59914242 		.ascii	"Y\221BB\311Y\342\003\326g\210\232\215\340\251\200t\023"
 229      C959E203 
 229      D667889A 
ARM GAS  /tmp/ccvCARmN.s 			page 17


 229      8DE0A980 
 229      7413
 230 0253 F233E982 		.ascii	"\3623\351\202e_ k\000\360v\344@\203;\375\307\"+\350"
 230      655F206B 
 230      00F076E4 
 230      40833BFD 
 230      C7222BE8 
 231 0267 89EE2F57 		.ascii	"\211\356/W)\374\276\2572\345\352\310\010YV!\275d\201"
 231      29FCBEAF 
 231      32E5EAC8 
 231      08595621 
 231      BD6481
 232 027a FE0BD04B 		.ascii	"\376\013\320Kl\351\027\221nly\323Ei\340\"\364\234\366"
 232      6CE91791 
 232      6E6C79D3 
 232      4569E022 
 232      F49CF6
 233 028d CC3CAAD0 		.ascii	"\314<\252\320\233\277\266\242_Z\240_\006\372%[z)\322"
 233      9BBFB6A2 
 233      5F5AA05F 
 233      06FA255B 
 233      7A29D2
 234 02a0 0B9FBCBB 		.ascii	"\013\237\274\273\351J\303\221~\342^_\256\226F\023\034"
 234      E94AC391 
 234      7EE25E5F 
 234      AE964613 
 234      1C
 235 02b1 BC7AD9D2 		.ascii	"\274z\331\322\341\316B]5\205\352\217o\272\346b\012N"
 235      E1CE425D 
 235      3585EA8F 
 235      6FBAE662 
 235      0A4E
 236 02c3 CA889A4D 		.ascii	"\312\210\232M\266\347\365^\327\260\3707\344\352\367"
 236      B6E7F55E 
 236      D7B0F837 
 236      E4EAF7
 237 02d2 3E56F1AF 		.ascii	">V\361\257,\304/\207\370Wl\343W`\374\306\214\375\261"
 237      2CC42F87 
 237      F8576CE3 
 237      5760FCC6 
 237      8CFDB1
 238 02e5 8426F198 		.ascii	"\204&\361\230\021\345\365\015\216\014\326#W\327\375"
 238      11E5F50D 
 238      8E0CD623 
 238      57D7FD
 239 02f4 9EC16413 		.ascii	"\236\301d\023\354\232\011&\261GkR%\222\312\032\016\327"
 239      EC9A0926 
 239      B1476B52 
 239      2592CA1A 
 239      0ED7
 240 0306 B8D1E39C 		.ascii	"\270\321\343\234T:x\257V\303\273C&0\376\3306t\213\360"
 240      543A78AF 
 240      56C3BB43 
 240      2630FED8 
 240      36748BF0 
 241 031a F6909D61 		.ascii	"\366\220\235a<\221\0203E\371{'\0306E_\310V\206j\266"
 241      3C911033 
ARM GAS  /tmp/ccvCARmN.s 			page 18


 241      45F97B27 
 241      1836455F 
 241      C856866A 
 242 032f A10FB2FA 		.ascii	"\241\017\262\372\335\270\365j\266\306\334\201i\215f"
 242      DDB8F56A 
 242      B6C6DC81 
 242      698D66
 243 033e 1FEBA594 		.ascii	"\037\353\245\224(\331\345;fV\003\315t\023\233\351\026"
 243      28D9E53B 
 243      665603CD 
 243      74139BE9 
 243      16
 244 034f D1C07FDD 		.ascii	"\321\300\177\335Jr\003\206`\235U1Q\347\300Y,R\334\370"
 244      4A720386 
 244      609D5531 
 244      51E7C059 
 244      2C52DCF8 
 245 0363 AD48352D 		.ascii	"\255H5-\340iu\336-<\303\342\254\325\020\366\031\271"
 245      E06975DE 
 245      2D3CC3E2 
 245      ACD510F6 
 245      19B9
 246 0375 C354F170 		.ascii	"\303T\361p\331\314\022>\305,\232\017\214\235t\242\027"
 246      D9CC123E 
 246      C52C9A0F 
 246      8C9D74A2 
 246      17
 247 0386 D15C9559 		.ascii	"\321\\\225Y\327~SM\2745\247Y\350\352\251\342/3\306d"
 247      D77E534D 
 247      BC35A759 
 247      E8EAA9E2 
 247      2F33C664 
 248 039a 7935A927 		.ascii	"y5\251'\032r\317\\\217\265\020_\202\354\"yv\322Bn\244"
 248      1A72CF5C 
 248      8FB5105F 
 248      82EC2279 
 248      76D2426E 
 249 03af 8E78332E 		.ascii	"\216x3.\263#wa\362\016\317\260\360\344\301<G:\314c\324"
 249      B3237761 
 249      F20ECFB0 
 249      F0E4C13C 
 249      473ACC63 
 250 03c4 56753C56 		.ascii	"Vu<V\023\215\267]@\203\035\000O\306X\265\2466\206m\316"
 250      138DB75D 
 250      40831D00 
 250      4FC658B5 
 250      A636866D 
 251 03d9 0348E6BE 		.ascii	"\003H\346\2769\231zV\015\026$\356\331\300U\007m\302"
 251      39997A56 
 251      0D1624EE 
 251      D9C05507 
 251      6DC2
 252 03eb 02150DCD 		.ascii	"\002\025\015\315U{H\264\312\207\\\177?\251\312\211f"
 252      557B48B4 
 252      CA875C7F 
 252      3FA9CA89 
 252      66
ARM GAS  /tmp/ccvCARmN.s 			page 19


 253 03fc F0C32065 		.ascii	"\360\303 e4\273\322\225\346\361\201\351\233\366\340"
 253      34BBD295 
 253      E6F181E9 
 253      9BF6E0
 254 040b DFB4694F 		.ascii	"\337\264iO\227){\372px\352\252\206\226\240\255c\353"
 254      97297BFA 
 254      7078EAAA 
 254      8696A0AD 
 254      63EB
 255 041d F981494A 		.ascii	"\371\201IJ\274\274\274\274\275<\363X\320\352\027\375"
 255      BCBCBCBC 
 255      BD3CF358 
 255      D0EA17FD 
 256 042d 2BCAE15B 		.ascii	"+\312\341[\216wd\261H#\244\370\224x\232\227\246cY\324"
 256      8E7764B1 
 256      4823A4F8 
 256      94789A97 
 256      A66359D4 
 257 0441 B05C246E 		.ascii	"\260\\$n\1773\235\312'\227\243q\255\255\361m\314\331"
 257      7F339DCA 
 257      2797A371 
 257      ADADF16D 
 257      CCD9
 258 0453 D76C5C67 		.ascii	"\327l\\g6n\261o\314\321\274X\243i\024\016/f%)u\222\026"
 258      366EB16F 
 258      CCD1BC58 
 258      A369140E 
 258      2F662529 
 259 046a 4893A79D 		.ascii	"H\223\247\235\240\321\243)\262\232\354f\211q\017b\373"
 259      A0D1A329 
 259      B29AEC66 
 259      89710F62 
 259      FB
 260 047b C9F2376A 		.ascii	"\311\3627j\211<\202\327\315\030\205\031\003\221<\206"
 260      893C82D7 
 260      CD188519 
 260      03913C86 
 261 048b 8D7A42BC 		.ascii	"\215zB\274H+\250\015\324N\274L\007e\333\343\246Z\027"
 261      482BA80D 
 261      D44EBC4C 
 261      0765DBE3 
 261      A65A17
 262 049e 5A856552 		.ascii	"Z\205eR57\326\265;\022Oo{48\242\275\377/\220/\250m3"
 262      3537D6B5 
 262      3B124F6F 
 262      7B3438A2 
 262      BDFF2F90 
 263 04b6 5BCF33B0 		.ascii	"[\3173\260\3550o=[\036F\314\233,;\350\350\221\242\204"
 263      ED306F3D 
 263      5B1E46CC 
 263      9B2C3BE8 
 263      E891A284 
 264 04ca 58AD46C3 		.ascii	"X\255F\303j\210r\035s\356\"\036\246\317\206Y\277\254"
 264      6A88721D 
 264      73EE221E 
 264      A6CF8659 
 264      BFAC
ARM GAS  /tmp/ccvCARmN.s 			page 20


 265 04dc 6C39E2E6 		.ascii	"l9\342\346\251$\264o\261\204\244\305\226w)\363v\223"
 265      A924B46F 
 265      B184A4C5 
 265      967729F3 
 265      7693
 266 04ee 8365B0EE 		.ascii	"\203e\260\356\377\025\254+\2663V\373E\276\334\010\307"
 266      FF15AC2B 
 266      B63356FB 
 266      45BEDC08 
 266      C7
 267 04ff E5E8D195 		.ascii	"\345\350\321\225\207e\371;\322C<H\025_\206\205#\233"
 267      8765F93B 
 267      D2433C48 
 267      155F8685 
 267      239B
 268 0511 F91B1C76 		.ascii	"\371\033\034v\275\344\013\360\033\233H\272\344N\033"
 268      BDE40BF0 
 268      1B9B48BA 
 268      E44E1B
 269 0520 785F1A67 		.ascii	"x_\032g\347\276\007F\017\354^C\206\307\241\250\034\336"
 269      E7BE0746 
 269      0FEC5E43 
 269      86C7A1A8 
 269      1CDE
 270 0532 DC7D0AC3 		.ascii	"\334}\012\303\334\344}xR\365#\341uR\353\274;\355\345"
 270      DCE47D78 
 270      52F523E1 
 270      7552EBBC 
 270      3BEDE5
 271 0545 84EA3BA9 		.ascii	"\204\352;\251\262\263\202\030N\245)^\010x.\000\236#"
 271      B2B38218 
 271      4EA5295E 
 271      08782E00 
 271      9E23
 272 0557 600001A7 		.ascii	"`\000\001\247\347ZJ\035\251\221\003\232\214\035\265"
 272      E75A4A1D 
 272      A991039A 
 272      8C1DB5
 273 0566 0E0AE079 		.ascii	"\016\012\340y\232\0110(\000\006\021\360\002\001\231"
 273      9A093028 
 273      000611F0 
 273      020199
 274 0575 4523991A 		.ascii	"E#\231\032:\307\001\211\257>\246\271\233\000\3133e8"
 274      3AC70189 
 274      AF3EA6B9 
 274      9B00CB33 
 274      6538
 275 0587 6718E1A5 		.ascii	"g\030\341\245@x\211\204WH\030\250\271\333\353\314\316"
 275      40788984 
 275      574818A8 
 275      B9DBEBCC 
 275      CE
 276 0598 2F4628C9 		.ascii	"/F(\311{\336\247U\010\203\026ex- ^#b\010\021\221o\322"
 276      7BDEA755 
 276      08831665 
 276      782D205E 
 276      23620811 
ARM GAS  /tmp/ccvCARmN.s 			page 21


 277 05af 4B5C692E 		.ascii	"K\\i.G<>X\221\354\"\224aX\000\014#`\004\001M\325\227"
 277      473C3E58 
 277      91EC2294 
 277      6158000C 
 277      23600401 
 278 05c6 8B9C6831 		.ascii	"\213\234h1\007t\312\373\0335B\031F\005\300(\002\214"
 278      0774CAFB 
 278      1B354219 
 278      4605C028 
 278      028C
 279 05d8 0818EC4F 		.ascii	"\010\030\354O,q\244U\0340\321dL\240b\031\336\010\204"
 279      2C71A455 
 279      1C30D164 
 279      4CA06219 
 279      DE0884
 280 05eb 3748788B 		.ascii	"7Hx\213\204g'~\236\321\322\006N8\036W\362\211\002\230"
 280      8467277E 
 280      9ED1D206 
 280      4E381E57 
 280      F2890298 
 281 05ff B3A8C298 		.ascii	"\263\250\302\230@\030C\3028\022\322\313\357_q\242\275"
 281      401843C2 
 281      3812D2CB 
 281      EF5F71A2 
 281      BD
 282 0610 9C305D54 		.ascii	"\2340]Tzd\211P\205\011\0010\201\200w\010\230o8\361@"
 282      7A648950 
 282      85090130 
 282      81807708 
 282      986F38F1 
 283 0625 458D1C50 		.ascii	"E\215\034P\235\375\262\337M\250\302\244\000\230D\300"
 283      9DFDB2DF 
 283      4DA8C2A4 
 283      009844C0 
 284 0635 1402EAAE 		.ascii	"\024\002\352\256\035\252\200f\340\200\330\344\306\036"
 284      1DAA8066 
 284      E080D8E4 
 284      C61E
 285 0643 AD588569 		.ascii	"\255X\205i\2010\215\204\031$d$\306\257\242\311j\004"
 285      81308D84 
 285      19246424 
 285      C6AFA2C9 
 285      6A04
 286 0655 0CBDC8CD 		.ascii	"\014\275\310\3157md[\246\271\012\357\005\302{$\314\362"
 286      376D645B 
 286      A6B90AEF 
 286      05C27B24 
 286      CCF2
 287 0667 4FE27CD9 		.ascii	"O\342|\331e\027\232\313\021eO&\317\271\012U\370 \000"
 287      65179ACB 
 287      11654F26 
 287      CFB90A55 
 287      F82000
 288 067a 3E20E023 		.ascii	"> \340#\002fsg\212\324\264\230\003\036\306T\265\210"
 288      02667367 
 288      8AD4B498 
 288      031EC654 
ARM GAS  /tmp/ccvCARmN.s 			page 22


 288      B588
 289 068c 9FC49C00 		.ascii	"\237\304\234\000\230C\300<\002\216f\037\257\320\322"
 289      9843C03C 
 289      028E661F 
 289      AFD0D2
 290 069b 2A0E886C 		.ascii	"*\016\210l\276^\250\026\253 \253l\0110\003\377#T\214"
 290      BE5EA816 
 290      AB20AB6C 
 290      093003FF 
 290      23548C
 291 06ae 70BEAAB3 		.ascii	"p\276\252\263\334\2056pBAeB\236)\205Q\2132D\012\210"
 291      DC853670 
 291      42416542 
 291      9E298551 
 291      8B32440A 
 292 06c3 48444421 		.ascii	"HDD!\"f:\366\2503\355\345\210\210\252\261\002\361d\210"
 292      22663AF6 
 292      A833EDE5 
 292      8888AAB1 
 292      02F16488 
 293 06d7 1600D108 		.ascii	"\026\000\321\010\210A@mz\322%Wj\344\200\201\214\241"
 293      8841406D 
 293      7AD22557 
 293      6AE48081 
 293      8CA1
 294 06e9 33621962 		.ascii	"3b\031b\005@,\002\342\020pj\"\345\236\232\316q\300l"
 294      05402C02 
 294      E210706A 
 294      22E59E9A 
 294      CE71C06C 
 295 06fd 7DB3B758 		.ascii	"}\263\267X\205}\002`\037\002\342\021\020\177\343t\241"
 295      857D0260 
 295      1F02E211 
 295      107FE374 
 295      A1
 296 070e 86263B20 		.ascii	"\206&;  .\376\372kG\205P\233e\256B\202\200H@\304~D\224"
 296      202EFEFA 
 296      6B478550 
 296      9B65AE42 
 296      82804840 
 297 0726 17148FC1 		.ascii	"\027\024\217\301\301\300\021Ye\357\215\342\301\220("
 297      C1C01159 
 297      65EF8DE2 
 297      C19028
 298 0735 00121190 		.ascii	"\000\022\021\220\204\200\253#O\247\035i1\007ttv\310"
 298      8480AB23 
 298      4FA71D69 
 298      31077474 
 298      76C8
 299 0747 E227912C 		.ascii	"\342'\221,\000\222\021p\000\001\343\365)\360ITq\300"
 299      00921170 
 299      0001E3F5 
 299      29F04954 
 299      71C0
 300 0759 BBA8A156 		.ascii	"\273\250\241Vg\261\014)\002!\005\011\007\221Pqmv\025"
 300      67B10C29 
 300      02210509 
ARM GAS  /tmp/ccvCARmN.s 			page 23


 300      07915071 
 300      6D7615
 301 076c 6DE080FB 		.ascii	"m\340\200\373\2515\307L\375\334eQ\205C\002\341\020\022"
 301      A935C74C 
 301      FDDC6551 
 301      854302E1 
 301      1012
 302 077e 0E2321A5 		.ascii	"\016#!\2458\367\003\364\002GdW\226Ej\205*\244\012\200"
 302      38F703F4 
 302      02476457 
 302      96456A85 
 302      2AA40A80 
 303 0792 54041CE1 		.ascii	"T\004\034\341\213xt\266}\0115r\300\323\263\363\261b"
 303      8B7874B6 
 303      7D093572 
 303      C0D3B3F3 
 303      B162
 304 07a4 2FA40980 		.ascii	"/\244\011\2004\004\244#\240\347ri\261\033\235S\312\230"
 304      3404A423 
 304      A0E77269 
 304      B11B9D53 
 304      CA98
 305 07b6 5C94E424 		.ascii	"\\\224\344$V!C d !\023\011\347R\372\323\235h\262#\357"
 305      56214320 
 305      64202113 
 305      09E752FA 
 305      D39D68B2 
 306 07cc A623179E 		.ascii	"\246#\027\236"
 307 07d0 98EA3869 		.ascii	"\230\3528iQ\206,\001\221\205\210\243\210\310z\224ZA"
 307      51862C01 
 307      918588A3 
 307      88C87A94 
 307      5A41
 308 07e2 682E479C 		.ascii	"h.G\234\216.\314\020\313\220-\000\262\021p\014\001\303"
 308      8E2ECC10 
 308      CB902D00 
 308      B211700C 
 308      01C3
 309 07f4 71DD5DD0 		.ascii	"q\335]\320\014\034P:\034\221/6\303q\001p\034\001'\020"
 309      0C1C503A 
 309      1C912F36 
 309      C3710170 
 309      1C012710 
 310 0808 903EFE3E 		.ascii	"\220>\376>\012\232\201\003\346\262^\215\333i\206\034"
 310      0A9A8103 
 310      E6B25E8D 
 310      DB69861C 
 311 0818 81908384 		.ascii	"\201\220\203\204\\\236\302\271SF\255\345\017\340n\213"
 311      5C9EC2B9 
 311      5346ADE5 
 311      0FE06E8B 
 312 0828 1F7612C9 		.ascii	"\037v\022\311S\341\017`v\007\343\231S\245#\316\226\306"
 312      53E10F60 
 312      7607E399 
 312      53A523CE 
 312      96C6
 313 083a EC4789D9 		.ascii	"\354G\211\3318_1\316G\343\346G\005\227\325&\343}\213"
ARM GAS  /tmp/ccvCARmN.s 			page 24


 313      385F31CE 
 313      47E3E647 
 313      0597D526 
 313      E37D8B
 314 084d FDB42627 		.ascii	"\375\264&'\301\311U\257\367\017\011\015\320\007\006"
 314      C1C955AF 
 314      F70F090D 
 314      D00706
 315 085c 071AD4BB 		.ascii	"\007\032\324\273\003\374\376\345\374\355\237\377\276"
 315      03FCFEE5 
 315      FCED9FFF 
 315      BE
 316 0869 7A8BAFAF 		.ascii	"z\213\257\257\364\007\037\037\035\377\333\262#p[\340"
 316      F4071F1F 
 316      1DFFDBB2 
 316      23705BE0 
 317 0879 F77FD585 		.ascii	"\367\177\325\205\204\351\374Cv\356\014\011\326\205\031"
 317      84E9FC43 
 317      76EE0C09 
 317      D68519
 318 0888 FC420DE1 		.ascii	"\374B\015\341\273t\177\374a\353\226\255{\330\354\256"
 318      BB747FFC 
 318      61EB96AD 
 318      7BD8ECAE 
 319 0898 C0A080D0 		.ascii	"\300\240\200\3200\335\267[\266\350\374C\015\276>\376"
 319      30DDB75B 
 319      B6E8FC43 
 319      0DBE3EFE 
 320 08a8 9256AF0F 		.ascii	"\222V\257\017\360\013\015\332\213h\010\023\344g\340"
 320      F00B0DDA 
 320      8B680813 
 320      E467E0
 321 08b7 61DCF4FA 		.ascii	"a\334\364\372\355\001\377\364\013\0172\350\003\366\004"
 321      ED01FFF4 
 321      0B0F32E8 
 321      03F604
 322 08c6 1A9C8321 		.ascii	"\032\234\203!\276!<4x\251\036_\353C\375v\352\375B\003"
 322      BE213C34 
 322      78A91E5F 
 322      EB43FD76 
 322      EAFD4203 
 323 08da FCC25C16 		.ascii	"\374\302\\\026\2364\376A\300\302g\215^\037\036\030l"
 323      9E34FE41 
 323      C0C2678D 
 323      5E1F1E18 
 323      6C
 324 08eb 58BF4E6F 		.ascii	"X\277No\370Z\027\036\026\252\013\014\366\017\012\337"
 324      F85A171E 
 324      16AA0B0C 
 324      F60F0ADF 
 325 08fb 1EA00B0E 		.ascii	"\036\240\013\016\330\035\024\270M\267\323\317\177G`"
 325      D81D14B8 
 325      4DB7D3CF 
 325      7F4760
 326 090a 70806E21 		.ascii	"p\200n!\206a\357\256\2000\237\035\222\263\311m\215="
 326      8661EFAE 
 326      80309F1D 
ARM GAS  /tmp/ccvCARmN.s 			page 25


 326      92B3C96D 
 326      8D3D
 327 091c B7B0BD61 		.ascii	"\267\260\275a:}\230a;\330\200\255\013&\302\302\271\341"
 327      3A7D9861 
 327      3BD880AD 
 327      0B26C2C2 
 327      B9E1
 328 092e 9321600F 		.ascii	"\223!`\017\037j\203C\364\013\357\334Y~\013#\275\301"
 328      1F6A8343 
 328      F40BEFDC 
 328      597E0B23 
 328      BDC1
 329 0940 43CF72FF 		.ascii	"C\317r\377\235\336\354\242_b9\245wSF|5zwe\030\034\302"
 329      9DDEECA2 
 329      5F6239A5 
 329      7753467C 
 329      357A7765 
 330 0957 5F737F5F 		.ascii	"_s\177_\321\337\327\312\337\327\332\337\327\306\177"
 330      D1DFD7CA 
 330      DFD7DADF 
 330      D7C67F
 331 0966 9DE8BFCE 		.ascii	"\235\350\277\316\312\177\235\265\377:\033\377\365\242"
 331      CA7F9DB5 
 331      FF3A1BFF 
 331      F5A2
 332 0974 FF7A2BFF 		.ascii	"\377z+\377\365\326\376\353m\3747\210\376\033\254\374"
 332      F5D6FEEB 
 332      6DFC3788 
 332      FE1BACFC 
 333 0984 3758FB6F 		.ascii	"7X\373o\260\361\337(\372o\264\362\337h\355\277\321\306"
 333      B0F1DF28 
 333      FA6FB4F2 
 333      DF68EDBF 
 333      D1C6
 334 0996 7F93E8BF 		.ascii	"\177\223\350\277\311\312\177\223\265\377&\033\377\315"
 334      C9CA7F93 
 334      B5FF261B 
 334      FFCD
 335 09a4 A2FF662B 		.ascii	"\242\377f+\377\315\326\376\233\027\374\377\013)\213"
 335      FFCDD6FE 
 335      9B17FCFF 
 335      0B298B
 336 09b3 41D2     		.ascii	"A\322"
 337              		.text
 338              		.section	.gnu.lto_.symtab.eb905aa65b8bc06e,"",%progbits
 339 0000 5F5F636F 		.ascii	"__core_init\000"
 339      72655F69 
 339      6E697400 
 340 000c 00       		.ascii	"\000"
 341 000d 01       		.ascii	"\001"
 342 000e 00       		.ascii	"\000"
 343 000f 00000000 		.ascii	"\000\000\000\000\000\000\000\000"
 343      00000000 
 344 0017 B0000000 		.ascii	"\260\000\000\000"
 345 001b 5F5F6561 		.ascii	"__early_init\000"
 345      726C795F 
 345      696E6974 
ARM GAS  /tmp/ccvCARmN.s 			page 26


 345      00
 346 0028 00       		.ascii	"\000"
 347 0029 01       		.ascii	"\001"
 348 002a 00       		.ascii	"\000"
 349 002b 00000000 		.ascii	"\000\000\000\000\000\000\000\000"
 349      00000000 
 350 0033 B3000000 		.ascii	"\263\000\000\000"
 351 0037 5F5F6C61 		.ascii	"__late_init\000"
 351      74655F69 
 351      6E697400 
 352 0043 00       		.ascii	"\000"
 353 0044 01       		.ascii	"\001"
 354 0045 00       		.ascii	"\000"
 355 0046 00000000 		.ascii	"\000\000\000\000\000\000\000\000"
 355      00000000 
 356 004e B6000000 		.ascii	"\266\000\000\000"
 357 0052 5F5F6465 		.ascii	"__default_exit\000"
 357      6661756C 
 357      745F6578 
 357      697400
 358 0061 00       		.ascii	"\000"
 359 0062 01       		.ascii	"\001"
 360 0063 00       		.ascii	"\000"
 361 0064 00000000 		.ascii	"\000\000\000\000\000\000\000\000"
 361      00000000 
 362 006c BB000000 		.ascii	"\273\000\000\000"
 363 0070 5F5F696E 		.ascii	"__init_ram_areas\000"
 363      69745F72 
 363      616D5F61 
 363      72656173 
 363      00
 364 0081 00       		.ascii	"\000"
 365 0082 00       		.ascii	"\000"
 366 0083 00       		.ascii	"\000"
 367 0084 00000000 		.ascii	"\000\000\000\000\000\000\000\000"
 367      00000000 
 368 008c BD000000 		.ascii	"\275\000\000\000"
 369 0090 5F5F7261 		.ascii	"__ram0_init_text__\000"
 369      6D305F69 
 369      6E69745F 
 369      74657874 
 369      5F5F00
 370 00a3 00       		.ascii	"\000"
 371 00a4 02       		.ascii	"\002"
 372 00a5 00       		.ascii	"\000"
 373 00a6 00000000 		.ascii	"\000\000\000\000\000\000\000\000"
 373      00000000 
 374 00ae E3000000 		.ascii	"\343\000\000\000"
 375 00b2 5F5F7261 		.ascii	"__ram0_init__\000"
 375      6D305F69 
 375      6E69745F 
 375      5F00
 376 00c0 00       		.ascii	"\000"
 377 00c1 02       		.ascii	"\002"
 378 00c2 00       		.ascii	"\000"
 379 00c3 00000000 		.ascii	"\000\000\000\000\000\000\000\000"
 379      00000000 
ARM GAS  /tmp/ccvCARmN.s 			page 27


 380 00cb E5000000 		.ascii	"\345\000\000\000"
 381 00cf 5F5F7261 		.ascii	"__ram0_clear__\000"
 381      6D305F63 
 381      6C656172 
 381      5F5F00
 382 00de 00       		.ascii	"\000"
 383 00df 02       		.ascii	"\002"
 384 00e0 00       		.ascii	"\000"
 385 00e1 00000000 		.ascii	"\000\000\000\000\000\000\000\000"
 385      00000000 
 386 00e9 E7000000 		.ascii	"\347\000\000\000"
 387 00ed 5F5F7261 		.ascii	"__ram0_noinit__\000"
 387      6D305F6E 
 387      6F696E69 
 387      745F5F00 
 388 00fd 00       		.ascii	"\000"
 389 00fe 02       		.ascii	"\002"
 390 00ff 00       		.ascii	"\000"
 391 0100 00000000 		.ascii	"\000\000\000\000\000\000\000\000"
 391      00000000 
 392 0108 E9000000 		.ascii	"\351\000\000\000"
 393 010c 5F5F7261 		.ascii	"__ram1_init_text__\000"
 393      6D315F69 
 393      6E69745F 
 393      74657874 
 393      5F5F00
 394 011f 00       		.ascii	"\000"
 395 0120 02       		.ascii	"\002"
 396 0121 00       		.ascii	"\000"
 397 0122 00000000 		.ascii	"\000\000\000\000\000\000\000\000"
 397      00000000 
 398 012a EB000000 		.ascii	"\353\000\000\000"
 399 012e 5F5F7261 		.ascii	"__ram1_init__\000"
 399      6D315F69 
 399      6E69745F 
 399      5F00
 400 013c 00       		.ascii	"\000"
 401 013d 02       		.ascii	"\002"
 402 013e 00       		.ascii	"\000"
 403 013f 00000000 		.ascii	"\000\000\000\000\000\000\000\000"
 403      00000000 
 404 0147 ED000000 		.ascii	"\355\000\000\000"
 405 014b 5F5F7261 		.ascii	"__ram1_clear__\000"
 405      6D315F63 
 405      6C656172 
 405      5F5F00
 406 015a 00       		.ascii	"\000"
 407 015b 02       		.ascii	"\002"
 408 015c 00       		.ascii	"\000"
 409 015d 00000000 		.ascii	"\000\000\000\000\000\000\000\000"
 409      00000000 
 410 0165 EF000000 		.ascii	"\357\000\000\000"
 411 0169 5F5F7261 		.ascii	"__ram1_noinit__\000"
 411      6D315F6E 
 411      6F696E69 
 411      745F5F00 
 412 0179 00       		.ascii	"\000"
ARM GAS  /tmp/ccvCARmN.s 			page 28


 413 017a 02       		.ascii	"\002"
 414 017b 00       		.ascii	"\000"
 415 017c 00000000 		.ascii	"\000\000\000\000\000\000\000\000"
 415      00000000 
 416 0184 F1000000 		.ascii	"\361\000\000\000"
 417 0188 5F5F7261 		.ascii	"__ram2_init_text__\000"
 417      6D325F69 
 417      6E69745F 
 417      74657874 
 417      5F5F00
 418 019b 00       		.ascii	"\000"
 419 019c 02       		.ascii	"\002"
 420 019d 00       		.ascii	"\000"
 421 019e 00000000 		.ascii	"\000\000\000\000\000\000\000\000"
 421      00000000 
 422 01a6 F3000000 		.ascii	"\363\000\000\000"
 423 01aa 5F5F7261 		.ascii	"__ram2_init__\000"
 423      6D325F69 
 423      6E69745F 
 423      5F00
 424 01b8 00       		.ascii	"\000"
 425 01b9 02       		.ascii	"\002"
 426 01ba 00       		.ascii	"\000"
 427 01bb 00000000 		.ascii	"\000\000\000\000\000\000\000\000"
 427      00000000 
 428 01c3 F5000000 		.ascii	"\365\000\000\000"
 429 01c7 5F5F7261 		.ascii	"__ram2_clear__\000"
 429      6D325F63 
 429      6C656172 
 429      5F5F00
 430 01d6 00       		.ascii	"\000"
 431 01d7 02       		.ascii	"\002"
 432 01d8 00       		.ascii	"\000"
 433 01d9 00000000 		.ascii	"\000\000\000\000\000\000\000\000"
 433      00000000 
 434 01e1 F7000000 		.ascii	"\367\000\000\000"
 435 01e5 5F5F7261 		.ascii	"__ram2_noinit__\000"
 435      6D325F6E 
 435      6F696E69 
 435      745F5F00 
 436 01f5 00       		.ascii	"\000"
 437 01f6 02       		.ascii	"\002"
 438 01f7 00       		.ascii	"\000"
 439 01f8 00000000 		.ascii	"\000\000\000\000\000\000\000\000"
 439      00000000 
 440 0200 F9000000 		.ascii	"\371\000\000\000"
 441 0204 5F5F7261 		.ascii	"__ram3_init_text__\000"
 441      6D335F69 
 441      6E69745F 
 441      74657874 
 441      5F5F00
 442 0217 00       		.ascii	"\000"
 443 0218 02       		.ascii	"\002"
 444 0219 00       		.ascii	"\000"
 445 021a 00000000 		.ascii	"\000\000\000\000\000\000\000\000"
 445      00000000 
 446 0222 FB000000 		.ascii	"\373\000\000\000"
ARM GAS  /tmp/ccvCARmN.s 			page 29


 447 0226 5F5F7261 		.ascii	"__ram3_init__\000"
 447      6D335F69 
 447      6E69745F 
 447      5F00
 448 0234 00       		.ascii	"\000"
 449 0235 02       		.ascii	"\002"
 450 0236 00       		.ascii	"\000"
 451 0237 00000000 		.ascii	"\000\000\000\000\000\000\000\000"
 451      00000000 
 452 023f FD000000 		.ascii	"\375\000\000\000"
 453 0243 5F5F7261 		.ascii	"__ram3_clear__\000"
 453      6D335F63 
 453      6C656172 
 453      5F5F00
 454 0252 00       		.ascii	"\000"
 455 0253 02       		.ascii	"\002"
 456 0254 00       		.ascii	"\000"
 457 0255 00000000 		.ascii	"\000\000\000\000\000\000\000\000"
 457      00000000 
 458 025d FF000000 		.ascii	"\377\000\000\000"
 459 0261 5F5F7261 		.ascii	"__ram3_noinit__\000"
 459      6D335F6E 
 459      6F696E69 
 459      745F5F00 
 460 0271 00       		.ascii	"\000"
 461 0272 02       		.ascii	"\002"
 462 0273 00       		.ascii	"\000"
 463 0274 00000000 		.ascii	"\000\000\000\000\000\000\000\000"
 463      00000000 
 464 027c 01010000 		.ascii	"\001\001\000\000"
 465 0280 5F5F7261 		.ascii	"__ram4_init_text__\000"
 465      6D345F69 
 465      6E69745F 
 465      74657874 
 465      5F5F00
 466 0293 00       		.ascii	"\000"
 467 0294 02       		.ascii	"\002"
 468 0295 00       		.ascii	"\000"
 469 0296 00000000 		.ascii	"\000\000\000\000\000\000\000\000"
 469      00000000 
 470 029e 03010000 		.ascii	"\003\001\000\000"
 471 02a2 5F5F7261 		.ascii	"__ram4_init__\000"
 471      6D345F69 
 471      6E69745F 
 471      5F00
 472 02b0 00       		.ascii	"\000"
 473 02b1 02       		.ascii	"\002"
 474 02b2 00       		.ascii	"\000"
 475 02b3 00000000 		.ascii	"\000\000\000\000\000\000\000\000"
 475      00000000 
 476 02bb 05010000 		.ascii	"\005\001\000\000"
 477 02bf 5F5F7261 		.ascii	"__ram4_clear__\000"
 477      6D345F63 
 477      6C656172 
 477      5F5F00
 478 02ce 00       		.ascii	"\000"
 479 02cf 02       		.ascii	"\002"
ARM GAS  /tmp/ccvCARmN.s 			page 30


 480 02d0 00       		.ascii	"\000"
 481 02d1 00000000 		.ascii	"\000\000\000\000\000\000\000\000"
 481      00000000 
 482 02d9 07010000 		.ascii	"\007\001\000\000"
 483 02dd 5F5F7261 		.ascii	"__ram4_noinit__\000"
 483      6D345F6E 
 483      6F696E69 
 483      745F5F00 
 484 02ed 00       		.ascii	"\000"
 485 02ee 02       		.ascii	"\002"
 486 02ef 00       		.ascii	"\000"
 487 02f0 00000000 		.ascii	"\000\000\000\000\000\000\000\000"
 487      00000000 
 488 02f8 09010000 		.ascii	"\011\001\000\000"
 489 02fc 5F5F7261 		.ascii	"__ram5_init_text__\000"
 489      6D355F69 
 489      6E69745F 
 489      74657874 
 489      5F5F00
 490 030f 00       		.ascii	"\000"
 491 0310 02       		.ascii	"\002"
 492 0311 00       		.ascii	"\000"
 493 0312 00000000 		.ascii	"\000\000\000\000\000\000\000\000"
 493      00000000 
 494 031a 0B010000 		.ascii	"\013\001\000\000"
 495 031e 5F5F7261 		.ascii	"__ram5_init__\000"
 495      6D355F69 
 495      6E69745F 
 495      5F00
 496 032c 00       		.ascii	"\000"
 497 032d 02       		.ascii	"\002"
 498 032e 00       		.ascii	"\000"
 499 032f 00000000 		.ascii	"\000\000\000\000\000\000\000\000"
 499      00000000 
 500 0337 0D010000 		.ascii	"\015\001\000\000"
 501 033b 5F5F7261 		.ascii	"__ram5_clear__\000"
 501      6D355F63 
 501      6C656172 
 501      5F5F00
 502 034a 00       		.ascii	"\000"
 503 034b 02       		.ascii	"\002"
 504 034c 00       		.ascii	"\000"
 505 034d 00000000 		.ascii	"\000\000\000\000\000\000\000\000"
 505      00000000 
 506 0355 0F010000 		.ascii	"\017\001\000\000"
 507 0359 5F5F7261 		.ascii	"__ram5_noinit__\000"
 507      6D355F6E 
 507      6F696E69 
 507      745F5F00 
 508 0369 00       		.ascii	"\000"
 509 036a 02       		.ascii	"\002"
 510 036b 00       		.ascii	"\000"
 511 036c 00000000 		.ascii	"\000\000\000\000\000\000\000\000"
 511      00000000 
 512 0374 11010000 		.ascii	"\021\001\000\000"
 513 0378 5F5F7261 		.ascii	"__ram6_init_text__\000"
 513      6D365F69 
ARM GAS  /tmp/ccvCARmN.s 			page 31


 513      6E69745F 
 513      74657874 
 513      5F5F00
 514 038b 00       		.ascii	"\000"
 515 038c 02       		.ascii	"\002"
 516 038d 00       		.ascii	"\000"
 517 038e 00000000 		.ascii	"\000\000\000\000\000\000\000\000"
 517      00000000 
 518 0396 13010000 		.ascii	"\023\001\000\000"
 519 039a 5F5F7261 		.ascii	"__ram6_init__\000"
 519      6D365F69 
 519      6E69745F 
 519      5F00
 520 03a8 00       		.ascii	"\000"
 521 03a9 02       		.ascii	"\002"
 522 03aa 00       		.ascii	"\000"
 523 03ab 00000000 		.ascii	"\000\000\000\000\000\000\000\000"
 523      00000000 
 524 03b3 15010000 		.ascii	"\025\001\000\000"
 525 03b7 5F5F7261 		.ascii	"__ram6_clear__\000"
 525      6D365F63 
 525      6C656172 
 525      5F5F00
 526 03c6 00       		.ascii	"\000"
 527 03c7 02       		.ascii	"\002"
 528 03c8 00       		.ascii	"\000"
 529 03c9 00000000 		.ascii	"\000\000\000\000\000\000\000\000"
 529      00000000 
 530 03d1 17010000 		.ascii	"\027\001\000\000"
 531 03d5 5F5F7261 		.ascii	"__ram6_noinit__\000"
 531      6D365F6E 
 531      6F696E69 
 531      745F5F00 
 532 03e5 00       		.ascii	"\000"
 533 03e6 02       		.ascii	"\002"
 534 03e7 00       		.ascii	"\000"
 535 03e8 00000000 		.ascii	"\000\000\000\000\000\000\000\000"
 535      00000000 
 536 03f0 19010000 		.ascii	"\031\001\000\000"
 537 03f4 5F5F7261 		.ascii	"__ram7_init_text__\000"
 537      6D375F69 
 537      6E69745F 
 537      74657874 
 537      5F5F00
 538 0407 00       		.ascii	"\000"
 539 0408 02       		.ascii	"\002"
 540 0409 00       		.ascii	"\000"
 541 040a 00000000 		.ascii	"\000\000\000\000\000\000\000\000"
 541      00000000 
 542 0412 1B010000 		.ascii	"\033\001\000\000"
 543 0416 5F5F7261 		.ascii	"__ram7_init__\000"
 543      6D375F69 
 543      6E69745F 
 543      5F00
 544 0424 00       		.ascii	"\000"
 545 0425 02       		.ascii	"\002"
 546 0426 00       		.ascii	"\000"
ARM GAS  /tmp/ccvCARmN.s 			page 32


 547 0427 00000000 		.ascii	"\000\000\000\000\000\000\000\000"
 547      00000000 
 548 042f 1D010000 		.ascii	"\035\001\000\000"
 549 0433 5F5F7261 		.ascii	"__ram7_clear__\000"
 549      6D375F63 
 549      6C656172 
 549      5F5F00
 550 0442 00       		.ascii	"\000"
 551 0443 02       		.ascii	"\002"
 552 0444 00       		.ascii	"\000"
 553 0445 00000000 		.ascii	"\000\000\000\000\000\000\000\000"
 553      00000000 
 554 044d 1F010000 		.ascii	"\037\001\000\000"
 555 0451 5F5F7261 		.ascii	"__ram7_noinit__\000"
 555      6D375F6E 
 555      6F696E69 
 555      745F5F00 
 556 0461 00       		.ascii	"\000"
 557 0462 02       		.ascii	"\002"
 558 0463 00       		.ascii	"\000"
 559 0464 00000000 		.ascii	"\000\000\000\000\000\000\000\000"
 559      00000000 
 560 046c 21010000 		.ascii	"!\001\000\000"
 561              		.text
 562              		.section	.gnu.lto_.opts,"",%progbits
 563 0000 272D666D 		.ascii	"'-fmath-errno' '-fsigned-zeros' '-ftrapping-math' '"
 563      6174682D 
 563      6572726E 
 563      6F272027 
 563      2D667369 
 564 0033 2D666E6F 		.ascii	"-fno-trapv' '-fno-strict-overflow' '-fno-openmp' '-"
 564      2D747261 
 564      70762720 
 564      272D666E 
 564      6F2D7374 
 565 0066 666E6F2D 		.ascii	"fno-openacc' '-mcpu=cortex-m4' '-mthumb' '-mfloat-a"
 565      6F70656E 
 565      61636327 
 565      20272D6D 
 565      6370753D 
 566 0099 62693D68 		.ascii	"bi=hard' '-mfpu=fpv4-sp-d16' '-ggdb' '-Og' '-fomit-"
 566      61726427 
 566      20272D6D 
 566      6670753D 
 566      66707634 
 567 00cc 6672616D 		.ascii	"frame-pointer' '-falign-functions=16' '-ffunction-s"
 567      652D706F 
 567      696E7465 
 567      72272027 
 567      2D66616C 
 568 00ff 65637469 		.ascii	"ections' '-fdata-sections' '-fno-common' '-flto'\000"
 568      6F6E7327 
 568      20272D66 
 568      64617461 
 568      2D736563 
 569              		.text
 570              		.comm	__gnu_lto_v1,1,1
ARM GAS  /tmp/ccvCARmN.s 			page 33


 571              		.comm	__gnu_lto_slim,1,1
 572              		.ident	"GCC: (15:6.3.1+svn253039-1build1) 6.3.1 20170620"
ARM GAS  /tmp/ccvCARmN.s 			page 34


DEFINED SYMBOLS
                            *ABS*:0000000000000000 crt1.c
                            *COM*:0000000000000001 __gnu_lto_v1
                            *COM*:0000000000000001 __gnu_lto_slim

NO UNDEFINED SYMBOLS
