ARM GAS  /tmp/ccOSAmuN.s 			page 1


   1              		.cpu cortex-m4
   2              		.eabi_attribute 27, 1
   3              		.eabi_attribute 28, 1
   4              		.eabi_attribute 20, 1
   5              		.eabi_attribute 21, 1
   6              		.eabi_attribute 23, 3
   7              		.eabi_attribute 24, 1
   8              		.eabi_attribute 25, 1
   9              		.eabi_attribute 26, 1
  10              		.eabi_attribute 30, 1
  11              		.eabi_attribute 34, 1
  12              		.eabi_attribute 18, 4
  13              		.file	"hal.c"
  14              		.text
  15              	.Ltext0:
  16              		.section	.gnu.lto_.profile.a6c8a38699b10964,"",%progbits
  17 0000 789C6365 		.ascii	"x\234ce`b`a```d\360\340\000\000\001\030\000]"
  17      60626061 
  17      60606064 
  17      F0E00000 
  17      0118005D 
  18              		.text
  19              		.section	.gnu.lto_.inline.a6c8a38699b10964,"",%progbits
  20 0000 789C6365 		.ascii	"x\234ce`b\260`@\000F\006\006\256\023@\222\011\310f["
  20      6062B060 
  20      40004606 
  20      06AE1340 
  20      9209C866 
  21 0015 20CF0416 		.ascii	" \317\004\026\343\"H0\000\000c\363\002*"
  21      E3224830 
  21      000063F3 
  21      022A
  22              		.text
  23              		.section	.gnu.lto_.jmpfuncs.a6c8a38699b10964,"",%progbits
  24 0000 789C6365 		.ascii	"x\234ce`b\340a@\000F$6\000\002\010\000\025"
  24      6062E061 
  24      40004624 
  24      36000208 
  24      0015
  25              		.text
  26              		.section	.gnu.lto_.pureconst.a6c8a38699b10964,"",%progbits
  27 0000 789C6365 		.ascii	"x\234ce`b`f```d\220\000\000\000\204\000$"
  27      60626066 
  27      60606064 
  27      90000000 
  27      840024
  28              		.text
  29              		.section	.gnu.lto_halInit.a6c8a38699b10964,"",%progbits
  30 0000 789C6365 		.ascii	"x\234ce`b\230\302\310\300\240\302\300\300 \015\304\214"
  30      606298C2 
  30      C8C0A0C2 
  30      C0C0200D 
  30      C48C
  31 0012 CC0C8C4C 		.ascii	"\314\014\214L\023\316104r012\202\030\015\034\214\014"
  31      13CE3130 
  31      34723031 
  31      3282180D 
ARM GAS  /tmp/ccOSAmuN.s 			page 2


  31      1C8C0C
  32 0025 F54C8CF5 		.ascii	"\365L\214\365\214\375\314\323\231\031\017\265?\333\311"
  32      8CFDCCD3 
  32      99190FB5 
  32      3FDBC9
  33 0034 A4B9BC01 		.ascii	"\244\271\274\001\010\016L\377 \331\260\342\000\343|"
  33      080E4CFF 
  33      20D9B0E2 
  33      00E37C
  34 0043 66068699 		.ascii	"f\006\206\231@\014\002\214\313\0315\031\200\312\036"
  34      400C028C 
  34      CB193519 
  34      80CA1E
  35 0052 6DFC3795 		.ascii	"m\3747\225\227\215\005\"\316\270\202\221\015h\005\303"
  35      978D0522 
  35      CEB88291 
  35      0D6805C3 
  36 0062 FA4B8C07 		.ascii	"\372K\214\007\032\376\375oo8\360d\021\343G/N\006\206"
  36      1AFEFD6F 
  36      6F38F064 
  36      11E3472F 
  36      4E0686
  37 0075 2EA034C8 		.ascii	".\2404\310\216nf&\020\315\374\232\261y\301oi\220z\220"
  37      8E6E6626 
  37      10CDFC9A 
  37      B179C16F 
  37      69907A90 
  38 0089 213B77BE 		.ascii	"!;w\276\271\315^\377\267\201c>3\343Lf\240\011\214+\031"
  38      B9CD5EFF 
  38      B781633E 
  38      33E34C66 
  38      A0098C2B 
  39 009e EB19E603 		.ascii	"\353\031\346\003\325\202\324\255\344\301\256\216\011"
  39      D582D4AD 
  39      E4C1AE8E 
  39      09
  40 00ab A86E1592 		.ascii	"\250n\025\222\272\257\274\330\325\001\255f\\\215\244"
  40      BAAFBCD8 
  40      D501AD66 
  40      5C8DA4
  41 00ba 6E2D1F76 		.ascii	"n-\037vu,@uk\220\324\355\304\241\216\025\250n-\222\272"
  41      752C4075 
  41      6B90D4ED 
  41      C4A18E15 
  41      A86E2D92 
  42 00cf BF22D8D5 		.ascii	"\277\"\330\325\261\001\325\255C6O\024\273:v\240\272"
  42      B101D5AD 
  42      43364F14 
  42      BB3A76A0 
  42      BA
  43 00e0 F550756F 		.ascii	"\365Puo\031\233\026<\236\312\010V\010\002]\300\320\000"
  43      199B163C 
  43      9ECA0856 
  43      08025DC0 
  43      D000
  44 00f2 8617D0AB 		.ascii	"\206\027\320\253Jzz\372\020\344\234\221\231\224\351"
  44      4A7A7AFA 
ARM GAS  /tmp/ccOSAmuN.s 			page 3


  44      10E49C91 
  44      9994E9
  45 0101 1FAC9F5F 		.ascii	"\037\254\237_\254\237\221\230\243_\\\224\014\242\365"
  45      AC9F9198 
  45      A35F5C94 
  45      0CA2F5
  46 0110 92190036 		.ascii	"\222\031\0006A\215\241"
  46      418DA1
  47              		.text
  48              		.section	.gnu.lto_.symbol_nodes.a6c8a38699b10964,"",%progbits
  49 0000 789C55C8 		.ascii	"x\234U\310\301\015\3020\020\005\321\361w\234\264\005"
  49      C10DC230 
  49      1005D1F1 
  49      779CB405 
  50 0010 95AD0F14 		.ascii	"\225\255\017\024@\021\251\"Wr \001B\013 \245\016\204"
  50      4011A922 
  50      57722001 
  50      420B20A5 
  50      0E84
  51 0022 D9133B97 		.ascii	"\331\023;\227\221^A\\h\351*\203\363\006mS=Bz\312\222"
  51      915E415C 
  51      68E92A83 
  51      F3066D53 
  51      3D427ACA 
  52 0037 0BD47A68 		.ascii	"\013\324zh\260\311\024\340!\313\001\356\262.\300MV\002"
  52      B0C914E0 
  52      21CB01EE 
  52      B22EC04D 
  52      5602
  53 0049 ACB23EC0 		.ascii	"\254\262>\300\"\033\376!30\276>)\3233\373\013\273\277"
  53      221BFE21 
  53      3330BE3E 
  53      29D333FB 
  53      0BBBBF
  54 005c E3F4FE3D 		.ascii	"\343\364\376=3\372\305\354O\354\355|\001\262\3233h"
  54      33FAC5EC 
  54      4FECED7C 
  54      01B2D333 
  54      68
  55              		.text
  56              		.section	.gnu.lto_.refs.a6c8a38699b10964,"",%progbits
  57 0000 789C6365 		.ascii	"x\234ce`b`d\000\002\000\000I\000\011"
  57      60626064 
  57      00020000 
  57      490009
  58              		.text
  59              		.section	.gnu.lto_.decls.a6c8a38699b10964,"",%progbits
  60 0000 789C8D92 		.ascii	"x\234\215\222mHSQ\030\200\317\273;u\316Y\022\021R\022"
  60      6D485351 
  60      1880CFBB 
  60      3B75CE59 
  60      12115212 
  61 0014 E22F2BDA 		.ascii	"\342/+\332\320\206DX\004\246&\230J\246\377b\370E\033"
  61      D0864458 
  61      04A62698 
  61      4AA6FF62 
  61      F8451B
ARM GAS  /tmp/ccOSAmuN.s 			page 4


  62 0027 988A9B65 		.ascii	"\230\212\233e\364\347\372AA\204Y\231\241\224\011\022"
  62      F4E7FA41 
  62      41845999 
  62      A1940912 
  63 0037 9A4E9DF3 		.ascii	"\232N\235\363k\272\231\223015M\010#\323\251\221\004"
  63      6BBA9993 
  63      3031354D 
  63      0823D3A9 
  63      9104
  64 0049 9A1FF423 		.ascii	"\232\037\364#\003\311\336{\356\275\273\213\024vv\337"
  64      03C9DE7B 
  64      EEBDBB8B 
  64      147676DF 
  65 0059 F375DFE7 		.ascii	"\363u\337\3479\347\334\035\037\"#\243\014!\363@H%!d"
  65      39E7DC1D 
  65      1F2223A3 
  65      0C21F340 
  65      48252164 
  66 006d 078B0CDB 		.ascii	"\007\213\014\333V\"\025\005F\033\206\005\303\212\321"
  66      56221505 
  66      461B8605 
  66      C38AD1
  67 007c 85D18361 		.ascii	"\205\321\203a\303\350\307p\220\377\313U\364\241\226"
  67      C3E8C770 
  67      90FFCB55 
  67      F4A196
  68 008b A4630C7A 		.ascii	"\244c\014z\370D\227C`m\202\253Kp[vq=e`bq\371\310<|\001"
  68      F8449743 
  68      606D82AB 
  68      4B705B76 
  68      713D6560 
  69 00a6 20004180 		.ascii	" \000A\200\015\001\376\0357#\264t\357\264\000?\306Z"
  69      0D01FE1D 
  69      3723B474 
  69      EFB4003F 
  69      C65A
  70 00b8 466B22A6 		.ascii	"Fk\"\246\203\250\004\372\303G\006|\262\214\354\226\344"
  70      83A804FA 
  70      C347067C 
  70      B28CEC96 
  70      E4
  71 00c9 69945614 		.ascii	"i\224V\024\2138\007\377*9\033xLx\002\036B\341\024|\206"
  71      8B3807FF 
  71      2A391B78 
  71      4C78021E 
  71      42E1147C 
  72 00de C71EC5D3 		.ascii	"\307\036\305\323\320\317G\017\277z\377\347\013\271\013"
  72      D0CF470F 
  72      BF7AFFE7 
  72      0BB90B
  73 00ed E6000248 		.ascii	"\346\000\002H\375y\240s\033\235\354\222\222\301u\260"
  73      FD79A073 
  73      1B9DEC92 
  73      92C175B0 
  74 00fd EFFADD14 		.ascii	"\357\372\335\024\2476\263|Q\034\226\276\332\360\316"
  74      A736B37C 
  74      511C96BE 
ARM GAS  /tmp/ccOSAmuN.s 			page 5


  74      DAF0CE
  75 010c 2FE7FE0A 		.ascii	"/\347\376\012\006\016(A\206\303\351\215\361\347\001"
  75      060E2841 
  75      86C3E98D 
  75      F1E701
  76 011b 383CA884 		.ascii	"8<\250\204 \034n\225|\034R\006WS\252\214\015\222A\372"
  76      201C6E95 
  76      7C1C5206 
  76      5753AA8C 
  76      0D9241FA 
  77 012f 21304308 		.ascii	"!0C\010\264@\010\356\240\025\202\261\316\224\363&[\345"
  77      B44008EE 
  77      A01582B1 
  77      CE94F326 
  77      5BE5
  78 0141 CC8A22AC 		.ascii	"\314\212\"\254\236\255_`\235\256\322\243\325el\023R"
  78      9EAD5F60 
  78      9DAED2A3 
  78      D5656C13 
  78      52
  79 0152 A15C16BC 		.ascii	"\241\\\026\274\002\006\232A\315m\033\273X7\201\013\240"
  79      02069A41 
  79      CD6D1BBB 
  79      5837810B 
  79      A0
  80 0163 11F04A41 		.ascii	"\021\360JA\033\204!}\327\272\346\362a\242\350f\037Z"
  80      1B84217D 
  80      D7BAE6F2 
  80      61A2E866 
  80      1F5A
  81 0175 A7961834 		.ascii	"\247\226\0304-\260\254s}\344DI\303\035g\012]\015\332"
  81      2DB0AC73 
  81      7DE44449 
  81      C31D670A 
  81      5D0DDA
  82 0188 254F3BF0 		.ascii	"%O;\360\207\007\013\345\307\227\347n3\327(\336\366d"
  82      87070BE5 
  82      C797E76E 
  82      33D728DE 
  82      F664
  83 019a 72DD4FC0 		.ascii	"r\335O\300\307\352N\317\276t\343\035\022\336!\342V\212"
  83      C7EA4ECF 
  83      BE74E31D 
  83      12DE21E2 
  83      568A
  84 01ac 4FBE6BD8 		.ascii	"O\276k\330\016d\314@\005\325\216\2411\177A0\333\026"
  84      0E64CC40 
  84      05D58EA1 
  84      317F4130 
  84      DB16
  85 01be 3E6E65CB 		.ascii	">ne\313}(\337)\361\235\"\337E\371\255\276\252\021%\263"
  85      7D28DF29 
  85      F19D22DF 
  85      45F9ADBE 
  85      AA1125B3 
  86 01d2 C8F36B53 		.ascii	"\310\363kS-\237T\342\006\006\242\307\334|\267\304w\213"
  86      2D9F54E2 
ARM GAS  /tmp/ccOSAmuN.s 			page 6


  86      0606A2C7 
  86      DC7CB7C4 
  86      778B
  87 01e4 7C0FE5ED 		.ascii	"|\017\345\355\243\353\323r\246\212\377\263\336\216\226"
  87      A3EBD372 
  87      A68AFFB3 
  87      DE8E96
  88 01f3 6EFA0AFC 		.ascii	"n\372\012\374\327\261h\273\233\357\225\370^\221\267"
  88      D7B168BB 
  88      9BEF95F8 
  88      5E91B7
  89 0202 51BED95C 		.ascii	"Q\276\331\\\363\315\237\031\341\371\341\345\357\025"
  89      F3CD9F19 
  89      E1F9E1E5 
  89      EF15
  90 0210 E2FE573E 		.ascii	"\342\376W>\207\377q\363}\022\337'\362\375\224\257\251"
  90      87FF71F3 
  90      7D12DF27 
  90      F2FD94AF 
  90      A9
  91 0221 7B606198 		.ascii	"{`a\230\307\014\345\037\325n\277\227\011\374\233U\355"
  91      C70CE51F 
  91      D56EBF97 
  91      09FC9B55 
  91      ED
  92 0232 8F46F707 		.ascii	"\217F\367\007\264K\002\273(pP\301\207r\3133\206\277"
  92      B44B02BB 
  92      287050C1 
  92      8772CB33 
  92      86BF
  93 0244 47721C6E 		.ascii	"Gr\034nN\324~\335\307\337\243P\356\372m\315\314\253"
  93      4ED47EDD 
  93      C7DFA350 
  93      EEFA6DCD 
  93      CCAB
  94 0256 54F758B6 		.ascii	"T\367X\266\224\255,c\375/R\331k\274H\003\364\"\015\202"
  94      94AD2C63 
  94      FD2F52D9 
  94      6BBC4803 
  94      F4220D82 
  95 026a 8AAAB8D6 		.ascii	"\212\252\270\326O\237\221\233\220g0)\342\223\322Bc\""
  95      4F9F919B 
  95      90673029 
  95      E293D242 
  95      6322
  96 027c 2248985A 		.ascii	"\"H\230Z\255\341\237\030\275!\323\220\234\252\3117j"
  96      ADE19F18 
  96      BD21D390 
  96      9CAAC937 
  96      6A
  97 028d 3049632C 		.ascii	"0Ic,\314\342Zu\026\3615\2328\344\330^\231\206\274\254"
  97      CCE25A75 
  97      16F1359A 
  97      38E4D85E 
  97      9986BCAC 
  98 02a1 DCA2EC1C 		.ascii	"\334\242\354\034\256\2573\232\324z\342\237\231\237Q"
  98      AEAF339A 
ARM GAS  /tmp/ccOSAmuN.s 			page 7


  98      D47AE29F 
  98      999F51
  99 02b0 98CD3167 		.ascii	"\230\3151g\366bh\206Q\223zE\227\224\026\223\030\233"
  99      F6626886 
  99      51937A45 
  99      97941693 
  99      189B
 100 02c2 1CA5D5C5 		.ascii	"\034\245\325\305i\265Q\227c\3717(\3615R\303I\257V\315"
 100      69B55197 
 100      63F93728 
 100      F13552C3 
 100      49AF56CD 
 101 02d6 2934E056 		.ascii	")4\340V\365\304\257\340\346u\216:\356\015\205\271\034"
 101      F5C4AFE0 
 101      E6758E3A 
 101      EE0D85B9 
 101      1C
 102 02e7 62C82AF2 		.ascii	"b\310*\362\032\301\\D\002u\005\330\317\315\315\326\031"
 102      1AC15C44 
 102      027505D8 
 102      CFCDCDD6 
 102      19
 103 02f8 103CBB17 		.ascii	"\020<\273\027X\220_h\342\216x\351T\244&1\361\202&>%"
 103      58905F68 
 103      E28E78E9 
 103      54A42631 
 103      F182263E 
 104 030d 21F94624 		.ascii	"!\371F$\2774\317\243K\245\367P\235\363FE\3538mq\261"
 104      BF34CFA3 
 104      4BA5F750 
 104      9DF34645 
 104      EB386D71 
 105 0322 46444DB7 		.ascii	"FDM\267\012r\"\320\365\027\265\203\250\221"
 105      0A7222D0 
 105      F517B583 
 105      A891
 106              		.text
 107              		.section	.gnu.lto_.symtab.a6c8a38699b10964,"",%progbits
 108 0000 68616C49 		.ascii	"halInit\000"
 108      6E697400 
 109 0008 00       		.ascii	"\000"
 110 0009 00       		.ascii	"\000"
 111 000a 00       		.ascii	"\000"
 112 000b 00000000 		.ascii	"\000\000\000\000\000\000\000\000"
 112      00000000 
 113 0013 AE000000 		.ascii	"\256\000\000\000"
 114 0017 7374496E 		.ascii	"stInit\000"
 114      697400
 115 001e 00       		.ascii	"\000"
 116 001f 02       		.ascii	"\002"
 117 0020 00       		.ascii	"\000"
 118 0021 00000000 		.ascii	"\000\000\000\000\000\000\000\000"
 118      00000000 
 119 0029 B0000000 		.ascii	"\260\000\000\000"
 120 002d 626F6172 		.ascii	"boardInit\000"
 120      64496E69 
 120      7400
ARM GAS  /tmp/ccOSAmuN.s 			page 8


 121 0037 00       		.ascii	"\000"
 122 0038 02       		.ascii	"\002"
 123 0039 00       		.ascii	"\000"
 124 003a 00000000 		.ascii	"\000\000\000\000\000\000\000\000"
 124      00000000 
 125 0042 B2000000 		.ascii	"\262\000\000\000"
 126 0046 7364496E 		.ascii	"sdInit\000"
 126      697400
 127 004d 00       		.ascii	"\000"
 128 004e 02       		.ascii	"\002"
 129 004f 00       		.ascii	"\000"
 130 0050 00000000 		.ascii	"\000\000\000\000\000\000\000\000"
 130      00000000 
 131 0058 B4000000 		.ascii	"\264\000\000\000"
 132 005c 70776D49 		.ascii	"pwmInit\000"
 132      6E697400 
 133 0064 00       		.ascii	"\000"
 134 0065 02       		.ascii	"\002"
 135 0066 00       		.ascii	"\000"
 136 0067 00000000 		.ascii	"\000\000\000\000\000\000\000\000"
 136      00000000 
 137 006f B6000000 		.ascii	"\266\000\000\000"
 138 0073 69637549 		.ascii	"icuInit\000"
 138      6E697400 
 139 007b 00       		.ascii	"\000"
 140 007c 02       		.ascii	"\002"
 141 007d 00       		.ascii	"\000"
 142 007e 00000000 		.ascii	"\000\000\000\000\000\000\000\000"
 142      00000000 
 143 0086 B8000000 		.ascii	"\270\000\000\000"
 144 008a 5F70616C 		.ascii	"_pal_lld_init\000"
 144      5F6C6C64 
 144      5F696E69 
 144      7400
 145 0098 00       		.ascii	"\000"
 146 0099 02       		.ascii	"\002"
 147 009a 00       		.ascii	"\000"
 148 009b 00000000 		.ascii	"\000\000\000\000\000\000\000\000"
 148      00000000 
 149 00a3 BA000000 		.ascii	"\272\000\000\000"
 150 00a7 68616C5F 		.ascii	"hal_lld_init\000"
 150      6C6C645F 
 150      696E6974 
 150      00
 151 00b4 00       		.ascii	"\000"
 152 00b5 02       		.ascii	"\002"
 153 00b6 00       		.ascii	"\000"
 154 00b7 00000000 		.ascii	"\000\000\000\000\000\000\000\000"
 154      00000000 
 155 00bf BC000000 		.ascii	"\274\000\000\000"
 156              		.text
 157              		.section	.gnu.lto_.opts,"",%progbits
 158 0000 272D666D 		.ascii	"'-fmath-errno' '-fsigned-zeros' '-ftrapping-math' '"
 158      6174682D 
 158      6572726E 
 158      6F272027 
 158      2D667369 
ARM GAS  /tmp/ccOSAmuN.s 			page 9


 159 0033 2D666E6F 		.ascii	"-fno-trapv' '-fno-strict-overflow' '-fno-openmp' '-"
 159      2D747261 
 159      70762720 
 159      272D666E 
 159      6F2D7374 
 160 0066 666E6F2D 		.ascii	"fno-openacc' '-mcpu=cortex-m4' '-mthumb' '-mfloat-a"
 160      6F70656E 
 160      61636327 
 160      20272D6D 
 160      6370753D 
 161 0099 62693D68 		.ascii	"bi=hard' '-mfpu=fpv4-sp-d16' '-ggdb' '-Og' '-fomit-"
 161      61726427 
 161      20272D6D 
 161      6670753D 
 161      66707634 
 162 00cc 6672616D 		.ascii	"frame-pointer' '-falign-functions=16' '-ffunction-s"
 162      652D706F 
 162      696E7465 
 162      72272027 
 162      2D66616C 
 163 00ff 65637469 		.ascii	"ections' '-fdata-sections' '-fno-common' '-flto'\000"
 163      6F6E7327 
 163      20272D66 
 163      64617461 
 163      2D736563 
 164              		.text
 165              		.comm	__gnu_lto_v1,1,1
 166              		.comm	__gnu_lto_slim,1,1
 167              		.ident	"GCC: (15:6.3.1+svn253039-1build1) 6.3.1 20170620"
ARM GAS  /tmp/ccOSAmuN.s 			page 10


DEFINED SYMBOLS
                            *ABS*:0000000000000000 hal.c
                            *COM*:0000000000000001 __gnu_lto_v1
                            *COM*:0000000000000001 __gnu_lto_slim

NO UNDEFINED SYMBOLS
