ARM GAS  /tmp/ccQmuKWU.s 			page 1


   1              		.cpu cortex-m4
   2              		.eabi_attribute 27, 1
   3              		.eabi_attribute 28, 1
   4              		.eabi_attribute 20, 1
   5              		.eabi_attribute 21, 1
   6              		.eabi_attribute 23, 3
   7              		.eabi_attribute 24, 1
   8              		.eabi_attribute 25, 1
   9              		.eabi_attribute 26, 1
  10              		.eabi_attribute 30, 1
  11              		.eabi_attribute 34, 1
  12              		.eabi_attribute 18, 4
  13              		.file	"hal_mmcsd.c"
  14              		.text
  15              	.Ltext0:
  16              		.section	.gnu.lto_.profile.5f66cd1a36fa2d1,"",%progbits
  17 0000 789C6365 		.ascii	"x\234ce`b`d\000\002\000\000I\000\011"
  17      60626064 
  17      00020000 
  17      490009
  18              		.text
  19              		.section	.gnu.lto_.inline.5f66cd1a36fa2d1,"",%progbits
  20 0000 789C6365 		.ascii	"x\234ce`\002Bd\000\000\000\250\000\012"
  20      60024264 
  20      000000A8 
  20      000A
  21              		.text
  22              		.section	.gnu.lto_.pureconst.5f66cd1a36fa2d1,"",%progbits
  23 0000 789C6365 		.ascii	"x\234ce`b`d\000\002\000\000I\000\011"
  23      60626064 
  23      00020000 
  23      490009
  24              		.text
  25              		.section	.gnu.lto_.symbol_nodes.5f66cd1a36fa2d1,"",%progbits
  26 0000 789C6365 		.ascii	"x\234ce`\002B\020\000\000\000X\000\012"
  26      60024210 
  26      00000058 
  26      000A
  27              		.text
  28              		.section	.gnu.lto_.refs.5f66cd1a36fa2d1,"",%progbits
  29 0000 789C6365 		.ascii	"x\234ce`b`d\000\002\000\000I\000\011"
  29      60626064 
  29      00020000 
  29      490009
  30              		.text
  31              		.section	.gnu.lto_.decls.5f66cd1a36fa2d1,"",%progbits
  32 0000 789C6365 		.ascii	"x\234ce`b\000\001F V\001\342\377@\000b\257e \000\000"
  32      60620001 
  32      46205601 
  32      E2FF4000 
  32      62AF6520 
  33 0016 BC1D04D7 		.ascii	"\274\035\004\327"
  34              		.text
  35              		.section	.gnu.lto_.symtab.5f66cd1a36fa2d1,"",%progbits
  36              		.text
  37              		.section	.gnu.lto_.opts,"",%progbits
  38 0000 272D666D 		.ascii	"'-fmath-errno' '-fsigned-zeros' '-ftrapping-math' '"
ARM GAS  /tmp/ccQmuKWU.s 			page 2


  38      6174682D 
  38      6572726E 
  38      6F272027 
  38      2D667369 
  39 0033 2D666E6F 		.ascii	"-fno-trapv' '-fno-strict-overflow' '-fno-openmp' '-"
  39      2D747261 
  39      70762720 
  39      272D666E 
  39      6F2D7374 
  40 0066 666E6F2D 		.ascii	"fno-openacc' '-mcpu=cortex-m4' '-mthumb' '-mfloat-a"
  40      6F70656E 
  40      61636327 
  40      20272D6D 
  40      6370753D 
  41 0099 62693D68 		.ascii	"bi=hard' '-mfpu=fpv4-sp-d16' '-ggdb' '-Og' '-fomit-"
  41      61726427 
  41      20272D6D 
  41      6670753D 
  41      66707634 
  42 00cc 6672616D 		.ascii	"frame-pointer' '-falign-functions=16' '-ffunction-s"
  42      652D706F 
  42      696E7465 
  42      72272027 
  42      2D66616C 
  43 00ff 65637469 		.ascii	"ections' '-fdata-sections' '-fno-common' '-flto'\000"
  43      6F6E7327 
  43      20272D66 
  43      64617461 
  43      2D736563 
  44              		.text
  45              		.comm	__gnu_lto_v1,1,1
  46              		.comm	__gnu_lto_slim,1,1
  47              		.ident	"GCC: (15:6.3.1+svn253039-1build1) 6.3.1 20170620"
ARM GAS  /tmp/ccQmuKWU.s 			page 3


DEFINED SYMBOLS
                            *ABS*:0000000000000000 hal_mmcsd.c
                            *COM*:0000000000000001 __gnu_lto_v1
                            *COM*:0000000000000001 __gnu_lto_slim

NO UNDEFINED SYMBOLS
