ARM GAS  /tmp/cc0RGesW.s 			page 1


   1              		.cpu cortex-m4
   2              		.eabi_attribute 27, 1
   3              		.eabi_attribute 28, 1
   4              		.eabi_attribute 20, 1
   5              		.eabi_attribute 21, 1
   6              		.eabi_attribute 23, 3
   7              		.eabi_attribute 24, 1
   8              		.eabi_attribute 25, 1
   9              		.eabi_attribute 26, 1
  10              		.eabi_attribute 30, 1
  11              		.eabi_attribute 34, 1
  12              		.eabi_attribute 18, 4
  13              		.file	"hal_pal.c"
  14              		.text
  15              	.Ltext0:
  16              		.section	.gnu.lto_.profile.36919f119469c06b,"",%progbits
  17 0000 789C6365 		.ascii	"x\234ce`b`a```d\2100\004\000\001a\000\226"
  17      60626061 
  17      60606064 
  17      88300400 
  17      01610096 
  18              		.text
  19              		.section	.gnu.lto_.inline.36919f119469c06b,"",%progbits
  20 0000 789C6365 		.ascii	"x\234ce`b\210b@\000f\006\006\001\021F\006&\241?\235"
  20      60628862 
  20      40006606 
  20      06011146 
  20      0626A13F 
  21 0015 8C0C5C7F 		.ascii	"\214\014\\\177l\231@\202L\334\014\014@1\006QI )\323"
  21      6C994082 
  21      4CDC0C0C 
  21      40310651 
  21      492029D3 
  22 0029 73035D86 		.ascii	"s\003]\206\205AH\036(\303w'\013.\301\302\0134k\202\037"
  22      8541481E 
  22      28C37727 
  22      0B2EC1C2 
  22      0B346B82 
  23 003e 0842D430 		.ascii	"\010B\3240\000\000$,\014\013"
  23      0000242C 
  23      0C0B
  24              		.text
  25              		.section	.gnu.lto_.jmpfuncs.36919f119469c06b,"",%progbits
  26 0000 789C6365 		.ascii	"x\234ce`b\340g@\000f\020\301\004\304,`.\000\002\342"
  26      6062E067 
  26      40006610 
  26      C104C42C 
  26      602E0002 
  27 0015 0020     		.ascii	"\000 "
  28              		.text
  29              		.section	.gnu.lto_.pureconst.36919f119469c06b,"",%progbits
  30 0000 789C6365 		.ascii	"x\234ce`b`g```f\220b\222b\221\004\000\001\317\000e"
  30      60626067 
  30      60606066 
  30      90629262 
  30      91040001 
  31              		.text
ARM GAS  /tmp/cc0RGesW.s 			page 2


  32              		.section	.gnu.lto_palReadBus.36919f119469c06b,"",%progbits
  33 0000 789C9552 		.ascii	"x\234\225RKOSQ\020\236\271s\357\355\355\203\202;\027"
  33      4B4F5351 
  33      109EB973 
  33      EFEDED83 
  33      823B17
  34 0013 C4746124 		.ascii	"\304ta$M\0147\376\006\214[\027\376\000\003l \222hl\\"
  34      4D0C37FE 
  34      068C5B17 
  34      FE00036C 
  34      2092686C 
  35 0028 F7000515 		.ascii	"\367\000\005\025\243\020\243\266 \345\232\030D\344]"
  35      A310A3B6 
  35      20E59A18 
  35      44E45D
  36 0037 5F14511B 		.ascii	"_\024Q\033\272\360\221\370\200\230h\360\031u\203\217"
  36      BAF091F8 
  36      809868F0 
  36      1975838F 
  37 0047 448A8989 		.ascii	"D\212\211\211Qp\346\264@\343\216\244=\347\314\234o\276"
  37      5170E6B4 
  37      40E38EA4 
  37      3DE7CC9C 
  37      6FBE
  38 0059 F9E63BD7 		.ascii	"\371\346;\327\002\003\372\011`7\000\354\345?\332\200"
  38      0203FA09 
  38      603700EC 
  38      E53FDA80 
  39 0069 46CF5380 		.ascii	"F\317S\200V\3070\314K\026\250\000\375x\010\240Bd\230"
  39      56C730CC 
  39      4B16A800 
  39      FD7808A0 
  39      426498
  40 007c 2F5C0EAD 		.ascii	"/\\\016\255\331\035\034\231h\025Q\026\242\034\224\203"
  40      D91D1C99 
  40      68155116 
  40      A21C9483 
  41 008c 1037C8B4 		.ascii	"\0207\310\2640\216\335\224$\234OL\366\323\031\362\010"
  41      308EDD94 
  41      249C4F4C 
  41      F6D319F2 
  41      08
  42 009d D0E470F9 		.ascii	"\320\344p\371I\337\247\260\204\210\021\016/\252\205"
  42      49DFA7B0 
  42      8488110E 
  42      2FAA85
  43 00ac 93BEE890 		.ascii	"\223\276\350\220Rm*\227<k\017d\236+\277G\006\3642\374"
  43      526D2A97 
  43      3C6B0F64 
  43      9E2BBF47 
  43      06F432FC 
  44 00c0 2A56E310 		.ascii	"*V\343\020V\213\230a\2142\270c>\331I\024E\340\363\333"
  44      568B9861 
  44      8C32B863 
  44      3ED94914 
  44      45E0F3DB 
  45 00d4 F71F869D 		.ascii	"\367\037\206\235\232A]\370\363\034\251\235\036\021^"
ARM GAS  /tmp/cc0RGesW.s 			page 3


  45      9A415DF8 
  45      F31CA99D 
  45      1E115E
  46 00e3 432A2FE4 		.ascii	"C*/\344\024\340\010\326\010\376\343\324\352\371\012"
  46      14E008D6 
  46      08FEE3D4 
  46      EAF90A
  47 00f2 DBBCCC23 		.ascii	"\333\274\314#2\204)G\321F\33681\261\2009\265\272v\\"
  47      32842947 
  47      D146DE38 
  47      31B18039 
  47      B5BA765C 
  48 0106 E5DE0C62 		.ascii	"\345\336\014bz_\310@)2\271\334\264y\261|\274\330\216"
  48      7A5FC840 
  48      2932B9DC 
  48      B479B17C 
  48      BCD88E
  49 0119 847E3905 		.ascii	"\204~9\005d\011\202\250\204.\246\222\251Oq\300;}\306"
  49      640982A8 
  49      842EA692 
  49      A94F71C0 
  49      3B7DC6
  50 012c C462FE5D 		.ascii	"\304b\376]\312\026\3664\031\334\367B\307\3343\237\314"
  50      CA16F634 
  50      19DCF742 
  50      C7DC339F 
  50      CC
  51 013d 4B0838A6 		.ascii	"K\0108\246\247\0218\001\233IK\3306\343/b\305\233_\017"
  51      A7113801 
  51      9B494BD8 
  51      36E32F62 
  51      C59B5F0F 
  52 0151 1E9F0879 		.ascii	"\036\237\010y\230nUJE<\3621C\261\204\357\006R\323+a"
  52      986E554A 
  52      453CF231 
  52      43B184EF 
  52      0652D32B 
  53 0166 774CF5E8 		.ascii	"wL\365\350+\007\307\321\303\224\014\0028\201.p\343W"
  53      2B07C7D1 
  53      C3940C02 
  53      38812E70 
  53      E357
  54 0178 759B4CA3 		.ascii	"u\233L\243W\226s\225\322\325\301J\234\334\350j\302\342"
  54      57967395 
  54      D2D5C14A 
  54      9CDCE86A 
  54      C2E2
  55 018a 1EFA8A89 		.ascii	"\036\372\212\211\210 \2055\233\375\366\332\027\377\253"
  55      88208535 
  55      9BFDF6DA 
  55      17FFAB
  56 0199 1C8FFCBD 		.ascii	"\034\217\374\275$~La\034\312e\007\264\333\355\277\357"
  56      247E4C61 
  56      1CCA6507 
  56      B4DBEDBF 
  56      EF
  57 01aa AF8419B7 		.ascii	"\257\204\031\267\235\023b\241\344\036\365\215\034\022"
ARM GAS  /tmp/cc0RGesW.s 			page 4


  57      9D1362A1 
  57      E41EF58D 
  57      1C12
  58 01b8 B1551E05 		.ascii	"\261U\036\005\361:?w\246$u\355Kf\334\317\340\224\226"
  58      F13A3F77 
  58      A62475ED 
  58      4B66DCCF 
  58      E09496
  59 01cb 1AC01B2C 		.ascii	"\032\300\033,U7\304\233\030\367(\244\245X\332/1`\351"
  59      5537C49B 
  59      18F728A4 
  59      A558DA2F 
  59      3160E9
  60 01de 74BEE497 		.ascii	"t\276\344\227\275%\017*\360\226\366\000\305\203\333"
  60      BD250F2A 
  60      F096F600 
  60      C583DB
  61 01ed ECC112CE 		.ascii	"\354\301\022\316\255\273\351+\037!\254G\370\217\270"
  61      ADBBE92B 
  61      1F21AC47 
  61      F88FB8
  62 01fc 92DBE174 		.ascii	"\222\333\341t\211\370e\241\220\0171q\242U\256\2520\253"
  62      89F865A1 
  62      900F3171 
  62      A255AEAA 
  62      30AB
  63 020e 890D219E 		.ascii	"\211\015!\236\321\304\033\317\344l\361\231\356l>\323"
  63      D1C41BCF 
  63      E46CF199 
  63      EE6C3ED3 
  64 021e AC666A2F 		.ascii	"\254fj/tb\221\312\237\226R\247\234=\260%\366mxW\263"
  64      746291CA 
  64      9F9652A7 
  64      9C3DB025 
  64      F66D7857 
  65 0233 EBCFF95E 		.ascii	"\353\317\371^\221\375\317:{P7\010\300wl\213\2242\242"
  65      91FDCF3A 
  65      7B503708 
  65      C0776C8B 
  65      9432A2
  66 0246 A28BED62 		.ascii	"\242\213\355b\343y\264]\265\265n\361W\327\324\334\320"
  66      E379B45D 
  66      B5B56EF1 
  66      57D7D4DC 
  66      D0
  67 0257 BCFF807B 		.ascii	"\274\377\200{8\3466\325\267\270\261\243\215\262\037"
  67      38E636D5 
  67      B7B8B1A3 
  67      8DB21F
  68 0266 3C52DF52 		.ascii	"<R\337R\333\010\324p,\366\017\277\323-\214"
  68      DB08D470 
  68      2CF60FBF 
  68      D32D8C
  69              		.text
  70              		.section	.gnu.lto_palWriteBus.36919f119469c06b,"",%progbits
  71 0000 789C9552 		.ascii	"x\234\225RIO\024Q\020~_\277\356\236\225\231q9\230h\014"
  71      494F1451 
ARM GAS  /tmp/cc0RGesW.s 			page 5


  71      107E5FBF 
  71      EE9E9599 
  71      71399868 
  72 0015 07917090 		.ascii	"\007\221p\220\216z\360\007\350\335\203?\300\000\027"
  72      8E7AF007 
  72      E8DD833F 
  72      C00017
  73 0024 89241A47 		.ascii	"\211$\032G\343q\032\230\031\215\023\227\304\310\014"
  73      E3711A98 
  73      198D1397 
  73      C4C80C
  74 0033 EAD844A2 		.ascii	"\352\330D\242\210\202\"\256\203(#h\\\202\013\306\025"
  74      888222AE 
  74      83282368 
  74      5C820BC6 
  74      15
  75 0044 63342A26 		.ascii	"c4*&n\021\227\2501:X\365zX\364F\247\373\365\253z\365"
  75      6E1197A8 
  75      313A58F5 
  75      7A58F446 
  75      A7FBF5AB 
  76 005a BEFAEAAB 		.ascii	"\276\372\352\2532\204&\206u!\226\012!V\320\007S@\333"
  76      32842686 
  76      7521960A 
  76      2156D007 
  76      5340DB
  77 006d 755B887A 		.ascii	"u[\210z\257\246\351-\206\260\375r\364\272\020vPj\372"
  77      AFA6E92D 
  77      86B0FD72 
  77      F4BA1076 
  77      506AFA
  78 0080 7D8B4CA3 		.ascii	"}\213L\243w>Y:\0147\312\000xc{!b\232\324\015\304\260"
  78      773E593A 
  78      0C37CA00 
  78      78637B21 
  78      629AD40D 
  79 0096 53A625FA 		.ascii	"S\246%\372\267\274\311i\025m6=\371\36473i'\3468R\210"
  79      B7BCC969 
  79      156D363D 
  79      F9F43733 
  79      6927E638 
  80 00ac 66FAF841 		.ascii	"f\372\370A\033*(j(\336\265_\356\220\216\004t2?\337\332"
  80      1B2A286A 
  80      28DEB55F 
  80      EE908E04 
  80      74323FDF 
  81 00c1 FB2AC4A6 		.ascii	"\373*\304\246\206R2\023C\351\244\224\025\020\264\177"
  81      86523213 
  81      43E9A494 
  81      1510B47F 
  82 00d1 F6FC45BB 		.ascii	"\366\374E\273\267\374\220m7\330\371\337\273\245\275"
  82      B7FC906D 
  82      37D8F9DF 
  82      BBA5BD
  83 00e0 C0911247 		.ascii	"\300\221\022G!\011\020\355\230\207#\230'\310%p\014\345"
  83      210910ED 
  83      98872398 
ARM GAS  /tmp/cc0RGesW.s 			page 6


  83      27C82570 
  83      0CE5
  84 00f2 149E2D1C 		.ascii	"\024\236-\034\274\026\220\213\324\325\234\263\277\335"
  84      BC16908B 
  84      D4D59CB3 
  84      BFDD
  85 0100 2C5E1D6C 		.ascii	",^\035lRWut\374\177U\027\350D9\307\277<Y\330Sb\352\255"
  85      52577574 
  85      FC7F5517 
  85      E84439C7 
  85      BF3C59D8 
  86 0118 E374711C 		.ascii	"\343tq\034&\204\320\310A\247O\356v\245Br\211BN<H\317"
  86      2684D0C8 
  86      41A74FEE 
  86      76A54272 
  86      89424E3C 
  87 012e 2F6B55C0 		.ascii	"/kU\300\337\367\231\315v>^\352H\003'\376\305V\365v\241"
  87      DFF799CD 
  87      763E5EEA 
  87      480327FE 
  87      C556F576 
  88 0143 ECC43DE4 		.ascii	"\354\304=\344\355\302\330\026;\377p\356\247o\317g\314"
  88      EDC2D816 
  88      3BFF70EE 
  88      A76FCF67 
  88      CC
  89 0154 D4C06C75 		.ascii	"\324\300luJn\232\340\354\036\332z\274\274\370x\361\363"
  89      4A6E9AE0 
  89      EC1EDA7A 
  89      BCBCF878 
  89      F1F3
  90 0166 49809720 		.ascii	"I\200\227 \233%\274\204x\011+\274\010m\275Bl#\216\334"
  90      9B25BC84 
  90      78092BBC 
  90      086DBD42 
  90      6C238EDC 
  91 017a 8294D4F8 		.ascii	"\202\224\324\370/_#><\360f\237\311\264\263R#\232M\211"
  91      2F5F233E 
  91      3CF0669F 
  91      C9B4B352 
  91      239A4D89 
  92 018e FE3B1E96 		.ascii	"\376;\036\226UB\340d\221Q\212\304\242\316\312\267h\350"
  92      5542E064 
  92      91518AC4 
  92      A2CECAB7 
  92      68E8
  93 01a0 F1B9B1DC 		.ascii	"\361\271\261\334\202\037\327nn\015:\310\326S\343\250"
  93      821FD76E 
  93      6E0D3AC8 
  93      D653E3A8 
  94 01b0 181F21B8 		.ascii	"\030\037!\270W\350\354@\346\374\327\220\325i\357RG~"
  94      57E8EC40 
  94      E6FCD790 
  94      D569EF52 
  94      477E
  95 01c2 74C34146 		.ascii	"t\303AF5\024\247`\011J\374x\371$R\307\341\317\3710g"
  95      3514A760 
ARM GAS  /tmp/cc0RGesW.s 			page 7


  95      094AFC78 
  95      F92452C7 
  95      E1CFF930 
  96 01d7 F5238CD3 		.ascii	"\365#\214\323\023Yu1\274X\276G\274\224#U{r\037\236z"
  96      13597531 
  96      BC58BE47 
  96      BC942355 
  96      7B721F9E 
  97 01ec 627F6CAF 		.ascii	"b\177l\257#\003\315\304P\340\014bb*\355\240\022\273"
  97      2303CDC4 
  97      50E00C62 
  97      622AEDA0 
  97      12BB
  98 01fe F157DFD7 		.ascii	"\361W\337\327\020\305\321\034\005\2717\354\273\261\367"
  98      10C5D11C 
  98      05B937EC 
  98      BBB1F7
  99 020d D85A261B 		.ascii	"\330Z&\033qd\011\316\321\354\235-R\035{\327}\334G\301"
  99      716409CE 
  99      D1EC9D2D 
  99      521D7BD7 
  99      7DDC47C1 
 100 0221 19453588 		.ascii	"\031E5\210\363DU%D\0161G\206\024\025C\351E\002\024\222"
 100      F3445525 
 100      440E3147 
 100      86141543 
 100      E9450214 
 101 0236 23CB261B 		.ascii	"#\313&\033\317\332\252\246\023\225\036\256\306\223\225"
 101      CFDAAAA6 
 101      13951EAE 
 101      C69395
 102 0245 A6707552 		.ascii	"\246puR\266wZ:\205qA\351\004\326\251\227tz\213\306\337"
 102      B6775A3A 
 102      857141E9 
 102      04D6A997 
 102      747A8BC6 
 103 025a 49B8503E 		.ascii	"I\270P>\205\356\235\212\356\237f\027.Nv\341\222\213"
 103      85EE9D8A 
 103      EE9F6617 
 103      2E4E76E1 
 103      928B
 104 026c DE348E1E 		.ascii	"\3364\216\036p\321\356\215\016f\003,\244\211\010\372"
 104      70D1EE8D 
 104      0E66032C 
 104      A48908FA 
 105 027c 08866246 		.ascii	"\010\206bF\307c\202\212D\340\037V%T\260\313j2.\244\334"
 105      C763828A 
 105      44E01F56 
 105      2554B0CB 
 105      6A322EA4 
 106 0291 7EF6FD1C 		.ascii	"~\366\375\034\367\205\325\365\220\030AC){X9\362N\255"
 106      F785D5F5 
 106      90184143 
 106      297B5839 
 106      F24EAD
 107 02a4 2632AD6A 		.ascii	"&2\255j\"\310\253j4\256\346\262\252\246\277I!M\235\207"
 107      22C8AB6A 
ARM GAS  /tmp/cc0RGesW.s 			page 8


 107      34AEE6B2 
 107      AAA6BF49 
 107      214D9D87 
 108 02b8 196A1EFE 		.ascii	"\031j\036\376C\235I\271\320_D}\364\345\313@\220P\343"
 108      439D49B9 
 108      D05F447D 
 108      F4E5CB40 
 108      9050E3
 109 02cb F57C340B 		.ascii	"\365|4\013\003\012\26584\251\327#\017\215\211\303\331"
 109      030AB538 
 109      34A9D723 
 109      0F8D89C3 
 109      D9
 110 02dc B8022B43 		.ascii	"\270\002+CcI\031\257\302b\372\037\321\3202\266\335\235"
 110      634919AF 
 110      C262FA1F 
 110      D1D032B6 
 110      DD9D
 111 02ee 177EB651 		.ascii	"\027~\266Q\357hR\210\324\302\312J\313}\227\257\251\255"
 111      EF685288 
 111      D4C2CA4A 
 111      CB7D97AF 
 111      A9AD
 112 0300 AE5DB9CA 		.ascii	"\256]\271\312Z\027\265\326T\325Y\321\0155\374_\275\276"
 112      5A17B5D6 
 112      54D559D1 
 112      0D35FC5F 
 112      BDBE
 113 0312 AAAEB246 		.ascii	"\252\256\262F\310\352MQ\275\272vc\024\233\377\002\232"
 113      C8EA4D51 
 113      BDBA7663 
 113      149BFF02 
 113      9A
 114 0323 878BE1   		.ascii	"\207\213\341"
 115              		.text
 116              		.section	.gnu.lto_palSetBusMode.36919f119469c06b,"",%progbits
 117 0000 789C9592 		.ascii	"x\234\225\222\317KTQ\024\307\357\367\235\367\336\274"
 117      CF4B5451 
 117      14C7EFF7 
 117      9DF7DEBC 
 118 0010 F9E168BB 		.ascii	"\371\341h\273\026\022\263\210\304E>\374\033\014Z\266"
 118      1612B388 
 118      C4453EFC 
 118      1B0C5AB6 
 119 0020 68D32ED4 		.ascii	"h\323.\324\002%\303HZ\317U\3071\224T(\363\007\351\023"
 119      0225C348 
 119      5ACF55C7 
 119      31945428 
 119      F307E913 
 120 0034 42CDFCAD 		.ascii	"B\315\374\255\375p\374Q\203-\372](-\302\260\242\"(\025"
 120      FD70FC51 
 120      832DFA5D 
 120      282DC2B0 
 120      A2222815 
 121 0048 94590451 		.ascii	"\224Y\004Q\332\271\367YZ\264\3612\357\335{\356;\347"
 121      DAB9F759 
 121      5AB4F132 
ARM GAS  /tmp/cc0RGesW.s 			page 9


 121      EFDD7BEE 
 121      3BE7
 122 005a 7BBEF773 		.ascii	"{\276\367s\307\022\206\270DB\024\012!\216\360\003[\300"
 122      C71286B8 
 122      4442140A 
 122      218EF003 
 122      5BC0
 123 006c 68792144 		.ascii	"hy!D\265c\030f\217%d\210\326\037\011!#d\230\257\\\016"
 123      B5631866 
 123      8F256488 
 123      D61F0921 
 123      236498AF 
 124 0082 ADD9031C 		.ascii	"\255\331\003\034\231\260\374,\013P\013\351@\304\015"
 124      99B0FC2C 
 124      0B500BE9 
 124      40C40D
 125 0091 322DC4D1 		.ascii	"2-\304\321Lm\204\371\372\317)#\277_\362H\267-\006\222"
 125      4C6D84F9 
 125      FACF2923 
 125      BF5FF248 
 125      B72D0692 
 126 00a5 B26EBFC7 		.ascii	"\262n\277\307}:\370Q\003\375\310\347\254\205\304\330"
 126      7D3AF851 
 126      03FDC8E7 
 126      AC85C4D8 
 127 00b5 356A228F 		.ascii	"5j\"\217\000\223\303\215\347\235\037\243*4\020\343\260"
 127      0093C38D 
 127      E79D1FA3 
 127      2A3410E3 
 127      B0
 128 00c6 6EA12D49 		.ascii	"n\241-I\224\017\301\353\345w\357\007\234\274^)kd\372"
 128      940FC1EB 
 128      E577EF07 
 128      9CBC5E29 
 128      6B64FA
 129 00d9 D9159207 		.ascii	"\331\025\222\007=\"\334\004\261 \006\220\213\033\310"
 129      3D22DC04 
 129      B1200690 
 129      8B1BC8
 130 00e8 15BC2530 		.ascii	"\025\274%0\210<N\317L\366^\016\323a]\372\264i\356\304"
 130      883C4ECF 
 130      4CF65E0E 
 130      D3615DFA 
 130      B469EEC4 
 131 00fc 76E58F56 		.ascii	"v\345\217V]ib\350\337JS`\030y*\375\303\370fk\226m^\377"
 131      5D6962E8 
 131      DF4A5360 
 131      18792AFD 
 131      C3F8666B 
 132 0114 ED1623B0 		.ascii	"\355\026#\260\301\023o\214.\"-7\267\352ez\265\017\313"
 132      C1136F8C 
 132      2E222D37 
 132      B7EA657A 
 132      B50FCB
 133 0127 47230654 		.ascii	"G#\006T;\223\313-\233_v\200_\001G\205A\265\012Ak\212"
 133      3B93CB2D 
 133      9B5F7680 
ARM GAS  /tmp/cc0RGesW.s 			page 10


 133      5F014785 
 133      41B50A41 
 134 013d 06965190 		.ascii	"\006\226Q\220\032\311P3}Bb\351\301\333n[)w\221\301="
 134      1AC95033 
 134      7D4262E9 
 134      C1DB6E5B 
 134      297791C1 
 135 0152 AFD6CDBF 		.ascii	"\257\326\315\277\014\250\203\023\004F\331\220\032\215"
 135      0CA88313 
 135      0446D990 
 135      1A8D
 136 0160 7C1C664F 		.ascii	"|\034fO_P3\035\364s\025\244o\017\237\\\214x\350\252"
 136      5F50331D 
 136      F47315A4 
 136      6F0F9F5C 
 136      8C78E8AA 
 137 0174 66B4318F 		.ascii	"f\2641\217\034V\360K\370[w\373T&\352\016\313\026\375"
 137      1C56F04B 
 137      F85B77FB 
 137      5426EA0E 
 137      CB16FD
 138 0187 29883178 		.ascii	")\2101xh\327\3101\016Wp\343\327E;JC}\033\351l\3255\210"
 138      68D7C831 
 138      0E5770E3 
 138      D7453B4A 
 138      437D1BE9 
 139 019f 6C4CFCE9 		.ascii	"lL\374\351j\212\245BZA\"\2462\225j*\265\372&\020\377"
 139      6A8AA542 
 139      5A4122A6 
 139      32956A2A 
 139      B5FA2610 
 140 01b4 291D8F42 		.ascii	")\035\217B\035\244XL\".v\333\016k\320\265\337\357g\242"
 140      1DA4584C 
 140      222E76DB 
 140      0E6BD0B5 
 140      DFEF67A2 
 141 01c8 9CC7371D 		.ascii	"\234\3077\035V\370\324\336\343\316\3013\312l\216G\021"
 141      56F8D4DE 
 141      E3CEC133 
 141      CA6C8E47 
 141      11
 142 01d9 DCE67FC7 		.ascii	"\334\346\177\307\255m\253[_'F\202\234\334\256\255\206"
 142      AD6DAB5B 
 142      5F274682 
 142      9CDCAEAD 
 142      86
 143 01ea 7187ADEA 		.ascii	"q\207\255\352\206\270\213\270GY\332\212\245y)\000\003"
 143      86B88BB8 
 143      4759DA8A 
 143      A5792900 
 143      03
 144 01fb 6BE41BB7 		.ascii	"k\344\033\267\367\204 \212)\215\000\012A\212\021\354"
 144      F784208A 
 144      298D000A 
 144      418A11EC 
 145 020b 8219D893 		.ascii	"\202\031\330\223R6\246\265\222\241\224f\376Vr\366x-"
 145      5236A6B5 
ARM GAS  /tmp/cc0RGesW.s 			page 11


 145      92A19466 
 145      FE5672F6 
 145      782D
 146 021d B33BD732 		.ascii	"\263;\3272\247\225j\327\223\360\245\202\354\213\005"
 146      A7956AD7 
 146      93F0A582 
 146      EC8B05
 147 022c C50A92FF 		.ascii	"\305\012\222\377\343\237\323\241\014\340\036\363g\024"
 147      E39FD3A1 
 147      0CE01EF3 
 147      6714
 148 023a 3A3DE4D1 		.ascii	":=\344\321>\261\206\232\236\231f\037\240\032\015|bF"
 148      3EB1869A 
 148      9E99661F 
 148      A01A0D7C 
 148      6246
 149 024c C7B9870A 		.ascii	"\307\271\207\012\012\\\377WTV^R~\354\270[Y\345\226\025"
 149      0A5CFF57 
 149      54565E52 
 149      7EECB85B 
 149      59E59615 
 150 0260 57B855E7 		.ascii	"W\270U\347K\325|\362\\qEA\251\240\222\013U\346\331\312"
 150      4BD57CF2 
 150      5C714541 
 150      A9A0920B 
 150      55E6D9CA 
 151 0274 53A77F01 		.ascii	"S\247\177\001\206\262*\224"
 151      86B22A94 
 152              		.text
 153              		.section	.gnu.lto_.symbol_nodes.36919f119469c06b,"",%progbits
 154 0000 789C55C9 		.ascii	"x\234U\311\301\015\202P\024D\321\373\346\203\224aB%"
 154      C10D8250 
 154      1444D1FB 
 154      E6839461 
 154      4225
 155 0012 5AD97B0B 		.ascii	"Z\331{\013\303\232\015\035P\205\025\000\352\247\021"
 155      C39A0D1D 
 155      50851500 
 155      EAA711
 156 0021 37762041 		.ascii	"7v AM\374\263\271\311\234\0321\260M\223\034\372\014"
 156      4DFCB3B9 
 156      C99C1A31 
 156      B04D931C 
 156      FA0C
 157 0033 5BAE7186 		.ascii	"[\256q\206\372.\242\205\244Yn%=d\037Z\344*)K;\331M\236"
 157      FA2EA285 
 157      A4596E25 
 157      3D641F5A 
 157      E42A294B 
 158 004b 76828813 		.ascii	"v\202\210\023\330*\257\376\217\304\201\313k\265\244"
 158      D82AAFFE 
 158      8FC481CB 
 158      6BB5A4
 159 005a 6FAB5F1B 		.ascii	"o\253_\033\306\356y\344\015l\203$\016"
 159      C6EE79E4 
 159      0D6C8324 
 159      0E
ARM GAS  /tmp/cc0RGesW.s 			page 12


 160              		.text
 161              		.section	.gnu.lto_.refs.36919f119469c06b,"",%progbits
 162 0000 789C05C1 		.ascii	"x\234\005\301\261\001\000\000\010\303\2404\326\335\377"
 162      B1010000 
 162      08C3A034 
 162      D6DDFF
 163 000f AF151639 		.ascii	"\257\025\0269 \230F\247\251[\036\003\003\000<"
 163      209846A7 
 163      A95B1E03 
 163      03003C
 164              		.text
 165              		.section	.gnu.lto_.decls.36919f119469c06b,"",%progbits
 166 0000 789C9D58 		.ascii	"x\234\235XkPTG\026\276}{\206\014\303\014\272`,k\305"
 166      6B505447 
 166      16BE7D7B 
 166      860CC30C 
 166      BA602C6B 
 167 0015 2DB58852 		.ascii	"-\265\210R\273\211\0235\2651UI\225Q4Zk\026\013\363\330"
 167      BB891335 
 167      B5315549 
 167      9551345A 
 167      6B160BF3 
 168 002a FC9A2280 		.ascii	"\374\232\"\200\201Z\024\213\031v+?\266\366\362\210\020"
 168      815A148B 
 168      19762B3F 
 168      B6F6F288 
 168      10
 169 003b 5F3C348A 		.ascii	"_<4\212\014\"\017Ey\004\321\200\221\000:\341\215\004"
 169      0C220F45 
 169      7904D180 
 169      91003AE1 
 169      8D04
 170 004d 45222228 		.ascii	"E\"\"(\017\0215>\242#\020DD\330\323\335\367\316\275"
 170      0F11353E 
 170      A2231044 
 170      44D8D3DD 
 170      F7CEBD
 171 0060 339931BB 		.ascii	"3\2311\273{\341\314\334\356\373\235\323\337\371\372"
 171      7BE1CCDC 
 171      EEFB9DD3 
 171      DFF9FA
 172 006f 74DF0635 		.ascii	"t\337\0065\307s\237\274\314q\035<\307\015 \216\233\206"
 172      C7739FBC 
 172      CC711D3C 
 172      C70D208E 
 172      9B86
 173 0081 4BC571DC 		.ascii	"K\305q\334\327\234|\251\301<\341\2317\330l\260\005`"
 173      D79C7CA9 
 173      C13CE199 
 173      37D86CB0 
 173      0560
 174 0093 8BC130F4 		.ascii	"\213\3010\364/\205\3577\301V\"\316\341\362\205x>\034"
 174      2F85EF37 
 174      C15622CE 
 174      E1F28578 
 174      3E1C
 175 00a5 B3596095 		.ascii	"\263Y`\225`\036\200\011\202\357\307`\213I\\h\277\013"
ARM GAS  /tmp/cc0RGesW.s 			page 13


 175      601E8009 
 175      82EFC760 
 175      8B495C68 
 175      BF0B
 176 00b7 B60A6C35 		.ascii	"\266\012l5\330k`\363\301\002\301\326\200\331\000S\003"
 176      D86B60F3 
 176      C102C1D6 
 176      80D90053 
 176      03
 177 00c8 B616EE09 		.ascii	"\266\026\356\011\247\347`S`\267\301\246\301x\221\027"
 177      A7E76053 
 177      60B7C1A6 
 177      C1789117 
 178 00d8 E183442E 		.ascii	"\341\203D.\312k\036\000 5\356#\005\017\302\201p\251"
 178      CA6B1E00 
 178      2035EE23 
 178      050FC281 
 178      70A9
 179 00ea E01897C5 		.ascii	"\340\030\227\305\"\037%\227\367\300\336\020\271\254"
 179      221F2597 
 179      F7C0DE10 
 179      B9AC
 180 00f8 75E2D325 		.ascii	"u\342\323%rR\213|\246ENw\301\256\210\234\274\025\234"
 180      72528B7C 
 180      A6454E77 
 180      C1AE889C 
 180      BC159C
 181 010b DE74E2F4 		.ascii	"\336t\342\364\232\250\2133\247\337\275@\233u`\357(\264"
 181      9AA88B33 
 181      A7DFBD40 
 181      9B7560EF 
 181      28B4
 182 011d 219CD683 		.ascii	"!\234\326\203-\022\347@\322\205p!m\345\034\221\341\235"
 182      2D12E740 
 182      D2857021 
 182      6DE51C91 
 182      E19D
 183 012f E7E60046 		.ascii	"\347\346\000Fm7n\317\355C\327\021\342\020\232\211\220"
 183      6D376ECF 
 183      ED43D711 
 183      E2109A89 
 183      90
 184 0140 08848BF4 		.ascii	"\010\204\213\364\210\337\264\026\350\205X\033>y\372"
 184      88DFB416 
 184      E885581B 
 184      3E79FA
 185 014f C949707B 		.ascii	"\311Ip{`D\177\340\227G\014\314s\256@\312\210\362\210"
 185      60447FE0 
 185      97470CCC 
 185      73AE40CA 
 185      88F288
 186 0162 D225F521 		.ascii	"\322%\365!\307\220$\032Rt(\035\024\001\305,\030B\301"
 186      C790241A 
 186      5274281D 
 186      1401C52C 
 186      1842C1
 187 0175 51CA864A 		.ascii	"Q\312\206JC\223\177\260k\344\260\252\037\365\"\344\305"
ARM GAS  /tmp/cc0RGesW.s 			page 14


 187      43937FB0 
 187      6BE4B0AA 
 187      1FF522E4 
 187      C5
 188 0186 E51071A0 		.ascii	"\345\020q\240\357FG\365s\015\206q\340\276\377\351\361"
 188      EF4647F5 
 188      730D8671 
 188      E0BEFFE9 
 188      F1
 189 0197 B54B4A04 		.ascii	"\265KJ\004vi\346\311\252]J,\313\302{0\362\321\"\025"
 189      7669E6C9 
 189      AA5D4A2C 
 189      CBC27B30 
 189      F2D12215 
 190 01ab 341FB765 		.ascii	"4\037\267e\336\364\206\346,-\232\017\315\314\252\321"
 190      DEF486E6 
 190      2C2D9A0F 
 190      CDCCAAD1 
 191 01bb F36AF654 		.ascii	"\363j\366T\003\315\351\202\262/5x6\215\330\333\\XL\034"
 191      03CDE982 
 191      B22F3578 
 191      368DD8DB 
 191      5C584C1C 
 192 01cf 176B1121 		.ascii	"\027k\021!;\003\272N<\250|\252g]\004\321\2212|\344%"
 192      3B03BA4E 
 192      3CA87CAA 
 192      675D04D1 
 192      91327CE4 
 193 01e4 3C97DCF3 		.ascii	"<\227\334\363\007\317w\325\252P\200\266\200\214o}R\276"
 193      07CF77D5 
 193      AA5080B6 
 193      808C6F7D 
 193      52BE
 194 01f6 302D4910 		.ascii	"0-I\020x\364\015\322\242\223\010\243\"\264\204\244\264"
 194      78F40DD2 
 194      A29308A3 
 194      22B484A4 
 194      B4
 195 0207 580B9FC9 		.ascii	"X\013\237\311\202\020/\244&\010\236\3538T\202\374P1"
 195      82102FA4 
 195      26089EEB 
 195      385482FC 
 195      5031
 196 0219 F2E3D029 		.ascii	"\362\343\320)\024@\302\022\034*\203\316\023\320\011"
 196      1440C212 
 196      1C2A83CE 
 196      13D009
 197 0228 43141E49 		.ascii	"C\024\036I\313\363\300\037\320!\032\317^\273\252B\332"
 197      CBF3C01F 
 197      D0211ACF 
 197      5EBBAA42 
 197      DA
 198 0239 0097FEA7 		.ascii	"\000\227\376\247]\3703.\217,\013\033\277 \\*\200K\271"
 198      5DF8332E 
 198      8F2C0B1B 
 198      BF205C2A 
 198      804BB9
ARM GAS  /tmp/cc0RGesW.s 			page 15


 199 024c CC05A831 		.ascii	"\314\005\2501\205\022\353\307\322\364X@t\220=\015MO"
 199      8512EBC7 
 199      D2F45840 
 199      74903D0D 
 199      4D4F
 200 025e D5F63C1E 		.ascii	"\325\366<\036\025\006\234\271,\010\363Q%\370~+\373V"
 200      15069CB9 
 200      2C08F351 
 200      25F87E2B 
 200      FB56
 201 0270 20B7899C 		.ascii	" \267\211\234q\235H\347\343\341\375\336\270\225\016"
 201      719D48E7 
 201      E3E1FDDE 
 201      B8950E
 202 027f 629F041F 		.ascii	"b\237\004\0376\011e\323\373\006\364\270\203=K.\331S"
 202      360965D3 
 202      FB06F4B8 
 202      833D4B2E 
 202      D953
 203 0291 87B5103A 		.ascii	"\207\265\020:\341\277\312\021<\036&\336\032\360b\321"
 203      E1BFCA11 
 203      3C1E26DE 
 203      1AF062D1 
 204 02a1 E6407330 		.ascii	"\346@s0\276\274Y\217\273X\264\335\373jkU\270\2275\362"
 204      BEBC598F 
 204      BB58B4DD 
 204      FB6A6B55 
 204      B89735F2 
 205 02b5 0FA625A9 		.ascii	"\017\246%\251\361 k\024\246\247\226i\361\020kt\330~"
 205      F1206B14 
 205      A6A79669 
 205      F1106B74 
 205      D87E
 206 02c7 38E4C5AA 		.ascii	"8\344\305\252b&4\033\246\237Xg\260\210<43\212\272&<"
 206      6226341B 
 206      A69F5867 
 206      B0883C34 
 206      338ABA26 
 207 02dc F16D063D 		.ascii	"\361m\006=:\361\314F\312b\021)\013\254(\212E\254(\316"
 207      3AF1CC46 
 207      CA621129 
 207      0BAC288A 
 207      45AC28CE 
 208 02f0 B5B614E8 		.ascii	"\265\266\024\350\360\003\246fjn\361NOi\312 #u\000\207"
 208      F003A666 
 208      6A6EF14E 
 208      4F69CA20 
 208      23750087 
 209 0304 EA80793D 		.ascii	"\352\200y=I\347<\244\263HL\247\011:\033\355S\366dtv"
 209      49E73CA4 
 209      B3484CA7 
 209      093A1BED 
 209      53F66474 
 210 0319 A520CC44 		.ascii	"\245 \314D-\240z\263\254\372\"q\302\316\246]\273\255"
 210      2DA07AB3 
 210      ACFA2271 
 210      C2CEA65D 
ARM GAS  /tmp/cc0RGesW.s 			page 16


 210      BBAD
 211 032b C54FD810 		.ascii	"\305O\330\020\223\011\373\037\311\205\367\310\262\254"
 211      9309FB1F 
 211      C985F7C8 
 211      B2AC
 212 0339 9E4E761B 		.ascii	"\236Nv\033\270\266\312\256-\362\2049\323\370\301\005"
 212      B8B6CAAE 
 212      2DF28439 
 212      D3F8C105 
 213 0349 0D18247E 		.ascii	"\015\030$~<\257Z\203\005\272\272T#c\273z\264\310\327"
 213      3CAF5A83 
 213      05BABA54 
 213      2363BB7A 
 213      B4C8D7
 214 035c DF3F208D 		.ascii	"\337? \215\014\223*\010+yyb8t\021\371\222\000\250\003"
 214      0C932A08 
 214      2B797962 
 214      387411F9 
 214      9200A803 
 215 0370 625D42FE 		.ascii	"b]B\376\250\035\371\323\365\227G\006\264\336i~\3032"
 215      A81DF9D3 
 215      F5974706 
 215      B4DE697E 
 215      C332
 216 0382 3C20083B 		.ascii	"< \010;t\224V\003\320\"\016v\006\006\022\242\216\004"
 216      74945603 
 216      D0220E76 
 216      060612A2 
 216      8E04
 217 0394 121D06E7 		.ascii	"\022\035\006\347f\010\326xL\321\027\\\242\227\0220K"
 217      6608D678 
 217      4CD1175C 
 217      A2971230 
 217      4B
 218 03a5 B9CFA285 		.ascii	"\271\317\242\205\025O0\234\230-[\371\252\313}\017\323"
 218      154F309C 
 218      982D5BF9 
 218      AACB7D0F 
 218      D3
 219 03b6 11F29F15 		.ascii	"\021\362\237\025\340\237G\201c\026\3578\032\226\204"
 219      E09F4781 
 219      6316EF38 
 219      1A9684
 220 03c5 AB85B097 		.ascii	"\253\205\260\227\321,\271\270\344\260\3514\305\004a"
 220      D12CB9B8 
 220      E4B0E934 
 220      C50461
 221 03d4 A54A9922 		.ascii	"\245J\231\"\001\223\024;!\305+\220\342\217b\212\214"
 221      0193143B 
 221      21C52B90 
 221      E28F628A 
 221      8C
 222 03e5 C405CB9C 		.ascii	"\304\005\313\2348\001\226\020\240\224,X:W,>{\023\204"
 222      38019610 
 222      A0942C58 
 222      3A572C3E 
 222      7B1384
ARM GAS  /tmp/cc0RGesW.s 			page 17


 223 03f8 E6D7E90A 		.ascii	"\346\327\351\012\374\336\375\300\240\372pu\353\017\374"
 223      FCDEFDC0 
 223      A0FA7075 
 223      EB0FFC
 224 0407 2C6010E7 		.ascii	",`\020\347\226\001\3470\274\242x}X\361&\326uV\350\360"
 224      9601E730 
 224      BCA2787D 
 224      58F126D6 
 224      7556E8F0 
 225 041b F76C5BBC 		.ascii	"\367l[\274\325z\"^\203\033X#\273\255\264U\215[X\243"
 225      D57A225E 
 225      831B5823 
 225      BBADB455 
 225      8D5B58A3 
 226 042f AAB8B483 		.ascii	"\252\270\264\203\307\027Y\243\244\322\266\023\341.\326"
 226      C71759A3 
 226      A4D2B613 
 226      E12ED6
 227 043e 789C74C2 		.ascii	"x\234t\302\214\373\330\275e\244\367\256'\213\035\000"
 227      8CFBD8BD 
 227      65A4F7AE 
 227      278B1D00 
 228 044e CD94F6C3 		.ascii	"\315\224\366\303\3274l\235X\311\312\030\317\035J\347"
 228      D7346C9D 
 228      58C9CA18 
 228      CF1D4AE7 
 229 045e F110C5EA 		.ascii	"\361\020\305\352\246JZ\375\221\277t\371\022\331\023"
 229      A64A5AFD 
 229      91BF74F9 
 229      12D913
 230 046d 1360327F 		.ascii	"\023`2\177\177P\260&bT\003\311\367B\362\367A}\307\344"
 230      7F50B026 
 230      625403C9 
 230      F742F2F7 
 230      417DC7E4 
 231 0481 4BC4A927 		.ascii	"K\304\251'\350\363~2\272\332\031]\205\354Z1t\207\002"
 231      E8F37E32 
 231      BADA195D 
 231      85EC5A31 
 231      748702
 232 0494 7DC3355A 		.ascii	"}\3035Z\031\374\236\202\312ug\370\327\316\301'\024\350"
 232      19FC9E82 
 232      CA7567F8 
 232      D7CEC127 
 232      14E8
 233 04a6 1E67F455 		.ascii	"\036g\364Ugt\217\002\335\3472M\005xX\001\276\346\232"
 233      67748F02 
 233      DDE7324D 
 233      05785801 
 233      BEE69A
 234 04b9 889D37D4 		.ascii	"\210\2357\324\354\224E\313\360]P\002Vg\374Yg*\215R\275"
 234      EC9445CB 
 234      F05D5002 
 234      5667FC59 
 234      672A8D52 
 235 04ce 91F0DDAE 		.ascii	"\221\360\335\256\231\263\360\366\325\014\2056\000\200"
 235      99B3F0F6 
ARM GAS  /tmp/cc0RGesW.s 			page 18


 235      D50C8536 
 235      0080
 236 04dc 7EFAECBE 		.ascii	"~\372\354\276\270\232\037@\251\337\201Z\033\004\273"
 236      B89A1F40 
 236      A9DF815A 
 236      1B04BB
 237 04eb 05F613D8 		.ascii	"\005\366\023\330m\260{`w\301~\006\273\0116\344\270\024"
 237      6DB07B60 
 237      77C17E06 
 237      BB0936E4 
 237      B814
 238 04fd 327DE852 		.ascii	"2}\350R\270\357\270 EjY\012j\347\\g\302\250AuY\333\306"
 238      B8EFB820 
 238      456A590A 
 238      6AE75C67 
 238      C2A84175 
 239 0514 CBD5F82E 		.ascii	"\313\325\370.\255.~\242\271\274\031^L\276\342\242\317"
 239      AD2E7EA2 
 239      B9BC195E 
 239      4CBEE2A2 
 239      CF
 240 0525 F2208BDE 		.ascii	"\362 \213\336\006\336\017\345]\216\014\351:)\364\010"
 240      06DE0FE5 
 240      5D8E0CE9 
 240      3A29F408 
 241 0535 72F97FF3 		.ascii	"r\371\177\363\002*\243\227\372\013\275t;\354/<:\262"
 241      022AA397 
 241      FA0BBD74 
 241      3BEC2F3C 
 241      3AB2
 242 0547 BC341F23 		.ascii	"\2744\037#\235\310\001\260\337~\231qG\217\307\030m\333"
 242      9DC801B0 
 242      DF7E9971 
 242      478FC718 
 242      6DDB
 243 0559 B1C2D35E 		.ascii	"\261\302\323^H\027\340\306\025\215\002\027\331[z\353"
 243      4817E0C6 
 243      158D0217 
 243      D95B7AEB 
 244 0569 FA57D9C8 		.ascii	"\372W\331\310[w\004\036\014\313\351\001\216\215\360"
 244      5B77041E 
 244      0CCBE901 
 244      8E8DF0
 245 0578 ECA77DDD 		.ascii	"\354\247}\335\210\255J\035\331\252\253\272\323f\260"
 245      88AD4A1D 
 245      D9AAABBA 
 245      D366B0
 246 0587 553940C9 		.ascii	"U9@\311\356\355\351\367\306q\330\341\030\023\364\353"
 246      EEEDE9F7 
 246      C671D8E1 
 246      1813F4EB 
 247 0597 634C107B 		.ascii	"cL\020{c=h\277\370#\302\311\024\316\327g\337<\345\341"
 247      633D68BF 
 247      F823C2C9 
 247      14CED767 
 247      DF3CE5E1 
 248 05ab EE903109 		.ascii	"\356\2201\011d\203\304W\305S\350\034\227\017\031\367"
ARM GAS  /tmp/cc0RGesW.s 			page 19


 248      6483C457 
 248      C553E81C 
 248      970F19F7 
 249 05bb 968DD103 		.ascii	"\226\215\321\003\3173\230\327\011\231r\020{e\251\317"
 249      CF3398D7 
 249      09997210 
 249      7B65A9CF 
 250 05cb F74D1EF3 		.ascii	"\367M\036\363Dt[`{b\377\3037\316\014\017\011B\272\216"
 250      44745B60 
 250      7B62FFC3 
 250      37CE0C0F 
 250      0942BA8E 
 251 05df BA3C0117 		.ascii	"\272<\001\027\201w\267\032\211C\217\201-\001\242\311"
 251      8177B71A 
 251      89438F81 
 251      2D01A2C9 
 252 05ef 77CE6883 		.ascii	"w\316h\203\023\370\374\012\006&\307\226R\227\340_\327"
 252      13F8FC0A 
 252      0626C796 
 252      5297E05F 
 252      D7
 253 0600 FF183CFF 		.ascii	"\377\030<\377\205\216J\320\244N\342\370\0004\005u0\015"
 253      858E4AD0 
 253      A44EE2F8 
 253      00340575 
 253      300D
 254 0612 F6DCA1C6 		.ascii	"\366\334\241\306\247JY\215\003\322\361\245\203\236\026"
 254      A74A598D 
 254      03D2F1A5 
 254      839E16
 255 0621 8E8C62DC 		.ascii	"\216\214b\334\307\304\234\352I\251\327!\337\000W\303"
 255      C7C49CEA 
 255      49A9D721 
 255      DF0057C3 
 256 0631 A04488FE 		.ascii	"\240D\210\376\333#\215\235\241\205\236\000\300x\336"
 256      DB238D9D 
 256      A1859E00 
 256      C078DE
 257 0640 2E2B1997 		.ascii	".+\031\227\016\027\277\373F\262\312W\214\237\354.>\367"
 257      0E17BFFB 
 257      46B2CA57 
 257      8C9FEC2E 
 257      3EF7
 258 0652 ABE0E05A 		.ascii	"\253\340\340ZZ\177\253\301CY\322_\360\312\222\336\316"
 258      5A7FABC1 
 258      4359D25F 
 258      F0CA92DE 
 258      CE
 259 0663 EB44605A 		.ascii	"\353D`ZQ\361\210J\305\263>\364\251\212\276#\232\016"
 259      51F1884A 
 259      C5B33EF4 
 259      A98ABE23 
 259      9A0E
 260 0675 7FA39FB3 		.ascii	"\177\243\237\263\237\236\266\023\204\231<UZzEs(\231"
 260      9F9EB613 
 260      84993C55 
 260      5A7A4573 
ARM GAS  /tmp/cc0RGesW.s 			page 20


 260      2899
 261 0687 9F039F49 		.ascii	"\237\003\237I\274\212E8\236\235T\354\2750G\310\031\200"
 261      BC8A4538 
 261      9E9D54EC 
 261      BD3047C8 
 261      1980
 262 0699 C3C0A47F 		.ascii	"\303\300\244\177F5L\274VEP\250P\256\025\270\205\317"
 262      46354CBC 
 262      564550A8 
 262      50AE15B8 
 262      85CF
 263 06ab E3B05ED1 		.ascii	"\343\260^\3211\330B9\364%\277\020\234\217e$\264z\341"
 263      31D84239 
 263      F425BF10 
 263      9C8F6524 
 263      B47AE1
 264 06be 9D2A5AAB 		.ascii	"\235*Z\253\231\275\327\207\264\224\013\031\220q\271"
 264      99BDD787 
 264      B4940B19 
 264      9071B9
 265 06cd D67B7B48 		.ascii	"\326{{Ho\347\267\223\247\235\025y\311\235\036J\202\037"
 265      6FE7B793 
 265      A79D1579 
 265      C99D1E4A 
 265      821F
 266 06df CD56F0DB 		.ascii	"\315V\360\333M\371\355\222\370U>\256\252\325\211\374"
 266      4DF9ED92 
 266      F8553EAE 
 266      AAD589FC 
 267 06ef AE587450 		.ascii	"\256XtP;pL\202b\006\030\332!\253\016\267\216\004\367"
 267      3B704C82 
 267      620618DA 
 267      21AB0EB7 
 267      8E04F7
 268 0702 5082CFFB 		.ascii	"P\202\317\373n\016\363\370\000#X\324V8\251\302Gi\203"
 268      6E0EF3F8 
 268      002358D4 
 268      5638A9C2 
 268      476983
 269 0715 DF5D9BF5 		.ascii	"\337]\233\365@\347n1\245\363nO\354\205o\263Sw\032\257"
 269      40E76E31 
 269      A5F36E4F 
 269      EC856FB3 
 269      53771AAF 
 270 0729 45A9BCD3 		.ascii	"E\251\274\323\251\033\006\371.\345\3508\246\031\023"
 270      A91B06F9 
 270      2EE5E838 
 270      A61913
 271 0738 0453E15C 		.ascii	"\004S\341\\\323\3441\017\273\012{\231\012;~~\272\313"
 271      D3E4310F 
 271      BB0A7B99 
 271      0A3B7E7E 
 271      BACB
 272 074a CBAD0A5F 		.ascii	"\313\255\012_Q\025\366I*\354\316i\377\227<I\331%\333"
 272      5115F649 
 272      2AECCE69 
 272      FF973C49 
ARM GAS  /tmp/cc0RGesW.s 			page 21


 272      D925DB
 273 075d 8576705B 		.ascii	"\205vp[Iq(E\246\221\342,\303~*\203\325v$\003\343R&C"
 273      49712845 
 273      A691E22C 
 273      C37E2A83 
 273      D5762403 
 274 0775 E778CD84 		.ascii	"\347x\315\204\016\237\241\015\325@\376\360}\017\024"
 274      0E9FA10D 
 274      D540FEF0 
 274      7D0F14
 275 0784 E0879016 		.ascii	"\340\207\220\026\254@\372#\215C\026`\237\301c\351/\276"
 275      AC40FA23 
 275      8D431660 
 275      9FC163E9 
 275      2FBE
 276 0796 4C0184B2 		.ascii	"L\001\204\262\375\233t\263\243\252-O\300s8\264\334\017"
 276      FD9B74B3 
 276      A3AA2D4F 
 276      C07338B4 
 276      DC0F
 277 07a8 BD0E821D 		.ascii	"\275\016\202\035\004\301\310#\016e\361~(\223\367\003"
 277      04C1C823 
 277      0E65F17E 
 277      2893F703 
 278 07b8 070DED81 		.ascii	"\007\015\355\201\001S\333r-\236Z\321+\371\205^\200\266"
 278      0153DB72 
 278      2D9E5AD1 
 278      2BF9855E 
 278      80B6
 279 07ca 8D5CBFCC 		.ascii	"\215\\\277\314+k"
 279      2B6B
 280 07d0 FF103091 		.ascii	"\377\0200\221k?\333^\373\017\263\332\267\263z\313\266"
 280      6B3FDB5E 
 280      FB0FB3DA 
 280      B7B37ACB 
 280      B6
 281 07e1 D7FEF6FA 		.ascii	"\327\376\366\372\201\303\236nE\315\241\242\036\226D"
 281      81C39E6E 
 281      45CDA1A2 
 281      1E9644
 282 07f0 7D967129 		.ascii	"}\226q)a\006\250:@\3465\005\267&4\356\022r\021\205\241"
 282      6106A83A 
 282      40E63505 
 282      B72634EE 
 282      12721185 
 283 0805 03B2A607 		.ascii	"\003\262\246\007D\025P.\325\362\347\243\011{g\340A\246"
 283      4415502E 
 283      D5F2E7A3 
 283      097B67E0 
 283      41A6
 284 0817 A5ABD9FE 		.ascii	"\245\253\331\376%\351\326\005d_\007\371l\266\333\237"
 284      25E9D605 
 284      645F07F9 
 284      6CB6DB9F 
 285 0827 1534A969 		.ascii	"\0254\251i'\331$\217\260\316\301\033\335\325\330-\333"
 285      27D9248F 
 285      B0CEC11B 
ARM GAS  /tmp/cc0RGesW.s 			page 22


 285      DDD5D82D 
 285      DB
 286 0838 02CAF6A8 		.ascii	"\002\312\366\250\304\26633\277\316Sd{\277\360\325\251"
 286      C4B63333 
 286      BFCE5364 
 286      7BBFF0D5 
 286      A9
 287 0849 5342A29A 		.ascii	"SB\242\232`P\236L5O\242z\214U\277\255\375\271\216\275"
 287      60509E4C 
 287      354FA27A 
 287      8C55BFAD 
 287      FDB98EBD 
 288 085d 8BB4846C 		.ascii	"\213\264\204l|Y\277\232\314\203 *\353\243\024\266\220"
 288      7C59BF9A 
 288      CC83202A 
 288      EBA314B6 
 288      90
 289 086e 4E84C10F 		.ascii	"N\204\301\017\035g\363\320\325\235X)\276\310\274\310"
 289      1D67F3D0 
 289      D59D5829 
 289      BEC8BCC8 
 290 087e 9BF3C657 		.ascii	"\233\363\306W\347<\331\213\354*y\334\275g\354\272\312"
 290      E73CD98B 
 290      EC2A79DC 
 290      BD67ECBA 
 290      CA
 291 088f 2755DC3D 		.ascii	"'U\334=\347#Z0\3050\215E<\335\303y\037)&A\327u\217V"
 291      E7235A30 
 291      C5308D45 
 291      3CDDC379 
 291      1F292641 
 292 08a7 EB95E843 		.ascii	"\353\225\350C/B\217\226T}\201\027\214\253\016C\015}"
 292      2F428F96 
 292      547D8117 
 292      8CAB0E43 
 292      0D7D
 293 08b9 0D8FA0EB 		.ascii	"\015\217\240\353\342/W\313u\0302&\215\334\266\221\375"
 293      E22F57CB 
 293      75183226 
 293      8DDCB691 
 293      FD
 294 08ca 5A9CCE1A 		.ascii	"Z\234\316\032\003\247\0332\325\257\344\013\355V\262"
 294      03A71B32 
 294      D5AFE40B 
 294      ED56B2
 295 08d9 365ECD28 		.ascii	"6^\315(\020\222S\343\250\037*\003e`\243R\014t\002zJ"
 295      109253E3 
 295      A81F2A03 
 295      6560A352 
 295      0C74027A 
 296 08ee F9051C3A 		.ascii	"\371\005\034:\311\277B*\263\265\377on\0059%\011R\304"
 296      C9BF422A 
 296      B3B5FF6F 
 296      6E053925 
 296      0952C4
 297 0901 04891BC9 		.ascii	"\004\211\033\311\277\257w\316X~3}Cs8%\345\320\225s\247"
 297      BFAF77CE 
ARM GAS  /tmp/cc0RGesW.s 			page 23


 297      587E337D 
 297      43733825 
 297      E5D09573 
 298 0916 5EE79CB1 		.ascii	"^\347\234\261[\364\205\332\312\355h\201EM2.g\031\327"
 298      5BF485DA 
 298      CAED6881 
 298      454D322E 
 298      6719D7
 299 0929 EEB124A9 		.ascii	"\356\261$\251\360q\226\344\325\302[\311HLrpn\\\2165"
 299      F07196E4 
 299      D5C25BC9 
 299      484C7270 
 299      6E5C8E35 
 300 093d 713EC1D1 		.ascii	"q>\301\321\014a\247S\004>\015=\025$\303oi\206\371\367"
 300      0C61A753 
 300      043E0D3D 
 300      1524C36F 
 300      6986F9F7 
 301 0951 2AEBC47F 		.ascii	"*\353\304\177\242\350\2419Uo\353\322\273\315\270R\312"
 301      A2E8A139 
 301      556FEBD2 
 301      BBCDB852 
 301      CA
 302 0962 F80CCBF8 		.ascii	"\370\014\313\370\371\365\270)\2369{\223\377\300\334"
 302      F9F5B829 
 302      9E397B93 
 302      FFC0DC
 303 0971 EDCE174B 		.ascii	"\355\316\027K\300F\036\247t\365\306{:\013R\005Z\177"
 303      C0461EA7 
 303      74F5C67B 
 303      3A0B5205 
 303      5A7F
 304 0983 47B5AEA6 		.ascii	"G\265\256\246)VJ)\326_N\274\206\235\005q\213\356\264"
 304      29564A29 
 304      D65F4EBC 
 304      869D0571 
 304      8BEEB4
 305 0996 0827B50B 		.ascii	"\010'\265\013NSAj\230 \305eg\353\325\270\201\011\322"
 305      4E53416A 
 305      9820C565 
 305      67EBD5B8 
 305      8109D2
 306 09a9 54543AAE 		.ascii	"TT:\256\022\005\351\371\003\023\244F\024\004\366<E\340"
 306      1205E9F9 
 306      0313A446 
 306      1404F63C 
 306      45E0
 307 09bb 73D07396 		.ascii	"s\320s\226\010b\245\202\324\035m>\375\222V\334\365\223"
 307      0862A582 
 307      D41D6D3E 
 307      FD9256DC 
 307      F593
 308 09cd 7FF30885 		.ascii	"\177\363\010\205\276\347\311\322)z\230\225\251QnJd\217"
 308      BEE7C9D2 
 308      297A9895 
 308      A9516E4A 
 308      648F
ARM GAS  /tmp/cc0RGesW.s 			page 24


 309 09df 9085AB65 		.ascii	"\220\205\253e\233\022\371\006\360\311\272\252\263j%"
 309      9B12F906 
 309      F0C9BAAA 
 309      B36A25
 310 09ee 98D4A20C 		.ascii	"\230\324\242\014\256\023\301u\024<i\255\310\261\237"
 310      AE13C175 
 310      143C69AD 
 310      C8B19F
 311 09fd 5E935F70 		.ascii	"^\223_pzE\365\024\177eo_)r\207w:\262\242\006\352RS\332"
 311      7A45F514 
 311      7F656F5F 
 311      29728777 
 311      3AB2A206 
 312 0a15 92EBED3A 		.ascii	"\222\353\355:eW\377\021B\2154\345\252\211\332\237\364"
 312      6557FF11 
 312      428D34E5 
 312      AA89DA9F 
 312      F4
 313 0a26 CA2CCA1D 		.ascii	"\312,\312\035\262h\022\263h\242C4\2654f;\350S\343\000"
 313      B26812B3 
 313      68A24334 
 313      B534663B 
 313      E853E300 
 314 0a3a 6E16C1CD 		.ascii	"n\026\301\315\024\\2t\341OJl\201\203\226-\"\226|k\267"
 314      145C3274 
 314      E14F4A6C 
 314      8183962D 
 314      22967C6B 
 315 0a4f 85440587 		.ascii	"\205D\005\207\207\204\255\2125i\336\373\353\207\363"
 315      8784AD8A 
 315      3569DEFB 
 315      EB87F3
 316 0a5e 572F5DCA 		.ascii	"W/]\312\251\266\204\230\376\2565\032c#\267\232\227/"
 316      A9B68498 
 316      FEAE351A 
 316      6323B79A 
 316      972F
 317 0a70 339A5F33 		.ascii	"3\232_3\304\232b\014\221[C\243b\303\302\015[\303\377"
 317      C49A620C 
 317      915B43A3 
 317      62C3C20D 
 317      5BC3FF
 318 0a83 1915F9A9 		.ascii	"\031\025\371\251aKHhD\344\326p\2031,|sHl\224\331h\376"
 318      614B4868 
 318      44E4D670 
 318      83312C7C 
 318      73486C94 
 319 0a9a 7C5BB869 		.ascii	"|[\270iI\004\247\221\334\026\272r3}n2\030M\3460\300"
 319      4904A791 
 319      DC16BA72 
 319      337D6E32 
 319      184DE630 
 320 0aaf 00561719 		.ascii	"\000V\027\031\275-:\306L\3063\232\337Y\262\304\300~"
 320      BD2D3AC6 
 320      4CC6339A 
 320      DF59B2C4 
 320      C07E
ARM GAS  /tmp/cc0RGesW.s 			page 25


 321 0ac1 5747447E 		.ascii	"WGD~\032\031\264\311\020m2D\204D\031\010\304d\330\364"
 321      1A19B4C9 
 321      106D3244 
 321      84441908 
 321      C464D8F4 
 322 0ad5 C1FBCB97 		.ascii	"\301\373\313\227\0316l\0104\274\267q}\320?\226\221G"
 322      19366C08 
 322      34BCB771 
 322      7DD03F96 
 322      9147
 323 0ae7 46606F8C 		.ascii	"F`o\214\212\012\203P\036\004\025\031\246zwm\360\006"
 323      8A0A8350 
 323      1E041519 
 323      A67A776D 
 323      F006
 324 0af9 F586A0D5 		.ascii	"\365\206\240\325\177\011V\255\332\024\034\214>F\353"
 324      7F0956AD 
 324      DA141C8C 
 324      3E46EB
 325 0b08 D4A151E1 		.ascii	"\324\241Q\341!1bBK\377l4k\244\033l\0127\277\375?\016"
 325      21316242 
 325      4BFF6C34 
 325      6BA41B6C 
 325      0A37BFFD 
 326 0b1e 6B326F81 		.ascii	"k2o\201\354>\333\026\031\015\243\342\240\300`\274>0"
 326      EC3EDB16 
 326      190DA3E2 
 326      A0C060BC 
 326      3E30
 327 0b30 58BDF1C3 		.ascii	"X\275\361\303\215\201\301/\005m\332\270fM`\260G\320"
 327      8D81C12F 
 327      056DDAB8 
 327      664D60B0 
 327      47D0
 328 0b42 079F6C5C 		.ascii	"\007\237l\\\023\254~?(pM0a\264N'{\031\315Z\226ud\230"
 328      13AC7E3F 
 328      28704D30 
 328      61B44E27 
 328      7B19CD5A 
 329 0b5a D1EC11BD 		.ascii	"\321\354\021\275y3p\320\021B\306\315!&\363\012\243y"
 329      793370D0 
 329      1142C6CD 
 329      2126F30A 
 329      A379
 330 0b6c 9E4BDD24 		.ascii	"\236K\335$\311\376\350\216\256\344 \312\002P\365\372"
 330      C9FEE88E 
 330      AEE420CA 
 330      0250F5FA 
 331 0b7c 2098D645 		.ascii	" \230\326E\356\034L1\241vp(\347\005_\037\307D\232\303"
 331      EE1C4C31 
 331      A1767028 
 331      E7055F1F 
 331      C7449AC3 
 332 0b90 C1450FF7 		.ascii	"\301E\017\367\233\302\315p\367~tX\270&2z\013|\031\315"
 332      9BC2CD70 
 332      F77E7458 
 332      B826327A 
ARM GAS  /tmp/cc0RGesW.s 			page 26


 332      0B7C19CD 
 333 0ba4 9EA1119B 		.ascii	"\236\241\021\233>7\255\013\2112\253B#Bb\374]\005\216"
 333      3E37AD0B 
 333      8932AB42 
 333      234262FC 
 333      5D058E
 334 0bb7 31DB8984 		.ascii	"1\333\211\204F\000\207\227\245)2B\232\237\305D\307n"
 334      46008797 
 334      A5293242 
 334      9A9FC544 
 334      C76E
 335 0bc9 23B1BCE4 		.ascii	"#\261\274\344\252\343\364F\343\346\330\255\241F\343"
 335      AAE3F446 
 335      E3E6D8AD 
 335      A146E3
 336 0bd8 92B75E5F 		.ascii	"\222\267^_\261B#\265t\012>\016\230\267\226{;\320s|\370"
 336      B14223B5 
 336      740A3E0E 
 336      98B7967B 
 336      3BD0737C 
 337 0bed D67F00ED 		.ascii	"\326\177\000\355\247\362\037"
 337      A7F21F
 338              		.text
 339              		.section	.gnu.lto_.symtab.36919f119469c06b,"",%progbits
 340 0000 70616C52 		.ascii	"palReadBus\000"
 340      65616442 
 340      757300
 341 000b 00       		.ascii	"\000"
 342 000c 00       		.ascii	"\000"
 343 000d 00       		.ascii	"\000"
 344 000e 00000000 		.ascii	"\000\000\000\000\000\000\000\000"
 344      00000000 
 345 0016 09010000 		.ascii	"\011\001\000\000"
 346 001a 70616C57 		.ascii	"palWriteBus\000"
 346      72697465 
 346      42757300 
 347 0026 00       		.ascii	"\000"
 348 0027 00       		.ascii	"\000"
 349 0028 00       		.ascii	"\000"
 350 0029 00000000 		.ascii	"\000\000\000\000\000\000\000\000"
 350      00000000 
 351 0031 0E010000 		.ascii	"\016\001\000\000"
 352 0035 70616C53 		.ascii	"palSetBusMode\000"
 352      65744275 
 352      734D6F64 
 352      6500
 353 0043 00       		.ascii	"\000"
 354 0044 00       		.ascii	"\000"
 355 0045 00       		.ascii	"\000"
 356 0046 00000000 		.ascii	"\000\000\000\000\000\000\000\000"
 356      00000000 
 357 004e 16010000 		.ascii	"\026\001\000\000"
 358 0052 63685379 		.ascii	"chSysHalt\000"
 358      7348616C 
 358      7400
 359 005c 00       		.ascii	"\000"
 360 005d 02       		.ascii	"\002"
ARM GAS  /tmp/cc0RGesW.s 			page 27


 361 005e 00       		.ascii	"\000"
 362 005f 00000000 		.ascii	"\000\000\000\000\000\000\000\000"
 362      00000000 
 363 0067 21010000 		.ascii	"!\001\000\000"
 364 006b 5F70616C 		.ascii	"_pal_lld_setgroupmode\000"
 364      5F6C6C64 
 364      5F736574 
 364      67726F75 
 364      706D6F64 
 365 0081 00       		.ascii	"\000"
 366 0082 02       		.ascii	"\002"
 367 0083 00       		.ascii	"\000"
 368 0084 00000000 		.ascii	"\000\000\000\000\000\000\000\000"
 368      00000000 
 369 008c 27010000 		.ascii	"'\001\000\000"
 370              		.text
 371              		.section	.gnu.lto_.opts,"",%progbits
 372 0000 272D666D 		.ascii	"'-fmath-errno' '-fsigned-zeros' '-ftrapping-math' '"
 372      6174682D 
 372      6572726E 
 372      6F272027 
 372      2D667369 
 373 0033 2D666E6F 		.ascii	"-fno-trapv' '-fno-strict-overflow' '-fno-openmp' '-"
 373      2D747261 
 373      70762720 
 373      272D666E 
 373      6F2D7374 
 374 0066 666E6F2D 		.ascii	"fno-openacc' '-mcpu=cortex-m4' '-mthumb' '-mfloat-a"
 374      6F70656E 
 374      61636327 
 374      20272D6D 
 374      6370753D 
 375 0099 62693D68 		.ascii	"bi=hard' '-mfpu=fpv4-sp-d16' '-ggdb' '-Og' '-fomit-"
 375      61726427 
 375      20272D6D 
 375      6670753D 
 375      66707634 
 376 00cc 6672616D 		.ascii	"frame-pointer' '-falign-functions=16' '-ffunction-s"
 376      652D706F 
 376      696E7465 
 376      72272027 
 376      2D66616C 
 377 00ff 65637469 		.ascii	"ections' '-fdata-sections' '-fno-common' '-flto'\000"
 377      6F6E7327 
 377      20272D66 
 377      64617461 
 377      2D736563 
 378              		.text
 379              		.comm	__gnu_lto_v1,1,1
 380              		.comm	__gnu_lto_slim,1,1
 381              		.ident	"GCC: (15:6.3.1+svn253039-1build1) 6.3.1 20170620"
ARM GAS  /tmp/cc0RGesW.s 			page 28


DEFINED SYMBOLS
                            *ABS*:0000000000000000 hal_pal.c
                            *COM*:0000000000000001 __gnu_lto_v1
                            *COM*:0000000000000001 __gnu_lto_slim

NO UNDEFINED SYMBOLS
