ARM GAS  /tmp/ccCaAU6L.s 			page 1


   1              		.cpu cortex-m4
   2              		.eabi_attribute 27, 1
   3              		.eabi_attribute 28, 1
   4              		.eabi_attribute 20, 1
   5              		.eabi_attribute 21, 1
   6              		.eabi_attribute 23, 3
   7              		.eabi_attribute 24, 1
   8              		.eabi_attribute 25, 1
   9              		.eabi_attribute 26, 1
  10              		.eabi_attribute 30, 1
  11              		.eabi_attribute 34, 1
  12              		.eabi_attribute 18, 4
  13              		.file	"hal_st.c"
  14              		.text
  15              	.Ltext0:
  16              		.section	.gnu.lto_.profile.4043127591c300d8,"",%progbits
  17 0000 789C6365 		.ascii	"x\234ce`b`a```dp\227\003\000\001,\000r"
  17      60626061 
  17      60606064 
  17      70970300 
  17      012C0072 
  18              		.text
  19              		.section	.gnu.lto_.inline.4043127591c300d8,"",%progbits
  20 0000 789C6365 		.ascii	"x\234ce`b(g@\000V\006\006\026\036F\240 \003\003\333"
  20      60622867 
  20      40005606 
  20      06161E46 
  20      A0200303 
  21 0015 027910C5 		.ascii	"\002y\020\305\300\310\005\"\030xx\201\302|\033r\341"
  21      C0C80522 
  21      18787881 
  21      C27C1B72 
  21      E1
  22 0026 E24CDC20 		.ascii	"\342L\334 af\006\026f\240\004\323\005~\270\004\013\003"
  22      61660616 
  22      66A004D3 
  22      057EB804 
  22      0B03
  23 0038 17375088 		.ascii	"\0277P\210k\202\037\232Z6\\\022\014\000(?\010\357"
  23      6B821F9A 
  23      5A365C12 
  23      0C00283F 
  23      08EF
  24              		.text
  25              		.section	.gnu.lto_.jmpfuncs.4043127591c300d8,"",%progbits
  26 0000 789C6365 		.ascii	"x\234ce`b\020e@\000V\020\301\010\304\314\014\014,@\212"
  26      60621065 
  26      40005610 
  26      C108C4CC 
  26      0C0C2C40 
  27 0015 0DC40700 		.ascii	"\015\304\007\000\004\270\0000"
  27      04B80030 
  28              		.text
  29              		.section	.gnu.lto_.pureconst.4043127591c300d8,"",%progbits
  30 0000 789C6365 		.ascii	"x\234ce`b\340f```e\220`\224b\226b\221b\223\002\000\004"
  30      6062E066 
  30      60606065 
ARM GAS  /tmp/ccCaAU6L.s 			page 2


  30      90609462 
  30      96629162 
  31 0018 1E00A6   		.ascii	"\036\000\246"
  32              		.text
  33              		.section	.gnu.lto_stInit.4043127591c300d8,"",%progbits
  34 0000 789C254D 		.ascii	"x\234%M\275\016\001a\020\334\371>?\227\210\007\020\265"
  34      BD0E0161 
  34      10DCF93E 
  34      3F978807 
  34      10B5
  35 0012 88E6EE21 		.ascii	"\210\346\356!<\200\302\003\010\032\022\211\304\351\357"
  35      3C80C203 
  35      081A1289 
  35      C4E9EF
  36 0021 43213905 		.ascii	"C!9\005\215\\T'\024\250Dy\335\305\003(\264T\012\015"
  36      8D5C5427 
  36      14A84479 
  36      DDC50328 
  36      B4540A0D 
  37 0035 7A8970F6 		.ascii	"z\211p\366c\262\223\331\354\316\316\306I\320\222\210"
  37      63B293D9 
  37      ECCECEC6 
  37      49D09288 
  38 0045 F2CC2C13 		.ascii	"\362\314,\023\222 &\007\242\236!\000\335(\003\344\010"
  38      92202607 
  38      A29E2100 
  38      DD2803E4 
  38      08
  39 0056 38184B4F 		.ascii	"8\030KOb?\274\006\242\260R\214\320{f\324:\204/\211f"
  39      623FBC06 
  39      A2B0528C 
  39      D07B66D4 
  39      3A842F89 
  40 006b 4C0DAC50 		.ascii	"L\015\254P \266]v\237i:\021\373\317\261F\002\254\333"
  40      20B65D76 
  40      9F693A11 
  40      FBCFB146 
  40      02ACDB
  41 007e 2342F589 		.ascii	"#B\365\211\206*</\020\305y\3452\365\217\221\024Z\345"
  41      862A3C2F 
  41      10C579E5 
  41      32F58F91 
  41      145AE5
  42 0091 0D83F92B 		.ascii	"\015\203\371+\253\375:$\010\356\247\244\363V\206/1\223"
  42      ABFD3A24 
  42      08EEA7A4 
  42      F356862F 
  42      3193
  43 00a3 9C800D1C 		.ascii	"\234\200\015\034\362\331\373@\177\036\245~>\015\227"
  43      F2D9FB40 
  43      7F1EA57E 
  43      3E0D97
  44 00b2 977C2E88 		.ascii	"\227|.\210r\246i\375\253\330h\326\232\245\262\325\266"
  44      72A669FD 
  44      ABD868D6 
  44      9AA5B2D5 
  44      B6
ARM GAS  /tmp/ccCaAU6L.s 			page 3


  45 00c3 AD46B565 		.ascii	"\255F\265e\331\235\272\326\212\3355\353\364\005i]C\005"
  45      D99DBAD6 
  45      8ADD35EB 
  45      F405695D 
  45      4305
  46              		.text
  47              		.section	.gnu.lto_stStartAlarm.4043127591c300d8,"",%progbits
  48 0000 789C9D53 		.ascii	"x\234\235S]HTA\030\235s\347\356\335uS\353%(\210\360"
  48      5D485441 
  48      189D73E7 
  48      EEDD7553 
  48      EB252888 
  49 0015 212B7BD8 		.ascii	"!+{\330\213\325C\020\364R\004\201\321\203\275GZ\240"
  49      8BD54310 
  49      F4520481 
  49      D183BD47 
  49      5AA0
  50 0027 6424AEF4 		.ascii	"d$\256\364\330\216\272\026i\177$\251+-WX\243\\\377\355"
  50      D88EBA16 
  50      697F24A9 
  50      2B2D5758 
  50      A35CFFED 
  51 003b 77B7D2DB 		.ascii	"w\267\322\333\372\023\025\025\005\005a\201d\205\325"
  51      FA131515 
  51      05056181 
  51      6485D5
  52 004a 169592D8 		.ascii	"\026\225\222\330\237}3w\013\013\202j\330\273sg8\337"
  52      9F7D3377 
  52      0B0B826A 
  52      D8BB7367 
  52      38DF
  53 005c 3973E67C 		.ascii	"9s\346|\327\3054\266Tg\254\2241\266\232\036\270\030"
  53      D7C534B6 
  53      5467AC94 
  53      31B69A1E 
  53      B818
  54 006e B4637718 		.ascii	"\264cw\030\253\360h\032\217/f\302\253?4\231H\347\320"
  54      ABF0681A 
  54      8F2F66C2 
  54      AB3F3499 
  54      48E7D0
  55 0081 9D6D1D90 		.ascii	"\235m\035\220/\302\003\026\320\270\216\000\216\362\006"
  55      2FC20316 
  55      D0B88E00 
  55      8EF206
  56 0090 8EC48117 		.ascii	"\216\304\201\0271-\347\264\240a7\304\215\375\242z\201"
  56      312DE7B4 
  56      A06137C4 
  56      8DFDA27A 
  56      81
  57 00a1 C5190BD1 		.ascii	"\305\031\013\321#\007N#\207P\367\202\335'\371\021nq"
  57      23074E23 
  57      8750F782 
  57      DD27F911 
  57      6E71
  58 00b3 40A7E5FB 		.ascii	"@\247\345\373\333Mc\231r\251!\213\226\237\243\335\217"
  58      DB4D6399 
ARM GAS  /tmp/ccCaAU6L.s 			page 4


  58      72A9218B 
  58      969FA3DD 
  58      8F
  59 00c4 E7F2E560 		.ascii	"\347\362\345`\364>\336?z\034\313N\011Q)\354d\035\027"
  59      F43EDE3F 
  59      7A1CCB4E 
  59      095129EC 
  59      641D17
  60 00d7 4B2CCE11 		.ascii	"K,\316\021\005'B\264b\021\316`\021\243-\2066,\223\370"
  60      052742B4 
  60      6211CE60 
  60      11A32D86 
  60      362C93F8 
  61 00eb A73DDF4E 		.ascii	"\247=\337Nd\030z\344\207&\332a\200&\332\350\272\017"
  61      64187AE4 
  61      8726DA61 
  61      8026DAE8 
  61      BA0F
  62 00fd 5B7C9B39 		.ascii	"[|\2339 \354\311\026<\330\350%\007T\344\242r\335\220"
  62      20ECC916 
  62      3CD8E825 
  62      0754E4A2 
  62      72DD90
  63 0110 7F8CD550 		.ascii	"\177\214\325P\2054U\31359\363\227H\304\247\307\333\303"
  63      853455CB 
  63      3539F397 
  63      48C4A7C7 
  63      DBC3
  64 0122 EB7E1207 		.ascii	"\353~\022\007\035c}\006W\314!\216Y\242\014\0350H\253"
  64      1D637D06 
  64      57CC218E 
  64      59A20C1D 
  64      3048AB
  65 0135 134698BB 		.ascii	"\023F\230\273h\277\276:q\327-}\271\024\354N\307\324"
  65      68BFBE3A 
  65      71D72D7D 
  65      B914EC4E 
  65      C7D4
  66 0147 3BAFB394 		.ascii	";\257\263\2244\322y\244\363\343u\217\2050,n\240\233"
  66      34D279A4 
  66      F3E3758F 
  66      85302C6E 
  66      A09B
  67 0159 FC74911F 		.ascii	"\374t\221\037\211\215\336\236\234p\233\035\"X!F#g\347"
  67      898DDE9E 
  67      9C709B1D 
  67      22582146 
  67      2367E7
  68 016c 8FB92DEE 		.ascii	"\217\271-\356F\017,4\322\031\225\016za\262\227\250\372"
  68      460F2C34 
  68      D219950E 
  68      7A61B297 
  68      A8FA
  69 017e B2FF519A 		.ascii	"\262\377Q\232#\231R\035\232\231\262\347J\031\035\032"
  69      2399521D 
  69      9A99B2E7 
  69      4A191D1A 
ARM GAS  /tmp/ccCaAU6L.s 			page 5


  70 018e CE12DF33 		.ascii	"\316\022\3373\004G\006\032\372\206!\217L0\302t%c\323"
  70      0447061A 
  70      FA86218F 
  70      4C30C274 
  70      2563D3
  71 01a1 190E86E1 		.ascii	"\031\016\206\341\234\324d\3226g\361\305\3745\202Y\022"
  71      9CD464D2 
  71      3667F1C5 
  71      FC358259 
  71      12
  72 01b2 298F118B 		.ascii	")\217\021\213%G\334\201\257\302cqO\210n\205\341<\002"
  72      2547DC81 
  72      AFC26371 
  72      4F886E85 
  72      E13C02
  73 01c5 6CB6B534 		.ascii	"l\266\2654e\255\352S\377D&\341(\3544y\367r\357FS\333"
  73      65ADEA53 
  73      FF4426E1 
  73      28EC3479 
  73      F772EF46 
  74 01db 2EB25631 		.ascii	".\262V1\317\342^\\\244\006\271\220\3626\363\252\267"
  74      CFE25E5C 
  74      A406B990 
  74      F236F3AA 
  74      B7
  75 01ec 338DC08D 		.ascii	"3\215\300\215BdI\202KdK\011\"\206\200\305\347\250\243"
  75      42644982 
  75      4B644B09 
  75      228680C5 
  75      E7A8A3
  76 01ff E82A81E7 		.ascii	"\350*\201\347\320d\305A\273f\320\313K\224\224\025\275"
  76      D064C541 
  76      BB66D0CB 
  76      4B949415 
  76      BD
  77 0210 90447644 		.ascii	"\220DvDu\304\333PzH\330\301,\331\024\361_\233Bu\333"
  77      75C4DB50 
  77      7A48D8C1 
  77      2CD914F1 
  77      5F9B4275 
  78 0225 65648789 		.ascii	"ed\207\211\211rl\232\036o\251_\363{\216\367\015.1\251"
  78      89726C9A 
  78      1E6FA95F 
  78      F37B8EF7 
  78      0D2E31A9 
  79 0239 2CF92F59 		.ascii	",\371/Y^QY^\205\361\3271\325-\374@\027\222\216>\025"
  79      5E51595E 
  79      85F1D731 
  79      D52DFC40 
  79      17928E3E 
  80 024e 131C0AE9 		.ascii	"\023\034\012\351\267\276\347\211\221\333%A\315\275\220"
  80      B7BEE789 
  80      91DB2541 
  80      CDBD90
  81 025d 41F6C3C4 		.ascii	"A\366\303\304\012bP\010\330\310M\235rr\374fu\346?h6"
  81      0A625008 
  81      D8C84D9D 
ARM GAS  /tmp/ccCaAU6L.s 			page 6


  81      7272FC66 
  81      75E63F68 
  82 0272 EF936CD7 		.ascii	"\357\223l\327\224\236\226bK\300\234\235\217\233\316"
  82      949E9662 
  82      4BC09C9D 
  82      8F9BCE
  83 0281 3140958A 		.ascii	"1@\225\212\375\326\177\260\017\376h:\305>\244\330\257"
  83      FDD67FB0 
  83      0FFE683A 
  83      C53EA4D8 
  83      AF
  84 0292 58875ABD 		.ascii	"X\207Z\275\016\273\206a\252|\216\312\321\332\326B\365"
  84      0EBB8661 
  84      AA7C8ECA 
  84      D1DAD642 
  84      F5
  85 02a3 B5C90B65 		.ascii	"\265\311\013eoP\331\334v\330\211U\216\032\272\017\012"
  85      6F50D9DC 
  85      76D88955 
  85      8E1ABA0F 
  85      0A
  86 02b4 943A28DB 		.ascii	"\224:(\333\3473\235\337\372\242\342\202\342-\371\346"
  86      E7339DDF 
  86      FAA2E282 
  86      E22DF9E6 
  87 02c4 1EBF59B4 		.ascii	"\036\277Y\264\275\304\364\227\025\312y\233\277\334W"
  87      BDC4F497 
  87      15CA799B 
  87      BFDC57
  88 02d3 C8DCDB0B 		.ascii	"\310\334\333\013\374\345\305\273w\256\375\023\272tO"
  88      FCE5C5BB 
  88      77AEFD13 
  88      BA744F
  89 02e2 59B9DFCC 		.ascii	"Y\271\337\314\337\272y\325J3/o\203\271u\323\346\275"
  89      DFBA79D5 
  89      4A332F6F 
  89      83B975D3 
  89      E6BD
  90 02f4 B9A9FA6D 		.ascii	"\271\251\372m%%;|EL\227\004\337\001Q}|\223"
  90      25253B7C 
  90      454C9704 
  90      DF01517D 
  90      7C93
  91              		.text
  92              		.section	.gnu.lto_stStopAlarm.4043127591c300d8,"",%progbits
  93 0000 789C7550 		.ascii	"x\234uP1HBQ\024\275\347=\373J\320\036\350\026\015.\377"
  93      31484251 
  93      14BDE73D 
  93      FB4AD01E 
  93      E8160D2E 
  94 0015 518D8D45 		.ascii	"Q\215\215E\020(\015\272K\331\240 \030~i\365\033\232"
  94      10280DBA 
  94      4BD9A020 
  94      187E69F5 
  94      1B9A
  95 0027 90502D69 		.ascii	"\220P-i\016\361\007\007\313Ril\011\221\240)\003\247"
  95      0EF10707 
ARM GAS  /tmp/ccCaAU6L.s 			page 7


  95      CB52696C 
  95      0991A029 
  95      03A7
  96 0039 4629081A 		.ascii	"F)\010\032\202(\261\010\262\336\373F\270ty\227{\337"
  96      8228B108 
  96      B2DEFB46 
  96      B8747997 
  96      7BDF
  97 004b BDE79E73 		.ascii	"\275\347\236s\337\033#F:\210\302D\344\226\016N`\373"
  97      DF1B2346 
  97      3A88C244 
  97      E4960E4E 
  97      60FB
  98 005d 6DA2B48B 		.ascii	"m\242\264\213\001*1]\240\024C\012{\274\310\321\312="
  98      012A315D 
  98      A014430A 
  98      7BBCC8D1 
  98      CA3D
  99 006f 5E306FC5 		.ascii	"^0o\305\224\326,\366\265m3;iq\242\222te\250\300K\022"
  99      94D62CF6 
  99      B56D333B 
  99      6971A292 
  99      7465A8C0 
 100 0085 767F3E38 		.ascii	"v\177>8\230\320\034\303:\216\241I\011jt\3204\007\337"
 100      98D01CC3 
 100      3A8EA149 
 100      096A74D0 
 100      3407DF
 101 0098 39B37955 		.ascii	"9\263yU\306\327\222l\355HW\032y\316T\344Oh\365>\356"
 101      C6D7926C 
 101      ED48571A 
 101      79CE54E4 
 101      4F68F53E 
 102 00ad 7A05FD8F 		.ascii	"z\005\375\217\"3T\372\324\270MS\342\030\245\307\011"
 102      223354FA 
 102      D4B84D53 
 102      E218A5C7 
 102      09
 103 00be 34C95F85 		.ascii	"4\311_\205&\213\205l\353\326\271\313-\016\033\323\256"
 103      268B856C 
 103      EBD6B9CB 
 103      2D0E1BD3 
 103      AE
 104 00cf BDBF8C0F 		.ascii	"\275\277\214\017\257\212\303!K\345z\377\332e\341\010"
 104      AF8AC321 
 104      4BE57AFF 
 104      DA65E108 
 105 00df 16673883 		.ascii	"\026g8\203\007\247\360\220\302VozoNQ33i\263\373\320"
 105      07A7F090 
 105      C2566F7A 
 105      6F4E5133 
 105      3369B3FB 
 106 00f4 71BFCA29 		.ascii	"q\277\312)\216\032,\034\312\005m\021\324!F5\344\036"
 106      8E1A2C1C 
 106      CA056D11 
 106      D4214635 
 106      E41E
ARM GAS  /tmp/ccCaAU6L.s 			page 8


 107 0106 68C8E967 		.ascii	"h\310\351glu\363\227Sj7\373\003vdC\276\204\021M\353"
 107      6C75F397 
 107      536A37FB 
 107      03766443 
 107      BE84114D 
 108 011b BA189E85 		.ascii	"\272\030\236\205Ht-\272\022\020qCDVc\302H\204U\014\031"
 108      48742DBA 
 108      12107143 
 108      445663C2 
 108      4884550C 
 109 0130 493D4CF3 		.ascii	"I=L\363\377\2416\342\211\244!\002A\377\334\254\360\371"
 109      FFA136E2 
 109      89A42102 
 109      41FFDCAC 
 109      F0F9
 110 0142 164570D9 		.ascii	"\026Ep\331\2779\363;\027\212\305\326\365\010\375\000"
 110      BF39F33B 
 110      178AC5D6 
 110      F508FD00 
 111 0152 BF7F8523 		.ascii	"\277\177\205#"
 112              		.text
 113              		.section	.gnu.lto_stSetAlarm.4043127591c300d8,"",%progbits
 114 0000 789C8D52 		.ascii	"x\234\215RMHTQ\024\276\337\273o\346\315L\376\264\011"
 114      4D485451 
 114      14BEDFBB 
 114      6FE6CD4C 
 114      FEB409
 115 0013 5A88CD22 		.ascii	"Z\210\315\"1[\370\260Z\004A\233\202\010\224\026\272"
 115      315BF8B0 
 115      5A04419B 
 115      82089416 
 115      BA
 116 0024 17B5406B 		.ascii	"\027\265@kBq\244\355\\uTR\260Hr\034ix\302\024\326\370"
 116      4271A4ED 
 116      5C755452 
 116      B048721C 
 116      6978C214 
 117 003a 333AD6D4 		.ascii	"3:\326\324L\231\203\025\322B\243\026A\245 \251\241e"
 117      4C998315 
 117      D242A316 
 117      41A520A9 
 117      A165
 118 004c 50198959 		.ascii	"P\031\211Y\332\271o\246\320 \350\362\336\273\357\036"
 118      DAB96FA6 
 118      D020E8F2 
 118      DEBBEF1E 
 119 005c BEFB9DF3 		.ascii	"\276\373\235\363\235\357X\230\302\316r\306j\030c\207"
 119      9DEF5898 
 119      C2CE72C6 
 119      6A186387 
 120 006c E8858541 		.ascii	"\350\205\205A\271<\305X\275MQx<\233\011\207\372Rg\""
 120      B93CC558 
 120      BD4D5178 
 120      3C9B0987 
 120      FA526722 
 121 0080 8D434D86 		.ascii	"\215CM\206U@\376\010\033\230G\341*<\270\304}\034\343"
 121      5540FE08 
ARM GAS  /tmp/ccCaAU6L.s 			page 9


 121      1B9847E1 
 121      2A3CB8C4 
 121      7D1CE3
 122 0093 2DEF624A 		.ascii	"-\357bJ^\257\240\225\360E\264f\321\264\333 ^?\275r\241"
 122      5EAFA095 
 122      F045B466 
 122      D1B4DB20 
 122      5E3FBD72 
 123 00a8 1779847A 		.ascii	"\027y\204z\356\035\272\306\333\271\301\001\225\216\237"
 123      EE1DBAC6 
 123      DBB9C101 
 123      958E9F
 124 00b7 27BBE732 		.ascii	"'\273\3472\344Q\201\223\216\353\241\241\351L\276\017"
 124      E4518193 
 124      8EEBA1A1 
 124      E94CBE0F 
 125 00c7 8CFE17C7 		.ascii	"\214\376\027\307f\257 \367\206\020\015\"1\335\301\305"
 125      66AF20F7 
 125      86100D22 
 125      31DDC1C5 
 126 00d7 5E837384 		.ascii	"^\203s\204\300\211\020\267\220\205\233\310b\024b\350"
 126      C08910B7 
 126      90859BC8 
 126      621462E8 
 127 00e7 43AEC4BF 		.ascii	"C\256\304\277\035\336\270\232nU\203\277s\242\037V\320"
 127      1DDEB89A 
 127      6E5583BF 
 127      73A21F56 
 127      D0
 128 00f8 4681F00B 		.ascii	"F\201\360\013$\304\306f\213H\314_\307\350\011\251\200"
 128      24C4C666 
 128      8B48CC5F 
 128      C7E809A9 
 128      80
 129 0109 2E59E8BA 		.ascii	".Y\350\272j\225\037\306Z\351\206\024\325\306\025\271"
 129      6A951FC6 
 129      5AE98614 
 129      D5C615B9 
 130 0119 F3258CC7 		.ascii	"\363%\214\307\327\026\373\003G\377\020{\223\302\242"
 130      D716FB03 
 130      47FF107B 
 130      93C2A2
 131 0128 1A3799FD 		.ascii	"\0327\231\375\034[\2222\014\300J\271\006a\015p\013\305"
 131      1C5B9232 
 131      0CC04AB9 
 131      06610D70 
 131      0BC5
 132 013a 3B9BC69F 		.ascii	";\233\306\237iR\227\305\204M\015\254~r$\217\222F*\017"
 132      695297C5 
 132      844D0DAC 
 132      7E72248F 
 132      92462A0F 
 133 014e 0E7E9BB0 		.ascii	"\016~\233\260\031\010\300\340V\014\221\2360\351\221"
 133      1908C0E0 
 133      560C919E 
 133      30E991
 134 015d D8D0E4D7 		.ascii	"\330\320\344\327\025M\037\020\336z1\033\034\3315\247"
ARM GAS  /tmp/ccCaAU6L.s 			page 10


 134      154D1F10 
 134      DE7A311B 
 134      1CD935A7 
 135 016d 195CC330 		.ascii	"\031\\\3030\014tQ\215f\036D\240\263%4\376h~eO\246Le"
 135      0C74518D 
 135      661E44A0 
 135      B32534FE 
 135      687E654F 
 136 0184 7DB2B99A 		.ascii	"}\262\271\232\310\224iT(\030!\276yx_?\362E' K&\030a"
 136      C8946954 
 136      281821BE 
 136      79785F3F 
 136      F2452720 
 137 019c C2CBB1B5 		.ascii	"\302\313\261\265\364$\206\341\266\314\311\244l\316\342"
 137      F42486E1 
 137      B6CCC9A4 
 137      6CCEE2
 138 01ab D9FC03BC 		.ascii	"\331\374\003\274N\211\224e\304b\313o4\317Oa3\270\315"
 138      4E899465 
 138      C462CB6F 
 138      34CF4F61 
 138      33B8CD
 139 01be 4F5D61B8 		.ascii	"O]a\270\003\017\333*\315nJk\374>\266\222A82\333.{/c"
 139      030FDB2A 
 139      CD6E4A6B 
 139      FC3EB692 
 139      413832DB 
 140 01d6 4FBBFBCE 		.ascii	"O\273\373\316\221\264\372\235\006w\340.\015H4\245m\363"
 140      91B4FA9D 
 140      0677E02E 
 140      0D4834A5 
 140      6DF3
 141 01e8 7D64D04E 		.ascii	"}d\320N\340.!\234\222\340\036\3112\023\"\006\217\301"
 141      E02E219C 
 141      92E01EC9 
 141      32132206 
 141      8FC1
 142 01fa 7798A5A8 		.ascii	"w\230\245\250\246\003\013P\344\215\213\211\326\307\016"
 142      A6030B50 
 142      E48D8B89 
 142      D6C70E
 143 0209 EE325319 		.ascii	"\3562S\031\241\3502r\202\346DL\005\322\374\"\341u\312"
 143      A1E83272 
 143      82E6444C 
 143      05D2FC22 
 143      E175CA
 144 021c A1886F1F 		.ascii	"\241\210o\037\012s\332\356#'@L\344c\367\332\342\274"
 144      0A73DAEE 
 144      2327404C 
 144      E463F7DA 
 144      E2BC
 145 022e EFF0DF3E 		.ascii	"\357\360\337>\3065.1)/\3716/\037\230^\216\302\372\337"
 145      C6352E31 
 145      292FF936 
 145      2F1F985E 
 145      8EC2FADF 
 146 0242 3675ECF9 		.ascii	"6u\354\371B\015I\303C\323&$)\244\336\316\341\031kAX"
ARM GAS  /tmp/ccCaAU6L.s 			page 11


 146      420D49C3 
 146      43D32624 
 146      29A4DECE 
 146      E1196B41 
 147 0257 827A2290 		.ascii	"\202z\"\220F\216A\307~b0\021H\240@V\271\200\206\331"
 147      468E41C7 
 147      7E623011 
 147      48A04056 
 147      B98086D9 
 148 026b B6990A73 		.ascii	"\266\231\012sbeQ\354#\032z\326\333\223\255\221\253\225"
 148      626551EC 
 148      231A7AD6 
 148      DB93AD91 
 148      AB95
 149 027d 38A929E4 		.ascii	"8\251)\344BN~\276\236|\216UV\225W\235*\326\253\335z"
 149      424E7EBE 
 149      9E7C8E55 
 149      5695579D 
 149      2AD6ABDD 
 150 0292 65994B77 		.ascii	"e\231Kw\327V\310\275\324]\227_\301\264\262rw]\325\371"
 150      D756C8BD 
 150      D45D975F 
 150      C1B4B272 
 150      775DD5F9 
 151 02a6 3347FE85 		.ascii	"3G\376\205\256\251\256\255s\353\305%E\007\017\350\205"
 151      AEA9AEAD 
 151      73EBC525 
 151      45070FE8 
 151      85
 152 02b7 85C7F592 		.ascii	"\205\307\365\222\223E\027\012R\367K]\256\323\371\225"
 152      9345170A 
 152      52F74B5D 
 152      AED3F995 
 153 02c7 4C9504BF 		.ascii	"L\225\004\277\000\374\254?\345"
 153      00FCAC3F 
 153      E5
 154              		.text
 155              		.section	.gnu.lto_stGetAlarm.4043127591c300d8,"",%progbits
 156 0000 789C8D52 		.ascii	"x\234\215RMH\025Q\024>\337\334y3\357YZ-\202\010\021"
 156      4D481551 
 156      143EDFDC 
 156      7933EF59 
 156      5A2D8208 
 157 0015 372D6CF1 		.ascii	"7-l\361\006\253]\320\246 \002\245\205\356\245l\241$"
 157      06AB5DD0 
 157      A62002A5 
 157      85EEA56C 
 157      A124
 158 0027 183E69FB 		.ascii	"\030>i\373\256\372*R\250@\362\371\313\004.,\377\236"
 158      AEFA2A52 
 158      A840F2F9 
 158      CB042E2C 
 158      FF9E
 159 0039 BEECE7BD 		.ascii	"\276\354\347\275\242\036JH\013\255\\\204e\201\244\033"
 159      A21E4A48 
 159      0BAD5C84 
 159      6581A41B 
ARM GAS  /tmp/ccCaAU6L.s 			page 12


 160 0049 CBA03214 		.ascii	"\313\2402\024%\265sf,,\010\032\346\336;\347\3147\337"
 160      25B57366 
 160      2C2C081A 
 160      E6DE3BE7 
 160      CC37DF
 161 005c 39DF7726 		.ascii	"9\337w&@\006\2753\210\312\211\350\010/\004\010\306\215"
 161      4006BD33 
 161      88CA89E8 
 161      082F0408 
 161      C68D
 162 006e 49A2BAA0 		.ascii	"I\242\272\240a\250t\036\351,\363\265Cz\247\202\351\247"
 162      61A8741E 
 162      E92CF3B5 
 162      437AA782 
 162      E9A7
 163 0080 4D401E74 		.ascii	"M@\036t\020\0245\224\211(\256\253\270\302\253\330P\247"
 163      10143594 
 163      8928AEAB 
 163      B8C2ABD8 
 163      50A7
 164 0092 BAA65C45 		.ascii	"\272\246\\E09\374:\321>\227#!\220\317a\207\236\272j"
 164      3039FC3A 
 164      D13E9723 
 164      2190CF61 
 164      879EBA6A 
 165 00a6 17F4685D 		.ascii	"\027\364h]\2573\361ovG\362\245\016\271\312\2406\206"
 165      AF33F16F 
 165      7647F2A5 
 165      0EB9CAA0 
 165      3686
 166 00b8 DF462E7A 		.ascii	"\337F.z\220+\305\357\240\200\030\375ax\343f\266ev+\022"
 166      902BC5EF 
 166      A08018FD 
 166      6178E366 
 166      B665762B 
 167 00cd 00E77B61 		.ascii	"\000\347{a\201\017N$\246\220\321\033\233Wtf\276\033"
 167      810F4E24 
 167      A690D11B 
 167      9B577466 
 167      BE1B
 168 00df EB276D93 		.ascii	"\353'm\223\\\245\002\262Y\262\0215\362\222\376\232\230"
 168      5CA502B2 
 168      59B21135 
 168      F292FE9A 
 168      98
 169 00f0 9D4FB580 		.ascii	"\235O\265\200\321\364\352t\177\327\261\337\2741\315"
 169      D1F4EA74 
 169      7FD7B1DF 
 169      BC31CD
 170 00ff 5726BE6C 		.ascii	"W&\276l+\217\270Ma[MB\037,.\325\017\253K\211\220\226"
 170      2B8FB84D 
 170      615B4D42 
 170      1F2C2ED5 
 170      0FAB4B89 
 171 0115 4BA32F6C 		.ascii	"K\243/l\021bz\260\311\201\225/Y~(4\202\350\036\\\036"
 171      11627AB0 
 171      C981952F 
ARM GAS  /tmp/ccCaAU6L.s 			page 13


 171      597E2834 
 171      82E81E5C 
 172 012a 0FBAE882 		.ascii	"\017\272\350\202\253\002\030d1\003\"\206_\364N|_\262"
 172      AB021864 
 172      31032286 
 172      5FF44E7C 
 172      5FB2
 173 013c 9D011DAB 		.ascii	"\235\001\035\253\323\263s\311\275s\266\253,$\340\242"
 173      D3B373C9 
 173      BD73B6AB 
 173      2C24E0A2 
 174 014c 957BF4EA 		.ascii	"\225{\364\352`\010\016-\240\341\307\3457!\277d\300\257"
 174      60080E2D 
 174      A0E1C7E5 
 174      3721BF64 
 174      C0AF
 175 015e FA6C7325 		.ascii	"\372ls%\263K\312(\030\030f\276y\304\336\216\305\227"
 175      B34BCA28 
 175      181866BE 
 175      79C4DE8E 
 175      C597
 176 0170 C7212D33 		.ascii	"\307!-3\2141\211\305\324j\266\217!$=\003E\266\242t\236"
 176      8C3189C5 
 176      D46AB68F 
 176      21243D03 
 176      45B6A274 
 177 0185 FA8458BE 		.ascii	"\372\204X\276 \245\215Tjq\306\216\256\353\240\253\354"
 177      20A58D54 
 177      6A71C68E 
 177      AEEBA0AB 
 177      EC
 178 0196 36768570 		.ascii	"6v\205p\027Q\332.-\350IkX{\272\224\303\270}\234\020"
 178      1751DA2E 
 178      2DE8496B 
 178      587BBA94 
 178      C3B87D9C 
 179 01ab EB25F7BC 		.ascii	"\353%\367\274\275\357<K\253\333\355\252\020\356\361"
 179      BDEF3C4B 
 179      ABDBEDAA 
 179      10EEF1
 180 01ba AC47B6B4 		.ascii	"\254G\266\264m~L\016\206\030\334\252u\276\020\334gY"
 180      6D7E4C0E 
 180      8618DCAA 
 180      75BE10DC 
 180      6759
 181 01cc 5E413C40 		.ascii	"^A<@\324UY^+\346\257\011<Y\235\036\351\334\377\327\004"
 181      D455595E 
 181      2BE6AF09 
 181      3C599D1E 
 181      E9DCFFD7 
 182 01e1 9AD7ECAD 		.ascii	"\232\327\354\255\001\250?\006\360\320\033@JdZ\377m\357"
 182      01A83F06 
 182      F0D01B40 
 182      4A645AFF 
 182      6DEF
 183 01f3 D49E66FE 		.ascii	"\324\236f\376\241v \355\331\013\237E\372l\031~o\025"
 183      A17620ED 
ARM GAS  /tmp/ccCaAU6L.s 			page 14


 183      D90B9F45 
 183      FA6C197E 
 183      6F15
 184 0205 2604742B 		.ascii	"&\004t+m\310\000\036\301\301Af\360\020x\214B\372\214"
 184      6DC8001E 
 184      C1C14166 
 184      F010788C 
 184      42FA8C
 185 0218 FAD9A6F5 		.ascii	"\372\331\246\3651\313\267\326\022\033\033\231\202{g"
 185      31CBB7D6 
 185      121B1B99 
 185      827B67
 186 0227 B30E84C3 		.ascii	"\263\016\204\303\216\177\037\257\250<[y\272\304\251"
 186      8E7F1FAF 
 186      A83C5B79 
 186      BAC4A9
 187 0236 8E381567 		.ascii	"\2168\025g\252\234HM\271\234e\221\332p9\035\375\027"
 187      AA9C484D 
 187      B99C6591 
 187      DA70391D 
 187      FD17
 188 0248 EA42754D 		.ascii	"\352BuMm\304))->|\310)*:\341\224\236*\276X\270\365]"
 188      6DC42929 
 188      2D3E7CC8 
 188      292A3AE1 
 188      949E2ABE 
 189 0260 5955D5B9 		.ascii	"YU\325\271p\005\375\004k\203\022\262"
 189      7005FD04 
 189      6B8312B2 
 190              		.text
 191              		.section	.gnu.lto_.symbol_nodes.4043127591c300d8,"",%progbits
 192 0000 789C558A 		.ascii	"x\234U\212\313\015\3020\020\005g\337\306\021i\203\032"
 192      CB0DC230 
 192      100567DF 
 192      C6116983 
 192      1A
 193 0011 28002A5B 		.ascii	"(\000*[\037R\000E\320B8P\001\337\000\035P\011\302r."
 193      1F520045 
 193      D0423850 
 193      01DF001D 
 193      5009C272 
 194 0026 F85D469A 		.ascii	"\370]F\232y\011q\244Lg\005\354g(8\345]1\027\2055&=E"
 194      790971A4 
 194      4C6705EC 
 194      672838E5 
 194      5D311785 
 195 003e 5E83EBAA 		.ascii	"^\203\353\252P{\276)\274=\277d\313\371\256\350\332\364"
 195      507BBE29 
 195      BC3DBF64 
 195      CBF9AEE8 
 195      DAF4
 196 0050 966AB287 		.ascii	"\226j\262\207\"\325\0049o\301fE\377/\234\025\207\317"
 196      22D50439 
 196      6FC16645 
 196      FF2F9C15 
 196      87CF
 197 0062 D7DC06C6 		.ascii	"\327\334\006\306i\343\335\202\276\202\037\0237+b"
ARM GAS  /tmp/ccCaAU6L.s 			page 15


 197      69E3DD82 
 197      BE821F13 
 197      372B62
 198              		.text
 199              		.section	.gnu.lto_.refs.4043127591c300d8,"",%progbits
 200 0000 789C6365 		.ascii	"x\234ce`b\020````ddbbadabeadcbga\000\000\003S\000F"
 200      60621060 
 200      60606064 
 200      64626261 
 200      64616265 
 201              		.text
 202              		.section	.gnu.lto_.decls.4043127591c300d8,"",%progbits
 203 0000 789CB557 		.ascii	"x\234\265WyP\024W\032\357\327o\206c\270\334I\312r+f"
 203      79501457 
 203      1AEFD76F 
 203      8663B8DC 
 203      49CA722B 
 204 0015 A31659A8 		.ascii	"\243\026Y\250\335\015#\272\177$\331K\203n\222\252\230"
 204      DD0D23BA 
 204      7F24D94B 
 204      836E92AA 
 204      98
 205 0026 6C0D6E6A 		.ascii	"l\015nj\377\331\232\"H\026\252\360(f\314V\376I\232C"
 205      FFD99A22 
 205      4816AAF0 
 205      2866CC56 
 205      FE499A43 
 206 003a 05620454 		.ascii	"\005b\004T\344\020\345\020\024\025\025P\021\344\032"
 206      E410E510 
 206      14151550 
 206      11E41A
 207 0049 19453062 		.ascii	"\031E0b\020\017\004AP\021E]$\200\202\202\262\337;\232"
 207      100F0441 
 207      5011455D 
 207      24808282 
 207      B2DF3B9A 
 208 005d EE6987EC 		.ascii	"\356i\207\354\246j\267\341\353\351\357\275\337\373}"
 208      A66AB7E1 
 208      EBE9EFBD 
 208      DFFB7D
 209 006c D77BDDEF 		.ascii	"\327{\335\357\351\005Q\360|U\020\256\211\202\340\015"
 209      E90551F0 
 209      7C5510AE 
 209      8982E00D 
 210 007c 3205979B 		.ascii	"2\005\227\233 \010\207\004\345r\0079\014R\017r\012\304"
 210      20088704 
 210      E5720739 
 210      0C520F72 
 210      0AC4
 211 008e 01D208D2 		.ascii	"\001\322\010\322\004r\011\004\203t\203\364\203\014\010"
 211      04720904 
 211      837483F4 
 211      830C08
 212 009d CED7DF11 		.ascii	"\316\327\337\021\353\377\024\344\276\212W\344\234M\302"
 212      EBFF14E4 
 212      BE8A57E4 
 212      9C4DC2
ARM GAS  /tmp/ccCaAU6L.s 			page 16


 213 00ac CBD7D730 		.ascii	"\313\327\3270\306\207\2171\202\200{B5H\000H\020\364"
 213      C6878F31 
 213      82807B42 
 213      35480048 
 213      10F4
 214 00be BD053204 		.ascii	"\275\0052\004\317&\370]\010\322\001\317m /\270/\277"
 214      CF26F85D 
 214      08D201CF 
 214      6D202FB8 
 214      2FBF
 215 00d0 80B65F81 		.ascii	"\200\266_\201\274\006\242\343~\277\215\230\257\357\302"
 215      BC06A2E3 
 215      7EBF8D98 
 215      AFEFC2
 216 00df 2FE2FEAA 		.ascii	"/\342\376\252\257x\216\375Tc\003q>\221\307\376{\364"
 216      AF788EFD 
 216      54630371 
 216      3E91C7FE 
 216      7BF4
 217 00f1 B2BF9B7E 		.ascii	"\262\277\233~\202\277\177\000\271\255\362WT\371\253"
 217      82BF7F00 
 217      B9ADF257 
 217      54F9AB
 218 0100 E3B9957D 		.ascii	"\343\271\225}\375\023\367\265_c\357[h\364\376\037\330"
 218      FD13F7B5 
 218      5F63EF5B 
 218      68F4FE1F 
 218      D8
 219 0111 6A54D95A 		.ascii	"jT\331Z\312mi\353\227\201Q\313\315\376\327n\240.\204"
 219      CA6D69EB 
 219      978151CB 
 219      CDFED76E 
 219      A02E84
 220 0124 04846621 		.ascii	"\004\204f!\304\201$7\210=\221\246)\371BL\207\273(\360"
 220      C4812437 
 220      883D91A6 
 220      29F9424C 
 220      87BB28F0 
 221 0138 FC31F874 		.ascii	"\3741\370t\342\020\375\203\177\0211\260(\270\002\251"
 221      E210FD83 
 221      7F1131B0 
 221      28B802A9 
 222 0148 19158BF2 		.ascii	"\031\025\213\362%\267!gJ\302\206T\015\352\001*B\036"
 222      25B72167 
 222      4AC28654 
 222      0DEA012A 
 222      421E
 223 015a 0543A87C 		.ascii	"\005C\250|\224\243\241\323\210\006\377p\363H\256\256"
 223      94A3A1D3 
 223      8806FF70 
 223      F348AEAE 
 224 016a 077523E4 		.ascii	"\007u#\344%\344-A\264mS\371`\217\036\203\035x\356yZ"
 224      25E42D41 
 224      B46D53F9 
 224      608F1E83 
 224      1D78EE79 
 225 017f FCE7A012 		.ascii	"\374\347\240\022\211]\036?W\262vfj\314\356\267\005#"
ARM GAS  /tmp/ccCaAU6L.s 			page 17


 225      895D1E3F 
 225      57B27666 
 225      6ACCEEB7 
 225      0523
 226 0191 A30189A0 		.ascii	"\243\001\211\240\266\015\235\337\345\005\352\253\006"
 226      B60D9DDF 
 226      E505EAAB 
 226      06
 227 019e 340BD4F1 		.ascii	"4\013\324\361\330+\247\014sv\320Q\361\322,\021}:\033"
 227      D82BA70C 
 227      7376D051 
 227      F1D22C11 
 227      7D3A1B
 228 01b1 95A0B9E8 		.ascii	"\225\240\271\350 \232\013\036\034Bs\340\376\231\216"
 228      209A0B1E 
 228      1C4273E0 
 228      FE998E
 229 01c0 31351F4C 		.ascii	"15\037L+\366[\220'\345\365J\366\366\2707v\304K\3050"
 229      2BF65B90 
 229      27E5F54A 
 229      F6F6B837 
 229      76C44BC5 
 230 01d5 6A1E41A1 		.ascii	"j\036A\241\375\010\243\003(\210\270\015\217p/F=\010"
 230      FD08A303 
 230      2888B80D 
 230      8F702F46 
 230      3D08
 231 01e7 ED433720 		.ascii	"\355C7 \252\303h\001\214\216/\351L\326\343\267\251\263"
 231      AAC36801 
 231      8C8E2FE9 
 231      4CD6E3B7 
 231      A9B3
 232 01f9 DD4DFB0F 		.ascii	"\335M\373\017bp\"\300\200H\036\374\240\351\310\303\252"
 232      627022C0 
 232      80481EFC 
 232      A0E9C8C3 
 232      AA
 233 020a A73EAC89 		.ascii	"\247>\254\211 \332R\206\013\335\361r\372|1\2414\007"
 233      20DA5286 
 233      0BDDF172 
 233      FA7C31A1 
 233      3407
 234 021c B30874A0 		.ascii	"\263\010t\240\376\320\222}\333\227E0/\003\213Y\347\332"
 234      FED0927D 
 234      DB974530 
 234      2F038B59 
 234      E7DA
 235 022e 1B7428D0 		.ascii	"\033t(\320\260\227\204`?\233\375\313\314a\342T\0052"
 235      B0978460 
 235      3F9BFDCB 
 235      CC61E254 
 235      0532
 236 0240 A072C5A9 		.ascii	"\240r\305\251\000\003\334\023%)NJ\215\227<?\020\320"
 236      0003DC13 
 236      25294E4A 
 236      8D973C3F 
 236      10D0
ARM GAS  /tmp/ccCaAU6L.s 			page 18


 237 0252 3108F228 		.ascii	"1\010\362(\004\211\216\243@b\224\340P\0314\226B#X\331"
 237      04898EA3 
 237      406294E0 
 237      50193496 
 237      422358D9 
 238 0266 5F9856E0 		.ascii	"_\230V\340\206\277\"\016\210\215u\327\257\351\220!\320"
 238      86BF220E 
 238      888D75D7 
 238      AFE99021 
 238      D0
 239 0277 E5F82A17 		.ascii	"\345\370*\027\343\231/S\305\013\0327H\222\210*\301\227"
 239      E3992F53 
 239      C50B1A37 
 239      4892882A 
 239      C197
 240 0289 138A2FE0 		.ascii	"\023\212/\340\032Kh\312\361\353\223~\370\000\242F\262"
 240      1A4B68CA 
 240      F1EB937E 
 240      F800A246 
 240      B2
 241 029a 8FE48FE0 		.ascii	"\217\344\217\340\231\214\324\314h\344\356\341\337\356"
 241      998CD4CC 
 241      68E4EEE1 
 241      DFEE
 242 02a8 BA4C02AE 		.ascii	"\272L\002\256\006#'\025#\225\262\221\272\334\361c\242"
 242      06232715 
 242      2395B291 
 242      BADCF163 
 242      A2
 243 02b9 0EA63645 		.ascii	"\016\2466E@-\241\255\251\352Y\037\236\261\352u\264\352"
 243      402DA1AD 
 243      A9EA591F 
 243      9EB1EA75 
 243      B4EA
 244 02cb B5482E7B 		.ascii	"\265H.{\307\265\003\036P\366^R\366\202\200\233\345\222"
 244      C7B5031E 
 244      50F65E52 
 244      F682809B 
 244      E592
 245 02dd 0451493A 		.ascii	"\004QI:\202CG\024\213G\264u\257\247uo\236(\367\305\335"
 245      82434714 
 245      8B47B475 
 245      AFA7756F 
 245      9E28F7C5 
 246 02f2 344674E1 		.ascii	"4Ft\341\372p\201;\247\352|-K\262\307I$?d\002\331\025"
 246      FA70813B 
 246      A7EA7C2D 
 246      4BB2C749 
 246      243F6402 
 247 0308 22BB96E8 		.ascii	"\"\273\226\350\024%\332zt,W\217\007\030\323w\225w&\275"
 247      1425DA7A 
 247      742C578F 
 247      0718D377 
 247      957726BD 
 248 031c 39D3B9D7 		.ascii	"9\323\271\327\247\231\210K\015\012S\203\226\311A\231"
 248      A799884B 
 248      0D0A5383 
ARM GAS  /tmp/ccCaAU6L.s 			page 19


 248      96C94199 
 249 032c 4A465BCB 		.ascii	"JF[\313}\360(c\272]z\341\256\250\316\005I\223\222\214"
 249      7DF02863 
 249      BA5D7AE1 
 249      AEA8CE05 
 249      4993928C 
 250 0340 334E4BE0 		.ascii	"3NK\340\233\224\330I7n\366B\356\3544y\011\000\012\235"
 250      9B94D849 
 250      376EF642 
 250      EEEC3479 
 250      09000A9D 
 251 0354 56EC9ED6 		.ascii	"V\354\236\326\332m\244v\177\330\374(\317\017O1\273\271"
 251      DA6DA476 
 251      7FD8FC28 
 251      CF0F4F31 
 251      BBB9
 252 0366 47B7A4F8 		.ascii	"G\267\244\370\020*(bO\263\177qi\237\224h\240K\016\235"
 252      102A2862 
 252      4FB37F71 
 252      699F9468 
 252      A04B0E9D 
 253 037a 5598CE22 		.ascii	"U\230\316\"\366\006@M\224\301>T\230\211\361Y\266\344"
 253      F606404D 
 253      94C13E54 
 253      9889F159 
 253      B6E4
 254 038c AF8CD73E 		.ascii	"\257\214\327>\363\306\027\251\242\353\3353\374\300\015"
 254      F3C617A9 
 254      A2EBDD33 
 254      FCC00D
 255 039b 05CE45C8 		.ascii	"\005\316E\310\000\262W~\021\010\250\005\3029\307Y\340"
 255      00B2577E 
 255      1108A805 
 255      C239C759 
 255      E0
 256 03ac CA966082 		.ascii	"\312\226`\202\015}M\232\331z\030*\220\360\034\001-\236"
 256      0D7D4D9A 
 256      D97A182A 
 256      90F01C01 
 256      2D9E
 257 03be 8B16C244 		.ascii	"\213\026\302D\373\016&\032\351\022\320\005H\301yHA\266"
 257      FB0E261A 
 257      E912D005 
 257      48C17948 
 257      41B6
 258 03d0 E4415BC0 		.ascii	"\344A[\300`jK\376NO\003\037\225\370\243\243\000=4\322"
 258      606A4BFE 
 258      4E4F031F 
 258      95F8A3A3 
 258      003D34D2 
 259 03e4 7559F44E 		.ascii	"uY\364N\236\236\316\350{\360D\236\321\002jE\336\374"
 259      9E9ECEE8 
 259      7BF0449E 
 259      D1026A45 
 259      DEFC
 260 03f6 0D3598D3 		.ascii	"\0155\230\323\272\321@g(\264\361\031\272\361to\256\347"
 260      BAD14067 
ARM GAS  /tmp/ccCaAU6L.s 			page 20


 260      28B4F119 
 260      BAF1746F 
 260      AEE7
 261 0408 8C33B48D 		.ascii	"\2143\264\215\026\345\242<C'2/\306\373\361T\216t\376"
 261      16E5A23C 
 261      4327322F 
 261      C6FBF154 
 261      8E74FE
 262 041b 26A75C4A 		.ascii	"&\247\\J\320\023\014jV\022\331,'\362\022M\344\304\275"
 262      D0130C6A 
 262      5612D92C 
 262      27F2124D 
 262      E4C4BD
 263 042e ED1D88BD 		.ascii	"\355\035\210\275S\274Au<<6\346G\"\223\270\257F\265\253"
 263      53BC4175 
 263      3C3C36E6 
 263      472293B8 
 263      AF46B5AB 
 264 0442 576868A6 		.ascii	"Whh\246\271\3502\213l\317\375*\207\236\015\366\001\265"
 264      B9E8328B 
 264      6CCFFD2A 
 264      879E0DF6 
 264      01B5
 265 0454 AB607B91 		.ascii	"\253`{\221\216\275\220\356\221\356\312\326\252\235^"
 265      8EBD90EE 
 265      91EECAD6 
 265      AA9D5E
 266 0463 C6544A46 		.ascii	"\306TJF&\007-A;\260]\245l\327\220Q\346$\350\243\035"
 266      26072D41 
 266      3BB05DA5 
 266      6CD79051 
 266      E624E8A3 
 267 0478 1B333DD5 		.ascii	"\0333=\325\350\357\177\014\035[\021\237\3425\177B\314"
 267      E8EF7F0C 
 267      1D5B119F 
 267      E2357F42 
 267      CC
 268 0489 85AA7440 		.ascii	"\205\252t@\027\231\300O\333s\334q\022\246s\"\277ed\207"
 268      1799C04F 
 268      DB73DC71 
 268      12A67322 
 268      BF656487 
 269 049d 01673065 		.ascii	"\001g0ew\377\255L\2577\367H\255vX\271\267\002\312\342"
 269      77FFAD4C 
 269      AF37F748 
 269      AD7658B9 
 269      B702CAE2 
 270 04b1 EC52D212 		.ascii	"\354R\322\0222\014>\242\230,O\225\235\353\320\322\211"
 270      320C3EA2 
 270      982C4F95 
 270      9DEBD0D2 
 270      89
 271 04c2 E60BF085 		.ascii	"\346\013\360\205y\023\206>\037j}\356\315B4\200z2\256"
 271      7913863E 
 271      1F6A7DEE 
 271      CD423480 
 271      7A32AE
ARM GAS  /tmp/ccCaAU6L.s 			page 21


 272 04d5 B4473F63 		.ascii	"\264G?c~z\344\374\334`\371i\357H\250\342\311\365\002"
 272      7E7AE4FC 
 272      DC60F969 
 272      EF48A8E2 
 272      C9F502
 273 04e8 F5C4CDF4 		.ascii	"\365\304\315\364zO\226\237k\244\273c\313\223.\2356?"
 273      7A4F969F 
 273      6BA4BB63 
 273      CB932E9D 
 273      363F
 274 04fa 3781AD97 		.ascii	"7\201\255\227\262\335\242\021\367\310\021;:Fk|\264\371"
 274      B2DDA211 
 274      F7C8113B 
 274      3A466B7C 
 274      B4F9
 275 050c 99117DF7 		.ascii	"\231\021}\367\321\335a\367\371y\230\344\3476\313O\327"
 275      D1DD61F7 
 275      F97998E4 
 275      E736CB4F 
 275      D7
 276 051d C516871E 		.ascii	"\305\026\207\036\227\260\224\034r8.\372\362\224t\276"
 276      97B0941C 
 276      72382EFA 
 276      F29474BE 
 277 052d 1E9B674F 		.ascii	"\036\233gO\230Gp4!\360rP\021\337\201\226>\222\220~\232"
 277      98477034 
 277      21F07250 
 277      11DF8196 
 277      3E92907E 
 278 0542 90C2C4E3 		.ascii	"\220\302\304\343\273\335\347\237T\023\327$\025np\303"
 278      BBDDE79F 
 278      5413D724 
 278      156E70C3 
 279 0552 8D8CF86A 		.ascii	"\215\214\370jqV\267^&~\303\231\270\321\211\370\036\264"
 279      7156B75E 
 279      267EC399 
 279      B8D189F8 
 279      1EB4
 280 0564 DC25C403 		.ascii	"\334%\304\003\224\270g\274\375\206\267z\231\2207\200"
 280      94B867BC 
 280      FD86B77A 
 280      99903780 
 281 0574 92DBFB6C 		.ascii	"\222\333\373l\231\220_U*\215<\225\331\325\243\347\370"
 281      99905F55 
 281      2A8D3C95 
 281      D9D5A3E7 
 281      F8
 282 0585 4CF420DD 		.ascii	"L\364 \335\203\007O\370\260L\333I\367\245\376\374\004"
 282      83074FF8 
 282      B04CDB49 
 282      F7A5FEFC 
 282      04
 283 0596 5EC5569A 		.ascii	"^\305V\232\313\253g\207t\3702\3638\261d\213\003\223"
 283      CBAB6787 
 283      74F832F3 
 283      38B1648B 
 283      0393
ARM GAS  /tmp/ccCaAU6L.s 			page 22


 284 05a8 9AC6FF57 		.ascii	"\232\306\377W\3374\030q\376\374D\213\036w\262\341\337"
 284      DF341871 
 284      FEFC448B 
 284      1E77B2E1 
 284      DF
 285 05b9 9C39DEC8 		.ascii	"\2349\336\310\277\312MD\337~\322Q\355\205\273Y\347\355"
 285      BFCA4D44 
 285      DF7ED251 
 285      ED85BB59 
 285      E7ED
 286 05cb E45B0E37 		.ascii	"\344[\0167|\213)\262WF\356U\356\365\307\360B\352g\235"
 286      7C8B29B2 
 286      5746EE55 
 286      EEF5C7F0 
 286      42EA679D 
 287 05df D5276A1A 		.ascii	"\325'j\032y\004\013U\333\023#\333\236T\36477\032X@\022"
 287      79040B55 
 287      DB1323DB 
 287      9E54F437 
 287      371A5840 
 288 05f4 02BDB6AD 		.ascii	"\002\275\266\255k\011~\300F6\014\227\356\343\301\221"
 288      6B097EC0 
 288      46360C97 
 288      EEE3C191 
 289 0604 099F9835 		.ascii	"\011\237\2305\334:\363\022\236\224\247\350\004\013\245"
 289      DC3AF312 
 289      9E94A7E8 
 289      040BA5
 290 0613 63FC4CA7 		.ascii	"c\374L\247^\231U:\372\215~\012\360q\012\177Ng\325\244"
 290      5E99553A 
 290      FA8D7E0A 
 290      F0710A7F 
 290      4E67D5A4 
 291 0627 3CABCEA4 		.ascii	"<\253\316\244\017\372\252\301C?\006>\274\247(\303\200"
 291      0FFAAAC1 
 291      433F063E 
 291      BCA728C3 
 291      80
 292 0638 1F312777 		.ascii	"\0371'w\216t\017\360\202\005\202\272\367Iu\274\007\036"
 292      8E740FF0 
 292      820582BA 
 292      F74975BC 
 292      071E
 293 064a 617DDBEA 		.ascii	"a}\333\352v\265\270\3431\246\310\273\032#\335\325\240"
 293      76B5B8E3 
 293      31A6C8BB 
 293      1A23DDD5 
 293      A0
 294 065b B8F6F7F0 		.ascii	"\270\366\367\360\004\353\251O\333\332\215\360\024S\006"
 294      04EBA94F 
 294      DBDA8DF0 
 294      145306
 295 066a 13EEF4F2 		.ascii	"\023\356\364\362\374\314\0015\375\273\007\0018AG\273"
 295      FCCC0135 
 295      FDBB0701 
 295      384147BB 
 296 067a 5E343902 		.ascii	"^49\002p2{n\254(\336\207p*S\206\263\033\037\030\360"
ARM GAS  /tmp/ccCaAU6L.s 			page 23


 296      70327B6E 
 296      AC28DE87 
 296      702A5386 
 296      B31B1F18 
 297 068f 76A6E4B5 		.ascii	"v\246\344\265\345Tz\340\014\246\354\035\337\261\327"
 297      E5547AE0 
 297      0CA6EC1D 
 297      DFB1D7
 298 069e 1BE730E5 		.ascii	"\033\3470\345r\325\225D/\234\317\224\304\262\262L/\\"
 298      72D59544 
 298      2F9CCF94 
 298      C4B2B24C 
 298      2F5C
 299 06b0 C494B8EA 		.ascii	"\304\224\270\352\2164\276\205\354%z_Q_\036_\320\222"
 299      8E34BE85 
 299      EC257A5F 
 299      515F1E5F 
 299      D092
 300 06c2 1BE8C96D 		.ascii	"\033\350\311m\347\307\020\336\317\300\311\025\227n\350"
 300      E7C710DE 
 300      CFC0C915 
 300      976EE8
 301 06d1 66ACC356 		.ascii	"f\254\303V\221\327a!-Czm\372q_m\031\376\005\350\207"
 301      91D76121 
 301      2D437A6D 
 301      FA715F6D 
 301      19FE05E8 
 302 06e6 14BD4D34 		.ascii	"\024\275M4\312c\010\272\365\316\236\"\235\266\0163\241"
 302      CA6308BA 
 302      F5CE9E22 
 302      9DB60E33 
 302      A1
 303 06f7 673F4A3E 		.ascii	"g?J>\365\330\007\371\373\373\277\342\257\272\002\351"
 303      F5D807F9 
 303      FBFBBFE2 
 303      AFBA02E9 
 304 0707 BD404A88 		.ascii	"\275@J\210\227\354c\337\342\315e}\315\261R\341\034J"
 304      97EC63DF 
 304      E2CD657D 
 304      CDB152E1 
 304      1C4A
 305 0719 F5045666 		.ascii	"\365\004Vf\246\370\212\262\016\036S\336c\344.\260!\015"
 305      A6F88AB2 
 305      0E1E53DE 
 305      63E42EB0 
 305      210D
 306 072b 4918361B 		.ascii	"I\0306\033\011\230\342\037i\361\203/\341\357'\252\360"
 306      0998E21F 
 306      69F1832F 
 306      E1EF27AA 
 306      F0
 307 073c A35AFC30 		.ascii	"\243Z\3740\305\007\023x\032\217j\211N@\251\342\\\224"
 307      C5071378 
 307      1A8F6A89 
 307      4E40A9E2 
 307      5C94
 308 074e 22922E82 		.ascii	"\"\222.\202\206U\210\212\304@\224-\372\243,\220|\220"
ARM GAS  /tmp/ccCaAU6L.s 			page 24


 308      8655888A 
 308      C440942D 
 308      FAA32C90 
 308      7C90
 309 0760 DD203B41 		.ascii	"\335 ;A\366\203\354\002)\004\311\005)\000\331\013\262"
 309      F683EC02 
 309      2904C905 
 309      2900D90B 
 309      B2
 310 0771 0F240FE4 		.ascii	"\017$\017\344\000H:H\006\310\036\220\034\220\035 \305"
 310      00483A48 
 310      06C81E90 
 310      1C901D20 
 310      C5
 311 0782 A23FFD1A 		.ascii	"\242?\375\0322'\237}\245\370\370\255\250\361\321\244"
 311      32279F7D 
 311      A5F8F8AD 
 311      A8F1D1A4 
 312 0792 0D695885 		.ascii	"\015iX\205\336\342\022\035\254\200\333\276V\300\311"
 312      DEE2121D 
 312      AC80DBBE 
 312      56C0C9
 313 07a1 5AF038D2 		.ascii	"Z\3608\322\240\237\251\263\365\203\353\354\252\340\267"
 313      A09FA9B3 
 313      F583EBEC 
 313      AAE0B7
 314 07b0 54E4895A 		.ascii	"T\344\211Z\362\215\242\006}N\205\376F\213~\370R\345"
 314      F28DA206 
 314      7D4E85FE 
 314      468B7EF8 
 314      52E5
 315 07c2 8655F00D 		.ascii	"\206U\360\015Zx\274\226\274M\355\371\224\326"
 315      5A78BC96 
 315      BC4DEDF9 
 315      94D6
 316 07d0 F331ADE7 		.ascii	"\3631\255\347\015*\362\315\256}Q\247E\205Np\355\212"
 316      0D2AF2CD 
 316      AE7D51A7 
 316      45854E70 
 316      ED8A
 317 07e2 93E76A5F 		.ascii	"\223\347j_F\\\3179\2479\252\242\337\344:\215\014\316"
 317      465CCF39 
 317      A739AAA2 
 317      DFE43A8D 
 317      0CCE
 318 07f4 4E1C832F 		.ascii	"N\034\203/\214\261\222\204\010L\340\273+e*5&\342*8 "
 318      8CB19284 
 318      084CE0BB 
 318      2B652A35 
 318      26E22A38 
 319 0809 24B951B6 		.ascii	"$\271Q\2668-\233\364RQ\324\276\306\272\206O\373\032"
 319      382D9BF4 
 319      5251D4BE 
 319      C6BA864F 
 319      FB1A
 320 081b 0BF8241C 		.ascii	"\013\370$\034K\361\333E#J\343x\371\025\200\036h3\327"
 320      4BF1DB45 
ARM GAS  /tmp/ccCaAU6L.s 			page 25


 320      234AE378 
 320      F915801E 
 320      6833D7
 321 082e A90A2DC9 		.ascii	"\251\012-\311\365\364S\263w&r\366\027\360\345~\3063"
 321      F5F453B3 
 321      772672F6 
 321      17F0E57E 
 321      C633
 322 0840 27BFE879 		.ascii	"'\277\350y\025\031\236\034b\317_-\366\305\003\364\255"
 322      15199E1C 
 322      62CF5F2D 
 322      F6C503F4 
 322      AD
 323 0851 2736ECAE 		.ascii	"'6\354\256\311\202S\350+,EW\223p<I\321!\030~P\234\336"
 323      C98253E8 
 323      2B2C4557 
 323      93703C49 
 323      D121187E 
 324 0868 83928CB9 		.ascii	"\203\222\214\271^\351\250\004\026\370\377{\261\223o"
 324      5EE9A804 
 324      16F8FF7B 
 324      B1936F
 325 0877 C440CA4D 		.ascii	"\304@\312M\247=\371!UB\340\244.\262\315\006\374\002"
 325      A73DF921 
 325      5542E0A4 
 325      2EB2CD06 
 325      FC02
 326 0889 F8C0604E 		.ascii	"\370\300`N\266\207\032\334\346\26439\302\301G(\270}"
 326      B6871ADC 
 326      E6B43339 
 326      C2C14728 
 326      B87D
 327 089b A4A8DB89 		.ascii	"\244\250\333\211\231l3\025p)\007\227R\360\205\311\246"
 327      996C3315 
 327      70290797 
 327      52F085C9 
 327      A6
 328 08ac 3237FC98 		.ascii	"27\374\230}0Z\316\\\312t\307\233\365\364\030s\257~X"
 328      7D305ACE 
 328      5CCA74C7 
 328      9BF5F418 
 328      73AF7E58 
 329 08c0 8441E4DF 		.ascii	"\204A\344\3373\220\034=\216\213\236\354\3142\213>n\242"
 329      33901C3D 
 329      8E8B9EEC 
 329      CC328B3E 
 329      6EA2
 330 08d2 878FB8D4 		.ascii	"\207\217\270\324Yh\372\360Q\001\351\"]\002:\012\331"
 330      5968FAF0 
 330      5101E922 
 330      5D023A0A 
 330      D9
 331 08e3 3C26F293 		.ascii	"<&\362\2231;\375@\007*\027\247O?`\356\364\376\013[\275"
 331      313BFD40 
 331      072A17A7 
 331      4F3F60EE 
 331      F4FE0B5B 
ARM GAS  /tmp/ccCaAU6L.s 			page 26


 332 08f8 D5270B02 		.ascii	"\325'\013\002Q\216\026'D\365yo\262\353X\266\016N\026"
 332      518E1627 
 332      44F5796F 
 332      B2EB58B6 
 332      0E4E16
 333 090b F65E7A48 		.ascii	"\366^zH;y\255O\222 \306\004\244#@T\246\324\266L\324"
 333      3B79AD4F 
 333      9220C604 
 333      A4234054 
 333      A6D4B64C 
 334 0920 1CF92A45 		.ascii	"\034\371*Er\316\310?:\232\355\203\267\322\340\320\351"
 334      72CEC83F 
 334      3A9AED83 
 334      B7D2E0D0 
 334      E9
 335 0931 CBA3CF3D 		.ascii	"\313\243\317=9\333\263_\263Ck>;\264V)LUZ\246\223\224"
 335      39DBB35F 
 335      B3436B3E 
 335      3BB45629 
 335      4C555AA6 
 336 0947 E9FA5455 		.ascii	"\351\372TU\236\017.bL\305\007j\277\367\345L\235oM3\221"
 336      9E0F2E62 
 336      4CC5076A 
 336      BFF7E54C 
 336      9D6F4D33 
 337 095c AD63B5C2 		.ascii	"\255c\265\302T\255e\252\241Le\216\352:\275\272T\267"
 337      54AD65AA 
 337      A14C658E 
 337      EA3ABDBA 
 337      54B7
 338 096e 9D4A55CB 		.ascii	"\235JU\313KUKKU?P\230\255\303'\230Y\307\256\2321Q\016"
 338      4B554B4B 
 338      553F5098 
 338      ADC32798 
 338      59C7AE9A 
 339 0985 20C82980 		.ascii	" \310)\200:\305l\235\326l=5[\221\221\376G\334\304\210"
 339      3AC56C9D 
 339      D66C3D35 
 339      5B9191FE 
 339      47DCC488 
 340 0999 B23AB60D 		.ascii	"\262:\266\015\"Nt\243\322\270\215\236\243S\375\3519"
 340      224E74A3 
 340      D2B88D9E 
 340      A353FDE9 
 340      39
 341 09aa DAAE30D9 		.ascii	"\332\2560\331\265L\247\304\005\202\233\325\366\341\232"
 341      B54CA7C4 
 341      05829BD5 
 341      F6E19A
 342 09b9 289BC7FB 		.ascii	"(\233\307\373\037\377u^Hp\260\360fP\220\211\375\207"
 342      1FFF755E 
 342      4870B0F0 
 342      66509089 
 342      FD87
 343 09cb 44467D16 		.ascii	"DF}\026\365I\250i\255\325\024\031\026m\262\306\204\223"
 343      F549A869 
 343      ADD51419 
ARM GAS  /tmp/ccCaAU6L.s 			page 27


 343      166DB2C6 
 343      8493
 344 09dd 5F8BD516 		.ascii	"_\213\325\026\024.x[m\241\266\260\030\333\322\350\260"
 344      142E785B 
 344      6DA1B6B0 
 344      18DBD2E8 
 344      B0
 345 09ee 98D5068B 		.ascii	"\230\325\006\213e}\324\032\333\342E\026\333[\246\365"
 345      657DD41A 
 345      DBE24516 
 345      DB5BA6F5 
 346 09fe D61853D4 		.ascii	"\326\030S\324\232\360\350\365\253\"Lk\"\376\031\035"
 346      9AF0E8F5 
 346      AB224C6B 
 346      22FE191D 
 347 0a0e F5996975 		.ascii	"\365\231iuXxd\324\232\010\223eU\304\347a\353\243m\026"
 347      587864D4 
 347      9A089365 
 347      55C4E761 
 347      EBA36D16 
 348 0a22 DB97EB22 		.ascii	"\333\227\353\"\254A\221\202\207<l\201\253a\326/\255"
 348      AC419182 
 348      873C6C81 
 348      AB61D62F 
 348      AD
 349 0a33 26B0B60A 		.ascii	"&\260\266\0120\200\365\004\325\026\265:\302b\013t\345"
 349      3080F504 
 349      D516B53A 
 349      C2620B74 
 349      E5
 350 0a44 618C6D7A 		.ascii	"a\214mzxx$\301\301\020/\342\344\332u\314Gx\216\260\311"
 350      787824C1 
 350      C1102FE2 
 350      E4DA75CC 
 350      47788EB0 
 351 0a59 8FEFF347 		.ascii	"\217\357\363G@X\242\243WY\242 \003\277\233)\360ukcl"
 351      4058A2A3 
 351      5759A220 
 351      03BF9B29 
 351      F0756B63 
 352 0a6e 5653E8CA 		.ascii	"VS\350\312\025\213\027\231>\372h\231i\345\207+\276\010"
 352      158B1799 
 352      3EFA6899 
 352      69E5872B 
 352      BE08
 353 0a80 E6A920A3 		.ascii	"\346\251 \243\211s\341\221\241_Z?\010\213\266\351\302"
 353      8973E191 
 353      A15F5A3F 
 353      088BB6E9 
 353      C2
 354 0a91 23C362FC 		.ascii	"#\303b\374\377\243\2070\306G\235B\301\307b\371|\375"
 354      FFA38730 
 354      C6479D42 
 354      C1C762F9 
 354      7CFD
 355 0aa3 9A708B25 		.ascii	"\232p\213%\350\235\205\357\004{\310\232\227\342\266"
 355      E89D85EF 
ARM GAS  /tmp/ccCaAU6L.s 			page 28


 355      047BC89A 
 355      97E2B6
 356 0ab2 33E46D2F 		.ascii	"3\344m/%\012uO\360\302E\372\220\220\025\346\305\342"
 356      250A754F 
 356      F0C245FA 
 356      909015E6 
 356      C5E2
 357 0ac4 2766DDB2 		.ascii	"'f\335\262\025K\315xY\210Y\367\336\262\225f\034\022"
 357      154BCD78 
 357      598859F7 
 357      DEB29566 
 357      1C12
 358 0ad6 62C66690 		.ascii	"b\306f\220\245f3\376Kh\010\016\371x\245.$d\271\231\342"
 358      A56633FE 
 358      4B68080E 
 358      F978A52E 
 358      2464B999 
 359 0aeb D9A860BC 		.ascii	"\331\250`\274\374}\263\030\012#?\\n\326\205\256\000"
 359      FC7DB318 
 359      0A233F5C 
 359      6ED685AE 
 359      00
 360 0afc 74887911 		.ascii	"t\210y\021H0 \377f~\367\247\245\310j[M\212\033\265\232"
 360      483020FF 
 360      667EF7A7 
 360      A5C86A5B 
 360      4D8A1BB5 
 361 0b11 D5822B16 		.ascii	"\325\202+\026\333l9\353VK\030\361\337\022\026n\213\372"
 361      DB6C39EB 
 361      564B18F1 
 361      DF12166E 
 361      8BFA
 362 0b23 22426F79 		.ascii	"\"Boyo\355\332h#\357\264\222\334\260\376\237M7\255]"
 362      6FEDDA68 
 362      23EFB492 
 362      DCB0FE9F 
 362      4D37AD5D 
 363 0b37 C75A66C9 		.ascii	"\307Zf\311-\0216\347\206\177\310\015\377\006C\231\273"
 363      2D1136E7 
 363      867FC80D 
 363      FF064399 
 363      BB
 364 0b48 F3       		.ascii	"\363"
 365              		.text
 366              		.section	.gnu.lto_.symtab.4043127591c300d8,"",%progbits
 367 0000 7374496E 		.ascii	"stInit\000"
 367      697400
 368 0007 00       		.ascii	"\000"
 369 0008 00       		.ascii	"\000"
 370 0009 00       		.ascii	"\000"
 371 000a 00000000 		.ascii	"\000\000\000\000\000\000\000\000"
 371      00000000 
 372 0012 AE000000 		.ascii	"\256\000\000\000"
 373 0016 73745374 		.ascii	"stStartAlarm\000"
 373      61727441 
 373      6C61726D 
 373      00
ARM GAS  /tmp/ccCaAU6L.s 			page 29


 374 0023 00       		.ascii	"\000"
 375 0024 00       		.ascii	"\000"
 376 0025 00       		.ascii	"\000"
 377 0026 00000000 		.ascii	"\000\000\000\000\000\000\000\000"
 377      00000000 
 378 002e BF000000 		.ascii	"\277\000\000\000"
 379 0032 73745374 		.ascii	"stStopAlarm\000"
 379      6F70416C 
 379      61726D00 
 380 003e 00       		.ascii	"\000"
 381 003f 00       		.ascii	"\000"
 382 0040 00       		.ascii	"\000"
 383 0041 00000000 		.ascii	"\000\000\000\000\000\000\000\000"
 383      00000000 
 384 0049 C1000000 		.ascii	"\301\000\000\000"
 385 004d 73745365 		.ascii	"stSetAlarm\000"
 385      74416C61 
 385      726D00
 386 0058 00       		.ascii	"\000"
 387 0059 00       		.ascii	"\000"
 388 005a 00       		.ascii	"\000"
 389 005b 00000000 		.ascii	"\000\000\000\000\000\000\000\000"
 389      00000000 
 390 0063 C3000000 		.ascii	"\303\000\000\000"
 391 0067 73744765 		.ascii	"stGetAlarm\000"
 391      74416C61 
 391      726D00
 392 0072 00       		.ascii	"\000"
 393 0073 00       		.ascii	"\000"
 394 0074 00       		.ascii	"\000"
 395 0075 00000000 		.ascii	"\000\000\000\000\000\000\000\000"
 395      00000000 
 396 007d C6000000 		.ascii	"\306\000\000\000"
 397 0081 73745F6C 		.ascii	"st_lld_init\000"
 397      6C645F69 
 397      6E697400 
 398 008d 00       		.ascii	"\000"
 399 008e 02       		.ascii	"\002"
 400 008f 00       		.ascii	"\000"
 401 0090 00000000 		.ascii	"\000\000\000\000\000\000\000\000"
 401      00000000 
 402 0098 C8000000 		.ascii	"\310\000\000\000"
 403 009c 63685379 		.ascii	"chSysHalt\000"
 403      7348616C 
 403      7400
 404 00a6 00       		.ascii	"\000"
 405 00a7 02       		.ascii	"\002"
 406 00a8 00       		.ascii	"\000"
 407 00a9 00000000 		.ascii	"\000\000\000\000\000\000\000\000"
 407      00000000 
 408 00b1 D3000000 		.ascii	"\323\000\000\000"
 409              		.text
 410              		.section	.gnu.lto_.opts,"",%progbits
 411 0000 272D666D 		.ascii	"'-fmath-errno' '-fsigned-zeros' '-ftrapping-math' '"
 411      6174682D 
 411      6572726E 
 411      6F272027 
ARM GAS  /tmp/ccCaAU6L.s 			page 30


 411      2D667369 
 412 0033 2D666E6F 		.ascii	"-fno-trapv' '-fno-strict-overflow' '-fno-openmp' '-"
 412      2D747261 
 412      70762720 
 412      272D666E 
 412      6F2D7374 
 413 0066 666E6F2D 		.ascii	"fno-openacc' '-mcpu=cortex-m4' '-mthumb' '-mfloat-a"
 413      6F70656E 
 413      61636327 
 413      20272D6D 
 413      6370753D 
 414 0099 62693D68 		.ascii	"bi=hard' '-mfpu=fpv4-sp-d16' '-ggdb' '-Og' '-fomit-"
 414      61726427 
 414      20272D6D 
 414      6670753D 
 414      66707634 
 415 00cc 6672616D 		.ascii	"frame-pointer' '-falign-functions=16' '-ffunction-s"
 415      652D706F 
 415      696E7465 
 415      72272027 
 415      2D66616C 
 416 00ff 65637469 		.ascii	"ections' '-fdata-sections' '-fno-common' '-flto'\000"
 416      6F6E7327 
 416      20272D66 
 416      64617461 
 416      2D736563 
 417              		.text
 418              		.comm	__gnu_lto_v1,1,1
 419              		.comm	__gnu_lto_slim,1,1
 420              		.ident	"GCC: (15:6.3.1+svn253039-1build1) 6.3.1 20170620"
ARM GAS  /tmp/ccCaAU6L.s 			page 31


DEFINED SYMBOLS
                            *ABS*:0000000000000000 hal_st.c
                            *COM*:0000000000000001 __gnu_lto_v1
                            *COM*:0000000000000001 __gnu_lto_slim

NO UNDEFINED SYMBOLS
