ARM GAS  /tmp/ccsVnWT7.s 			page 1


   1              		.cpu cortex-m4
   2              		.eabi_attribute 27, 1
   3              		.eabi_attribute 28, 1
   4              		.eabi_attribute 20, 1
   5              		.eabi_attribute 21, 1
   6              		.eabi_attribute 23, 3
   7              		.eabi_attribute 24, 1
   8              		.eabi_attribute 25, 1
   9              		.eabi_attribute 26, 1
  10              		.eabi_attribute 30, 1
  11              		.eabi_attribute 34, 1
  12              		.eabi_attribute 18, 4
  13              		.file	"hal_lld.c"
  14              		.text
  15              	.Ltext0:
  16              		.section	.gnu.lto_.profile.733e984685633f08,"",%progbits
  17 0000 789C6365 		.ascii	"x\234ce`b`e```d\350a,\007\000\002\263\001\022"
  17      60626065 
  17      60606064 
  17      E8612C07 
  17      0002B301 
  18              		.text
  19              		.section	.gnu.lto_.inline.733e984685633f08,"",%progbits
  20 0000 789C6365 		.ascii	"x\234ce`b\360f@\000f\006\006~>F\006&\211\005[\031\031"
  20      6062F066 
  20      40006606 
  20      067E3E46 
  20      06268905 
  21 0017 D816C833 		.ascii	"\330\026\3103\201\004\031\031TL\201bv\033\2360#\304"
  21      81041919 
  21      544C8162 
  21      761B9E30 
  21      23C4
  22 0029 B8600413 		.ascii	"\270`\004\023\303)\206\207L@\371>\306c\257\265\340\012"
  22      C3298687 
  22      4C40F93E 
  22      C663AFB5 
  22      E00A
  23 003b 180084AB 		.ascii	"\030\000\204\253\012\235"
  23      0A9D
  24              		.text
  25              		.section	.gnu.lto_.jmpfuncs.733e984685633f08,"",%progbits
  26 0000 789C6365 		.ascii	"x\234ce`b\340e@\000f f\0041\230\200\030\000\002a\000"
  26      6062E065 
  26      40006620 
  26      66043198 
  26      80180002 
  27 0016 1B       		.ascii	"\033"
  28              		.text
  29              		.section	.gnu.lto_.pureconst.733e984685633f08,"",%progbits
  30 0000 789C6365 		.ascii	"x\234ce`b`g```f\220b\224b\222\002\000\001\310\000c"
  30      60626067 
  30      60606066 
  30      90629462 
  30      92020001 
  31              		.text
  32              		.section	.gnu.lto_hal_lld_backup_domain_init.733e984685633f08,"",%progbits
ARM GAS  /tmp/ccsVnWT7.s 			page 2


  33 0000 789C9D92 		.ascii	"x\234\235\222MhSA\020\307g\336n^\232\244\241W\221\036"
  33      4D685341 
  33      10C767DE 
  33      6E5E9AA4 
  33      A157911E 
  34 0014 BCF69207 		.ascii	"\274\366\222\007\032E<\344\"\350I<\324\273X=\264\020"
  34      1A453CE4 
  34      22E8493C 
  34      D4BB583D 
  34      B410
  35 0026 A8580F3D 		.ascii	"\250X\017=\010\335\330\264\225\024Z/&\012\306\027\017"
  35      08DDD8B4 
  35      95145A2F 
  35      260AC617 
  35      0F
  36 0037 A5A6DAC4 		.ascii	"\245\246\332\304j\375HZm\210\212\004\244\025\301\223"
  36      6AFD485A 
  36      6D888A04 
  36      A415C193 
  37 0047 058B8492 		.ascii	"\005\213\204\222 \005\321\200\226j\342\314\333\330\364"
  37      2005D180 
  37      966AE2CC 
  37      DBD8F4
  38 0056 26EDE3ED 		.ascii	"&\355\343\355\354\333\335y\363\233\377\314\272\300\200"
  38      ECDBDD79 
  38      F39BFFCC 
  38      BAC080
  39 0065 4501700C 		.ascii	"E\001p\014\000\2024\320\005h\\_\006\210\264\031\206"
  39      008234D0 
  39      05685C5F 
  39      0688B419 
  39      86
  40 0076 28854079 		.ascii	"(\205@y\345\333\016P\355\002\245\336\226\210\374\241"
  40      E5DB0E50 
  40      ED02A5DE 
  40      9688FCA1 
  41 0086 DA10860C 		.ascii	"\332\020\206\014!q\010'EB`ql=gtM+z\012\211\325\303\021"
  41      21710827 
  41      45426071 
  41      6C3D6774 
  41      4D2B7A0A 
  42 009e 35B2CFA6 		.ascii	"5\262\317\246\270\267h\360\203\323\330\005\344\366e"
  42      B8B768F0 
  42      83D3D805 
  42      E4F665
  43 00ad AE7EC36F 		.ascii	"\256~\303oJ\275\217\367\320D\232\263\037\260\240\352"
  43      4ABD8FF7 
  43      D0449AB3 
  43      1FB0A0EA 
  44 00bd 8D3155A8 		.ascii	"\2151U\250Ma\342\244_\200M86&\0337\033/\033\037\033"
  44      4D61E2A4 
  44      5F804D38 
  44      36261B37 
  44      1B2F1B1F 
  45 00d2 8018FDCC 		.ascii	"\200\030\375\3149\214\013\203gQ\305b\276\272y\204\303"
  45      398C0B83 
  45      6751C562 
ARM GAS  /tmp/ccsVnWT7.s 			page 3


  45      BEBA7984 
  45      C3
  46 00e3 25052713 		.ascii	"%\005'\023\037)\256\270'\204-\014d\350\335?\321\214"
  46      1F29AEB8 
  46      27842D0C 
  46      64E8DD3F 
  46      D18C
  47 00f5 472FD55A 		.ascii	"G/\325ZDI\332\272\363n\365\265\327\306d\204\362=`\013"
  47      4449DABA 
  47      F36EF5B5 
  47      D7C66484 
  47      F23D600B 
  48 0109 8133D889 		.ascii	"\2013\330\211i\354\004\366_^\211\325\334\326\254\212"
  48      69EC04F6 
  48      5F5E89D5 
  48      DCD6AC8A 
  49 0119 A24D02EF 		.ascii	"\242M\002\357\243\2157\035\031\370\000-\250\342\360"
  49      A38D371D 
  49      19F8002D 
  49      A8E2F0
  50 0128 AF51D42C 		.ascii	"\257Q\324,\251q\231\312\322m/\307GT\006\316R\024\312"
  50      A97199CA 
  50      D26D2FC7 
  50      475406CE 
  50      5214CA
  51 013b 28EE619F 		.ascii	"(\356a\237\335\2412-T\026-\212\317\201\362\351+\232"
  51      DDA1322D 
  51      54162D8A 
  51      CF81F2E9 
  51      2B9A
  52 014d 66EE54E6 		.ascii	"f\356T\346r\224E\223o\326=z\251\276]s\224}\375\274\225"
  52      72944593 
  52      6FD63D7A 
  52      A9BE5D73 
  52      947DFDBC 
  53 0162 73B57026 		.ascii	"s\265p&\316\021\356a\023\367=\376~\255\235q\021>\223"
  53      CE11EE61 
  53      13F73DFE 
  53      7EAD9D71 
  53      113E93
  54 0175 F8C80172 		.ascii	"\370\310\001r\017\360\261\326\366{4\355\3228\267&\226"
  54      0FF0B1D6 
  54      F67B34ED 
  54      D238B726 
  54      96
  55 0186 A7CA294F 		.ascii	"\247\312)OS\234\211\363\024\250\214\321O\257\202M'\362"
  55      539C89F3 
  55      14A88CD1 
  55      4FAF824D 
  55      27F2
  56 0198 486C6CEE 		.ascii	"Hll\356o:H|\302$\340\336\010(\205\2705\265J=\324,\305"
  56      6F3A487C 
  56      C224E0DE 
  56      082885B8 
  56      35B54A3D 
  57 01af CEDC523D 		.ascii	"\316\334R=\360\277\354\236\266\262{\206\0269\314\374"
  57      F0BFEC9E 
ARM GAS  /tmp/ccsVnWT7.s 			page 4


  57      B6B27B86 
  57      1639CCFC 
  58 01bf B47F4846 		.ascii	"\264\177HFIT\304z\256+]\2534\366\010\310\265\000y\007"
  58      4954C47A 
  58      AE2B5DAB 
  58      34F608C8 
  58      B5007907 
  59 01d3 B05D5E89 		.ascii	"\260]^\211\200\013\216\224q\352\302\366%+\015\273\265"
  59      800B8E94 
  59      71EAC2F6 
  59      252B0DBB 
  59      B5
  60 01e4 6EEFEE1A 		.ascii	"n\357\356\032\273\350\200\014\006\275\370W\347\346\035"
  60      BBE8800C 
  60      06BDF857 
  60      E7E61D
  61 01f3 F2E960F3 		.ascii	"\362\351`\363\223\013\037\375\272\212\215\255F\243\003"
  61      930B1FFD 
  61      BA8A8DAD 
  61      46A303
  62 0202 5FEEFD1A 		.ascii	"_\356\375\032-\265h\005\276F>\330\300\253\251\354\204"
  62      2DB56805 
  62      BE463ED8 
  62      C0ABA9EC 
  62      84
  63 0213 4374BA13 		.ascii	"Ct\272\023#\321$\212\\\216\006\002\226~\217\367\366"
  63      23D1248A 
  63      5C8E0602 
  63      967E8FF7 
  63      F6
  64 0224 F5F49DEE 		.ascii	"\365\364\235\356\266\372\007\254\336sa\353b\377\245"
  64      B6FA07AC 
  64      DE7361EB 
  64      62FFA5
  65 0233 CB0356F7 		.ascii	"\313\003V\367\231S\207\016j{\"88\310'g\303\341\013\201"
  65      9953870E 
  65      6A7B2238 
  65      38C82767 
  65      C3E10B81 
  66 0247 F3F0178E 		.ascii	"\363\360\027\216\335F\205"
  66      DD4685
  67              		.text
  68              		.section	.gnu.lto_hal_lld_init.733e984685633f08,"",%progbits
  69 0000 789CA596 		.ascii	"x\234\245\226ML\023A\024\307\347\355t\3136P\032\032"
  69      4D4C1341 
  69      14C7E7ED 
  69      74CB3650 
  69      1A1A
  70 0012 08428190 		.ascii	"\010B\201\220x\342\302&\352\301x5\361`b<\340\335(\036"
  70      78E2C226 
  70      EAC17835 
  70      F160623C 
  70      E0DD281E 
  71 0026 2021C188 		.ascii	" !\301\210\007<u\221\317`\374\270\000r K\342\001+b\305"
  71      073C7591 
  71      CF60FCB8 
  71      0072204B 
ARM GAS  /tmp/ccsVnWT7.s 			page 5


  71      E2012B62 
  72 003b EFD6AF52 		.ascii	"\357\326\257R\005Q\021\220\017\277\020A$$\004\210F="
  72      05511190 
  72      0FBF1041 
  72      24240488 
  72      463D
  73 004d 200275DE 		.ascii	" \002u\336N\233\251ML\234\262\351\376\267\335y\371\275"
  73      4E9BA94D 
  73      4C9CB2E9 
  73      FEB7DD79 
  73      F9BD
  74 005f FFBC37B3 		.ascii	"\377\2747\263]\225(\344\224\203\220=\204\020\017;\201"
  74      5D9528E4 
  74      9483903D 
  74      84100F3B 
  74      81
  75 0070 12502E0C 		.ascii	"\022P.\014\023R\243)\000\370\305\320\200x\025\360\302"
  75      1352A329 
  75      00F8C5D0 
  75      807815F0 
  75      C2
  76 0081 79DA4621 		.ascii	"y\332F!\334\270\020P\212\272\014v\204\332&R\032\214"
  76      DCB81050 
  76      8ABA0C76 
  76      84DA2652 
  76      1A8C
  77 0093 FA6D2625 		.ascii	"\372m&%\244\235\235x@\027\024\021\0266\327\273\331\342"
  77      A49D9D78 
  77      40171411 
  77      1636D7BB 
  77      D9E2
  78 00a5 B4DBF87D 		.ascii	"\264\333\370}\270\014v`W\377\030\204\214\315H\243\021"
  78      B80C7660 
  78      57FF1884 
  78      8CCD48A3 
  78      11
  79 00b6 1ABA04E3 		.ascii	"\032\272\004\343\373\267+\304\244,\037\023\025\305\216"
  79      FBB72BC4 
  79      A42C1F13 
  79      15C58E
  80 00c5 A2A13850 		.ascii	"\242\2418PRQ\234(\351(.\224\014\0247J&J\026J6J\016J"
  80      52519C28 
  80      E9282E94 
  80      0C14374A 
  80      264A164A 
  81 00dd 2E8A0725 		.ascii	".\212\007%\037\245\000\245\020\205\220f\346\003's\206"
  81      1FA500A5 
  81      10859066 
  81      E6032773 
  81      86
  82 00ee 2A78A58B 		.ascii	"*x\245\213\020\016.\256\226\242\263\016\2520\303\255"
  82      100E2EAE 
  82      96A2B30E 
  82      AA30C3AD 
  83 00fe F5E19194 		.ascii	"\365\341\221\224s\324\244\012\240\377\272\216\376\005"
  83      73D4A40A 
  83      A0FFBA8E 
ARM GAS  /tmp/ccsVnWT7.s 			page 6


  83      FE05
  84 010c 07FF697C 		.ascii	"\007\377i|k2l\354\326\322\314\357\200jBG\015\233z\241"
  84      6B326CEC 
  84      D6D2CCEF 
  84      806A4247 
  84      0D9B7AA1 
  85 0120 49295C81 		.ascii	"I)\\\201<\360A\036\301\370\357\255\243\263iz\217Q\007"
  85      3CF0411E 
  85      C1F8EFAD 
  85      A3B3697A 
  85      8F5107
  86 0133 26B54137 		.ascii	"&\265A7\230p\321\252\010\\\005\235,B\355j\003\360\\"
  86      9870D1AA 
  86      085C059D 
  86      2C42ED6A 
  86      03F05C
  87 0146 94A79BFB 		.ascii	"\224\247\233\373\272\264F\221\017\300*\022qA\017\003"
  87      BAB44691 
  87      0FC02A12 
  87      71410F03 
  88 0156 3153AD0E 		.ascii	"1S\255\016\014\223\313vMd\363\203\316R (\350\340\371"
  88      0C93CB76 
  88      4D64F383 
  88      CE522028 
  88      E8E0F9
  89 0169 5439D675 		.ascii	"T9\326u\301\352\345\316\327c\316\2430\177\375\274O\343"
  89      C1EAE5CE 
  89      D763CEA3 
  89      307FFDBC 
  89      4FE3
  90 017b CE230037 		.ascii	"\316#\0007\222\267}S\244\272\205\266\355\361\266\265"
  90      92B77D53 
  90      A4BA85B6 
  90      EDF1B6B5 
  91 018b FF66D5E0 		.ascii	"\377f\325\340\230\015n\013\332\035\313x8\350[\243\034"
  91      980D6E0B 
  91      DA1DCB78 
  91      38E85BA3 
  91      1C
  92 019c E6903376 		.ascii	"\346\2203v\327B\341\202\205{\034\365S\223\237^@P\202"
  92      D742E182 
  92      857B1CF5 
  92      53939F5E 
  92      405082
  93 01af A0B3E1E9 		.ascii	"\240\263\341\351A_w\264\345\221\010\266\374>\257]l\312"
  93      415F77B4 
  93      E59108B6 
  93      FC3EAF5D 
  93      6CCA
  94 01c1 A972FC07 		.ascii	"\251r\374\007\202\3770y\227\217\004\345\261\345\322"
  94      82FF3079 
  94      978F04E5 
  94      B1E5D2
  95 01d0 BF1CF8E5 		.ascii	"\277\034\370\345\344.\011\204\376v\350\224mJ\237\240"
  95      E42E0984 
  95      FE76E894 
  95      6D4A9FA0 
ARM GAS  /tmp/ccsVnWT7.s 			page 7


  96 01e0 87634D59 		.ascii	"\207cMY\2176%]\316\350\023\013\245 \352i\302\226rq\330"
  96      8F36255D 
  96      CEE8130B 
  96      A520EA69 
  96      C2967271 
  97 01f5 D98D99BE 		.ascii	"\331\215\231\276\270\372\246C\177\362ks@d{\206k\323"
  97      B8FAA643 
  97      7FF26B73 
  97      40647B86 
  97      6BD3
  98 0207 155F860C 		.ascii	"\025_\206\0149\326\240`=O\330Rn\016\033\010\256\375"
  98      39D6A060 
  98      3D4FD852 
  98      6E0E1B08 
  98      AEFD
  99 0219 488B3E0C 		.ascii	"H\213>\014\330\001\360\"y\347/E\266!t\356\216w\236)"
  99      D801F022 
  99      79E72F45 
  99      B62174EE 
  99      8E779E29 
 100 022d DBC05782 		.ascii	"\333\300W\2026\034k\340F\264\201Yr\306F,\224\365w0\232"
 100      361C6BE0 
 100      46B48159 
 100      72C6462C 
 100      94F57730 
 101 0242 FC7A7D2D 		.ascii	"\374z}-(c\240'n\241l9\330\270\200M$oiRP\3360K\011{&"
 101      2863A027 
 101      6EA16C39 
 101      D8B8804D 
 101      246F6952 
 102 025d 47B6E46F 		.ascii	"G\266\344o\005\356]\254\344M*\207\345\3129{o\241l\210"
 102      05EE5DAC 
 102      E44D2A87 
 102      E5CA397B 
 102      6FA16C88 
 103 0271 FA90B067 		.ascii	"\372\220\260g<\014\266\225e6%\320\037q\231y\342\347"
 103      3C0CB695 
 103      653625D0 
 103      1F719979 
 103      E2E7
 104 0283 9C2FC79A 		.ascii	"\234/\307\232\266X*\262>%\330,`\260\255\330\234\021"
 104      B6582AB2 
 104      3E25D82C 
 104      60B0ADD8 
 104      9C11
 105 0295 E859B459 		.ascii	"\350Y\264Y\020o\263P\2665\237\005m\216\031]\202\332"
 105      106FB350 
 105      B6359F05 
 105      6D8E195D 
 105      82DA
 106 02a7 CE9E4C64 		.ascii	"\316\236Ldap \260<\225\342\33504\223\252\355\370\314"
 106      617020B0 
 106      3C95E2DD 
 106      303493AA 
 106      EDF8CC
 107 02ba 832FE065 		.ascii	"\203/\340e/\037v+n\345\037qlk\301|4n\005Nwv\265X3\267"
 107      2F1F762B 
ARM GAS  /tmp/ccsVnWT7.s 			page 8


 107      6EE51F71 
 107      6C6BC17C 
 107      346E054E 
 108 02d4 DEA59A19 		.ascii	"\336\245\232\031\205\275\253\260\220\335\305\305:\377"
 108      85BDABB0 
 108      90DDC5C5 
 108      3AFF
 109 02e2 EC2D2B3F 		.ascii	"\354-+?Z~\260D\257\254\322\313\216T\350\307+O\234\254"
 109      5A7EB044 
 109      AFACD2CB 
 109      8E54E8C7 
 109      2B4F9CAC 
 110 02f6 D24B0E1D 		.ascii	"\322K\016\035\330\271\203\353\276]\325\3258r\270\242"
 110      D8B983EB 
 110      BE5DD5D5 
 110      3872B8A2 
 111 0306 E2587129 		.ascii	"\342Xq)\371\003\010)\013D"
 111      F9030829 
 111      0B44
 112              		.text
 113              		.section	.gnu.lto_stm32_clock_init.733e984685633f08,"",%progbits
 114 0000 789CA557 		.ascii	"x\234\245WiL\025W\024\2363\363\366\035x\354DqK$Q\237"
 114      694C1557 
 114      149E33F3 
 114      F61D78EC 
 114      44714B24 
 115 0016 5A8CA6FD 		.ascii	"Z\214\246\375E\233\364_\323\0376\375\3274U\323j5\261"
 115      459BF45F 
 115      D31F36FD 
 115      D73455D3 
 115      6A35B1
 116 0029 D1A6B1BF 		.ascii	"\321\246\261\277\034\340\261\343\326\"\242U\237\255"
 116      1CE0B1E3 
 116      D622A255 
 116      9FAD
 117 0037 B1EE22EE 		.ascii	"\261\356\"\356\270>\020\372\000\025\304\255\356;\233"
 117      B83E10FA 
 117      0015C4AD 
 117      EE3B9B
 118 0046 4251A42E 		.ascii	"BQ\244.\210\322{\356\275\363\346uLc\347I\310\2317\367"
 118      88D27BEE 
 118      BDF3E675 
 118      4C63E749 
 118      C89937F7 
 119 005a CE7CE73B 		.ascii	"\316|\347;\3379\367\334;FA\024.\304\010\302\207\202"
 119      DF39F7DC 
 119      3B464114 
 119      2EC408C2 
 119      8782
 120 006c 20FC0882 		.ascii	" \374\010\202\000i\002\210\313\233\005!\333\"\202\304"
 120      00690288 
 120      CB9B0521 
 120      DB2282C4 
 121 007c 7E48626A 		.ascii	"~HbjiH\020d\233\301o\026dG*\033\3172\200\221\315\033"
 121      69481064 
 121      9BC16F16 
 121      64472A1B 
ARM GAS  /tmp/ccsVnWT7.s 			page 9


 121      CF328091 
 122 0092 C514366F 		.ascii	"\305\0246o\242\363)l<\313\004f6o\026\223\331\274\205"
 122      A2F3296C 
 122      3CCB0466 
 122      366F1693 
 122      D9BC85
 123 00a5 CE27B3F1 		.ascii	"\316'\263\361,\013X\331\274ULb\3636:\237\304\306\263"
 123      2C0B58D9 
 123      BC554C62 
 123      F3363A9F 
 123      C4C6B3
 124 00b8 6C6067F3 		.ascii	"l`g\363v1\221\315;\350|\"\033\317r\200\027\257\340\025"
 124      763191CD 
 124      3BE87C22 
 124      1BCF7280 
 124      17AFE015 
 125 00cc 13D8B493 		.ascii	"\023\330\264\223N'\260\341,\247\350z\024OF=\033\246"
 125      4E27B0E1 
 125      2CA7E87A 
 125      144F463D 
 125      1BA6
 126 00de 915197E8 		.ascii	"\221Q\227\350\216\270sC\014\203\366(?b \226\375\210"
 126      8EB87343 
 126      0C83F628 
 126      3F622096 
 126      FD88
 127 00f0 15E3195A 		.ascii	"\025\343\031Z\034E\213g\343Yq\000x\225- ,\026\245T\203"
 127      1C458B67 
 127      E3597100 
 127      78952D20 
 127      2C16A554 
 128 0105 31C5644E 		.ascii	"1\305dN\266X\223l\366D\2077\301\351r{bb\343\343`\261"
 128      B658936C 
 128      F6448737 
 128      C1E9727B 
 128      6262E3E3 
 129 011b 4512D89F 		.ascii	"E\022\330\237\221_\315\374j\345W;\277z\3715\226_\227"
 129      915FCDFC 
 129      6AE5573B 
 129      BF7AF935 
 129      965F97
 130 012e 49AB24A8 		.ascii	"I\253$\250-h\257\02636\313\344/\270\252\337\226/\347"
 130      2D68AF16 
 130      3336CBE4 
 130      2FB8AADF 
 130      962FE7
 131 0141 250508E0 		.ascii	"%\005\010\340j\016\012\233!C \217\335\255z\275\322i"
 131      6A0E0A9B 
 131      2143208F 
 131      DDAD7ABD 
 131      D269
 132 0153 32B071D8 		.ascii	"2\260q\330\002&\2228\241\362\034\004\345\327C\005r\260"
 132      02269238 
 132      A1F21C04 
 132      E5D74305 
 132      72B0
 133 0165 7B23ECFD 		.ascii	"{#\354\375|\232Q\010H`BcAcEcCcG\343D\343B\343F\343A"
ARM GAS  /tmp/ccsVnWT7.s 			page 10


 133      7C9A5108 
 133      48604263 
 133      41634563 
 133      436347E3 
 134 0180 1387C68B 		.ascii	"\023\207\306\213&\001M\"\232$4\311hR\321\244\241\031"
 134      26014D22 
 134      9A2434C9 
 134      6852D1A4 
 134      A119
 135 0192 8666389A 		.ascii	"\206f8\232\021hF\242\031\205f4\232\261h2\320\214C3\036"
 135      116846A2 
 135      19856634 
 135      9AB16832 
 135      D08C4333 
 136 01a7 8D0FCD44 		.ascii	"\215\017\315D4\223\320LF\223\211f\012\232\251h\004\241"
 136      3493D04C 
 136      46938966 
 136      0A9AA968 
 136      04A1
 137 01b9 98444334 		.ascii	"\230DC4/\221Dr\221\272\240\266\277\2631\317\206\341"
 137      2F914472 
 137      91BAA0B6 
 137      BFB331CF 
 137      86E1
 138 01cb 9190CBF3 		.ascii	"\221\220\313\363j[\314K\245\200$\002*\340_W\337ne\267"
 138      6A5BCC4B 
 138      A5802402 
 138      2AE05F57 
 138      DF6E65B7 
 139 01df F2A342D9 		.ascii	"\362\243B\331@\206\036\336zYm\014\300\272l\"\336\206"
 139      40861EDE 
 139      7A596D0C 
 139      C0BA6C22 
 139      DE86
 140 01f1 948024C1 		.ascii	"\224\200$\3016H\203\255\2042\276\320W~\366\266\303\267"
 140      364883AD 
 140      8432BED0 
 140      577EF6B6 
 140      C3B7
 141 0203 53F667CB 		.ascii	"S\366g\313\351\001\311\000\333!\000\025TV\330\001>\362"
 141      E901C900 
 141      DB210015 
 141      5456D801 
 141      3EF2
 142 0215 C0C18B6B 		.ascii	"\300\301\213k\232\214\210h\000\224\037`'y\223\222hn"
 142      9A8C8868 
 142      00941F60 
 142      27799392 
 142      686E
 143 0227 33694918 		.ascii	"3iI\030)\211__\371wY\331\255|;\233\222X\177\372z\235"
 143      29895F5F 
 143      F97759D9 
 143      AD7C3B9B 
 143      92587FFA 
 144 023d 2D828409 		.ascii	"-\202\204\011*\011\211]\234DsKq\2779\202\304nJ\002\223"
 144      2A09895D 
 144      9C44734B 
ARM GAS  /tmp/ccsVnWT7.s 			page 11


 144      71BF3982 
 144      C46E4A02 
 145 0252 07559444 		.ascii	"\007U\224D\375\256\201\273V\205\204\004{\030\205\303"
 145      FDAE81BB 
 145      56858404 
 145      7B1885C3 
 146 0262 5D371885 		.ascii	"]7\030\205u\222Q\023h\372\177\306\011\010\262\227:\020"
 146      75925113 
 146      68FA7FC6 
 146      0908B297 
 146      3A10
 147 0274 D1C13E92 		.ascii	"\321\301>\222\204.\310}\236\017\014\211\203\355\253"
 147      842EC87D 
 147      9E0F0C89 
 147      83EDAB
 148 0283 0BE55BD0 		.ascii	"\013\345[\320#\220\277\375\314_\271\225\307\253\303"
 148      2390BFFD 
 148      CC5FB995 
 148      C7ABC3
 149 0292 D301D5D3 		.ascii	"\323\001\325\323A\360\021x\362\253D\222\004\262h$\032"
 149      41F01178 
 149      F2AB4492 
 149      04B26824 
 149      1A
 150 02a3 C2CD3633 		.ascii	"\302\31563sl\371\337\300\\\245C*t5\013b0\277\321\310"
 150      736CF9DF 
 150      C05CA543 
 150      2A74350B 
 150      6230BFD1 
 151 02b8 C0AC0CAF 		.ascii	"\300\254\014\257~\350Y\320\315\242\020\3410\301\271"
 151      7EE859D0 
 151      CDA210E1 
 151      30C1B9
 152 02c7 0FFEAB27 		.ascii	"\017\376\253'O\363P\255\344\211\312\356\352\027N\366"
 152      4FF350AD 
 152      E489CAEE 
 152      EA174EF6 
 153 02d7 840047D0 		.ascii	"\204\000G\320\223\200\025\227*\220\305\016%\222\201"
 153      93801597 
 153      2A90C50E 
 153      259281
 154 02e6 97DCE1AE 		.ascii	"\227\334\341\256\356M\234\247M\237\000G)K\272 \217)"
 154      EE4D9CA7 
 154      4D9F0047 
 154      294BBA20 
 154      8F29
 155 02f8 2CB97F3B 		.ascii	",\271\177;\003;\3764\357\007\306`phh\310\015\307\243"
 155      033BFE34 
 155      EF07C660 
 155      706868C8 
 155      0DC7A3
 156 030b 57FB84EA 		.ascii	"W\373\204\352,\210j\333\251\332FU\355\236z\036\205S"
 156      2C886ADB 
 156      A9DA4655 
 156      ED9E7A1E 
 156      8553
 157 031d AFDA352A 		.ascii	"\257\3325*t\255\022\307\025\256\266\213\341\275\354"
ARM GAS  /tmp/ccsVnWT7.s 			page 12


 157      74AD12C7 
 157      15AEB68B 
 157      E1BDEC
 158 032c 2CBB022C 		.ascii	",\273\002,\022\007\234dj_\013\253\355\212\2207\205\313"
 158      12079C64 
 158      6A5F0BAB 
 158      ED8A9037 
 158      85CB
 159 033e 6B0ACBFB 		.ascii	"k\012\313\373B\251d\267\276\210\353\324\"\250\327\310"
 159      42A964B7 
 159      BE88EBD4 
 159      22A8D7C8 
 160 034e EB616095 		.ascii	"\353a`\225\215y!\316\352\005\300\037\321\213\033R]5"
 160      8D7921CE 
 160      EA05C01F 
 160      D18B1B52 
 160      5D35
 161 0360 A0B81ED6 		.ascii	"\240\270\036\326\006\006Xa\350\3564\215\252\240Mt\221"
 161      06065861 
 161      E8EE348D 
 161      AAA04D74 
 161      91
 162 0371 87BB8881 		.ascii	"\207\273\210\201\224\342)e\211\027vpa\342\364\261=\255"
 162      94E22965 
 162      89177670 
 162      61E2F4B1 
 162      3DAD
 163 0383 B23DA359 		.ascii	"\262=\243Y\342^\006\326w\353V\216\213\011#\313^h\216"
 163      E25E06D6 
 163      77EB568E 
 163      8B0923CB 
 163      5E688E
 164 0396 5E9916D5 		.ascii	"^\231\026\325\327YT\306K\313\316\254\226\335\222\020"
 164      D75954C6 
 164      4BCBCEAC 
 164      96DD9210 
 165 03a6 2FBB04BD 		.ascii	"/\273\004\275e\327\252B\237S\362[\315\313.\221\341\235"
 165      65D7AA42 
 165      9F53F25B 
 165      CDCB2E91 
 165      E19D
 166 03b8 5CBFDE2F 		.ascii	"\\\277\336/*qX\340\274v\231'F\024^2/<K\270\360~)\340"
 166      2A7158E0 
 166      BC769927 
 166      46145E32 
 166      2F3C4BB8 
 167 03d0 D492F4C5 		.ascii	"\324\222\364\305|\201\0223 \261\213\032}\223\011\330"
 167      7C811233 
 167      20B18B1A 
 167      7D9309D8 
 168 03e0 BBF4CC4B 		.ascii	"\273\364\314K*\364\237(g2\225\323\252\312\271V\2213"
 168      2AF49F28 
 168      673295D3 
 168      AACAB956 
 168      9133
 169 03f2 55AF9C97 		.ascii	"U\257\234\227U\350+\332\236\231F\360\336l\222i\021\352"
 169      55E82BDA 
ARM GAS  /tmp/ccsVnWT7.s 			page 13


 169      9E9946F0 
 169      DE6C9269 
 169      11EA
 170 0404 2571F56C 		.ascii	"%q\365l\341\215x[\201-\252\342\277Jy\340Y\010\256\321"
 170      E18D785B 
 170      812DAAE2 
 170      BF4A79E0 
 170      5908AED1 
 171 0418 E20F0EF4 		.ascii	"\342\017\016\364\336\347;\\\341\226\354\367\341\272"
 171      DEE73B5C 
 171      E196ECF7 
 171      E1BA
 172 0426 52FF3B94 		.ascii	"R\377;\224\372\037\246O\304\033j\341\334\324\344g8\003"
 172      FA1FA64F 
 172      C41B6AE1 
 172      DCD4E467 
 172      3803
 173 0438 6B6D1B68 		.ascii	"km\033h\261*uC\012\347V\364\031\273\255:\273\203\031"
 173      B12A7543 
 173      0AE756F4 
 173      19BBAD3A 
 173      BB8319
 174 044b 1B4E3366 		.ascii	"\033N3fW3vH\311\330\010\315a \375mg\201\273\024\032"
 174      57337648 
 174      C9D808CD 
 174      6120FD6D 
 174      6781BB14 
 175 0460 B74DB8A7 		.ascii	"\267M\270\247\315\330H\206w\255\351\320\005\263\022"
 175      CDD84886 
 175      77ADE9D0 
 175      05B312
 176 046f 08C07D6D 		.ascii	"\010\300}m\012GF\2440\221\246\260Xr`\012K\310J%\024"
 176      0A4746A4 
 176      3091A6B0 
 176      5872600A 
 176      4BC84A25 
 177 0484 8152BCDC 		.ascii	"\201R\274\334\301)\216\322[Tmj\364\355Z\212\243\031"
 177      C1298ED2 
 177      5B546D6A 
 177      F4ED5A8A 
 177      A319
 178 0496 DEA9A1D2 		.ascii	"\336\251\241\322^cXk\017th9\216\216\340\230\300\313"
 178      5E63586B 
 178      0F746839 
 178      8E8EE098 
 178      C0CB
 179 04a8 CC192EB3 		.ascii	"\314\031.\263\322\255\321\365\330N\265\307v\3212\253"
 179      D2ADD1F5 
 179      D84EB5C7 
 179      76D132AB 
 180 04b8 B95991AF 		.ascii	"\271Y\221\257\034\244\266\374V'\301\003\362f\033\344"
 180      1CA4B6FC 
 180      5627C103 
 180      F2661BE4 
 181 04c8 6CD8BC89 		.ascii	"l\330\274\211\226\204\177\367Z\011\247\315\200\247\266"
 181      96847FF7 
 181      5A09A7CD 
ARM GAS  /tmp/ccsVnWT7.s 			page 14


 181      80A7B6
 182 04d7 C767D6DC 		.ascii	"\307g\326\334\243\035\322\002\351\230\232u\347\333\015"
 182      A31DD202 
 182      E9989A75 
 182      E7DB0D
 183 04e6 D207F48C 		.ascii	"\322\007\364\214\367\272\243\351\2708f\243,\347\310"
 183      F7BAA3E9 
 183      B83866A3 
 183      2CE7C8
 184 04f5 C1066890 		.ascii	"\301\006h\220\015\001\311\012= \221\2437t\023F\017y"
 184      0D01C90A 
 184      3D2091A3 
 184      37741346 
 184      0F79
 185 0507 34EAA91C 		.ascii	"4\352\251\034\376\2021\364PN\310\364\222\2439\271\215"
 185      FE8231F4 
 185      504EC8F4 
 185      92A339B9 
 185      8D
 186 0518 6CFA56D2 		.ascii	"l\372V\322\364\037\361\012\354jj\264\3413\332xg\010"
 186      F41FF10A 
 186      EC6A6AB4 
 186      E133DA78 
 186      6708
 187 052a 6F0BF831 		.ascii	"o\013\3701\015\030\277-\240\217\006\\\264v\365v\216"
 187      0D18BF2D 
 187      A08F065C 
 187      B476F576 
 187      8E
 188 053b 2FC113E5 		.ascii	"/\301\023\345\350zckt\313\266\237\302[\020\376o\360"
 188      E87A636B 
 188      74CBB69F 
 188      C25B10FE 
 188      6FF0
 189 054d A99B5477 		.ascii	"\251\233Tw#\257\235\261\221!\331\250R\305\2715{,\354"
 189      23AF9DB1 
 189      9121D9A8 
 189      52C5B935 
 189      7B2CEC
 190 0560 560E2E97 		.ascii	"V\016.\227]d\350\354\315C\227\"\026\200\035\236\021"
 190      5D64E8EC 
 190      CD439722 
 190      16801D9E 
 190      11
 191 0571 9F4FB9CF 		.ascii	"\237O\271\317\003O\372\226E\372|N}\342g\022\331\277"
 191      034FFA96 
 191      45FA7C4E 
 191      7DE26712 
 191      D9BF
 192 0583 7DAC6A32 		.ascii	"}\254j2Uo\255K\033\3168YFW4d\313\"\014p\345K$\2270\010"
 192      556FAD4B 
 192      1BCE3859 
 192      46573464 
 192      CB220C70 
 193 059d 74F9357E 		.ascii	"t\3715~\301\236\317\210d\347\240\354\262\253\217\226"
 193      C19ECF88 
 193      64E7A0EC 
ARM GAS  /tmp/ccsVnWT7.s 			page 15


 193      B2AB8F96 
 194 05ad 19D9AD7C 		.ascii	"\031\331\255|5\227\262k\255\310\271cQ\3319a\220\260"
 194      3597B26B 
 194      ADC8B963 
 194      51D93961 
 194      90B0
 195 05bf 7BC9D93D 		.ascii	"{\311\331=h\376\375\204\235\260+\243\354\\\360\212\262"
 195      68FEFD84 
 195      9DB02BA3 
 195      EC5CF08A 
 195      B2
 196 05d0 B321BBD7 		.ascii	"\263!\273\327\012\273~\203\352.\370j\375~ZB.\250\361"
 196      0ABB7E83 
 196      EA2EF86A 
 196      FD7E5A42 
 196      2EA8F1
 197 05e3 9F2834C0 		.ascii	"\237(4\300P\230\236[\010\011\254\274{\212\336\370\234"
 197      50989E5B 
 197      0809ACBC 
 197      7B8ADEF8 
 197      9C
 198 05f4 7153769D 		.ascii	"qSv\235\273C\003Nv+?g\2373\241\012\271*\374%\361-)\010"
 198      BB43034E 
 198      762B3F67 
 198      9F33A10A 
 198      B92AFC25 
 199 060c 0F648B69 		.ascii	"\017d\213i \213\214\237\377i\250\314\024\241^\216\210"
 199      208B8C9F 
 199      FF69A8CC 
 199      14A15E8E 
 199      88
 200 061d FCF01C08 		.ascii	"\374\360\034\010\271\"\026\304\263\372\202r\027\323"
 200      B92216C4 
 200      B3FA8272 
 200      17D3
 201 062b 2B4F043F 		.ascii	"+O\004?\276F\270x\204c&\306\2457\314E\247\247<\325S"
 201      BE46B878 
 201      846326C6 
 201      A537CC45 
 201      A7A73CD5 
 202 0640 3EF5F4A8 		.ascii	">\365\364\250\352\372|\356\310\005\005\334QLx\343-\334"
 202      EAFA7CEE 
 202      C80505DC 
 202      514C78E3 
 202      2DDC
 203 0652 CE6B669C 		.ascii	"\316kf\234\276^[(\206\327t\221\370\357\306>\236\200"
 203      BE5E5B28 
 203      86D77491 
 203      F8EFC63E 
 203      9E80
 204 0664 D11D2CCA 		.ascii	"\321\035,\3126^\254B\227\210\244\215\217\247\224c\325"
 204      365EAC42 
 204      9788A48D 
 204      8FA79463 
 204      D5
 205 0675 365E748A 		.ascii	"6^t\212s\366\351\355\221\245*\364\022Qs|\236H\360\336"
 205      73F6E9ED 
ARM GAS  /tmp/ccsVnWT7.s 			page 16


 205      91A52AF4 
 205      1251737C 
 205      9E48F0DE 
 206 0689 3C2F4F24 		.ascii	"</O$(k\216\3647\361\266i\201\245\242\322 \343y\203\214"
 206      286B8EF4 
 206      37F1B669 
 206      81A5A2D2 
 206      20E37983 
 207 069e 0B8B5931 		.ascii	"\013\213Y1\227\2754I_\300\313(+\007\262Z\256\321r2\001"
 207      97BD3449 
 207      5FC0CB28 
 207      2B07B25A 
 207      AED17232 
 208 06b3 A35B4994 		.ascii	"\243[I\224Z\256P\241\177B-'\323Nae\340\231\372\260~"
 208      5AAE50A1 
 208      7F422D27 
 208      D34E6165 
 208      E099FAB0 
 209 06c8 A6584EC4 		.ascii	"\246XN\304*\323\320\234B\300\336\205\346J\025\272\034"
 209      2AD3D09C 
 209      42C0DE85 
 209      E64A15BA 
 209      1C
 210 06d9 694E89A4 		.ascii	"iN\211\2449Uo\226W\251h\025\204h\017\331X:v\000k\372"
 210      39556F96 
 210      57A96815 
 210      84680FD9 
 210      583A7600 
 211 06ef 34734032 		.ascii	"4s@2F6\312i\023&\370\330\377G\263\347\314\230\363\351"
 211      4636CA69 
 211      1326F8D8 
 211      FF47B3E7 
 211      CC98F3E9 
 212 0703 74DFFC85 		.ascii	"t\337\374\205\276\331_\315\363}7\177\301\367\013}\323"
 212      BED95FCD 
 212      F37D377F 
 212      C1F70B7D 
 212      D3
 213 0714 3FFBE4BD 		.ascii	"?\373\344\275\311\314~\234\271h\021\316|9o\336\254\011"
 213      C9CC7E9C 
 213      B96811CE 
 213      7C396FDE 
 213      AC09
 214 0726 3305F3AC 		.ascii	"3\005\363\254\231sg~\375\315\202\177\000h\371\351\357"
 214      9973677E 
 214      FDCD827F 
 214      0068F9E9 
 214      EF
 215              		.text
 216              		.section	.gnu.lto_.symbol_nodes.733e984685633f08,"",%progbits
 217 0000 789C6365 		.ascii	"x\234ce`bHa\000\002\246\223L\365\014\014\023\31610\000"
 217      60624861 
 217      0002A693 
 217      4CF50C0C 
 217      13CE3130 
 218 0015 A99D0D07 		.ascii	"\251\235\015\007\033\330\200b\247\230\352\031ab\273"
 218      1BD88062 
ARM GAS  /tmp/ccsVnWT7.s 			page 17


 218      A798EA19 
 218      6162BB
 219 0024 1A1C8122 		.ascii	"\032\034\201\"\247\231\352\231PDXO014*\001\015`<\303"
 219      A799EA99 
 219      5044584F 
 219      3031342A 
 219      010D603C 
 220 0039 54CF0C96 		.ascii	"T\317\014\226b`hhp```fd`h\232\364F\236\231\221\205a"
 220      62606868 
 220      70606060 
 220      66646068 
 220      9AF4469E 
 221 0051 09906600 		.ascii	"\011\220f\000\0001N\0310"
 221      00314E19 
 221      30
 222              		.text
 223              		.section	.gnu.lto_.refs.733e984685633f08,"",%progbits
 224 0000 789C6365 		.ascii	"x\234ce`b`d\000\002\000\000I\000\011"
 224      60626064 
 224      00020000 
 224      490009
 225              		.text
 226              		.section	.gnu.lto_.decls.733e984685633f08,"",%progbits
 227 0000 789CCD59 		.ascii	"x\234\315YkP\024\331\025\236\333w\230a\030D\203V\262"
 227      6B5014D9 
 227      159EDB77 
 227      98611844 
 227      8356B2
 228 0013 95F0C318 		.ascii	"\225\360\303\030\222\245\362pD\315\326&U\251Z\034D\250"
 228      92A5F270 
 228      44CDD626 
 228      55A95A1C 
 228      44A8
 229 0025 5DB3D68C 		.ascii	"]\263\326\214\273y\324\246(\027\331ZjQ6\202\025\375"
 229      BB79D4A6 
 229      2817D95A 
 229      6A513682 
 229      15FD
 230 0037 91AA9687 		.ascii	"\221\252\226\207\242<EP\006E\021\237\010\"\012\210\210"
 230      A23C4550 
 230      0645119F 
 230      08220A88 
 230      88
 231 0048 E808C802 		.ascii	"\350\010\310\002\012\272\243+\357\207\210\310\"\262"
 231      0ABAA32B 
 231      EF8788C8 
 231      22B2
 232 0056 3C7C81A8 		.ascii	"<|\201\2509\267o\367\314\235\236&\331\374Ie\364\353"
 232      39B76FF7 
 232      CC9D9E26 
 232      D9FC4965 
 232      F4EB
 233 0068 EED3F7BB 		.ascii	"\356\323\367\273\347\236{\316\271\257\306M\305\251~"
 233      E79E7BCE 
 233      B9AFC64D 
 233      C5A97E
 234 0077 BA50A5BA 		.ascii	"\272P\245\272\210U\252x\244R\275\201\237Z\245R\235V"
ARM GAS  /tmp/ccsVnWT7.s 			page 18


 234      8855AA78 
 234      A452BD81 
 234      9F5AA552 
 234      9D56
 235 0089 397E442E 		.ascii	"9~D.\006\224\000\316\001\312\000@U]U9\377\376\006/\265"
 235      069400CE 
 235      01CA0040 
 235      555D5539 
 235      FFFE062F 
 236 009e 70FF18F0 		.ascii	"p\377\030\3606\240\005\320\014\250\005\374\012\312~"
 236      36A005D0 
 236      0CA805FC 
 236      0ACA7E
 237 00ad 09806654 		.ascii	"\011\200fTM\200y\360\334 \352)V\271\376\326\311tI\365"
 237      4D8079F0 
 237      DC20EA29 
 237      56B9FED6 
 237      C97449F5 
 238 00c1 89AE5F23 		.ascii	"\211\256_#j\237\006\340\003\317?\005\274M\370\200\037"
 238      6A9F06E0 
 238      03CF3F05 
 238      BC4DF880 
 238      1F
 239 00d2 01168AED 		.ascii	"\001\026\212\355\224\210\272\313\024\364\207\003\347"
 239      9488BACB 
 239      14F48703 
 239      E7
 240 00df 07B3E897 		.ascii	"\007\263\350\227\354\366\006,\000T\003~\017e\277\003"
 240      ECF6062C 
 240      0054037E 
 240      0F65BF03 
 241 00ef 2400E200 		.ascii	"$\000\342\000\357\001r\000\331\000/\025m\227\364\353"
 241      EF017200 
 241      D9002F15 
 241      6D97F4EB 
 242 00ff 67709F03 		.ascii	"gp\237\003\370!y/\366\321\027\356\236\200\337\002b\000"
 242      F821792F 
 242      F6D117EE 
 242      9E80DF02 
 242      6200
 243 0111 59000D40 		.ascii	"Y\000\015@\207h\377\317)\330\267\017\243\346{\203?\351"
 243      8768FFCF 
 243      29D8B70F 
 243      A3E67B83 
 243      3FE9
 244 0123 415D08A9 		.ascii	"A]\010\251\020\232\207\220H&>C\364\011\211\361\022~"
 244      109A8790 
 244      48263E43 
 244      F40989F1 
 244      127E
 245 0135 88CA70E5 		.ascii	"\210\312p\345T\242_)\035I*\221\360\017\376s\210\222"
 245      54A25F29 
 245      1D492A91 
 245      F00FFE73 
 245      8892
 246 0147 39951289 		.ascii	"9\225\022\211\325\350hQ\372I\357\220\263J\242\0151/"
 246      D5E86851 
ARM GAS  /tmp/ccsVnWT7.s 			page 19


 246      FA49EF90 
 246      B34AA20D 
 246      312F
 247 0159 D80A8C42 		.ascii	"\330\012\214B\261\027\224\301\330(\365F\010\233\320"
 247      B11794C1 
 247      D828F546 
 247      089BD0
 248 0168 F991E4C9 		.ascii	"\371\221\344\311C\352^\324\215\220^\225G\234\015\357"
 248      43EA5ED4 
 248      8D905E95 
 248      479C0DEF 
 249 0178 72DBF22F 		.ascii	"r\333\362/s\030\332\201\347\336\251\223A\213\213x\372"
 249      7318DA81 
 249      E7DEA993 
 249      418B8B78 
 249      FA
 250 0189 73FF83C3 		.ascii	"s\377\203\303k\327\336<\267\316M\305\310\333\003q \332"
 250      6BD7DE3C 
 250      B7CE4DC5 
 250      C8DB0371 
 250      20DA
 251 019b C66EE4EA 		.ascii	"\306n\344\352A\\\340\201\346\201\370b\3337W=\336\332"
 251      415CE081 
 251      E681F862 
 251      DB37573D 
 251      DEDA
 252 01ad 2BD48AE3 		.ascii	"+\324\212\343\347q\350\343\037\242\"\344\203\012\221"
 252      E771E8E3 
 252      1FA222E4 
 252      830A91
 253 01bc 0F58701A 		.ascii	"\017Xp\032\275\005\327O\325T\323xi\332\003nQ\036o\355"
 253      BD05D74F 
 253      D554D378 
 253      69DA036E 
 253      511E6FED 
 254 01d0 E3ADCFEB 		.ascii	"\343\255\317\353~\222{\216\347\023\240\232\232\320P"
 254      7E927B8E 
 254      E713A09A 
 254      9AD050
 255 01df 01C2E814 		.ascii	"\001\302\350\024ZL\354\206G\270\236D\275\010\235@=\320"
 255      5A4CEC86 
 255      47B89E44 
 255      BD089D40 
 255      3DD0
 256 01f1 AD62B408 		.ascii	"\255b\264\010\252[\016\246\225`\034*X{v,\365\214\016"
 256      AA5B0EA6 
 256      95601C2A 
 256      587B762C 
 256      F58C0E
 257 0204 54E581AA 		.ascii	"T\345\201\252\273\007=-\2745\0264q\202\2463\016Mg\344"
 257      BB073D2D 
 257      BC351634 
 257      7182A633 
 257      0E4D67E4 
 258 0218 9A4A044D 		.ascii	"\232J\004M\374PU\327\\\034)h:}\267\354\000\0265\331"
 258      FC5055D7 
 258      5C1C2968 
ARM GAS  /tmp/ccsVnWT7.s 			page 20


 258      3A7DB7EC 
 258      001635D9 
 259 022c 7EE5A4E8 		.ascii	"~\345\244\350\254C\321Y\271\242s\202\242\244G\323i\010"
 259      AC43D159 
 259      B9A27382 
 259      A2A447D3 
 259      6908
 260 023e FF535094 		.ascii	"\377SP\224T^2\252\007E}<o\375\356\244_c\311\000\237"
 260      545E32AA 
 260      07457D3C 
 260      6FFDEEA4 
 260      5F63C900 
 261 0253 E821B800 		.ascii	"\350!\270\000\225:\024\225\"\032\021T&(\350n((\304\340"
 261      953A1495 
 261      221A1154 
 261      2628E86E 
 261      2828C4E0 
 262 0267 CDB73D10 		.ascii	"\315\267=\020\011\350\\xuf\244rj\016}E\324\332\322&"
 262      09E85C78 
 262      7566A472 
 262      6A0E7D45 
 262      D4DAD226 
 263 027b 8E6AB115 		.ascii	"\216j\261\025\011\302\327\361%\0070\215\205\2328\264"
 263      09C2D7F1 
 263      2507308D 
 263      859A38B4 
 264 028b 39E7BE17 		.ascii	"9\347\276\027\215\305\302}\230\2634\265\326\250\221"
 264      8DC5C27D 
 264      98B334B5 
 264      D6A891
 265 029a 9FC77112 		.ascii	"\237\307q\022\014ko\345/\262'x~!\252B\036\250\302a\301"
 265      0C6B6FE5 
 265      2FB22778 
 265      7E21AA42 
 265      1EA8C261 
 266 02af DB1E704D 		.ascii	"\333\036pM\344\371X>=\216\327\005\253P%\204\353\002"
 266      E4F9583E 
 266      3D8ED705 
 266      AB502584 
 266      EB02
 267 02c1 840B5D44 		.ascii	"\204\013]D~\244U\302C\347\341e9\274\204V\012\216\356"
 267      7EA455C2 
 267      43E7E165 
 267      39BC8456 
 267      0A8EEE
 268 02d4 CED7E029 		.ascii	"\316\327\340)\301\002\256\376rg\233\032y\370)*\270\254"
 268      C102AEFE 
 268      72679B1A 
 268      79F8292A 
 268      B8AC
 269 02e6 A0801AD3 		.ascii	"\240\200\032\323\332\260\250>\201\370\265\032\214\271"
 269      DAB0A83E 
 269      81F8B51A 
 269      8CB9
 270 02f4 E430066C 		.ascii	"\3440\006l\243\271q6?o\314\023\272B\312\371')\267\310"
 270      A3B97136 
 270      3F6FCC13 
ARM GAS  /tmp/ccsVnWT7.s 			page 21


 270      BA42CAF9 
 270      2729B7C8 
 271 0308 BB92A30F 		.ascii	"\273\222\243\017~\206\217\321\364|\362\346p\226\376"
 271      7E868FD1 
 271      F47CF2E6 
 271      7096FE
 272 0317 E747F8BC 		.ascii	"\347G\370\274\032\310\235\201\3719\220;:\201l\245\312"
 272      1AC89D81 
 272      F939903B 
 272      3A816CA5 
 272      CA
 273 0328 EC46A884 		.ascii	"\354F\250\2047W\2109W\321\317\241\346\255\213}\017\274"
 273      37578839 
 273      57D1CFA1 
 273      E6AD8B7D 
 273      0FBC
 274 033a 70395593 		.ascii	"p9U\223X\224Z\213=\022I\256~\037\343\241FN\325\223&"
 274      58945A8B 
 274      3D1249AE 
 274      7E1FE3A1 
 274      464ED593 
 275 034f 37EA7277 		.ascii	"7\352rw\020+F\013+\346P\227[I\361\276\312\3761/|A\320"
 275      102B460B 
 275      2BE65097 
 275      5B49F1BE 
 275      CAFE312F 
 276 0366 AEEE8C3D 		.ascii	"\256\356\214=X\240F\363}\375|w\223^\247\363\374{j\025"
 276      58A046F3 
 276      7DFD7C77 
 276      935EA7F3 
 276      FC7B6A15 
 277 037a BA06CAEA 		.ascii	"\272\006\312\352\004\313\276B\363\005[\033\241\251&"
 277      04CBBE42 
 277      F3055B1B 
 277      A1A926
 278 0389 E48B1A90 		.ascii	"\344\213\032\220\257\220\014\371||\034o}x\323/\365H"
 278      AF900CF9 
 278      7C7C1C6F 
 278      7D78D32F 
 278      F548
 279 039b 53327411 		.ascii	"S2t\021\241Z\350Y=\364\203\324\260[h :*\211&\321\253"
 279      A15AE859 
 279      3DF483D4 
 279      B05B6820 
 279      3A2A8926 
 280 03b1 AF53B085 		.ascii	"\257S\260\205\347\347\021\226J\364\250C]K*.\000/\355"
 280      E7E71196 
 280      4AF4A843 
 280      5D4B2A2E 
 280      002FED
 281 03c4 D408CA6A 		.ascii	"\324\010\312j\024\225\371\373P\357\347\234\253\273\242"
 281      1495F9FB 
 281      50EFE79C 
 281      ABBBA2
 282 03d3 C5CF855E 		.ascii	"\305\317\205^p\005\325]\371\220F\363i\033=\2518\216"
 282      7005D55D 
 282      F99046F3 
ARM GAS  /tmp/ccsVnWT7.s 			page 22


 282      691B3DA9 
 282      388E
 283 03e5 E7116A86 		.ascii	"\347\021j\206\312\327\035\201#M\252TJ\335D7\240w\263"
 283      CAD71D81 
 283      234DAA54 
 283      4ADD4437 
 283      A077B3
 284 03f8 F514DA6A 		.ascii	"\365\024\332j,\230~\201<w\331\363G\320\354\210^\013"
 284      2C987E81 
 284      3C77D9F3 
 284      47D0EC88 
 284      5E0B
 285 040a F214C607 		.ascii	"\362\024\306\007\334\201<YwrR\234|\322\021\310\227_"
 285      DC813C59 
 285      7772529C 
 285      7CD211C8 
 285      975F
 286 041c 3F6AD2E3 		.ascii	"?j\322\3438,\004\263\250\371\253.q4$\222\302\343\267"
 286      382C04B3 
 286      A8F9AB2E 
 286      71342492 
 286      C2E3B7
 287 042f 73C63538 		.ascii	"s\30658\231\026\346e7\304r8\223\012\347\007\033\353"
 287      9916E665 
 287      37C47238 
 287      930AE707 
 287      1BEB
 288 0441 3D289327 		.ascii	"=(\223'\314\243\027\372f\020>D\013\255\365\311\217\021"
 288      CCA317FA 
 288      66103E44 
 288      0BADF5C9 
 288      8F11
 289 0453 3E4585C4 		.ascii	">E\205\304{;n\213\314\027D~S\363\274m\016.\241\205\273"
 289      7B3B6E8B 
 289      CC17447E 
 289      53F3BC6D 
 289      0E2EA185 
 290 0468 CEDFEE51 		.ascii	"\316\337\356Q\223\354\341E\323\201\345\260\274\235\344"
 290      93ECE145 
 290      D381E5B0 
 290      BC9DE4
 291 0477 32F8152D 		.ascii	"2\370\025-\021\022'\253:\253\334\313;]\364\320B\265"
 291      111227AB 
 291      3AABDCCB 
 291      3B5DF4D0 
 291      42B5
 292 0489 90AD8E5C 		.ascii	"\220\255\216\\\350@\336R\035\241\235o\333\217\350h\273"
 292      E840DE52 
 292      1DA19D6F 
 292      DB8FE868 
 292      BB
 293 049a 6344DE5D 		.ascii	"cD\336]\373tR\217/\322v\273\3623\217\251i\341\2200o"
 293      FB74528F 
 293      2FD276BB 
 293      F2338FA9 
 293      69E19030 
 294 04af CFCCC4AB 		.ascii	"\317\314\304\253\361\025Z\030[\325\276[tQ\2370a\304"
ARM GAS  /tmp/ccsVnWT7.s 			page 23


 294      F1155A18 
 294      5BD5BE5B 
 294      74519F30 
 294      61C4
 295 04c1 EE39AAC1 		.ascii	"\3569\252\301\215\264\360\345\350\2111\015\276M\205"
 295      8DB4F0E5 
 295      E889310D 
 295      BE4D85
 296 04d0 8A7B5957 		.ascii	"\212{YW\3046\332\210\\;y`\334\023w\323\302\204\243w"
 296      C436DA88 
 296      5C3B7960 
 296      DC1377D3 
 296      C284A377 
 297 04e4 92B5F821 		.ascii	"\222\265\370!\025n\017\036\216\367\244La$Nv\246\324"
 297      156E0F1E 
 297      8EF7A44C 
 297      61244E76 
 297      A6D4
 298 04f6 7BE2715A 		.ascii	"{\342qZX\327p\377\266;~I\205\244k\345\365b\014\032\210"
 298      58D770FF 
 298      B63B7E49 
 298      85A46BE5 
 298      F5620C1A 
 299 050b BC6DA864 		.ascii	"\274m\250d\007\306\011j\332\2408X\274\305\3012~\253"
 299      07C6096A 
 299      DAA03858 
 299      BCC5C132 
 299      7EAB
 300 051d 76970EA7 		.ascii	"v\227\016\247\321\302\346\235\031Y\034\336G\205\223"
 300      D1C2E69D 
 300      19591CDE 
 300      478593
 301 052c 830752C5 		.ascii	"\203\007R\305\006\337%\336\330?\226\353\211\017\321"
 301      06DF25DE 
 301      D83F96EB 
 301      890FD1
 302 053b B24B4712 		.ascii	"\262KG\022\012\334q\001\025\252*.\325\213\303q\011\210"
 302      0ADC7101 
 302      15AA2A2E 
 302      D58BC371 
 302      0988
 303 054d F12D295D 		.ascii	"\361-)]\236\370,-+\036\332a\325\342J*\354\237\354\376"
 303      9EF82C2D 
 303      2B1EDA61 
 303      D5E24A2A 
 303      EC9FECFE 
 304 0561 56ECAC1F 		.ascii	"V\354\254\037Q\322<U\344\205\257\3222i\336\364\026\346"
 304      51D23C55 
 304      E485AFD2 
 304      3269DEF4 
 304      16E6
 305 0573 4D74A9B3 		.ascii	"Mt\251\263\334\200\257\323\242\303C\225{\346\342;T\030"
 305      DC80AFD3 
 305      A2C34395 
 305      7BE6E23B 
 305      5418
 306 0585 8D7FD0A7 		.ascii	"\215\177\320\247\247\274\267@\274\327\375p\227\027\356"
ARM GAS  /tmp/ccsVnWT7.s 			page 24


 306      A7BCB740 
 306      BCD7FD70 
 306      9717EE
 307 0594 A665DBAF 		.ascii	"\246e\333\257dU\353\360C*H\213\2427]\024\353\372z\020"
 307      6455EBF0 
 307      432A488B 
 307      A2375D14 
 307      EBFA7A10 
 308 05a8 1EA3458F 		.ascii	"\036\243E\217vY\3339<E\205\202\312\224{n8\326M\020\356"
 308      7659DB39 
 308      3C458582 
 308      CA947B6E 
 308      38D64D10 
 309 05bd 57C43F53 		.ascii	"W\304?S\343\355T(\2349xK\207\223\250\320\030\233rB\364"
 309      E3ED5428 
 309      9C39784B 
 309      8793A8D0 
 309      189B7242 
 310 05d2 463649D7 		.ascii	"F6I\327\321\275\347j4\342\244\243\003y8\351\340Q5\336"
 310      D1BDE76A 
 310      34E2A4A3 
 310      037938E9 
 310      E05135DE 
 311 05e6 23907D33 		.ascii	"#\220}3\333\2366\317A\276\316\277\371\302\325\317\371"
 311      DB9E36CF 
 311      41BECEBF 
 311      F9C2D5CF 
 311      F9
 312 05f7 259D175E 		.ascii	"%\235\027^\347\260\363\302]\030\322{8f^\270\203\354"
 312      E7B0F3C2 
 312      5D18D27B 
 312      38665EB8 
 312      83EC
 313 0609 1303E577 		.ascii	"\023\003\345w\354\207I\306\032\217\005\372-9\375\246"
 313      EC8749C6 
 313      1A8F05FA 
 313      2D39FDA6 
 314 0619 0BDDC2D0 		.ascii	"\013\335\302\320\037\311\351\303\3101\207Q~\1776\303"
 314      1FC9E9C3 
 314      C8318751 
 314      7E7F36C3 
 315 0629 7F26E73F 		.ascii	"\177&\347?u\3417\261\374i9\377\205\334\034[\016C\357"
 315      75E137B1 
 315      FC6939FF 
 315      85DC1C5B 
 315      0E43EF
 316 063c 93D37B5D 		.ascii	"\223\323{]\324\327\260\275\375F\3319\022\237L\217\023"
 316      D4D7B0BD 
 316      FD46D939 
 316      129F4C8F 
 316      13
 317 064d 39789BC0 		.ascii	"9x\233\300\207\361\214\332D\276}*l\225\233\323\317\252"
 317      87F18CDA 
 317      44BE7D2A 
 317      6C959BD3 
 317      CFAA
 318 065f 8FE3149D 		.ascii	"\217\343\024\235\311\2323\234\306\360\337\310\315\251"
ARM GAS  /tmp/ccsVnWT7.s 			page 25


 318      C99A339C 
 318      C6F0DFC8 
 318      CDA9
 319 066d 7351CFD2 		.ascii	"sQ\317\322y\271z\203\213v6V\017\345\332\037\270hg}\331"
 319      79B97A83 
 319      8B763656 
 319      0FE5DA1F 
 319      B868677D 
 320 0682 25A777CA 		.ascii	"%\247w\312\351Ml_o\313\351_\313\351\323\2541\003rz\277"
 320      E94D6C5F 
 320      6FCBE95F 
 320      CBE9D3AC 
 320      3103727A 
 321 0697 83CE2E3A 		.ascii	"\203\316.:\261\234\017\332\306\221\"\302&+\216\205\363"
 321      B19C0FDA 
 321      C69122C2 
 321      262B8E85 
 321      F3
 322 06a8 4347385F 		.ascii	"CG8_\224\012H\001d\003\016\000\016\003\022\001\307\000"
 322      940A4801 
 322      64030E00 
 322      0E031201 
 322      C700
 323 06ba 27003B00 		.ascii	"'\000;\000Y\200C\200L@. \007\260\017\260\035p\020\220"
 323      59804380 
 323      4C402E20 
 323      07B00FB0 
 323      1D701090 
 324 06ce 06D80FC8 		.ascii	"\006\330\017\310\000\344\003\362\000;\001\307\001\351"
 324      00E403F2 
 324      003B01C7 
 324      01E9
 325 06dc 80BD8024 		.ascii	"\200\275\200$@<`\027`7\340( \001\220\314\261k\3734\233"
 325      403C6017 
 325      6037E028 
 325      200190CC 
 325      B16BFB34 
 326 06f1 B5E3F2CE 		.ascii	"\265\343\362\316\215\271\244\325p6\223VO\344i5)\367"
 326      8DB9A4D5 
 326      70369356 
 326      4FE46935 
 326      29F7
 327 0703 DD301B99 		.ascii	"\3350\033\231z\345\310\260\201\267\261\276\036Q\036"
 327      7AE5C8B0 
 327      81B7B1BE 
 327      1E511E
 328 0712 A48CFA09 		.ascii	"\244\214\372\0116\255^+g!\273/iI\243\373\022\2409\357"
 328      36AD5E2B 
 328      6721BB2F 
 328      6949A3FB 
 328      12A039EF 
 329 0726 4B60CDB7 		.ascii	"K`\315\267\266X\244\371\207,\210\243rm\217]\214\235"
 329      B658A4F9 
 329      872C88A3 
 329      726D8F5D 
 329      8C9D
 330 0738 608D1D54 		.ascii	"`\215\035T\316R\226?\315Z\373J\316\177)\357\\\015\253"
ARM GAS  /tmp/ccsVnWT7.s 			page 26


 330      CE52963F 
 330      CD5AFB4A 
 330      CE7F29EF 
 330      5C0DAB
 331 074b FE3B6573 		.ascii	"\376;es\374\035\221\351\2670\221\371V\036\231!\027\327"
 331      FC1D91E9 
 331      B73091F9 
 331      561E9921 
 331      17D7
 332 075d B1819F50 		.ascii	"\261\201\237P\016<;f\330@\336S\236\256X\333Y\3553\312"
 332      0E3C3B66 
 332      D840DE53 
 332      9EAE58DB 
 332      59ED33CA 
 333 0771 5DB5A715 		.ascii	"]\265\247\025\370\276FRO\\\177_y\214\261\256\354`]Y"
 333      F8BE4652 
 333      4F5C7F5F 
 333      798CB1AE 
 333      EC605D59 
 334 0785 23E71B64 		.ascii	"#\347\033d\326\330\330\001oS\036\360\2545\266l\306\232"
 334      D6D8D801 
 334      6F531EF0 
 334      AC35B66C 
 334      C69A
 335 0797 29E5A99C 		.ascii	")\345\251\234\035\024\035\354\\\333#w}\267\313J\304"
 335      1D141DEC 
 335      5CDB2377 
 335      7DB7CB4A 
 335      C4
 336 07a8 3AE7B9F2 		.ascii	":\347\271\362\312\"m\200\237\026\025u\353\361\001aE"
 336      CA226D80 
 336      9F161575 
 336      EBF10161 
 336      45
 337 07b9 E5E20A26 		.ascii	"\345\342\012&\252\220}\003<\272\237n\200OA\355\223\234"
 337      AA907D03 
 337      3CBA9F6E 
 337      804F41ED 
 337      939C
 338 07cb 7D034C72 		.ascii	"}\003Lr["
 338      5B
 339 07d0 792E4205 		.ascii	"y.B\0050\005\375\277NG\320\327;\351\215U\356\354\006"
 339      3005FDBF 
 339      4E47D0D7 
 339      3BE98D55 
 339      EEEC06
 340 07e3 FC14C76E 		.ascii	"\374\024\307n\300\0139\272\001\207;\371,\360\242\265"
 340      C00B39BA 
 340      01873BF9 
 340      2CF0A2B5 
 341 07f3 C7932593 		.ascii	"\307\223%\223\363\254\203\\$\222\213\004\362\224-5\301"
 341      F3AC835C 
 341      24928B04 
 341      F2942D35 
 341      C1
 342 0804 0D9FA49B 		.ascii	"\015\237\244\233\230\332\356\222\022w|\306\315i\003"
 342      98DAEE92 
ARM GAS  /tmp/ccsVnWT7.s 			page 27


 342      12777CC6 
 342      CD6903
 343 0813 BE40DC80 		.ascii	"\276@\334\200\277\032\270\322\247\303\347\205BM\355"
 343      BF1AB8D2 
 343      A7C3E785 
 343      424DED
 344 0822 315BA517 		.ascii	"1[\245\027\354`\374\346K{\224\236.\357\2148\276a\211"
 344      EC60FCE6 
 344      4B7B949E 
 344      2EEF8C38 
 344      BE6189
 345 0835 10BA1270 		.ascii	"\020\272\022pz\331l\023\216\230y\2378\"}Z\231\356\357"
 345      7AD96C13 
 345      8E98799F 
 345      38227D5A 
 345      99EEEF
 346 0848 989E9E75 		.ascii	"\230\236\236uzo#\021-s\236\236\330X\236\201X\322\341"
 346      7A6F2311 
 346      2D739E9E 
 346      D8589E81 
 346      58D2E1
 347 085b 532606B2 		.ascii	"S&\006\262\024\002Y\016\216<\0178\0078\3534\277\327"
 347      1402590E 
 347      8E3C0F38 
 347      0738EB34 
 347      BFD7
 348 086d B30617CB 		.ascii	"\263\006\027\313-\220\017\224\246O\234G\225+\231v\016"
 348      2D900F94 
 348      A64F9C47 
 348      952B9976 
 348      0E
 349 087e 1C953DF0 		.ascii	"\034\225=\360\012v-\32541-\265W\2139{b\016v\251y\336"
 349      0A762DD5 
 349      34312DB5 
 349      578B397B 
 349      620E76A9 
 350 0894 1D5542E5 		.ascii	"\035UB\345\012G^\226\271\344\245\324\027t\001\272\360"
 350      0A475E96 
 350      B9E4A5D4 
 350      177401BA 
 350      F0
 351 08a5 9FBA034D 		.ascii	"\237\272\003M6\034O\233\304l\310+\235\362\343\242\030"
 351      361C4F9B 
 351      C46CC82B 
 351      9DF2E3A2 
 351      18
 352 08b6 F28B42C8 		.ascii	"\362\213B\310\307gr+\304m\366\002\022\327\336\364t-"
 352      C767722B 
 352      C46DF602 
 352      12D7DEF4 
 352      742D
 353 08c8 8D731E89 		.ascii	"\215s\036\211\363LR\265E3\353\211\251\232\023OL\027"
 353      F34C52B5 
 353      4533EB89 
 353      A99A134F 
 353      4C17
 354 08da E8597B2A 		.ascii	"\350Y{*\276\242\017\311\217L\227\300\374*a\211\277\314"
ARM GAS  /tmp/ccsVnWT7.s 			page 28


 354      BEA20FC9 
 354      8F4C97C0 
 354      FC2A6189 
 354      BFCC
 355 08ec 794B9508 		.ascii	"yK\225\010\273\334\326\372L\207o\320\004\313{\275;_"
 355      BBDCD6FA 
 355      4C876FD0 
 355      04CB7BBD 
 355      3B5F
 356 08fe 2F1DEC13 		.ascii	"/\035\354\023\277\317\301~\3477]\347\234\032\263r\377"
 356      BFCFC17E 
 356      E7375DE7 
 356      9C1AB372 
 356      FF
 357 090f A6B1AA7A 		.ascii	"\246\261\252z[#\302_\323\306j&J\244\3759&gF\313\304"
 357      5B23C25F 
 357      D3C66A26 
 357      4AA4FD39 
 357      266746CB 
 358 0924 ADB9B376 		.ascii	"\255\271\263v\262N\352d-'\264\333\376\342Z\207\233\274"
 358      B24EEA64 
 358      2D27B4DB 
 358      FEE25A87 
 358      9BBC
 359 0936 938E7CBB 		.ascii	"\223\216|\273&\264['\265\333Sj\031\324\312\255\234\225"
 359      26B45B27 
 359      B5DB536A 
 359      19D4CAAD 
 359      9C95
 360 0948 3DF8BAB4 		.ascii	"=\370\272\264I\213\357R+\367d\274hr\307\035T\230,\034"
 360      498BEF52 
 360      2BF764BC 
 360      6872C71D 
 360      54982C1C 
 361 095c 3BA6C13D 		.ascii	";\246\301=T(~:y\321C\256t\326\243i\366\324\341\3419"
 361      54287E3A 
 361      79D143AE 
 361      74D6A369 
 361      F6D4E1E1 
 362 0971 B89F567D 		.ascii	"\270\237V}<:s\306\013?\024\017-EW[\364x\204\0123\351"
 362      3C3A73C6 
 362      0B3F140F 
 362      2D45575B 
 362      F478840A 
 363 0987 874A7578 		.ascii	"\207JuxB\364\320\221\203\031:\374\234\012o\322\023-"
 363      42F4D091 
 363      83193AFC 
 363      9C0A6FD2 
 363      132D
 364 0999 5A3C4385 		.ascii	"Z<C\205\314\226\314#z\274MC\217\247C\231\355\210:\322"
 364      CC96CC23 
 364      7ABC4D43 
 364      8FA74399 
 364      ED883AD2 
 365 09ad 9339CA2E 		.ascii	"\2239\312.\020\217\262\305\317R\367\351\361\016\312"
 365      108FB2C5 
 365      CF52F7E9 
ARM GAS  /tmp/ccsVnWT7.s 			page 29


 365      F10ECA
 366 09bc 6D6D8FAF 		.ascii	"mm\217\257\024\271z\020\323\257\367\376yV\237\337\225"
 366      14B97A10 
 366      D3AFF7FE 
 366      79569FDF 
 366      95
 367 09cd 7CFE0DF5 		.ascii	"|\376\015\365\371\231\204\201\002w\250\353C6\321\314"
 367      F9998481 
 367      0277A8EB 
 367      4336D1CC 
 368 09dd 37361FFA 		.ascii	"76\037\372\215\255\314:yZ\215\223\204v\270\363e\003"
 368      8DADCC3A 
 368      795A8D93 
 368      8476B8F3 
 368      6503
 369 09ef 391ECC57 		.ascii	"9\036\314W\264w\342v\220\017W\235\340\242v\3070\363"
 369      B477E276 
 369      900F579D 
 369      E0A276C7 
 369      30F3
 370 0a01 B17F451B 		.ascii	"\261\177E\033\313\347\361[*\264L8\367\243\016\030W>"
 370      CBE7F15B 
 370      2AB44C38 
 370      F7A30E18 
 370      573E
 371 0a13 62B2B541 		.ascii	"b\262\265A\230Z\251\001\005\207N\326\315\301Y\264\005"
 371      985AA901 
 371      05874ED6 
 371      CDC159B4 
 371      05
 372 0a24 4BD6D532 		.ascii	"K\326\3252/{\013\255\015\213J\205Oc=\320B\227\243\205"
 372      2F7B0BAD 
 372      0D8B4A85 
 372      4F633DD0 
 372      4297A385 
 373 0a38 4E6E9626 		.ascii	"Nn\226&\272\225\233hj\270\221\242v\004\025\011\372n"
 373      BA959B68 
 373      6AB891A2 
 373      76041509 
 373      FA6E
 374 0a4a 43B94DC8 		.ascii	"C\271M\310\347^!S\356J\231\222Wd\031\321\322\361\362"
 374      E75E2153 
 374      EE4A9992 
 374      576419D1 
 374      D2F1F2
 375 0a5d BDB41FB1 		.ascii	"\275\264\037\261\304M\273\261\332\373\376\235\366j["
 375      C44DBBB1 
 375      DAFBFE9D 
 375      F66A5B
 376 0a6c D77B3897 		.ascii	"\327{8\227\306\355iK\027ld\016S!\376z\343\011->F\205"
 376      C6ED694B 
 376      176C640E 
 376      5321FE7A 
 376      E3092D3E 
 377 0a82 9182E606 		.ascii	"\221\202\346\006\015.\244\302\300\340\364\005\214K\250"
 377      0D2EA4C2 
 377      C0E0F405 
ARM GAS  /tmp/ccsVnWT7.s 			page 30


 377      8C4BA8
 378 0a91 707C243F 		.ascii	"p|$?E\207\313\305:\003\243-\342\341:\231\004\357\345"
 378      4587CBC5 
 378      3A03A32D 
 378      E2E13A99 
 378      04EFE5
 379 0aa4 D8F93B52 		.ascii	"\330\371;R\226\220Or\303O\037\274q\307U\002\371G#e\273"
 379      96904F72 
 379      C34F1FBC 
 379      71C75502 
 379      F9472365 
 380 0ab9 8F7922E7 		.ascii	"\217y\"\347c\260\375,\014\263/l n\266\341\304\233M<"
 380      63B0FD2C 
 380      0CB32F6C 
 380      206EB6E1 
 380      C49B4D3C 
 381 0acd DF6745E8 		.ascii	"\337gE\350\036\347\215\356\200\317'a\212\223z\343z\210"
 381      1EE78DEE 
 381      80CF2761 
 381      8A937AE3 
 381      7A88
 382 0adf EC886236 		.ascii	"\354\210b6\240\"[\371T\225\011\372;\266\322]J=\350\256"
 382      A0225BF9 
 382      549509FA 
 382      3BB6D25D 
 382      4A3DE8AE 
 383 0af3 11D9F639 		.ascii	"\021\331\3669\330\345P\325\264\305\241\373k\271n\327"
 383      D8E550D5 
 383      B4C5A1FB 
 383      6BB96ED7 
 384 0b03 E36F3F43 		.ascii	"\343o?Co\221\323\235\266\223\231D\371V\312&\343\273"
 384      6F91D39D 
 384      B6939944 
 384      F956CA26 
 384      E3BB
 385 0b15 41CE76D9 		.ascii	"A\316v\331\253\332\030\335\267\344l\2273G?\343\224\007"
 385      ABDA18DD 
 385      B7E46C97 
 385      33473FE3 
 385      9407
 386 0b27 7236B3E6 		.ascii	"r6\263\346\262K\321\267\340\206!!a&\305u\3505\244\333"
 386      B24BD1B7 
 386      E0862121 
 386      6126C575 
 386      E835A4DB 
 387 0b3b 13587F46 		.ascii	"\023X\177F\000\023\200\227\200g\200W\200G\200Q\3008"
 387      00138097 
 387      80678057 
 387      80478051 
 387      C038
 388 0b4d 601AF01D 		.ascii	"`\032\360\035`\006\360\024\260\015\373\2427p\037\003"
 388      6006F014 
 388      B00DFBA2 
 388      37701F03 
 389 0b5d F0F0FC18 		.ascii	"\360\360\374\030\356/\000S\200\347\366\245\231\370\300"
 389      EE2F0053 
 389      80E7F6A5 
ARM GAS  /tmp/ccsVnWT7.s 			page 31


 389      99F8C0
 390 0b6c 16E5F0C1 		.ascii	"\026\345\360\301C\305\340\261\333u\306\0057\344\344"
 390      43C5E0B1 
 390      DB75C605 
 390      37E4E4
 391 0b7b C772174C 		.ascii	"\307r\027L0.\270/g\273\0344&\266:\330\303r\266\323q"
 391      302EB82F 
 391      67BB1C34 
 391      26B63AD8 
 391      C372B6D3 
 392 0b90 986451BF 		.ascii	"\230dQ\277\230EW!\213\256\210liur>\010\010\347E\221"
 392      98455721 
 392      8BAE886C 
 392      6975723E 
 392      0808E745 
 393 0ba5 0DAB96B0 		.ascii	"\015\253\226\260\223vb\273\236\377:\230n\336T\216\264"
 393      937662BB 
 393      9EFF3A98 
 393      6EDE548E 
 393      B4
 394 0bb6 D37702A6 		.ascii	"\323w\002\246\237\003\312\241v\2423\332\233\225s\324"
 394      9F03CAA1 
 394      76A233DA 
 394      9B9573D4 
 395 0bc6 E9BCC668 		.ascii	"\351\274\306h\357W\366\"{\270\254\377\216\356\336&\345"
 395      EF57F622 
 395      7BB8ACFF 
 395      8EEEDE26 
 395      E5
 396 0bd7 874BE2B5 		.ascii	"\207K\342\265\372\251\005\031<\331\2075\201#\032Ee\366"
 396      FAA90519 
 396      3CD98735 
 396      81231A45 
 396      65F6
 397 0be9 23C2B07C 		.ascii	"#\302\260||\330\230\361\361\225\362\370p\262\224\351"
 397      7CD898F1 
 397      F195F2F8 
 397      70B294E9 
 398 0bf9 D875E5EC 		.ascii	"\330u\345\354\260o\334Zz\263Z\3248N+\314\370\025\255"
 398      B06FDC5A 
 398      7AB35AD4 
 398      384E2BCC 
 398      F815AD
 399 0c0c A5595E68 		.ascii	"\245Y^h\276\237\322X@\361\330\357\1772\034\304\277\031"
 399      BE9FD258 
 399      40F1D8EF 
 399      7F321CC4 
 399      BF19
 400 0c1e 4C69C8AE 		.ascii	"Li\310\2561\016\317G\261\330\276\330L\012\273F0{\357"
 400      310ECF47 
 400      B1D8BED8 
 400      4C0ABB46 
 400      307BEF
 401 0c31 8DAE382D 		.ascii	"\215\2568-\273\371#D\307\302\232\200\351\346\017\356"
 401      BBF92344 
 401      C7C29A80 
 401      E9E60FEE 
ARM GAS  /tmp/ccsVnWT7.s 			page 32


 402 0c41 40BEFB38 		.ascii	"@\276\37387\303\015'\013}D\0239\365\217<p\006\025\366"
 402      37C30D27 
 402      0B7D4413 
 402      39F58F3C 
 402      700615F6 
 403 0c55 179F8AC7 		.ascii	"\027\237\212\3078\213\012]\227\266\325y\341\\*\334;"
 403      388B0A5D 
 403      97B6D579 
 403      E15C2ADC 
 403      3B
 404 0c66 143BE086 		.ascii	"\024;\340\206\363\251p\241\372\361R:\263\373\200t\261"
 404      F3A970A1 
 404      FAF1523A 
 404      B3FB8074 
 404      B1
 405 0c77 7BDC2AFE 		.ascii	"{\334*\376i\261\217L\364\207\036\015\365\351\361q\201"
 405      69B18F4C 
 405      F4871E0D 
 405      F5E9F171 
 405      81
 406 0c88 AA7B75A1 		.ascii	"\252{u\241\016\326\020:\243\373I\347\204\2077\227\214"
 406      0ED6103A 
 406      A3FB49E7 
 406      84873797 
 406      8C
 407 0c99 D806783E 		.ascii	"\330\006x>\303S\210\311N\350P\032V\236\233Y\327'c\037"
 407      C35388C9 
 407      4EE8501A 
 407      569E9B59 
 407      D727631F 
 408 0cad 94844919 		.ascii	"\224\204I\031a\023\277gB\014\262\300o\251\200\335\200"
 408      6113BF67 
 408      420CB2C0 
 408      6FA980DD 
 408      80
 409 0cbe BD800CC0 		.ascii	"\275\200\014\300\036@:fw\372M\033\0349\220\"o\317e\345"
 409      1E403A66 
 409      77FA4D1B 
 409      1C399022 
 409      6FCF65E5 
 410 0cd2 188E74B0 		.ascii	"\030\216t\260\023\345l\227\317w\323\221\316\347\002"
 410      13E56C97 
 410      CF77D391 
 410      CEE702
 411 0ce1 27B6EB87 		.ascii	"'\266\353\207\013\306\222\355r\335\256\343\246e\204"
 411      0BC692ED 
 411      72DDAEE3 
 411      A66584
 412 0cf0 8E1BA0B9 		.ascii	"\216\033\240\271\376\261\250g\2049\277\354Rt#;\2231"
 412      FEB1A867 
 412      8439BFEC 
 412      5274233B 
 412      9331
 413 0d02 76EE50EE 		.ascii	"v\356P\356\225}\034lo\347\333\364\3704\035\007\015C"
 413      957D1C6C 
 413      6FE7DBF4 
 413      F8341D07 
ARM GAS  /tmp/ccsVnWT7.s 			page 33


 413      0D43
 414 0d14 43857AD9 		.ascii	"C\205z\3318\220\202\201,\020\203\377&\036\264[w\037"
 414      38908281 
 414      2C1083FF 
 414      261EB45B 
 414      771F
 415 0d26 0BF99C0D 		.ascii	"\013\371\234\015\025\3679\362\231tRh\376VgA\241\027"
 415      15F739F2 
 415      99745268 
 415      FE566741 
 415      A117
 416 0d38 9BCFD94E 		.ascii	"\233\317\331N\371\234#\3463\271\377\370\363u\221\241"
 416      F99C23E6 
 416      33B9FFF8 
 416      F37591A1 
 417 0d48 9191EB43 		.ascii	"\221\221\353C?]\027\366\305\346/C\327GmX\027\26114b"
 417      3F5D17F6 
 417      C5E62F43 
 417      D7476D58 
 417      17B13134 
 418 0d5d 63448CFB 		.ascii	"cD\214\373\252?~\264\320\350\357\257zw\361b\003\375"
 418      AA3F7EB4 
 418      D0E8EFAF 
 418      7A77F162 
 418      03FD
 419 0d6f 6FFC3CE2 		.ascii	"o\374<\342\323\210\017\315\206\250h\003\3243|\031\265"
 419      D3880FCD 
 419      86A86803 
 419      D4337C19 
 419      B5
 420 0d80 2926DA60 		.ascii	")&\332`^\273z\331Rz\015Z\276e\213A\324\2708L\345))'"
 420      5EBB7AD9 
 420      527A0D5A 
 420      BE658B41 
 420      D4B8384C 
 421 0d98 EAE645C7 		.ascii	"\352\346E\307lX\26644,2*\354\013\341\2056b\323\337C"
 421      6C58B634 
 421      342C322A 
 421      EC0BE185 
 421      3662D3DF 
 422 0dad E0FEFBFF 		.ascii	"\340\376\373\377N=U\023\021\275i\361\347*\217\320\320"
 422      4E3D5513 
 422      11BD69F1 
 422      E72A8FD0 
 422      D0
 423 0dbe CD111B63 		.ascii	"\315\021\033c@\216\371\215as\364&C\304\306\260\310\315"
 423      408EF98D 
 423      6173F426 
 423      43C4C6B0 
 423      C8CD
 424 0dd0 EBC30D1B 		.ascii	"\353\303\015\033\303\377\021\031\361\251a\303\272\260"
 424      C3FF1119 
 424      F1A961C3 
 424      BAB0
 425 0dde CF233686 		.ascii	"\317#6\206\033B\327\207\177\266nsdLh\314\326/\303\243"
 425      1B42D787 
 425      7FB66E73 
ARM GAS  /tmp/ccsVnWT7.s 			page 34


 425      644C68CC 
 425      D62FC3A3 
 426 0df2 A1A2BB54 		.ascii	"\241\242\273Tm\221R\265\350\255\321\206\320\350\230"
 426      6D9152B5 
 426      E8ADD186 
 426      D0E898
 427 0e01 F5C001EE 		.ascii	"\365\300\001\356\\\363\326\350\230\360\015\306\250M"
 427      5CF3D6E8 
 427      98F00DC6 
 427      A84D
 428 0e0f E146623C 		.ascii	"\341Fb<g4a\243\331\244hvX\324\206\015Q\033\015\341["
 428      673461A3 
 428      D9A46876 
 428      58D4860D 
 428      511B0DE1 
 429 0e24 62C062B9 		.ascii	"b\300b\271\321\237-_\376\316\226-\240Q\277\346O\246"
 429      D19F2D5F 
 429      FECE962D 
 429      A051BFE6 
 429      4FA6
 430 0e36 D0B5604A 		.ascii	"\320\265`J`\370g\356\306\367W\005\254]\371G\2236\320"
 430      60F867EE 
 430      C6F75705 
 430      AC5DF947 
 430      9336D0
 431 0e49 F8BE3168 		.ascii	"\370\2761h\225\311c\315\007\037\230\003B\244\307\220"
 431      95C963CD 
 431      071F9803 
 431      42A4C790 
 432 0e59 A566F2E8 		.ascii	"\245f\362\350f6\033W\231t\246\225\346\225\246\217W\006"
 432      66361B57 
 432      9974A695 
 432      E695A68F 
 432      5706
 433 0e6b BEA35E11 		.ascii	"\276\243^\021ht\210\277\325\005\254Y\261\364\2035\240"
 433      687488BF 
 433      D505AC59 
 433      B1F48335 
 433      A0
 434 0e7c 863CF9D3 		.ascii	"\206<\371\323'\251t\271. x\3052\2614\330\316\013\226"
 434      27A974B9 
 434      2E2078C5 
 434      32B134D8 
 434      CE0B96
 435 0e8f F3966989 		.ascii	"\363\226i\211\026b\012\321\301\226,\325\022\015BI\260"
 435      16620AD1 
 435      C1962CD5 
 435      120D4249 
 435      B0
 436 0ea0 C8087666 		.ascii	"\310\010vf\370\273\223\272&\363Z\023y\360'\017\366\262"
 436      F8BB93BA 
 436      26F35A13 
 436      79F0270F 
 436      F6B2
 437 0eb2 25EEA436 		.ascii	"%\356\2446-\013\226H\301\224\204\215!&5\351\240\026"
 437      2D0B9648 
 437      C194848D 
ARM GAS  /tmp/ccsVnWT7.s 			page 35


 437      212635E9 
 437      A016
 438 0ec4 FA4AEEEE 		.ascii	"\372J\356\356\242\033\226\352MF\243\344$\015\321\031"
 438      A21B96EA 
 438      4D46A3E4 
 438      240DD119 
 439 0ed4 F4574D48 		.ascii	"\364WMH\240\361\303\300\225DZ\032\364W\257\300\025\253"
 439      A0F1C3C0 
 439      95445A1A 
 439      F457AFC0 
 439      15AB
 440 0ee6 561B3F92 		.ascii	"V\033?\2228\352\020s\200I\275zu\220\011\007\004\232"
 440      38EA1073 
 440      8049BD7A 
 440      75900907 
 440      049A
 441 0ef8 7020DCD7 		.ascii	"p \334\327\004\231\324\001Af\223zEP\200\311\015\212"
 441      0499D401 
 441      4166937A 
 441      455080C9 
 441      0D8A
 442 0f0a 801048E4 		.ascii	"\200\020H\344`r1\302\305\315\034\014\241\304\346\340"
 442      607231C2 
 442      C5CD1C0C 
 442      A1C4E6E0 
 443 0f1a 353A9A4A 		.ascii	"5:\232J\357\206\306h\305;6B\240\315F\223[@\210\311h"
 443      EF86C668 
 443      C53B3642 
 443      A0CD4693 
 443      5B4088C9 
 444 0f2f 527FBCF6 		.ascii	"R\177\274\366C\223:\004\330n\3065\037\205\004\3025\300"
 444      43933A04 
 444      D86EC635 
 444      1F8504C2 
 444      35C0
 445 0f41 680AF80F 		.ascii	"h\012\370\017I\020`Zm0\2566\207\230\015$}\014!b\236"
 445      4910605A 
 445      6D30AE36 
 445      87980D24 
 445      7D0C2162 
 446 0f56 8581101A 		.ascii	"\205\201\020\032\266a9\311D\263q\205\320\005\267\017"
 446      B66139C9 
 446      44B37185 
 446      D005B70F 
 447 0f66 D7AC359A 		.ascii	"\327\2545\2328\263I\013\017\357\257\374\213IM.\030\032"
 447      38B3490B 
 447      0FEFAFFC 
 447      8B494D2E 
 447      181A
 448 0f78 D10825FE 		.ascii	"\321\010%\376s\202>\0100\007K\335\375\027\243;\020\256"
 448      73823E08 
 448      30074BDD 
 448      FD17A33B 
 448      10AE
 449              		.text
 450              		.section	.gnu.lto_.symtab.733e984685633f08,"",%progbits
 451 0000 68616C5F 		.ascii	"hal_lld_init\000"
ARM GAS  /tmp/ccsVnWT7.s 			page 36


 451      6C6C645F 
 451      696E6974 
 451      00
 452 000d 00       		.ascii	"\000"
 453 000e 00       		.ascii	"\000"
 454 000f 00       		.ascii	"\000"
 455 0010 00000000 		.ascii	"\000\000\000\000\000\000\000\000"
 455      00000000 
 456 0018 B0000000 		.ascii	"\260\000\000\000"
 457 001c 73746D33 		.ascii	"stm32_clock_init\000"
 457      325F636C 
 457      6F636B5F 
 457      696E6974 
 457      00
 458 002d 00       		.ascii	"\000"
 459 002e 00       		.ascii	"\000"
 460 002f 00       		.ascii	"\000"
 461 0030 00000000 		.ascii	"\000\000\000\000\000\000\000\000"
 461      00000000 
 462 0038 B2000000 		.ascii	"\262\000\000\000"
 463 003c 53797374 		.ascii	"SystemCoreClock\000"
 463      656D436F 
 463      7265436C 
 463      6F636B00 
 464 004c 00       		.ascii	"\000"
 465 004d 00       		.ascii	"\000"
 466 004e 00       		.ascii	"\000"
 467 004f 00000000 		.ascii	"\000\000\000\000\000\000\000\000"
 467      00000000 
 468 0057 C1000000 		.ascii	"\301\000\000\000"
 469 005b 69727149 		.ascii	"irqInit\000"
 469      6E697400 
 470 0063 00       		.ascii	"\000"
 471 0064 02       		.ascii	"\002"
 472 0065 00       		.ascii	"\000"
 473 0066 00000000 		.ascii	"\000\000\000\000\000\000\000\000"
 473      00000000 
 474 006e B4000000 		.ascii	"\264\000\000\000"
 475              		.text
 476              		.section	.gnu.lto_.opts,"",%progbits
 477 0000 272D666D 		.ascii	"'-fmath-errno' '-fsigned-zeros' '-ftrapping-math' '"
 477      6174682D 
 477      6572726E 
 477      6F272027 
 477      2D667369 
 478 0033 2D666E6F 		.ascii	"-fno-trapv' '-fno-strict-overflow' '-fno-openmp' '-"
 478      2D747261 
 478      70762720 
 478      272D666E 
 478      6F2D7374 
 479 0066 666E6F2D 		.ascii	"fno-openacc' '-mcpu=cortex-m4' '-mthumb' '-mfloat-a"
 479      6F70656E 
 479      61636327 
 479      20272D6D 
 479      6370753D 
 480 0099 62693D68 		.ascii	"bi=hard' '-mfpu=fpv4-sp-d16' '-ggdb' '-Og' '-fomit-"
 480      61726427 
ARM GAS  /tmp/ccsVnWT7.s 			page 37


 480      20272D6D 
 480      6670753D 
 480      66707634 
 481 00cc 6672616D 		.ascii	"frame-pointer' '-falign-functions=16' '-ffunction-s"
 481      652D706F 
 481      696E7465 
 481      72272027 
 481      2D66616C 
 482 00ff 65637469 		.ascii	"ections' '-fdata-sections' '-fno-common' '-flto'\000"
 482      6F6E7327 
 482      20272D66 
 482      64617461 
 482      2D736563 
 483              		.text
 484              		.comm	__gnu_lto_v1,1,1
 485              		.comm	__gnu_lto_slim,1,1
 486              		.ident	"GCC: (15:6.3.1+svn253039-1build1) 6.3.1 20170620"
ARM GAS  /tmp/ccsVnWT7.s 			page 38


DEFINED SYMBOLS
                            *ABS*:0000000000000000 hal_lld.c
                            *COM*:0000000000000001 __gnu_lto_v1
                            *COM*:0000000000000001 __gnu_lto_slim

NO UNDEFINED SYMBOLS
