ARM GAS  /tmp/ccb78d9a.s 			page 1


   1              		.cpu cortex-m4
   2              		.eabi_attribute 27, 1
   3              		.eabi_attribute 28, 1
   4              		.eabi_attribute 20, 1
   5              		.eabi_attribute 21, 1
   6              		.eabi_attribute 23, 3
   7              		.eabi_attribute 24, 1
   8              		.eabi_attribute 25, 1
   9              		.eabi_attribute 26, 1
  10              		.eabi_attribute 30, 1
  11              		.eabi_attribute 34, 1
  12              		.eabi_attribute 18, 4
  13              		.file	"hal_pal_lld.c"
  14              		.text
  15              	.Ltext0:
  16              		.section	.gnu.lto_.profile.97333ba92cd054a6,"",%progbits
  17 0000 789C6365 		.ascii	"x\234ce`b`a```d\360\367\005\000\001k\000\251"
  17      60626061 
  17      60606064 
  17      F0F70500 
  17      016B00A9 
  18              		.text
  19              		.section	.gnu.lto_.inline.97333ba92cd054a6,"",%progbits
  20 0000 789C6365 		.ascii	"x\234ce`b\320a@\000&\006\006f&F\020\305\300\266@\036"
  20      6062D061 
  20      40002606 
  20      06662646 
  20      10C5C0B6 
  21 0016 44313032 		.ascii	"D102\234c\330\013\022ka\\\320\251\314 1\347\"3X\234"
  21      9C63D80B 
  21      126B615C 
  21      D0A9CC20 
  21      31E72233 
  22 002c 01006F09 		.ascii	"\001\000o\011\005\361"
  22      05F1
  23              		.text
  24              		.section	.gnu.lto_.jmpfuncs.97333ba92cd054a6,"",%progbits
  25 0000 789C6365 		.ascii	"x\234ce`b\340`@\000& f\004b\000\001p\000\023"
  25      6062E060 
  25      40002620 
  25      66046200 
  25      01700013 
  26              		.text
  27              		.section	.gnu.lto_.pureconst.97333ba92cd054a6,"",%progbits
  28 0000 789C6365 		.ascii	"x\234ce`b`e`\000\222\014\214R\000\000\267\000*"
  28      60626065 
  28      6000920C 
  28      8C520000 
  28      B7002A
  29              		.text
  30              		.section	.gnu.lto__pal_lld_init.97333ba92cd054a6,"",%progbits
  31 0000 789C6365 		.ascii	"x\234ce`b\250d``\260\007bi fdf`d\232p\216\201\241\221"
  31      6062A864 
  31      6060B007 
  31      62692066 
  31      64666064 
  32 001a 83899111 		.ascii	"\203\211\221\021\304h\340`d\250gb\254g\354g\236\316"
ARM GAS  /tmp/ccb78d9a.s 			page 2


  32      C468E060 
  32      64A86762 
  32      AC67EC67 
  32      9ECE
  33 002c CC78A8FD 		.ascii	"\314x\250\375\331N&\315\345\015@p`\372$\266\266\206"
  33      D94E26CD 
  33      E50D4070 
  33      60FA24B6 
  33      B686
  34 003e 5689F9CC 		.ascii	"V\211\371\314\014\0143\201\030\004\030\2273j2\000\225"
  34      0C0C3381 
  34      18041897 
  34      336A3200 
  34      95
  35 004f 3DDAF86F 		.ascii	"=\332\370o*/\033\013D\234q\005#\033#\220^\177\211\361"
  35      2A2F1B0B 
  35      449C7105 
  35      231B2390 
  35      5E7F89F1 
  36 0063 40C3BFFF 		.ascii	"@\303\277\377\355\015\007\256,f\334\352\306\304\300"
  36      ED0D07AE 
  36      2C66DCEA 
  36      C6C4C0
  37 0072 D0059406 		.ascii	"\320\005\224\006\331\321\315\314\004\242\231\33726)"
  37      D9D1CDCC 
  37      04A299DF 
  37      323629
  38 0081 805483CD 		.ascii	"\200T\203\315\352bf\004\011\002\225\331\352\351\351"
  38      EA626604 
  38      090295D9 
  38      EAE9E9
  39 0090 43907346 		.ascii	"C\220sFfR\246\177\260~~\261~Fb\216~A~QI\261~p\210\257"
  39      6652A67F 
  39      B07E7EB1 
  39      7E46628E 
  39      7E417E51 
  40 00aa B191BE8F 		.ascii	"\261\221\276\217\217\213\276{\200\247\177\231\021H*"
  40      8F8BBE7B 
  40      80A77F99 
  40      11482A
  41 00b9 BE008873 		.ascii	"\276\000\210srR\364\222\031\000X\017;i"
  41      7252F492 
  41      1900580F 
  41      3B69
  42              		.text
  43              		.section	.gnu.lto__pal_lld_setgroupmode.97333ba92cd054a6,"",%progbits
  44 0000 789CA557 		.ascii	"x\234\245WkPU\327\025\336\353\354s\037\\\356\005\305"
  44      6B5055D7 
  44      15DEEBEC 
  44      731F5CEE 
  44      05C5
  45 0012 3431420C 		.ascii	"41B\014I\244D\243\\\305$2\306\252\023u|\014\012\324"
  45      49A444A3 
  45      5CC52432 
  45      C6AA1375 
  45      7C0C0AD4 
  46 0026 FEC8AFB6 		.ascii	"\376\310\257\266\246\332\321\026\012\2036\323\3168\315"
ARM GAS  /tmp/ccb78d9a.s 			page 3


  46      A6DAD116 
  46      0A8336D3 
  46      CE38CD
  47 0035 55F0FAC4 		.ascii	"U\360\372\304\330\370\252\306[hL|$U\241b\0214-\002\006"
  47      D8F8AAC6 
  47      5B684C7C 
  47      2455A162 
  47      11342D02 
  48 004a 3141434C 		.ascii	"1ACLM\300G4>\"\250\321\\5>\312\243k\255}\016\367\341"
  48      4DC04734 
  48      3E22A8D1 
  48      5C353ECA 
  48      A36BAD7D 
  49 0061 ED380C8C 		.ascii	"\3558\014\214g\271\317\332\337\267\366\372\366^{\237"
  49      67B9CFDA 
  49      DFB7F6FA 
  49      F65E7B9F 
  50 0071 7D2D4213 		.ascii	"}-B\023\277\211\023\242P\010\261\017\037\210\025\240"
  50      BF8913A2 
  50      5008B10F 
  50      1F8815A0 
  51 0081 AD3926C4 		.ascii	"\2559&\304\"\273\006R5\244\246/K\026\036\207\223\254"
  51      22BB0652 
  51      35A4A62F 
  51      4B161E87 
  51      93AC
  52 0093 53D72C37 		.ascii	"S\327,7\177\204oQ%i\370f\321\254\334g\343>+\330\025"
  52      7F846F51 
  52      2569F866 
  52      D1ACDC67 
  52      E33E2BD8 
  53 00a8 C56636EC 		.ascii	"\305f6\354\340T\215(\315\301\300h\006:Lw\264\331pj1"
  53      E0548D28 
  53      CDC1C068 
  53      063A4C77 
  53      B4D9706A 
  54 00bd 8536EC77 		.ascii	"\2056\354w\255\252\027\010p\251\301\017\331c\000\250"
  54      ADAA1708 
  54      70A9C10F 
  54      D96300A8 
  55 00cd E1B18378 		.ascii	"\341\261\203xS\223\272\305j\263G9\242\235\256\030\300"
  55      5393BAC5 
  55      6AB34739 
  55      A29DAE18 
  55      C0
  56 00de 57A1FEDE 		.ascii	"W\241\376\336\222\033%\324,\275\\\251\015\336\356\301"
  56      921B25D4 
  56      2CBD5CA9 
  56      0DDEEEC1 
  57 00ee BFEA8D7E 		.ascii	"\277\352\215~\253\327\263\244\1771\0026\031 \330\016"
  57      ABD7B3A4 
  57      7F310236 
  57      1920D80E 
  58 00fe 8311D554 		.ascii	"\203\021\325TX\272E\256\226\305\022@\307\327\357\033"
  58      58BA45AE 
  58      96C51240 
  58      C7D7EF1B 
ARM GAS  /tmp/ccb78d9a.s 			page 4


  59 010e 375F88A1 		.ascii	"7_\210\241W\015\022\361\265\366X\327~\207\034\017\002"
  59      570D12F1 
  59      B5F658D7 
  59      7E871C0F 
  59      02
  60 011f DB8BDFDD 		.ascii	"\333\213\337\335T\347J~\337\343Y\354\251n_'=\203\212"
  60      54E74A7E 
  60      DFE359EC 
  60      A96E5F27 
  60      3D838A
  61 0132 A5840F40 		.ascii	"\245\204\017@b@\330\011\011\260\003\022\004\272\004"
  61      6240D809 
  61      09B00312 
  61      04BA04
  62 0141 7C08C908 		.ascii	"|\010\311\010\357\332V\272\334.'1\365\376\372#>0\250"
  62      EFDA56BA 
  62      DC2E2731 
  62      F5FEFA23 
  62      3E30A8
  63 0154 27DF895B 		.ascii	"'\337\211[_\340\231R,u\370{8Y\027\260\213\311\267\366"
  63      5FE09952 
  63      2C75F87B 
  63      385917B0 
  63      8BC9B7F6 
  64 0168 BEBF365A 		.ascii	"\276\2776ZNc\362'\253?z\315\340\236}g\300:\346Z`w8\327"
  64      4E63F227 
  64      AB3F7ACD 
  64      E09E7D67 
  64      C03AE65A 
  65 0180 22600F24 		.ascii	"\"`\017$\023a\325\242\235\347\244\314`\362\245\023\027"
  65      1361D5A2 
  65      9DE7A4CC 
  65      60F2A513 
  65      17
  66 0191 AE40D256 		.ascii	"\256@\322V5\362\226\376\177.\360\034\361\350\305\322"
  66      35F296FE 
  66      7F2EF01C 
  66      F1E8C5D2 
  67 01a1 0AA5A17C 		.ascii	"\012\245\241|\372C\370\316\256\343o\333\345L\246\376"
  67      FA43F8CE 
  67      AEE36FDB 
  67      E54CA6FE 
  68 01b1 F7B376AF 		.ascii	"\367\263v\257\335\240\036M\330\344\251.L$\342?\"\022"
  68      DDA01E4D 
  68      D8E4A92E 
  68      4C24E23F 
  68      2212
  69 01c3 6FAC3DDC 		.ascii	"o\254=\334\250\311\327\230\270\272\270\361|\214A\254"
  69      A8C9D798 
  69      B8BAB8F1 
  69      7C8C41AC 
  70 01d3 0910CB23 		.ascii	"\011\020\313#\022/\177U\260\311*\177\316\304\266\325"
  70      122F7F55 
  70      B0C92A7F 
  70      CEC4B6D5 
  71 01e3 E5271C06 		.ascii	"\345'\034\006\361A|7\361\237\021\211k:\232=V\371k&6"
  71      F1417C37 
ARM GAS  /tmp/ccb78d9a.s 			page 5


  71      F19F1189 
  71      6B3A9A3D 
  71      56F96B26 
  72 01f8 DDDAFB81 		.ascii	"\335\332\373\201n\020\375\001\342\376\210\304\242\033"
  72      6E10FD01 
  72      E2FE88C4 
  72      A21B
  73 0206 F7FEA6CB 		.ascii	"\367\376\246\313\034&\326\237n\272b\246\332\026 VE$"
  73      1C26D69F 
  73      6EBA62A6 
  73      DA162056 
  73      4524
  74 0218 7E53D6B9 		.ascii	"~S\326\271\336e\325\341\000$A%>\025\370\354\303g/>e"
  74      DE65D5E1 
  74      00244125 
  74      3E15F8EC 
  74      C3672F3E 
  75 022d 90A42A0B 		.ascii	"\220\244*\013\016\202\025\204p\374?\024\306\351h-\373"
  75      0E821584 
  75      70FC3F14 
  75      C6E9682D 
  75      FB
  76 023e D021E773 		.ascii	"\320!\347s\002\333\016v\024\231\011|\267\245\317\333"
  76      02DB0E76 
  76      1499097C 
  76      B7A5CFDB 
  77 024e DDEBF3D1 		.ascii	"\335\353\363\321\303)\300\277\230\276\276\365r\231."
  77      C329C0BF 
  77      98BEBEF5 
  77      72992E
  78 025d 1732DDDF 		.ascii	"\0272\335\337\371\361\327\346\362~\261Vz\336\363hD\376"
  78      F9F1D7E6 
  78      F27EB156 
  78      7ADEF368 
  78      44FE
  79 026f 77047235 		.ascii	"w\004r5\223\213\256\276\265\022\344\233L\376\326{\265"
  79      938BAEBE 
  79      B512E49B 
  79      4CFED67B 
  79      B5
  80 0280 C069906F 		.ascii	"\300i\220o\007\310\207\"\220k\230\274\352|\311\366("
  80      07C88722 
  80      906B98BC 
  80      EA7CC9F6 
  80      28
  81 0291 B91898BD 		.ascii	"\271\030\230\275b\377\305\037\233#\257\353&\327F \327"
  81      62FFC51F 
  81      9B23AFEB 
  81      26D74620 
  81      D7
  82 02a2 41D29ECF 		.ascii	"A\322\236\317\241\332\323\331\265\024K8\376Tyc\334O"
  82      A1DAD3D9 
  82      B5144B38 
  82      FE547963 
  82      DC4F
  83 02b4 812B5D13 		.ascii	"\201+]\0234M\210\307\211\302\332\307\251\302*\306\311"
  83      344D88C7 
ARM GAS  /tmp/ccb78d9a.s 			page 6


  83      89C2DAC7 
  83      A9C22AC6 
  83      C9
  84 02c5 B20A9A2A 		.ascii	"\262\012\232*\007PEG3\306\211\025ns10\206\232\261\214"
  84      07504547 
  84      33C68915 
  84      6E733130 
  84      869AB18C 
  85 02d9 EE43CDBE 		.ascii	"\356C\315\276L\211\243f?A\323\374\030P\354\307\311\361"
  85      4C89A366 
  85      3F41D3FC 
  85      1850ECC7 
  85      C9F1
  86 02eb 0499FE64 		.ascii	"\004\231\376d\236\344\351\033\200M{<O\006\355\031\333"
  86      9EE4E91B 
  86      804D7B3C 
  86      4F06ED19 
  86      DB
  87 02fc 53F43E90 		.ascii	"S\364>\220\365=M\315D\316\366\031\240=\374,\001\236"
  87      F53D4DCD 
  87      44CEF619 
  87      A03DFC2C 
  87      019E
  88 030e 2333884C 		.ascii	"#3\210L\022\231d2\317\223\031Lf\010\231\241d\206\221"
  88      12996432 
  88      CF93194C 
  88      660899A1 
  88      648691
  89 0321 4921339C 		.ascii	"I!3\234\314\0102\251dF\222y\211\314\313dF\221I#3\232"
  89      CC0832A9 
  89      64469279 
  89      89CCCB64 
  89      46914923 
  90 0337 CC2B64C6 		.ascii	"\314+d\306\220\031Kf\034\231\361d^%3\201\314D2\223\310"
  90      90194B66 
  90      1C99F164 
  90      5E253381 
  90      CC443293 
  91 034c 4C263385 		.ascii	"L&3\205\314T2\323\310\244\363<N\347\211\231\301s\222"
  91      CC5432D3 
  91      C8A4F33C 
  91      4EE78999 
  91      C17392
  92 035f C1D391C9 		.ascii	"\301\323\221\311\263\226\305\363(\304\012\254L<LWJ\015"
  92      B396C5F3 
  92      28C40AAC 
  92      4C3C4C57 
  92      4A0D
  93 0371 FF93AD50 		.ascii	"\377\223\255P\320\356=S\221G\245\352\223\321>\351\240"
  93      D0EE3D53 
  93      9147A5EA 
  93      93D13EE9 
  93      A0
  94 0382 D3D25FBA 		.ascii	"\323\322_\272\335I\007\237\015$\034\306\245\273\004"
  94      DD49079F 
  94      0D241CC6 
  94      A5BB04
ARM GAS  /tmp/ccb78d9a.s 			page 7


  95 0391 8B13B998 		.ascii	"\213\023\271\2301\016\242\004\262\374\336\353\025\245"
  95      310EA204 
  95      B2FCDEEB 
  95      15A5
  96 039f 52D19C8A 		.ascii	"R\321\234\212v\270\353nu,\321\354\240\301\307H\343\340"
  96      76B8EB6E 
  96      752CD1EC 
  96      A0C1C748 
  96      E3E0
  97 03b1 0D06C885 		.ascii	"\015\006\310\2058\004\225\327\325{\355*6@}p\354J\212"
  97      380495D7 
  97      D57BED2A 
  97      36407D70 
  97      EC4A8A
  98 03c4 ED52B13B 		.ascii	"\355R\261;*\312\015Z\014\306\206\241a\261b\321\037\232"
  98      2ACA0D5A 
  98      0CC686A1 
  98      61B162D1 
  98      1F9A
  99 03d6 58059163 		.ascii	"X\005\221c\025\271\250\322L\254\217J\254\341\275\252"
  99      15B9A8D2 
  99      4CAC8F4A 
  99      ACE1BDAA 
 100 03e6 76A74ACC 		.ascii	"v\247J\314\002G\302\023\353\213\270\320`\373(X_\025"
 100      0247C213 
 100      EB8BB8D0 
 100      60FB2858 
 100      5F15
 101 03f8 CC5779CE 		.ascii	"\314Wy\316\300\305\251`\267W,\271+U0\0334\204\007\353"
 101      C0C5A960 
 101      B7572CB9 
 101      2B55301B 
 101      348407EB 
 102 040c 873804ED 		.ascii	"\2078\004\355\366\337\336mU*c\341hp\354\275\024\273"
 102      F6DFDE6D 
 102      552A63E1 
 102      6870ECBD 
 102      14BB
 103 041e 1FBD97EC 		.ascii	"\037\275\227\354\214a\217:\0106,\2519n#\006\236\030"
 103      8C618F3A 
 103      08362CA9 
 103      396E2306 
 103      9E18
 104 0430 F0096F97 		.ascii	"\360\011o\227\225\370\001\301\317\233\274\004\032\257"
 104      95F801C1 
 104      CF9BBC04 
 104      1AAF
 105 043e 9D4F5A05 		.ascii	"\235OZ\005\2679?\213j\263p]\265y\006\245j\363Ji\252"
 105      B7393F8B 
 105      6AB3705D 
 105      B57906A5 
 105      6AF34A69 
 106 0453 8D55E193 		.ascii	"\215U\341\223\240\022m\254\\\2502}\034]\274\000\027"
 106      A0126DAC 
 106      5CA8327D 
 106      1C5DBC00 
 106      17
ARM GAS  /tmp/ccb78d9a.s 			page 8


 107 0464 A1F0546D 		.ascii	"\241\360Tm\035\030^Le\317\265\312\373.\225\274\200O"
 107      1D185E4C 
 107      65CFB5CA 
 107      FB2E95BC 
 107      804F
 108 0476 D5CEBD03 		.ascii	"\325\316\275\003\340\223\217i\302'\323]U\3576\301\035"
 108      E0938F69 
 108      C227D35D 
 108      55EF36C1 
 108      1D
 109 0487 D0B010B4 		.ascii	"\320\260\020\264\252\033\347\320\237\351z\260\265\031"
 109      AA1BE7D0 
 109      9FE97AB0 
 109      B519
 110 0495 5D12D74F 		.ascii	"]\022\327Oka\327t\327\212\255\350\321qQ\264\266\\\237"
 110      6B61D774 
 110      D78AADE8 
 110      D17151B4 
 110      B65C9F
 111 04a8 9CE1AADA 		.ascii	"\234\341\252\332\332\212\016\013N\254\266\331O\220\014"
 111      DA8A0E0B 
 111      4EACB6D9 
 111      4F900C
 112 04b7 570BB3AC 		.ascii	"W\013\263\254$Wka_\226k\363\266C\200\312u\261,Y\025"
 112      24576B61 
 112      5F966BF3 
 112      B64380CA 
 112      75B12C59 
 113 04cc 67476589 		.ascii	"gGe\211\026t\340\342\306\245\035K\273\224\266'\237\261"
 113      1674E0E2 
 113      C6A51D4B 
 113      BB94B627 
 113      9FB1
 114 04de 78AE3452 		.ascii	"x\2564R\362O\340\014\005\257\220\015W\350\230Z\241\315"
 114      F24FE00C 
 114      05AF900D 
 114      57E8985A 
 114      A1CD
 115 04f0 DEE62805 		.ascii	"\336\346(\005\352\217\270\340o\275\015t8\256@7\275\313"
 115      EA8FB8E0 
 115      6FBD0D74 
 115      38AE4037 
 115      BDCB
 116 0502 2D0AF424 		.ascii	"-\012\364$\257d\177\265l\350\241a\321\253@E\007\376"
 116      AF647FB5 
 116      6CE8A161 
 116      D1AB4045 
 116      07FE
 117 0514 A05003E0 		.ascii	"\240P\003\340\205\004Z\224VX\354_\272S*g<\372\003\274"
 117      85045A94 
 117      5658EC5F 
 117      BA532A67 
 117      3CFA03BC 
 118 0528 6AE2C5AB 		.ascii	"j\342\305\253\014|\007\366\203\302$\250D\2737\214\015"
 118      0C7C07F6 
 118      83C224A8 
 118      44BB378C 
ARM GAS  /tmp/ccb78d9a.s 			page 9


 118      0D
 119 0539 37CC6766 		.ascii	"7\314gf\016\255F\240\247\260\354\021\032\032} \372\003"
 119      0EAD46A0 
 119      A7B0EC11 
 119      1A1A7D20 
 119      FA03
 120 054b D16B28FA 		.ascii	"\321k(\372@E\333u`\241\202<\035\\\177v\254\277&H -!"
 120      4045DB75 
 120      60A1823C 
 120      1D5C7F76 
 120      ACBF2648 
 121 0562 71121117 		.ascii	"q\022\021\027\210SGq\022\021QS\325z\252 VA\236\015\256"
 121      88534771 
 121      12115153 
 121      D57AAA20 
 121      56419E0D 
 122 0577 4AC9E7FC 		.ascii	"J\311\347\374\335\372\243\313\234\305\340[\204\367("
 122      DDFAA3CB 
 122      9CC5E05B 
 122      84F728
 123 0586 FC3846F9 		.ascii	"\3748F\371\3443\3609\025\010\366}\351\367\327:\335\273"
 123      E433F039 
 123      1508F67D 
 123      E9F7D73A 
 123      DDBB
 124 0598 3C858BA8 		.ascii	"<\205\213\250\313\001'\240\030\376\302\367+\370\002"
 124      CB0127A0 
 124      18FEC2F7 
 124      2BF802
 125 05a7 DC347AA7 		.ascii	"\3344z\247\367\276\261\006\317\031s\322\336\275*\203"
 125      F7BEB106 
 125      CF1973D2 
 125      DEBD2A83 
 126 05b7 703CF493 		.ascii	"p<\364\223\363\236\267!Z9\251\232\261\213\362\332\320"
 126      F39EB721 
 126      5A39A99A 
 126      B18BF2DA 
 126      D0
 127 05c8 308C7C61 		.ascii	"0\214|a9\224\374N<\"\213\377\004\2628\011n\014\251D"
 127      3994FC4E 
 127      3C228BFF 
 127      04B23809 
 127      6E0CA944 
 128 05dc 9E364526 		.ascii	"\2366E&\367P\325\227\034\017(\336W\246\252\345F\272"
 128      F750D597 
 128      1C0F28DE 
 128      57A6AAE5 
 128      46BA
 129 05ee CF1B6BD1 		.ascii	"\317\033k\321\356m5T\015\306\001\320\257T5\033\260!"
 129      EE6D3554 
 129      0DC601D0 
 129      AF54351B 
 129      B021
 130 0600 B85FB1AB 		.ascii	"\270_\261\2537\252\232\003Y\264\220\252!J\325\031S\325"
 130      37AA9A03 
 130      59B490AA 
 130      214AD519 
ARM GAS  /tmp/ccb78d9a.s 			page 10


 130      53D5
 131 0612 D01EAA3A 		.ascii	"\320\036\252:\305\3614\212w\232U\321\211fh\030\306\302"
 131      C5F1348A 
 131      779A55D1 
 131      89666818 
 131      C6C2
 132 0624 862A0D95 		.ascii	"\206*\015\225\206\206\024<\177\260\2537\032\316\004"
 132      8686143C 
 132      7FB0AB37 
 132      1ACE04
 133 0633 C63C4B1A 		.ascii	"\306<K\032R\350 j\251\375\301\367\242\032\"\232w\204"
 133      52E8206A 
 133      A9FDC1F7 
 133      A21A229A 
 133      7784
 134 0645 E073D022 		.ascii	"\340s\320\"\3569$v\037\257=\366\3274\325M\0036\034\335"
 134      EE392476 
 134      1FAF3DF6 
 134      D734D54D 
 134      03361CDD 
 135 0659 B8C3A9CE 		.ascii	"\270\303\251\316L\033|\335\215\266\212\203\026\311\023"
 135      4C1B7CDD 
 135      8DB68A83 
 135      16C913
 136 0668 D2B6D598 		.ascii	"\322\266\325\230\220\341=\234\220s\234\034\337\341\316"
 136      90E13D9C 
 136      90739C1C 
 136      DFE1CE
 137 0677 9BCB6C2E 		.ascii	"\233\313l.\352\010\265U\202\246(\025\007@\177\350\024"
 137      EA08B555 
 137      82A62815 
 137      07407FE8 
 137      14
 138 0688 8DE45324 		.ascii	"\215\344S$UMQJ\244)\372\323\243\246\350\233@\026\027"
 138      554D514A 
 138      A429FAD3 
 138      A3A6E89B 
 138      401617
 139 069b 688A46B2 		.ascii	"h\212F\262<[\267\274k\246\274\227z(\357\"\007\326)\360"
 139      3C5BB7BC 
 139      6BA6BC97 
 139      7A28EF22 
 139      07D629F0 
 140 06af A570792F 		.ascii	"\245py/?$o\024\016\200\376Pyi,oTo\344]\016d\361-\311"
 140      3F246F14 
 140      0E80FE50 
 140      79692C6F 
 140      546FE45D 
 141 06c8 4B637976 		.ascii	"KcyvZk\226w\275\326\2207\272\207\362\256p`\013\005n"
 141      5A6B9677 
 141      BDD69037 
 141      BA87F2AE 
 141      70600B05 
 142 06dd 35CBD994 		.ascii	"5\313\331\224\367\012\227\363\350\320-9\006?\225\330"
 142      F70A97F3 
 142      E8D02D39 
 142      063F95D8 
ARM GAS  /tmp/ccb78d9a.s 			page 11


 143 06ed A5C4B823 		.ascii	"\245\304\270#\211y\343Qb\332\002c^%1cXL\224X\223\240"
 143      8979E351 
 143      62DA0263 
 143      5E253163 
 143      584C9458 
 144 0703 C43C30C5 		.ascii	"\304<0\305\214\355\241\230k\201\300\327\303\305\214"
 144      8CEDA198 
 144      6B81C0D7 
 144      C3C58C
 145 0712 63316343 		.ascii	"c1cC\305\214g1\343z#\346\273\300\2307H\314x\301\233"
 145      C58C6731 
 145      E37A23E6 
 145      BBC09837 
 145      48CC78C1 
 146 0727 EF6CB1B9 		.ascii	"\357l\261\271\371\202v\233C,\213Q\022\333\315r|\265"
 146      F982769B 
 146      432C8B51 
 146      12DBCD72 
 146      7CB5
 147 0739 87126F06 		.ascii	"\207\022o\006\352\374\373\360r\234\360P9N\304\001\320"
 147      EAFCFBF0 
 147      729CF050 
 147      394EC401 
 147      D0
 148 074a 1F5A8E93 		.ascii	"\037Z\216\223\270\034'\366\246\034\375\201,n\221\350"
 148      B81C27F6 
 148      A61CFD81 
 148      2C6E91E8 
 149 075a 492C2FBA 		.ascii	"I,/\272[^\247)or\017\345\335\016\324\371\235pyS\036"
 149      5B5EA729 
 149      6F720FE5 
 149      DD0ED4F9 
 149      9D707953 
 150 076f 92371507 		.ascii	"\2227\025\007@\177\250\274i,ojo\344\375\020\310\342"
 150      407FA8BC 
 150      692C6F6A 
 150      6FE4FD10 
 150      C8E2
 151 0781 2EC99BC6 		.ascii	".\311\233\306\362\234|\303T7\335\246\271\352\016\230"
 151      F29C7CC3 
 151      5437DDA6 
 151      B9EA0E98 
 152 0791 4E37C317 		.ascii	"N7\303\027\202\356\254|\177LW\347\363\311\035\303\015"
 152      82EEAC7C 
 152      7F4C57E7 
 152      F3C91DC3 
 152      0D
 153 07a2 54F0F540 		.ascii	"T\360\365@\307\233\342\275\356\222p\211U\365\034\364"
 153      C79BE2BD 
 153      EE927089 
 153      55F51CF4 
 154 07b2 A6B7B1C9 		.ascii	"\246\267\261\311\370i1\035\277\345!A\371\262:]\335]"
 154      F869311D 
 154      BFE52141 
 154      F9B23A5D 
 154      DD5D
 155 07c4 CE342D50 		.ascii	"\3164-P\250\031\370m\344\237\016\241"
ARM GAS  /tmp/ccb78d9a.s 			page 12


 155      A819F86D 
 155      E49F0EA1 
 156 07d0 17FB190A 		.ascii	"\027\373\031\012v\275)[\3012\360\363\023\012\343+q\206"
 156      76BD295B 
 156      C132F0F3 
 156      130AE32B 
 156      7186
 157 07e2 82DDC952 		.ascii	"\202\335\311R\250L\334\010\241(\276\024g\022j\203\267"
 157      A84CDC08 
 157      A128BE14 
 157      67126A83 
 157      B7
 158 07f3 E8C42F15 		.ascii	"\350\304/\025,K}L\366-\375\264\314\241>&\000\367\203"
 158      2C4B7D4C 
 158      F62DFDB4 
 158      CCA13E26 
 158      00F783
 159 0806 597CF5CE 		.ascii	"Y|\365\316be1\364\233\351:\336\335\367\254\263\251\233"
 159      626531F4 
 159      9BE93ADE 
 159      DDF7ACB3 
 159      A99B
 160 0818 A7A05F54 		.ascii	"\247\240_T\200n\374\222\375$%\305\255\376M\230;\357"
 160      806EFC92 
 160      FD2425C5 
 160      ADFE4D98 
 160      3BEF
 161 082a F5791933 		.ascii	"\365y\0313\335\271\363\335sge\273\363r\363\027\314w"
 161      DDB9F3DD 
 161      736765BB 
 161      F372F317 
 161      CC77
 162 083c CFFCD9F4 		.ascii	"\317\374\331\364\221\251\356\364\364\211\356\311\231"
 162      91A9EEF4 
 162      F489EEC9 
 162      99
 163 0849 5333DE48 		.ascii	"S3\336H\245\256_\344\341\223\235=;\345WB'\224\2363k"
 163      A5AE5FE4 
 163      E1939D3D 
 163      3BE55742 
 163      27949E33 
 164 085e FE6FF59C 		.ascii	"\376o\365\234\334\331s\344\353\363\026\350\263\262\027"
 164      DCD973E4 
 164      EBF316E8 
 164      B3B217
 165 086d E45BF27E 		.ascii	"\344[\362~\2377;\337\226;?o\316\234\331\371\326\334"
 165      9F373BDF 
 165      963B3F6F 
 165      CE9CD9F9 
 165      D6DC
 166 087f 057FCC9B 		.ascii	"\005\177\314\233\223o!H\276\235\372\211\241\345\214"
 166      936F2148 
 166      BE9DFA89 
 166      A1E58C
 167 088e D07252B5 		.ascii	"\320rR\265\234\027\377\007\266\244\372\261"
 167      9C17FF07 
 167      B6A4FAB1 
ARM GAS  /tmp/ccb78d9a.s 			page 13


 168              		.text
 169              		.section	.gnu.lto_.symbol_nodes.97333ba92cd054a6,"",%progbits
 170 0000 789C6365 		.ascii	"x\234ce`bPc\000\002\246\023L\365\014\014\023\31610\000"
 170      60625063 
 170      0002A613 
 170      4CF50C0C 
 170      13CE3130 
 171 0015 A95D0D8E 		.ascii	"\251]\015\216@\221\223L\365\214(\"\014\000\302m\011"
 171      4091934C 
 171      F58C2822 
 171      0C00C26D 
 171      09
 172 0026 76       		.ascii	"v"
 173              		.text
 174              		.section	.gnu.lto_.refs.97333ba92cd054a6,"",%progbits
 175 0000 789C6365 		.ascii	"x\234ce`b`d\000\002\000\000I\000\011"
 175      60626064 
 175      00020000 
 175      490009
 176              		.text
 177              		.section	.gnu.lto_.decls.97333ba92cd054a6,"",%progbits
 178 0000 789CA556 		.ascii	"x\234\245ViLTW\024~g\356\214\3020\250A\332\220\352\017"
 178      694C5457 
 178      147E67EE 
 178      8CC230A8 
 178      41DA90EA 
 179 0015 4326387F 		.ascii	"C&8\177:S\260i\372\303&\266\202K\212\205\014.\351\217"
 179      3A53B069 
 179      FAC326B6 
 179      824B8A85 
 179      0C2EE98F 
 180 0029 66824065 		.ascii	"f\202@eR\2660C\033\377=\030\032\254;\356\210VEA\021"
 180      52B63043 
 180      1BFF3D18 
 180      1AAC3BEE 
 180      88564541 
 181 003e 14B4A828 		.ascii	"\024\264\250(\250#\312\"\010*\305\025Y\025WD\026E\026"
 181      A823CA22 
 181      082AC515 
 181      59155744 
 181      164516
 182 0051 959EFBEE 		.ascii	"\225\236\373\356\233y\217\351\220t\271\231\363\346\235"
 182      9B798FE9 
 182      9074B999 
 182      F3E69D
 183 0060 FBBE73CE 		.ascii	"\373\276s\316w\316=\367\276\247\342\024\\\212\027\307"
 183      77CE3DF7 
 183      BEA7E214 
 183      5C8A17C7 
 184 0070 3501C795 		.ascii	"5\001\307\225s\0347\206\203\340\3771N\032\012\224\343"
 184      731C3786 
 184      83E0FF31 
 184      4E1A0A94 
 184      E3
 185 0081 28EFB9BF 		.ascii	"(\357\271\277\217\037\320\016\177\334rQ\007\021\353"
 185      8F1FD00E 
 185      7FDC7251 
ARM GAS  /tmp/ccb78d9a.s 			page 14


 185      0711EB
 186 0090 3A46F181 		.ascii	":F\361\201\227\210\363A\361E\031F\261\243\224\241\224"
 186      9788F341 
 186      F1451946 
 186      B1A394A1 
 186      94
 187 00a1 A2CC4609 		.ascii	"\242\314F\011G\031D\271\2022\011\345)\312\013\224\036"
 187      471944B9 
 187      823209E5 
 187      29CA0B94 
 187      1E
 188 00b2 946728CF 		.ascii	"\224g(\317Q^\212q\334\361\331I\240\276\343\361\214V"
 188      515E8A71 
 188      DCF1D949 
 188      A0BEE3F1 
 188      8C56
 189 00c4 7800C001 		.ascii	"x\000\300\001L\003\020\011R\033`wtj\3141\200\351xU8"
 189      4C031009 
 189      521B6077 
 189      746ACC31 
 189      80E97855 
 190 00d9 F8833313 		.ascii	"\370\2033\023\361F\260\003N\001\014\254\340\334\201"
 190      F146B003 
 190      4E010CAC 
 190      E0DC81
 191 00e8 E41EA588 		.ascii	"\344\036\245\210\216\341\230\203\361.\2517\220M\310"
 191      8EE19883 
 191      F12EA937 
 191      904DC8
 192 00f7 0D640EC5 		.ascii	"\015d\016\305,\030B\306\321\221\015G\034\311w\257\037"
 192      2C1842C6 
 192      D1910D47 
 192      1CC977AF 
 192      1F
 193 0108 D8A76C83 		.ascii	"\330\247l\203\026\000/n\377<\020\346\216\026fuy\022"
 193      16002F6E 
 193      FF3C10E6 
 193      8E166675 
 193      7912
 194 011a 8C83F76D 		.ascii	"\214\203\367m\303G\026\350\013y6<tR\325*\307\336\332"
 194      C34716E8 
 194      0B79363C 
 194      7452D52A 
 194      C7DEDA
 195 012d A76E24E0 		.ascii	"\247n$\340\243\006\005\252\215\275\327\366z\241\352"
 195      A30605AA 
 195      8DBDD7F6 
 195      7AA1EA
 196 013c AB8669A8 		.ascii	"\253\206i\250\016\245\336\272\244\366\333!X\331\370"
 196      0EA5DEBA 
 196      A4F6DB21 
 196      58D9F8
 197 014b 690A58FE 		.ascii	"i\012X\3761\024\302L(\200\231\310\340\030\370\341u\245"
 197      3114C24C 
 197      288099C8 
 197      E018F8E1 
 197      75A5
ARM GAS  /tmp/ccb78d9a.s 			page 15


 198 015d 92795AFF 		.ascii	"\222yZ\377\366U\205\247\377~\276\270\235\267_?\350\337"
 198      F65585A7 
 198      FF7EBEB8 
 198      9DB75F3F 
 198      E8DF
 199 016f 7192E77F 		.ascii	"q\222\347\177E3%\205A> \037\320S\336x\213\327#\320\006"
 199      45332585 
 199      413E201F 
 199      D053DE78 
 199      8BD723D0 
 200 0184 70185A31 		.ascii	"p\030Z1\255\343\340\217\346/sm[\247\222\025\002\333"
 200      ADE3E08F 
 200      E62F736D 
 200      5BA79215 
 200      02DB
 201 0196 969AFC02 		.ascii	"\226\232\374\002\202,f\253\201\026b*N\025u\237\035\366"
 201      822C66AB 
 201      8116622A 
 201      4E15759F 
 201      1DF6
 202 01a8 665314D1 		.ascii	"fS\024\321\270\251\377\320d\022/\334\337L/\336CX\012"
 202      B8A9FFD0 
 202      64122FDC 
 202      DF4C2FDE 
 202      43580A
 203 01bb 4A54FBEA 		.ascii	"JT\373\352w?\234\302R\230\265\223(\262j\357T(A\247\316"
 203      773F9CC2 
 203      5298B593 
 203      28B26AEF 
 203      542841A7 
 204 01d0 A339D82B 		.ascii	"\2439\330+\367\005\330x\036\3404\250\341\244\304i\266"
 204      F705D878 
 204      1EE034A8 
 204      E1A4C469 
 204      B6
 205 01e1 1AAF6B78 		.ascii	"\032\257kx>\215\337l\343=\027qP\202I\376\201I\302)\320"
 205      3E8DDF6C 
 205      E33D1771 
 205      508249FE 
 205      8149C229 
 206 01f6 D1981407 		.ascii	"\321\230\024\007'p\262\030'1H\376\241\314\234I$\017"
 206      2770B218 
 206      273148FE 
 206      A1CC9C49 
 206      240F
 207 0208 280145D5 		.ascii	"(\001E\325\205\346\273JP\353\334:8\353\306\001\3432"
 207      85E6BB4A 
 207      50EBDC3A 
 207      38EBC601 
 207      E332
 208 021a 76CCBF0A 		.ascii	"v\314\277\012+\244\200R$sF\"\203\334XE\217\326\347\277"
 208      2BA48052 
 208      24734622 
 208      83DC5845 
 208      8FD6E7BF 
 209 022e 53924616 		.ascii	"S\222F\026dC\305\236n\315DA\312'\014\322V6\267\264\211"
 209      6443C59E 
ARM GAS  /tmp/ccb78d9a.s 			page 16


 209      6ECD4441 
 209      CA270CD2 
 209      5636B7B4 
 210 0243 E7674119 		.ascii	"\347gA\031\0069'\005)u\0049\267)w\210(\261\267\005\004"
 210      06392705 
 210      29750439 
 210      B7297788 
 210      28B1B705 
 211 0258 2E26CEA5 		.ascii	".&\316\245_\031\314\364&YB\353(6VV\017\253\234\005l"
 211      5F19CCF4 
 211      265942EB 
 211      28365656 
 211      0FAB9C05 
 212 026d FC12FB07 		.ascii	"\374\022\373\007\354\010\275\340\352\314-\263\213\356"
 212      EC08BDE0 
 212      EACC2DB3 
 212      8BEE
 213 027b EBF726A3 		.ascii	"\353\367&\243\253\001\204\250\324\325y\020\302:V\316"
 213      AB0184A8 
 213      D4D57910 
 213      C23A56CE 
 214 028b 47583928 		.ascii	"GX9(\036\333\326\356M\362X\003\257)\334x\231\250\327"
 214      1EDBD6EE 
 214      4DF25803 
 214      AF29DC78 
 214      99A8D7
 215 029e D036FC27 		.ascii	"\3206\374'\025F\213\236\364\256v/\346\315\017\325\316"
 215      15468B9E 
 215      F4AE762F 
 215      E6CD0FD5 
 215      CE
 216 02af B4921A6F 		.ascii	"\264\222\032oR\300\274m\330VQ\241$'\230r0+3CEN3%\177"
 216      52C0BC6D 
 216      D85651A1 
 216      24279872 
 216      302B3343 
 217 02c8 CBE66235 		.ascii	"\313\346b5)e\312\256\243wF<\3119\246\344\216\214\366"
 217      2965CAAE 
 217      A377463C 
 217      C939A6E4 
 217      8E8CF6
 218 02db D2360BA0 		.ascii	"\3226\013\240MId-\031\300Z\362b\335\325<\015\261\263"
 218      4D49642D 
 218      19C05AF2 
 218      62DDD53C 
 218      0DB1B3
 219 02ee A26D3E50 		.ascii	"\242m>P\260\316\323\261Z\310Y\245\343\234\033\007\256"
 219      B0CED3B1 
 219      5AC859A5 
 219      E39C1B07 
 219      AE
 220 02ff 23E10091 		.ascii	"#\341\000\221\3605\234\254s\256V\365>\375\366\014\332"
 220      F0359CAC 
 220      73AE56F5 
 220      3EFDF60C 
 220      DA
 221 0310 120D5895 		.ascii	"\022\015X\225z\251\300\001\342b]\310l~\254&u,\306;\333"
ARM GAS  /tmp/ccb78d9a.s 			page 17


 221      7AA9C001 
 221      E2625DC8 
 221      6C7EAC26 
 221      752CC63B 
 222 0325 8E575267 		.ascii	"\216WRg\217\035\013\272\"tS#\232\336\220L\033\244\265"
 222      8F1D0BBA 
 222      22745323 
 222      9ADE904C 
 222      1BA4B5
 223 0338 71E571D3 		.ascii	"q\345q\323\015\017\014\2226\224S\356A\232\204 \312\201"
 223      0D0F0C92 
 223      369453EE 
 223      419A8420 
 223      CA81
 224 034a C1F5F7D5 		.ascii	"\301\365\367\3250]\253\325e\3220\233y~\236B\252=\007"
 224      305DABD5 
 224      65D2309B 
 224      797E9E42 
 224      AA3D07
 225 035d 4D309D3A 		.ascii	"M0\235:\200;\350\3536h\341\026h\205\243%\207\006\264"
 225      803BE8EB 
 225      3668E116 
 225      6885A325 
 225      8706B4
 226 0370 57377F9E 		.ascii	"W7\177\236\335\337\316\363k5\002\255Z\244E\015\234\014"
 226      DDDFCEF3 
 226      6B3502AD 
 226      5AA4450D 
 226      9C0C
 227 0382 0CD44521 		.ascii	"\014\324E!u$\032t\316\330\305\333\323\210\200\376\323"
 227      75241A74 
 227      CED8C5DB 
 227      D38880FE 
 227      D3
 228 0393 2D3A9082 		.ascii	"-:\220\202Y\312\255\331j\332\214\210\341\304l\331\241"
 228      59CAADD9 
 228      6ADA8C88 
 228      E1C46CD9 
 228      A1
 229 03a4 A66C6AED 		.ascii	"\246lj\355\331\002\240\365\325is\004\340`\366\224T\301"
 229      D902A0F5 
 229      D5697304 
 229      E060F694 
 229      54C1
 230 03b6 2D757715 		.ascii	"-uw\025\335\336\003_\251\177$\267[\204\024m\374<\245"
 230      DDDE035F 
 230      A97F24B7 
 230      5B84146D 
 230      FC3CA5
 231 03c9 3C450AA6 		.ascii	"<E\012\246)\336\307\024\2331\305\273b\212\214DC\266"
 231      29DEC714 
 231      9B31C5BB 
 231      628A8C44 
 231      43B6
 232 03db 5F2A3D51 		.ascii	"_*=Q\020%g\301\322\271\235\355\263\325\306\327|&l\361"
 232      102567C1 
 232      D2B99DED 
ARM GAS  /tmp/ccb78d9a.s 			page 18


 232      B3D5C6D7 
 232      7C266CF1 
 233 03ef 9A890363 		.ascii	"\232\211\003c\325\373\313\353\256)|\221A\352\204\014"
 233      D5FBCBEB 
 233      AE297C91 
 233      41EA840C 
 234 03ff B871E165 		.ascii	"\270q\341e\247\265\017;\255\323/\337:\245!\333\211\320"
 234      A7B50F3B 
 234      ADD32FDF 
 234      3AA521DB 
 234      89D0
 235 0411 8E5D7545 		.ascii	"\216]uEi\036$\213)\273\313^\327\252\030\320\003\325"
 235      691E248B 
 235      29BBCB5E 
 235      D7AA18D0 
 235      03D5
 236 0423 DFEB8FD7 		.ascii	"\337\353\217\327\251\310^\366\254\254\340x\243\202\034"
 236      A9C85EF6 
 236      ACACE078 
 236      A3821C
 237 0432 644AE1D9 		.ascii	"dJ\341\331\336u@\012\230\322\227Qd%'\331}\366@\3133"
 237      DE75400A 
 237      98D29751 
 237      642527D9 
 237      7DF640CB 
 238 0447 4FE64187 		.ascii	"O\346A\207\352\246\033\373\232=\330!k\247\357\215\241"
 238      EAA61BFB 
 238      9A3DD821 
 238      6BA7EF8D 
 238      A1
 239 0458 038FB628 		.ascii	"\003\217\266(H\251\200\325|(\254\323\202\3261\246\323"
 239      48A980D5 
 239      7C28ACD3 
 239      82D631A6 
 239      D3
 240 0469 5548B7E1 		.ascii	"UH\267\341\332~\222\305\333\323\011\\\301Z<\304Z\364"
 240      DA7E92C5 
 240      DBD3095C 
 240      C15A3CC4 
 240      5AF4
 241 047b E1628CAF 		.ascii	"\341b\214\257E\211\330\011\024];SB_vEW\200\263t\014"
 241      4589D809 
 241      145D3B53 
 241      425F7645 
 241      5780B374 
 242 0490 DD28433F 		.ascii	"\335(C?q\217\226;\177.\243\322\351\012owu>\"C\267\271"
 242      718F963B 
 242      7F2EA3D2 
 242      E90A6F77 
 242      753E2243 
 243 04a6 A25B5CD1 		.ascii	"\242[\\\321\367e\350Gn\323\224\201\373e\340\016\367"
 243      F765E847 
 243      6ED39481 
 243      FB65E00E 
 243      F7
 244 04b7 449CBCB1 		.ascii	"D\234\274\261\205?d\253\031\376\001vD\265+\276\322\225"
 244      853F64AB 
ARM GAS  /tmp/ccb78d9a.s 			page 19


 244      19FE0176 
 244      44B52BBE 
 244      D295
 245 04c9 4A95A3FD 		.ascii	"J\225\243\375\250\373V\367\314\231{\347\346\306\276"
 245      A8FB56F7 
 245      CC997BE7 
 245      E6C6BE
 246 04d8 7B8C802E 		.ascii	"{\214\200.\341Y\237\270\271\373\261\363_b\353=Ey\201"
 246      E1599FB8 
 246      B9FBB1F3 
 246      5F62EB3D 
 246      457981
 247 04eb D283D28D 		.ascii	"\322\203\322\215\322\213\362\012e\000\345\031\312\363"
 247      D28BF20A 
 247      6500E519 
 247      CAF3
 248 04f9 F13B63B7 		.ascii	"\361;c\267\217\2603\372\306\357O\221\332\036\031\265"
 248      8FB033FA 
 248      C6EF4F91 
 248      DA1E19B5 
 249 0509 2AF79930 		.ascii	"*\367\2310j\330]\366\372\241\022\0259/t\227b\244\246"
 249      6AD85DF6 
 249      FAA11215 
 249      392F7497 
 249      62A4A6
 250 051c A406DF47 		.ascii	"\244\006\337G\323\3053`\317$z\006\014\242\365k\351\320"
 250      D3C53360 
 250      CF247A06 
 250      0CA2F56B 
 250      E9D0
 251 052e A321DD27 		.ascii	"\243!\335'\005o0\227\377\232\027Ry}\263-\337K\263\326"
 251      056F3097 
 251      FF9A1752 
 251      797DB32D 
 251      DF4BB3D6 
 252 0542 F9AA1322 		.ascii	"\371\252\023\"K;\365-hD\016\210=\363\333\256'\336\244"
 252      4B3BF52D 
 252      68440E88 
 252      3DF3DBAE 
 252      27DEA4
 253 0555 96D1EE3D 		.ascii	"\226\321\356=\234\177\332\0134\272\011La\004\271H\326"
 253      9C7FDA0B 
 253      34BA094C 
 253      6104B948 
 253      D6
 254 0566 8E97B7B6 		.ascii	"\216\227\267\266\254\227\276\274\207\361\301\220\224"
 254      AC97BEBC 
 254      87F1C190 
 254      94
 255 0573 1EE25884 		.ascii	"\036\342X\204\033\243y\325*\3415J\021\227\330k\264\263"
 255      1BA379D5 
 255      2AE1354A 
 255      1197D86B 
 255      B4B3
 256 0585 E35E3999 		.ascii	"\343^9\231\360\243\355\235\360\3216\012\342W[nM\355"
 256      F0A3ED9D 
 256      F0D1360A 
ARM GAS  /tmp/ccb78d9a.s 			page 20


 256      E2575B6E 
 256      4DED
 257 0597 7B825F6D 		.ascii	"{\202_m\373\205\2576\275\364\325\2068(\222B\026\271"
 257      FB85AF36 
 257      BDF4D586 
 257      38289242 
 257      16B9
 258 05a9 7EB5BD07 		.ascii	"~\265\275\007\177\316\333\224\024\031g\212\213\2136"
 258      7FCEDB94 
 258      1419678A 
 258      8B8B36
 259 05b8 9913CC56 		.ascii	"\231\023\314V\217\205\337-\2335?0\220\373J\2577\260"
 259      8F85DF2D 
 259      9B353F30 
 259      90FB4AAF 
 259      37B0
 260 05ca DFFC58F3 		.ascii	"\337\374X\363JsX\204!\321b\210\215\2143$%&[-\206\210"
 260      4A735884 
 260      21D16288 
 260      8D8C3324 
 260      25265B2D 
 261 05e0 A54BE604 		.ascii	"\245K\346\004\031BC\203\015\013\303\027\207\375\034"
 261      19424383 
 261      0D0BC317 
 261      87FD1C
 262 05ef 441F391C 		.ascii	"D\0379\034\351\243\270\217\234N-1\326U\311\211)I\361"
 262      E9A3B88F 
 262      9C4E2D31 
 262      D655C989 
 262      2949F1
 263 0602 89D1316A 		.ascii	"\211\3211j\223)\305\234`\235\023d\262~jH\261$\033\314"
 263      9329C59C 
 263      609D1364 
 263      B27E6A48 
 263      B1241BCC 
 264 0616 09517129 		.ascii	"\011Qq)\3211\206\204\230_\342\314+\015\361\221Q\261"
 264      D1318684 
 264      985FE2CC 
 264      2B0DF191 
 264      51B1
 265 0628 E6841883 		.ascii	"\346\204\030\203):\346\307\310\2248\253\311\272:)\306"
 265      293AE6C7 
 265      C89438AB 
 265      C9BA3A29 
 265      C6
 266 0639 A28FE53C 		.ascii	"\242\217\345<\034f\376\356\314,\253-\006\223\305\032"
 266      1C66FEEE 
 266      CC2CAB2D 
 266      0693C51A 
 267 0649 8D188A35 		.ascii	"\215\030\2125'\322X&\353\377\311 \226\323\230\023)."
 267      27D25826 
 267      EBFFC920 
 267      96D39813 
 267      292E
 268 065b 3ED2F293 		.ascii	">\322\362\223\311\252\374z\2011T\025\0326\377[\243\362"
 268      C9AAFC7A 
 268      81315415 
ARM GAS  /tmp/ccb78d9a.s 			page 21


 268      1A36FF5B 
 268      A3F2
 269 066d 9B08A311 		.ascii	"\233\010\243\021V\300\"UT\\Ld\262\230R\340\027&\253"
 269      56C02255 
 269      545C4C64 
 269      B29852E0 
 269      1726AB
 270 0680 87E38660 		.ascii	"\207\343\206`\316s\377ep\2135\036\363[\225dN\304\330"
 270      CE73FF65 
 270      708B351E 
 270      F35B9564 
 270      4EC4D8
 271 0693 242CD848 		.ascii	"$,\330H\026\007\033U\341\313\302\203\215\223\303\"\302"
 271      16071B55 
 271      E1CBC283 
 271      8D93C322 
 271      C2
 272 06a4 4342828D 		.ascii	"CB\202\215\223\302\226~\037\036bT-\011\013\0161RF\213"
 272      93C2967E 
 272      1F1E6254 
 272      2D090B0E 
 272      3152468B 
 273 06b8 349295C9 		.ascii	"4\222\225\311\252f\204\315\321&\353_\215h\312\303"
 273      AA6684CD 
 273      D126EB5F 
 273      8D68CAC3 
 274              		.text
 275              		.section	.gnu.lto_.symtab.97333ba92cd054a6,"",%progbits
 276 0000 5F70616C 		.ascii	"_pal_lld_init\000"
 276      5F6C6C64 
 276      5F696E69 
 276      7400
 277 000e 00       		.ascii	"\000"
 278 000f 00       		.ascii	"\000"
 279 0010 00       		.ascii	"\000"
 280 0011 00000000 		.ascii	"\000\000\000\000\000\000\000\000"
 280      00000000 
 281 0019 AE000000 		.ascii	"\256\000\000\000"
 282 001d 5F70616C 		.ascii	"_pal_lld_setgroupmode\000"
 282      5F6C6C64 
 282      5F736574 
 282      67726F75 
 282      706D6F64 
 283 0033 00       		.ascii	"\000"
 284 0034 00       		.ascii	"\000"
 285 0035 00       		.ascii	"\000"
 286 0036 00000000 		.ascii	"\000\000\000\000\000\000\000\000"
 286      00000000 
 287 003e FD000000 		.ascii	"\375\000\000\000"
 288              		.text
 289              		.section	.gnu.lto_.opts,"",%progbits
 290 0000 272D666D 		.ascii	"'-fmath-errno' '-fsigned-zeros' '-ftrapping-math' '"
 290      6174682D 
 290      6572726E 
 290      6F272027 
 290      2D667369 
 291 0033 2D666E6F 		.ascii	"-fno-trapv' '-fno-strict-overflow' '-fno-openmp' '-"
ARM GAS  /tmp/ccb78d9a.s 			page 22


 291      2D747261 
 291      70762720 
 291      272D666E 
 291      6F2D7374 
 292 0066 666E6F2D 		.ascii	"fno-openacc' '-mcpu=cortex-m4' '-mthumb' '-mfloat-a"
 292      6F70656E 
 292      61636327 
 292      20272D6D 
 292      6370753D 
 293 0099 62693D68 		.ascii	"bi=hard' '-mfpu=fpv4-sp-d16' '-ggdb' '-Og' '-fomit-"
 293      61726427 
 293      20272D6D 
 293      6670753D 
 293      66707634 
 294 00cc 6672616D 		.ascii	"frame-pointer' '-falign-functions=16' '-ffunction-s"
 294      652D706F 
 294      696E7465 
 294      72272027 
 294      2D66616C 
 295 00ff 65637469 		.ascii	"ections' '-fdata-sections' '-fno-common' '-flto'\000"
 295      6F6E7327 
 295      20272D66 
 295      64617461 
 295      2D736563 
 296              		.text
 297              		.comm	__gnu_lto_v1,1,1
 298              		.comm	__gnu_lto_slim,1,1
 299              		.ident	"GCC: (15:6.3.1+svn253039-1build1) 6.3.1 20170620"
ARM GAS  /tmp/ccb78d9a.s 			page 23


DEFINED SYMBOLS
                            *ABS*:0000000000000000 hal_pal_lld.c
                            *COM*:0000000000000001 __gnu_lto_v1
                            *COM*:0000000000000001 __gnu_lto_slim

NO UNDEFINED SYMBOLS
