ARM GAS  /tmp/ccnWUU8f.s 			page 1


   1              		.cpu cortex-m4
   2              		.eabi_attribute 27, 1
   3              		.eabi_attribute 28, 1
   4              		.eabi_attribute 20, 1
   5              		.eabi_attribute 21, 1
   6              		.eabi_attribute 23, 3
   7              		.eabi_attribute 24, 1
   8              		.eabi_attribute 25, 1
   9              		.eabi_attribute 26, 1
  10              		.eabi_attribute 30, 1
  11              		.eabi_attribute 34, 1
  12              		.eabi_attribute 18, 4
  13              		.file	"hal_st_lld.c"
  14              		.text
  15              	.Ltext0:
  16              		.section	.gnu.lto_.profile.1727df77b30a40ed,"",%progbits
  17 0000 789C6365 		.ascii	"x\234ce`b`a```d\250\326\000\000\001\236\000\260"
  17      60626061 
  17      60606064 
  17      A8D60000 
  17      019E00B0 
  18              		.text
  19              		.section	.gnu.lto_.inline.1727df77b30a40ed,"",%progbits
  20 0000 789C6365 		.ascii	"x\234ce`b\210f@\000&\006\006\221\343\014\214\014L|\367"
  20      60628866 
  20      40002606 
  20      0691E30C 
  20      8C0C4C7C 
  21 0015 0218D816 		.ascii	"\002\030\330\026\3103\201\004\031\271@2\334@\006\204"
  21      C8338104 
  21      19B94032 
  21      DC400684 
  22 0025 898D8048 		.ascii	"\211\215\200H31H(\000I\225\0053\231\340\272\231y\300"
  22      33314828 
  22      00499505 
  22      3399E0BA 
  22      9979C0
  23 0038 C6320000 		.ascii	"\3062\000\000SB\006\030"
  23      53420618 
  24              		.text
  25              		.section	.gnu.lto_.jmpfuncs.1727df77b30a40ed,"",%progbits
  26 0000 789C6365 		.ascii	"x\234ce`b\020d@\000&t6\000\003\035\000\035"
  26      60621064 
  26      40002674 
  26      3600031D 
  26      001D
  27              		.text
  28              		.section	.gnu.lto_.pureconst.1727df77b30a40ed,"",%progbits
  29 0000 789C6365 		.ascii	"x\234ce`b`c`\000\222\273\030\231\244\000\003\275\000"
  29      60626063 
  29      600092BB 
  29      1899A400 
  29      03BD00
  30 0013 E7       		.ascii	"\347"
  31              		.text
  32              		.section	.gnu.lto_VectorB0.1727df77b30a40ed,"",%progbits
  33 0000 789C8555 		.ascii	"x\234\205UmL[e\024~\317}o\277)\340~\031\263,%\221\350"
ARM GAS  /tmp/ccnWUU8f.s 			page 2


  33      6D4C5B65 
  33      147ECF7D 
  33      6FBF29E0 
  33      7E19B32C 
  34 0017 0CE14EC5 		.ascii	"\014\341N\305hbb\242\370\207d\215\206\356?\331:\224"
  34      686262A2 
  34      F887648D 
  34      86EE3FD9 
  34      3A94
  35 0029 46BA2E2D 		.ascii	"F\272.-.\333/.\245\223\014Q\374\243\264\223\365\022"
  35      2EDB2F2E 
  35      A5930C51 
  35      FCA3B493 
  35      F512
  36 003b 51C736F9 		.ascii	"Q\3076\371\324\251\224\257\012\233\223M\230\303m\316"
  36      D4A994AF 
  36      0A9B934D 
  36      98C36DCE 
  37 004b E1C7DC9C 		.ascii	"\341\307\334\234\021\206\311\0242ts\324s\336^j)\035"
  37      1186C914 
  37      327473D4 
  37      73DE5E6A 
  37      291D
  38 005d 34D072DF 		.ascii	"4\320r\337\347\234\363<\347\274O\017\006&\261KF\306"
  38      E79CF33C 
  38      E7BC4F0F 
  38      0626B14B 
  38      46C6
  39 006f 1E01C64A 		.ascii	"\036\001\306J\030c`` \2755\311X\235Y\222xl\023S\255"
  39      18636060 
  39      20BD35C9 
  39      589D5992 
  39      786C1353 
  40 0084 F24585A9 		.ascii	"\362E\205\2519\034\344\344\261\014@\177\250f`\265\022"
  40      391CE4E4 
  40      B10C407F 
  40      A86660B5 
  40      12
  41 0095 97A1169A 		.ascii	"\227\241\026\232y\013\207\321\206\337\372\245\315\207"
  41      790B87D1 
  41      86DFFAA5 
  41      CD87
  42 00a3 557CC55B 		.ascii	"U|\305[n\347\325\251\373\357\3278c\021\374\245\027\034"
  42      6EE7D5A9 
  42      FBEFD738 
  42      6311FCA5 
  42      171C
  43 00b5 86CD0CC3 		.ascii	"\206\315\014\303\256\366.\275m7\312\355\313\020t\200"
  43      AEF62EBD 
  43      6D37CAED 
  43      CB107480 
  44 00c5 11A9010F 		.ascii	"\021\251\001\017\272\247 \256.%\032\324\370B;\014\224"
  44      BAA720AE 
  44      2E251AD4 
  44      F8423B0C 
  44      94
  45 00d6 E71B98C6 		.ascii	"\347\033\230\306\301Ho\2145b,\261\276\316%\372\3447"
ARM GAS  /tmp/ccnWUU8f.s 			page 3


  45      C1486F8C 
  45      35622CB1 
  45      BECE25FA 
  45      E437
  46 00e8 20D49640 		.ascii	" \324\226@\004\263\251j\177\377\334\264\251\366\256"
  46      04B3A96A 
  46      7FFFDCB4 
  46      A9F6AE
  47 00f7 6AD6B814 		.ascii	"j\326\270\024\241x8\002\265\004\274\263\177\364\254"
  47      A1783802 
  47      B504BCB3 
  47      7FF4AC
  48 0106 E94DAE71 		.ascii	"\351M\256q<\304\307\372\333#\363\271\030\207\3228I\240"
  48      3CC4C7FA 
  48      DB23F3B9 
  48      1887D238 
  48      49A0
  49 0118 B3F183C7 		.ascii	"\263\361\203\307^\321\340P]\276\206\315\034\303v\216"
  49      5ED1E050 
  49      5DBE86CD 
  49      1CC3768E 
  50 0128 C2460124 		.ascii	"\302F\001$f\373\272,\030\034VU\007\025\370\0104\020"
  50      66FBBA2C 
  50      181C5655 
  50      0715F808 
  50      3410
  51 013a 84D009B5 		.ascii	"\204\320\011\265\0327\260\033P\357\310\242\300\030A"
  51      1A37B01B 
  51      50EFC8A2 
  51      C01841
  52 0149 910CBA50 		.ascii	"\221\014\272P\201\306Ml\006Fc3M\007l\024y\210\033\322"
  52      81C64D6C 
  52      06466333 
  52      4D076C14 
  52      79881BD2 
  53 015d 459985A8 		.ascii	"E\231\205\250\311\316\305\233\326\344#MO\306\243\366"
  53      C9CEC59B 
  53      D6E4234D 
  53      4FC6A3F6 
  54 016d AE5BA7CC 		.ascii	"\256[\247\314$J\025\334\026\350\201\215\320\255\353"
  54      244A15DC 
  54      16E8818D 
  54      D0ADEB
  55 017c 3A3AB130 		.ascii	"::\2610oR:\325P\035aV\350E]a1f\350\003\005\371\352\377"
  55      6F523AD5 
  55      501D6156 
  55      E8455D61 
  55      3166E803 
  56 0194 7D2D624A 		.ascii	"}-bJ\322\351\214'\023\213\361<\242\000\220\340c\254"
  56      D2E98C27 
  56      138BF13C 
  56      A20090E0 
  56      63AC
  57 01a6 F32B84A6 		.ascii	"\363+\204\246\307J\364\030\014\350\236\353\377\307\236"
  57      C74AF418 
  57      0CE89EEB 
  57      FFC79E
ARM GAS  /tmp/ccnWUU8f.s 			page 4


  58 01b5 0C60F009 		.ascii	"\014`\360\011\0211\0326g\261M\034\033X\370\375\215q"
  58      11311A36 
  58      67B14D1C 
  58      1B58F8FD 
  58      8D71
  59 01c7 D14086B6 		.ascii	"\321@\206\266\266\017\201\255'\357\370\377\362>\005"
  59      B60F81AD 
  59      27EFF8FF 
  59      F23E05
  60 01d6 25BD7D2B 		.ascii	"%\275}+r}\206Y\327A\242\304s\241\236VN\3476\240\031"
  60      727D8659 
  60      D741A2C4 
  60      73A19E56 
  60      4EE736A0 
  61 01eb FC3971F0 		.ascii	"\3749q\360Z.=\346\200\003\037?8=5b\343\317\210\211-"
  61      5A2E3DE6 
  61      80031F3F 
  61      383D3562 
  61      E3CF8889 
  62 0200 847B3B2C 		.ascii	"\204{;,\205\355\252\032T\343\213\341\207\337\255?\323"
  62      85EDAA1A 
  62      54E38BE1 
  62      87DFAD3F 
  62      D3
  63 0211 A4B605F1 		.ascii	"\244\266\005\361\002\355\020\003\216\276\202~\024\364"
  63      02ED1003 
  63      8EBE827E 
  63      14F4
  64 021f B9DE060C 		.ascii	"\271\336\006\014@!&5\314\250C2\325\263\203\003\006\021"
  64      40212635 
  64      CCA84332 
  64      D5B38303 
  64      0611
  65 0231 9B85E0D5 		.ascii	"\233\205\340\325\371\346\330\317\220\262e(\351\336\350"
  65      F9E6D8CF 
  65      90B26528 
  65      E9DEE8
  66 0240 0683F065 		.ascii	"\006\203\360e\004\373\317\300\022\335%\215n\006C\004"
  66      04FBCFC0 
  66      12DD258D 
  66      6E064304 
  67 0250 CA697E66 		.ascii	"\312i~f0\214>\310\214\2763X\344a0B\301\206Ll>\\\324"
  67      308C3EC8 
  67      8CBE3358 
  67      E4613042 
  67      C1864C6C 
  68 0267 8142E304 		.ascii	"\201B\343\004\0323\301\251VN\252\031|A\260i\005\321"
  68      1A33C1A9 
  68      564EAA19 
  68      7C41B069 
  68      05D1
  69 0279 2811C118 		.ascii	"(\021\301\030}m\2005K\010\275\247\365\375m-h\22345\214"
  69      7D6D8035 
  69      4B08BDA7 
  69      F5FD6D2D 
  69      68933435 
  70 028e 13CFA5E8 		.ascii	"\023\317\245\350\316k\003\252Y&\033\236\200\002\241"
ARM GAS  /tmp/ccnWUU8f.s 			page 5


  70      CE6B03AA 
  70      59261B9E 
  70      8002A1
  71 029d EBE6DCF9 		.ascii	"\353\346\334\371i\011O\340$\310\242}\006_\2129w\014"
  71      69094FE0 
  71      24C8A27D 
  71      065F8A39 
  71      770C
  72 02af 8F5DCF29 		.ascii	"\217]\317)h\327\263\363(\366\257\256\276\0136\221}\212"
  72      68D7B3F3 
  72      28F6AFAE 
  72      BE0B3691 
  72      7D8A
  73 02c1 B2E12B90 		.ascii	"\262\341+\220\361\222\202\0161JF\276\2772\024\215=@"
  73      F192820E 
  73      314A46BE 
  73      BF32148D 
  73      3D40
  74 02d3 9DADF6BE 		.ascii	"\235\255\366\276Y\214\002\306u\373S\360\335\226[/e\016"
  74      598C02C6 
  74      75FB53F0 
  74      DD965B2F 
  74      650E
  75 02e5 B9273564 		.ascii	"\271'5d\313\212\366N\213\366\316d\253l\025 |\235Vy$"
  75      CB8AF64E 
  75      8BF6CE64 
  75      AB6C1520 
  75      7C9D5679 
  76 02fa BA7479D5 		.ascii	"\272ty\325\375\365\245J\333V\337\237\243\011\357o\202"
  76      FDF5A54A 
  76      DB56DF9F 
  76      A309EF6F 
  76      82
  77 030b C09C15BC 		.ascii	"\300\234\025\274\223\202\367l6^\273\000\341\033\235"
  77      9382F76C 
  77      365EBB00 
  77      E11B9D
  78 031a 57B76B86 		.ascii	"W\267k\206\011\243\353\230\360\2340a\312\373v\274\275"
  78      09A3EB98 
  78      F09C3061 
  78      CAFB76BC 
  78      BD
  79 032b A9354C78 		.ascii	"\2515Lxg\360\301j!'\222\274\320\225\326y\352\010\226"
  79      67F0C16A 
  79      212792BC 
  79      D095D679 
  79      EA0896
  80 033e FF96C0BC 		.ascii	"\377\226\300\274Lp6\312\211\213\301\371\325\326\271"
  80      4C7036CA 
  80      898BC1F9 
  80      D5D6B9
  81 034d 207ABC98 		.ascii	" z\274\230f\235%\355\227a\333\262+\246\204+\276\023"
  81      669D25ED 
  81      9761DBB2 
  81      2BA6842B 
  81      BE13
  82 035f AEC8B4C0 		.ascii	"\256\310\264\300\245\224\005\250\270X\016\262\276\211"
ARM GAS  /tmp/ccnWUU8f.s 			page 6


  82      A59405A8 
  82      B8580EB2 
  82      BE89
  83 036d EBAF1C68 		.ascii	"\353\257\034h\265d\337\203\371\230\371}\352\272B\331"
  83      B564DF83 
  83      F998F97D 
  83      EABA42D9 
  84 037d B625EEEB 		.ascii	"\266%\356\353\3730\352rr_\257\273\240\247\327X\320?"
  84      FB30EA72 
  84      725FAFBB 
  84      A0A7D758 
  84      D03F
  85 038f A416F48F 		.ascii	"\244\026\364\217\353-\350\015H\371\223.\354\017\010"
  85      EB2DE80D 
  85      48F9932E 
  85      EC0F08
  86 039e B62DBE9F 		.ascii	"\266-\276\237\314\244W#\376\257\300\316\260\367\247"
  86      CCA45723 
  86      FEAFC0CE 
  86      B0F7A7
  87 03ad 8B8B95E4 		.ascii	"\213\213\225\344Oi\225g\207\347\005\227\342\013(U\333"
  87      4F699567 
  87      87E70597 
  87      E20B2855 
  87      DB
  88 03be AB95DD3E 		.ascii	"\253\225\335>\177M@qms>\376\230\262u\353\363\312\266"
  88      7F4D4071 
  88      6D733EFE 
  88      98B275EB 
  88      F3CAB6
  89 03d1 32E79E47 		.ascii	"2\347\236G\011\251\010\324TTW\357,v3\323\216\355\201"
  89      09A908D4 
  89      545457EF 
  89      2C7633D3 
  89      8EED81
  90 03e4 CA17FD9E 		.ascii	"\312\027\375\236'\262\325p\373\274^\337.\275\314\263"
  90      27B2D570 
  90      FBBC5EDF 
  90      2EBDCCB3 
  91 03f4 E5CE52E7 		.ascii	"\345\316R\347^\305]\345\366\371++\366<\351-\256b\317"
  91      5EC55DE5 
  91      F6F92B2B 
  91      F63CE92D 
  91      AE62CF
  92 0407 AD9155B9 		.ascii	"\255\221U\271\267\206r\224R\247\253\314\245\224b\222"
  92      B7867294 
  92      52A7ABCC 
  92      A5946292 
  93 0417 52B6CB5D 		.ascii	"R\266\313]\375\352\316J\305\355\015x\002\025/\273\335"
  93      FDEACE4A 
  93      C5ED0D78 
  93      02152FBB 
  93      DD
  94 0428 58E2A17B 		.ascii	"X\342\241{\211\367\005\360\315_#>\357\025\207\260g\271"
  94      89F705F0 
  94      CD5F233E 
  94      EF1587B0 
ARM GAS  /tmp/ccnWUU8f.s 			page 7


  94      67B9
  95 043a 6655605F 		.ascii	"fU`_\000\343\362\235\256r\0075\265\333\357)r\024na\222"
  95      00E3F29D 
  95      AE720735 
  95      B5DBEF29 
  95      72146E61 
  96 044f 9F99BC95 		.ascii	"\237\231\274\225^\237\177\037\373\017\304\202\233\372"
  96      5E9F7F1F 
  96      FB0FC482 
  96      9BFA
  97              		.text
  98              		.section	.gnu.lto_st_lld_init.1727df77b30a40ed,"",%progbits
  99 0000 789CA595 		.ascii	"x\234\245\225ML\023A\024\200\347\355\264\333\355\212"
  99      4D4C1341 
  99      1480E7ED 
  99      B4DBED8A 
 100 0010 98989898 		.ascii	"\230\230\230\230\330\203W<\260A\217\306\223^L \036\340"
 100      D883573C 
 100      B0418FC6 
 100      935E4C20 
 100      1EE0
 101 0022 4EFC3940 		.ascii	"N\3749@B\202\021\342\321.\002E1\001\022c\221C\263MH"
 101      428211E2 
 101      D12E0245 
 101      31011263 
 101      9143B34D 
 102 0037 44507E8A 		.ascii	"DP~\212\200\264\242\224\012\"\010-\242(\212\1771\221"
 102      80B4A294 
 102      0A22082D 
 102      A2288A7F 
 102      3191
 103 0049 50D18400 		.ascii	"P\321\204\000Q#\201\372\336li\033\274\330:\351\316v"
 103      512381FA 
 103      DE6C691B 
 103      BCD83AE9 
 103      CE76
 104 005b 67A6DFF7 		.ascii	"g\246\337\367\346\355\276\256\225I\254If\354\030c\354"
 104      E6EDBEAE 
 104      9549AC49 
 104      66EC1863 
 104      EC
 105 006c 001EC019 		.ascii	"\000\036\300\031HMa\306\252\024\011\200\276\350\012"
 105      484D61C6 
 105      AA140980 
 105      BEE80A
 106 007b 30A7044E 		.ascii	"0\247\004Nh\344\315\034Bu\213~)\247M\307\026l^\335\353"
 106      68E4CD1C 
 106      42758B7E 
 106      29A74DC7 
 106      166C5EDD 
 107 0090 D26BF71B 		.ascii	"\322k\367\033\234\261\026<\250A\033\3440\\\366\331\267"
 107      9CB1163C 
 107      A8411BE4 
 107      305CF6D9 
 107      B7
 108 00a1 7563B76C 		.ascii	"uc\267l1\307\3416\310\200\347\356Y\010\352[\261:=8\332"
 108      31C7E136 
ARM GAS  /tmp/ccnWUU8f.s 			page 8


 108      C880E7EE 
 108      5908EA5B 
 108      B13A3D38 
 109 00b6 0A9B85FB 		.ascii	"\012\233\205\373$fp\364ag\245N\246N\241\316N\235J\035"
 109      246670F4 
 109      6167A54E 
 109      A64EA1CE 
 109      4E9D4A1D 
 110 00ca 63F548A0 		.ascii	"c\365H\2400\256q\211\316<\012\241@t\270\224\230\036"
 110      30AE7189 
 110      CE3C0AA1 
 110      4074B894 
 110      981E
 111 00dc 2EA1CA5D 		.ascii	".\241\312]\033\212\330\032\270\301% s\215gl\321n^\352"
 111      1B8AD81A 
 111      B8C12520 
 111      738D676C 
 111      D16E5EEA 
 112 00f0 2B57740B 		.ascii	"+Wt\013\016-\177\334\360[\015\360Ta\320\007\015\316"
 112      0E2D7FDC 
 112      F05B0DF0 
 112      5461D007 
 112      0DCE
 113 0102 A1031CD0 		.ascii	"\241\003\034\320\016\016F\353W\3353\237\262\264N\275"
 113      0E0E46EB 
 113      57DD339F 
 113      B2B44EBD 
 114 0112 060C6E81 		.ascii	"\006\014n\201;`\300M\261\027\270\013\032\213B\365/\027"
 114      3B60C04D 
 114      B117B80B 
 114      1A8B42F5 
 114      2F17
 115 0124 982E6EEA 		.ascii	"\230.n\352\372F\307]\012\361\001['B0 \267\235\226\244"
 115      FA46C75D 
 115      0AF1015B 
 115      27423020 
 115      B79D96A4 
 116 0138 67EA4A9A 		.ascii	"g\352J\232\272AC<\201\002v\323eM\217\325#X\224b\360"
 116      BA41433C 
 116      810276D3 
 116      654D8FD5 
 116      23589462 
 117 014d ED889A60 		.ascii	"\355\210\232`\377\023fo\022}\217\302\224S\303T\376\231"
 117      FF13666F 
 117      127D8FC2 
 117      9453C354 
 117      FE99
 118 015f 55457316 		.ascii	"UEs\026\350K\322\372E\240\241@\373d\034fO\275\227Vq"
 118      E84BD2FA 
 118      45A0A140 
 118      FB641C66 
 118      4FBD9756 
 119 0174 2FEBAB47 		.ascii	"/\353\253Gz\025\363R\0176\351\33184\363a\360\225\232"
 119      7A15F352 
 119      0F36E9D9 
 119      3834F361 
 119      F0959A
ARM GAS  /tmp/ccnWUU8f.s 			page 9


 120 0187 D4C9701F 		.ascii	"\324\311p\037u\003q\335\300\332jc2\364A!\223H\346\337"
 120      750371DD 
 120      C0DA6A63 
 120      32F44121 
 120      9348E6DF 
 121 019b 91151575 		.ascii	"\221\025\025u\177e%\015t \211~@YQ\011\264\2764}5;\316"
 121      7F65250D 
 121      7420897E 
 121      40595109 
 121      B4BE347D 
 122 01b2 4A6CC426 		.ascii	"Jl\304&6\022\356\374\271\242\232\227T9\364P\266v\375"
 122      3612EEFC 
 122      B9A29A97 
 122      5439F450 
 122      B676FD
 123 01c5 1857E236 		.ascii	"\030W\3426\357%|\326\025x\210\276\241\270\257cz}\315"
 123      EF257CD6 
 123      157888BE 
 123      A1B8AF63 
 123      7A7DCD
 124 01d8 9692B947 		.ascii	"\226\222\271G\302(\252i\0304\\\3605\034\365\210\334"
 124      C228AA69 
 124      18345CF0 
 124      351CF588 
 124      DC
 125 01e9 582032C2 		.ascii	"X 2\302 hnf})\234\210!M\303\2100X\310\020\022\206\345"
 125      20686E66 
 125      7D299C88 
 125      214DC388 
 125      3058C810 
 126 0200 A19E79AB 		.ascii	"\241\236y\253i\210a\333\003\217\267\035\221L\035\243"
 126      698861DB 
 126      038FB71D 
 126      914C1DA3 
 127 0210 C26125C7 		.ascii	"\302a%\307\230p$\362d\001\006O\266\371\363\231\361\355"
 127      987024F2 
 127      6401064F 
 127      B6F9F399 
 127      F1ED
 128 0222 302EF8F8 		.ascii	"0.\370\370wF\2231\267\357\275\234\327M\223\336^q\333"
 128      77469331 
 128      B7EFBD9C 
 128      D74D93DE 
 128      5E71DB
 129 0235 9E820687 		.ascii	"\236\202\006\207\034\242\346& /\351{\223\351~&\205\317"
 129      1CA2E626 
 129      202FE97B 
 129      93E97E26 
 129      85CF
 130 0247 46C067C8 		.ascii	"F\300g\310N\000\337f\012\234\022@\205\200\323\251\300"
 130      4E00DF66 
 130      0A9C1240 
 130      8580D3A9 
 130      C0
 131 0258 854C8161 		.ascii	"\205L\201a\001\264\0230\"2\336_7\345S\315\214\003\314"
 131      01B41330 
 131      2232DE5F 
ARM GAS  /tmp/ccnWUU8f.s 			page 10


 131      37E553CD 
 131      8C03CC
 132 026b 6CF3DF65 		.ascii	"l\363\337e\312\177.\370*\361g1`\002.C\2557v\213\023"
 132      CA7F2EF8 
 132      2AF16731 
 132      60022E43 
 132      AD37768B 
 133 0280 8F7EE1F7 		.ascii	"\217~\341\367\177[\26097u\305\340j\013\325>\274\000"
 133      7F5BB039 
 133      3775C5E0 
 133      6A0BD53E 
 133      BC00
 134 0292 274D7C99 		.ascii	"'M|\231\270\356\312\242Hv!\377%8\250\340\177\277nP\314"
 134      B8EECAA2 
 134      487621FF 
 134      2538A8E0 
 134      7FBF6E50 
 135 02a7 2105E6C0 		.ascii	"!\005\346\300a\360,\366\035.{7\332D\341\212WL=2\360"
 135      61F02CF6 
 135      1D2E7B37 
 135      DA44E18A 
 135      574C3D32 
 136 02bc 4580C577 		.ascii	"E\200\305w47W3?\307KJ\317\224\236*\324\312+\264\222"
 136      34375733 
 136      3FC74B4A 
 136      CF949E2A 
 136      D4CA2BB4 
 137 02d1 D365DAF9 		.ascii	"\323e\332\371\362\013\225\025ZaQ\301\221\303Z~\376\011"
 137      F20B9515 
 137      5A6151C1 
 137      91C35A7E 
 137      FE09
 138 02e3 ADE864C1 		.ascii	"\255\350d\301\305<\232)\256\250,.+;\227{\226\375\001"
 138      C53C9A29 
 138      AEA82C2E 
 138      2B3B977B 
 138      96FD01
 139 02f6 41553681 		.ascii	"AU6\201"
 140              		.text
 141              		.section	.gnu.lto_.symbol_nodes.1727df77b30a40ed,"",%progbits
 142 0000 789C55C9 		.ascii	"x\234U\311\271\015\302@\024E\3217\357{\274\221\320\001"
 142      B90DC240 
 142      1445D137 
 142      EF7BBC91 
 142      D001
 143 0012 12954065 		.ascii	"\022\225@e\177\002GD\024\341*\210Gf7[\003\004\016\251"
 143      7F024744 
 143      14E12A88 
 143      4766375B 
 143      03040EA9 
 144 0026 01614FC4 		.ascii	"\001aO\304\217\256t\256\0071w\000x\240\002\333\036\030"
 144      8FAE74AE 
 144      07317700 
 144      78A002DB 
 144      1E18
 145 0038 B30B6BC0 		.ascii	"\263\013k\300\237\211\260\004\204G\2523\313\335\250"
 145      9F89B004 
ARM GAS  /tmp/ccnWUU8f.s 			page 11


 145      8447AA33 
 145      CBDDA8
 146 0047 4C0284B0 		.ascii	"L\002\204\260\032\241\247\212\201+53\360\244z\003\017"
 146      1AA1A78A 
 146      812B3533 
 146      F0A47A03 
 146      0F
 147 0058 6A6EE04E 		.ascii	"jn\340N-\014\\\250\245\201\023\2652\360\242\326\377"
 147      2D0C5CA8 
 147      A58113B5 
 147      32F0A2D6 
 147      FF
 148 0069 20A8D1BE 		.ascii	" \250\321\276\277NP!\246\226\210]\227\013\012\014\251"
 148      BF4E5021 
 148      A696885D 
 148      970B0A0C 
 148      A9
 149 007a 399AFD54 		.ascii	"9\232\375T\217f\363Y\0102\264\251\2028\2253\014c\361"
 149      8F66F359 
 149      0832B4A9 
 149      82389533 
 149      0C63F1
 150 008d 03ABB043 		.ascii	"\003\253\260C\375"
 150      FD
 151              		.text
 152              		.section	.gnu.lto_.refs.1727df77b30a40ed,"",%progbits
 153 0000 789C6365 		.ascii	"x\234ce`b\340d`\000\222L\214\214L\214\202\014\000\001"
 153      6062E064 
 153      6000924C 
 153      8C8C4C8C 
 153      820C0001 
 154 0014 51002B   		.ascii	"Q\000+"
 155              		.text
 156              		.section	.gnu.lto_.decls.1727df77b30a40ed,"",%progbits
 157 0000 789CCD59 		.ascii	"x\234\315YiPUI\226~y\363\001\217U\003\235\036c\332\037"
 157      69505549 
 157      967E79F3 
 157      018F5503 
 157      9D1E63DA 
 158 0015 56353DD2 		.ascii	"V5=\3221\335\262h\327\324\314tL\253\017\024\242\265"
 158      31DDB268 
 158      D7D4CC74 
 158      4CAB0F14 
 158      A2B5
 159 0027 CA785815 		.ascii	"\312xX\025\023\0355\361\002\361Y\022\203P\003Xm\375"
 159      131D35F1 
 159      02F15912 
 159      83500358 
 159      6DFD
 160 0039 99BE6C0A 		.ascii	"\231\276l\012\210\273Rl\"\312.\250\200+\242\202\200"
 160      88BB526C 
 160      22CA2EA8 
 160      802BA282 
 160      80
 161 004a 6C8285A0 		.ascii	"l\202\205\240\202l\002\342\256\310\"\202\270\315\311"
 161      826C02E2 
 161      AEC82282 
ARM GAS  /tmp/ccnWUU8f.s 			page 12


 161      B8CDC9
 162 0059 CC7BDFCD 		.ascii	"\314{\337\315wyZ3?&b^y\270\367d~\347\273'\3179\2317"
 162      77795A33 
 162      3F26625E 
 162      79B8F764 
 162      7EE7BB27 
 163 0071 F3968D46 		.ascii	"\363\226\215F\320D\177\242\321\334\260\321hv#\215\346"
 163      D0447FA2 
 163      D1DCB0D1 
 163      6876238D 
 163      E6
 164 0082 3DFCB046 		.ascii	"=\374\260F\2439\246Q~\216 \307AJ@\312@*A.\203\324\200"
 164      A339A651 
 164      7E8E20C7 
 164      414A40CA 
 164      402A412E 
 165 0099 5C01A907 		.ascii	"\\\001\251\007i\004\271\012\322\011\0024\232A\215\345"
 165      6904B90A 
 165      D2090234 
 165      9A418DE5 
 166 00a9 EFDFA171 		.ascii	"\357\337\241q6\\\277\006Y\010r\027d\010\244\017\344"
 166      365CBF06 
 166      59087217 
 166      6408A40F 
 166      E4
 167 00ba 12C83DE9 		.ascii	"\022\310=\351\231\356\200[\010\362\030\356]A\346\202"
 167      99EE805B 
 167      08F218EE 
 167      5D41E682 
 168 00ca B483FC06 		.ascii	"\264\203\374\006\332\026!\306\3757\360g\216\344\323"
 168      DA1621C6 
 168      FD37F067 
 168      8EE4D3
 169 00d9 55E9D99E 		.ascii	"U\351\331\236\320\346\015\262\004\3443\220? \346\327"
 169      D0E60DB2 
 169      04E43390 
 169      3F20E6D7 
 170 00e9 BF22E6E3 		.ascii	"\277\"\346\343R\270.G\314g\037\270\256@l\014\225\322"
 170      52B82E47 
 170      CC671FB8 
 170      AE406C0C 
 170      95D2
 171 00fb 98ACF91C 		.ascii	"\230\254\371\034\010\215\316\234\317\251\240\247H\276"
 171      088DCE9C 
 171      CFA9A0A7 
 171      48BE
 172 0109 E5C13517 		.ascii	"\345\3015\027)\376NA[>b\276vH1\213\003}'H&\310\002\220"
 172      29FE4E41 
 172      5B3E62BE 
 172      7648318B 
 172      037D2748 
 173 0121 4F40FE16 		.ascii	"O@\376\026\304\015d\036\031\003\310\257@\346\202\010"
 173      C40D641E 
 173      1903C8AF 
 173      40E68208 
 174 0131 527C3B35 		.ascii	"R|;53\177?b\3242p\377\227}\250\007!\015B\263\021\222"
 174      337F3F62 
ARM GAS  /tmp/ccnWUU8f.s 			page 13


 174      D43270FF 
 174      977DA807 
 174      210D42B3 
 175 0147 0241FC46 		.ascii	"\002A\374F\354\016I\271\243?\304t\370+h\244\26118\222"
 175      EC0E49B9 
 175      A33FC474 
 175      F82B68A4 
 175      B1313892 
 176 015b 2911FD0F 		.ascii	")\021\375\017\376\011\210\201\005\2155\020\317\250<"
 176      FE098881 
 176      058D3510 
 176      CFA83C
 177 016a 51FEC96D 		.ascii	"Q\376\311m\310\222\222\260!\256\2017\340\010\245Q0\004"
 177      C89292B0 
 177      21AE8137 
 177      E008A551 
 177      3004
 178 017c E7A33C1A 		.ascii	"\347\243<\032\015\226\007\3774i\374\220\366\016\352"
 178      0D9607FF 
 178      3469FC90 
 178      F60EEA
 179 018b 45C85193 		.ascii	"E\310Q\223E\022\011m\317\236?\315w\301\360\034\270\277"
 179      4512096D 
 179      CF9E3FCD 
 179      77C1F01C 
 179      B8BF
 180 019d F3AA60C5 		.ascii	"\363\252`\305\242b\221\375t\277T\242v\345\375d\325\254"
 180      A26291FD 
 180      74BF54A2 
 180      76E5FD64 
 180      D5AC
 181 01af 9D18B93A 		.ascii	"\235\030\271: \001\324\266\221\346\203\216\240\316u"
 181      2001D4B6 
 181      91E6838E 
 181      A0CE75
 182 01be 40B3419D 		.ascii	"@\263A\235\212\272y\331a^2\265\212\021g\013\350\353"
 182      8ABA79D9 
 182      615E32B5 
 182      8A11670B 
 182      E8EB
 183 01d0 5FA06234 		.ascii	"_\240b4\037\025\241\371\340\30114\017\376\256\3232\246"
 183      1F15A1F9 
 183      E0C13134 
 183      0FFEAED3 
 183      32A6
 184 01e2 A1FA57D1 		.ascii	"\241\372W\321\263>\315\022\263\372\305\252\007G\376"
 184      B33ECD12 
 184      B3FAC5AA 
 184      0747FE
 185 01f1 B8AF4C14 		.ascii	"\270\257L\024\343\300LK`\250\020at\024-\"~\303-\374"
 185      E3C04C4B 
 185      60A81061 
 185      74142D22 
 185      7EC32DFC 
 186 0205 2D407710 		.ascii	"-@w\020\312G}0\254\343\350S0\037Mz\2365\013\257\241"
 186      CA477D30 
 186      ACE3E853 
ARM GAS  /tmp/ccnWUU8f.s 			page 14


 186      301F4D7A 
 186      9E350BAF 
 187 021a DE46358D 		.ascii	"\336F5\215\237\261\223\250\256]uJ\025\253\242\201I\240"
 187      9FB193A8 
 187      AE5D754A 
 187      15ABA281 
 187      49A0
 188 022c 4C2714A6 		.ascii	"L'\024\246\023j\246\022\312tgd\274\336\021\177C\231"
 188      136AA612 
 188      CA746764 
 188      BCDE117F 
 188      4399
 189 023e F6E5776D 		.ascii	"\366\345wm\023\200\251_\024\253\336\037t\177W2$\306"
 189      1380A95F 
 189      14ABDE1F 
 189      747F5732 
 189      24C6
 190 0250 3B50CF51 		.ascii	";P\317Q\251BT\212X Q\031%\2509\262}\010\341\\D\031\256"
 190      A942548A 
 190      58205119 
 190      25A839B2 
 190      7D08E15C 
 191 0267 C7966460 		.ascii	"\307\226d`\026 -q\263%\355\256\013\013\320\002PoN]\234"
 191      16202D71 
 191      B325EDAE 
 191      0B0BD002 
 191      506F4E5D 
 192 027c 76C26728 		.ascii	"v\302g(T\333\237=\366\304\026\271\317G\310\001$O\216"
 192      54DB9F3D 
 192      F6C416B9 
 192      CF47C801 
 192      244F8E
 193 028f B6069523 		.ascii	"\266\006\225#\007tFz\006\374\322\304xQ\034\371+i\326"
 193      0774467A 
 193      06FCD2C4 
 193      78511CF9 
 193      2B69D6
 194 02a2 C05DB438 		.ascii	"\300]\2648rD\304\3634h\361|\3449_\203\316\"w\332\245"
 194      7244C4F3 
 194      3468F17C 
 194      E4395F83 
 194      CE2277DA 
 195 02b7 41E721D4 		.ascii	"A\347!\324\347 \324i\242\216\266\300\003w\267\034N\267"
 195      E720D469 
 195      A28EB6C0 
 195      0377B71C 
 195      4EB7
 196 02c9 7790ACE2 		.ascii	"w\220\254\342?j\005\350\221\361\236\033\202S\"A\357"
 196      3F6A05E8 
 196      91F19E1B 
 196      82532241 
 196      EF
 197 02da 8E11EDFD 		.ascii	"\216\021\355\375P\005xr\032\372O\321\004^@NR\031\014"
 197      50057872 
 197      1AFA4FD1 
 197      045E404E 
 197      52190C
ARM GAS  /tmp/ccnWUU8f.s 			page 15


 198 02ed 67B46E75 		.ascii	"g\264nu\320\012\254\215\244\024\332\266\326\366\037"
 198      D00AAC8D 
 198      A414DAB6 
 198      D6F61F
 199 02fc B2FF60F2 		.ascii	"\262\377`\362/\321\344_DR\366\2176$e\332H\201\356>\261"
 199      2FD1E45F 
 199      4452F68F 
 199      362465DA 
 199      4881EE3E 
 200 0311 E4629918 		.ascii	"\344b\231\030kC0\350\244\022\346\223r\230+i\230o\355"
 200      6B4330E8 
 200      A412E693 
 200      72982B69 
 200      986FED
 201 0324 7A366A83 		.ascii	"z6j\203\357\2610\357\027\307\343\264\222}{\345o\213"
 201      EFB130EF 
 201      17C7E3B4 
 201      927D7BE5 
 201      6F8B
 202 0336 A83D4953 		.ascii	"\250=IS\225b_%\333_\246\366\003\0231\267\355p\016+\360"
 202      95625F25 
 202      DB5FA6F6 
 202      031331B7 
 202      ED700E2B 
 203 034b A3F5B50D 		.ascii	"\243\365\265\015\216\222}\323?\244\212\325\254Z\252"
 203      8E927DD3 
 203      3FA48AD5 
 203      AC5AAA
 204 035a 15EB6AD9 		.ascii	"\025\353j\331\272\206Z'\234\255\331\201q%\263\036\257"
 204      BA865A27 
 204      9CADD981 
 204      7125B31E 
 204      AF
 205 036b 7F1DA793 		.ascii	"\177\035\247\223\237\336\365\207\253\346\247\327*\366"
 205      9FDEF587 
 205      ABE6A7D7 
 205      2AF6
 206 0379 B5B2FD15 		.ascii	"\265\262\375\025j\337{2\363\225-\236f\366\323\273:2"
 206      6ADF7B32 
 206      F3952D9E 
 206      66F6D3BB 
 206      3A32
 207 038b ECCCDE2F 		.ascii	"\354\314\336/P\274\257S\354\353d\373zj\237]\363r\302"
 207      50BCAF53 
 207      ECEB64FB 
 207      7A6A9F5D 
 207      F372C2
 208 039e 09EFC3D4 		.ascii	"\011\357\303\324~\270p\274Y\216^\233\342}\203b\335 "
 208      7EB870BC 
 208      598E5E9B 
 208      E27D8362 
 208      DD20
 209 03b0 5B3752EB 		.ascii	"[7R\353{%=W\004\\\300\254K\307s[\225\330{*\261oR\354"
 209      7B253D57 
 209      045CC0AC 
 209      4BC7735B 
 209      95D87B2A 
ARM GAS  /tmp/ccnWUU8f.s 			page 16


 210 03c8 9B64FBAB 		.ascii	"\233d\373\253\324>\375\306`\266\200\313\231}oCa\021"
 210      D43EFDC6 
 210      60B680CB 
 210      997D6F43 
 210      6111
 211 03da 29F1850E 		.ascii	")\361\205\016\210\254;\263\240\351\304\323\362W\316"
 211      88AC3BB3 
 211      A0E9C4D3 
 211      F257CE
 212 03e9 AC8920DA 		.ascii	"\254\211 \332v\215\345\330\341&\012\027R\233:\252\265"
 212      768DE5D8 
 212      E1260A17 
 212      529B3AAA 
 212      B5
 213 03fa C8DD8116 		.ascii	"\310\335\201\026x\325\363\351\277O\031\023\305\005\350"
 213      78D5F3E9 
 213      BF4F1913 
 213      C505E8
 214 0409 3A94D64F 		.ascii	":\224\326O\312\003\027B)\262\352\246\225\2471\227\035"
 214      CA031742 
 214      29B2EAA6 
 214      95A73197 
 214      1D
 215 041a 6A854A05 		.ascii	"j\205J\005^\202C\327\240\261\205\325ja\316\236#\266"
 215      5E8243D7 
 215      A0B185D5 
 215      6A61CE9E 
 215      23B6
 216 042c 38464B9F 		.ascii	"8FK\237Qw\251\273S\213\034\334\255\022\334\260B\300"
 216      5177A9BB 
 216      538B1CDC 
 216      AD12DCB0 
 216      42C0
 217 043e 9C7990F0 		.ascii	"\234y\220\360\253\207\235\304\231vp\246Mq\346:\231\030"
 217      AB879DC4 
 217      997670A6 
 217      4D71E63A 
 217      9918
 218 0450 E421D5AF 		.ascii	"\344!\325\257\356\314\246eN\000\254\314\023s\033\247"
 218      EECCA665 
 218      4E00ACCC 
 218      13731BA7 
 219 0460 B1B9ED26 		.ascii	"\261\271\355&\242\215W\257\217u8}\260\366;h\355\337"
 219      A28D57AF 
 219      8F75387D 
 219      B0F63B68 
 219      EDDF
 220 0472 926BBFF8 		.ascii	"\222k\277\370l\303-\027y\221\331\2013c\352\222\304\303"
 220      6CC32D17 
 220      7991D981 
 220      3363EA92 
 220      C4C3
 221 0484 88C250B3 		.ascii	"\210\302P\263\342D\263\234\202N\232\202\264\212\027"
 221      E244B39C 
 221      824E9A82 
 221      B48A17
 222 0493 4D366C61 		.ascii	"M6la\321\201\332\235}+\003\221\211-JS\325\225\237\251"
ARM GAS  /tmp/ccnWUU8f.s 			page 17


 222      D181DA9D 
 222      7D2B0391 
 222      892D4A53 
 222      D5959FA9 
 223 04a7 5D74667B 		.ascii	"]tf{\314G\267Y\260\212\316\344\236G\314\330\036\324"
 223      CC47B759 
 223      B08ACEE4 
 223      9E47CCD8 
 223      1ED4
 224 04b9 ED574ED7 		.ascii	"\355WN\327a\266*5\220\356\344\364\353\257\035\\wS2\022"
 224      61B62A35 
 224      90EEE4F4 
 224      EBAF1D5C 
 224      77533212 
 225 04cd 0EBA02F5 		.ascii	"\016\272\002\365\000[7e\353E\2562'A\367\267\357Z\317"
 225      005B3765 
 225      EB45AE32 
 225      2741F7B7 
 225      EF5ACF
 226 04e0 832B3E06 		.ascii	"\203+>\006>r\360\351\254O\356j\017\301\222\324\007="
 226      3E72F0E9 
 226      AC4FEE6A 
 226      0FC192D4 
 226      073D
 227 04f2 D0F2D344 		.ascii	"\320\362\323D\347)'\374\214&\016\035n\031Ov\300\257"
 227      E72927FC 
 227      8C260E1D 
 227      6E194F76 
 227      C0AF
 228 0504 99929A76 		.ascii	"\231\222\232vi\303\257\263\305\326*\310\314\340\037"
 228      69C3AFB3 
 228      C5D62AC8 
 228      CCE01F
 229 0513 4F465789 		.ascii	"OFW\211\011K\211\025\032\200\250\300\262\317=\245\037"
 229      094B8915 
 229      1A80A8C0 
 229      B2CF3DA5 
 229      1F
 230 0524 5AEEA04F 		.ascii	"Z\356\240O4h\020\375\232L\347\341\2144\035\277p\221"
 230      346810FD 
 230      9A4CE7E1 
 230      8C341DBF 
 230      7091
 231 0536 7256C271 		.ascii	"rV\302q\227-\\\344\012`\261\242\342\260\003\017&\217"
 231      972D5CE4 
 231      0A60B1A2 
 231      E2B0030F 
 231      268F
 232 0548 50C04312 		.ascii	"P\300C\022x\210\202\357Lu\3649\361\340c\026\314\367"
 232      788882EF 
 232      4C75F439 
 232      F1E06316 
 232      CCF7
 233 055a 24F03D0A 		.ascii	"$\360=\012>;p\240\322\236\205\271\223\014\350\354p\321"
 233      3E3B70A0 
 233      D29E85B9 
 233      930CE8EC 
ARM GAS  /tmp/ccnWUU8f.s 			page 18


 233      70D1
 234 056c 596716E7 		.ascii	"Yg\026\347*\242\267\337?\034\353\304\372[\211^s\253"
 234      2AA2B7DF 
 234      3F1CEBC4 
 234      FA5B895E 
 234      73AB
 235 057e 7E448B61 		.ascii	"~D\213a\366\021%\276xg\015&\031\215\371\037U0X47\277"
 235      F61125BE 
 235      78670D26 
 235      198DF91F 
 235      55305834 
 236 0594 6EB1C189 		.ascii	"n\261\301\211\314\\\316\251\253\224\323\375\347k*\034"
 236      CC5CCEA9 
 236      AB94D3FD 
 236      E76B2A1C 
 237 05a4 F10ED679 		.ascii	"\361\016\326y7q\260\306\026\357e\212\354\225\253\344"
 237      3771B0C6 
 237      16EF658A 
 237      EC95ABE4 
 238 05b4 D5A1EE09 		.ascii	"\325\241\356\011\230\356\311\254\263\342\354\205:\251"
 238      98EEC9AC 
 238      B3E2EC85 
 238      3AA9
 239 05c2 CC3CB917 		.ascii	"\314<\271\027\274+{\301\237\271\337X\347\300\006$\""
 239      BC2B7BC1 
 239      9FB9DF58 
 239      E7C00624 
 239      22
 240 05d3 D02FB6F5 		.ascii	"\320/\266\365,\305\351\314\262z\254$_\032\034&\303I"
 240      2CC5E9CC 
 240      B27AAC24 
 240      5F1A1C26 
 240      C349
 241 05e5 1D6B9DF5 		.ascii	"\035k\235\365\301\002})\027\350\004\033\312\355\251"
 241      C1027D29 
 241      17E8041B 
 241      CAEDA9
 242 05f4 2B5D364A 		.ascii	"+]6JQi\351\344\032\007\370\030\205O\322\242z)\027\325"
 242      5169E9E4 
 242      1A07F818 
 242      854FD2A2 
 242      7A2917D5 
 243 0608 9503C32E 		.ascii	"\225\003\303.<\370\361\307\300\307\263s\177t\300\207"
 243      3CF8F1C7 
 243      C0C7B373 
 243      7F74C087 
 244 0618 9893E9E3 		.ascii	"\230\223\351\343\275\217\244\014\271\203\232\367\262"
 244      BD8FA40C 
 244      B9839AF7 
 244      B2
 245 0625 224687B3 		.ascii	"\"F\207\263Y\337\276K\007[\354p>S\344\027\267+{qGw,"
 245      59DFBE4B 
 245      075BEC70 
 245      3E53E417 
 245      B72B7B71 
 246 063c C745ACA7 		.ascii	"\307E\254\247r\317\336^\204O0e8\366^\277\024\237y\240"
 246      72CFDE5E 
ARM GAS  /tmp/ccnWUU8f.s 			page 19


 246      844F3065 
 246      38F65EBF 
 246      149F79A0 
 247 0650 1EB8FA64 		.ascii	"\036\270\372d!>\305\272\3365\324,\304\347\331}\335\231"
 247      213EC5BA 
 247      DE35D42C 
 247      C4E7D97D 
 247      DD99
 248 0662 827C84AB 		.ascii	"\202|\204\253\2302\226V\367\304\001\3272%\253-\343\234"
 248      98329656 
 248      F7C401D7 
 248      3225AB2D 
 248      E39C
 249 0674 0ED73325 		.ascii	"\016\3273%o*9\317\01173\345F\371\315xG|]*\216\322\322"
 249      6F2A39CF 
 249      093733E5 
 249      46F9CD78 
 249      477C5D2A 
 250 068b 14477C93 		.ascii	"\024G|\223)\321\025\267\367H\233\260~\272\225\312\035"
 250      29D115B7 
 250      F7489BB0 
 250      7EBA95CA 
 250      1D
 251 069c CAB297B2 		.ascii	"\312\262\227\262bK\226\250\266\346I\204o3p\342\231\366"
 251      624B96A8 
 251      B6E64984 
 251      6F3370E2 
 251      99F6
 252 06ae 3EED07F3 		.ascii	">\355\007\363\220$Hy\360\244i8p\361\300i\027u\032\036"
 252      90244879 
 252      F0A46938 
 252      70F1C069 
 252      17751A1E 
 253 06c2 20B68E68 		.ascii	" \266\216h\320\016\301U\266!\350\326{\331\271Zu\036"
 253      D00EC155 
 253      B621E8D6 
 253      7BD9B95A 
 253      751E
 254 06d4 3E84FEC5 		.ascii	">\204\376\305\363\304\313\023\316\310\315\315m\216\033"
 254      F3C4CB13 
 254      CEC8CDCD 
 254      6D8E1B
 255 06e3 F773A77F 		.ascii	"\367s\247\177\217\210\2611b\325d\005N*\035j\214\022"
 255      8F88B131 
 255      62D56405 
 255      4E2A1D6A 
 255      8C12
 256 06f5 73E651AA 		.ascii	"s\346Q\252\021\230\344{\2059\312<xNyO\223\277\032fR"
 256      1198E47B 
 256      8539CA3C 
 256      784E794F 
 256      93BF1A66 
 257 070a 9D8061BB 		.ascii	"\235\200a\273\027\213)\376\221\032\377p\006\376q<\207"
 257      178B29FE 
 257      911AFF70 
 257      06FE713C 
 257      87
ARM GAS  /tmp/ccnWUU8f.s 			page 20


 258 071b 1F56E39F 		.ascii	"\037V\343\237R\274\027\201\357\221F\265T\253A\211\302"
 258      52BC1781 
 258      EF9146B5 
 258      54AB4189 
 258      C2
 259 072c 7C942090 		.ascii	"|\224 \220.\202\206Y\210\016\011\356h\277\340\206\366"
 259      2E828659 
 259      880E09EE 
 259      68BFE086 
 259      F6
 260 073d 81A483A4 		.ascii	"\201\244\203\244\200\034\000\311\006\371\021$\023$\025"
 260      801C00C9 
 260      06F91124 
 260      132415
 261 074c 2403240B 		.ascii	"$\003$\013\3440H\032H\016\310.\220= \007A\222Av\203"
 261      E430481A 
 261      480EC82E 
 261      903D2007 
 261      41924176 
 262 0761 1C11DCE8 		.ascii	"\034\021\334\350Z\317\234\234\376/\305\307m\202\312"
 262      5ACF9C9C 
 262      FE2FC5C7 
 262      6D82CA
 263 0770 470FF590 		.ascii	"G\017\365\220\3068t\274U\264\227\002n\373\253\002\216"
 263      C63874BC 
 263      55B49702 
 263      6EFBAB02 
 263      8E
 264 0781 5583C790 		.ascii	"U\203\307\220\012=\315G\353\211\365\350r\360A\216<Z"
 264      0A3DCD47 
 264      EB89F5E8 
 264      72F0418E 
 264      3C5A
 265 0793 4D2E0A2A 		.ascii	"M.\012*t\023\207\216S\243o\317\310\334\030\007\177\257"
 265      7413878E 
 265      53A36FCF 
 265      C8DC1807 
 265      7FAF
 266 07a5 76E5ADDA 		.ascii	"v\345\255\332\2256\336\363Wj\370\250\032^\315\221o\265"
 266      9536DEF3 
 266      576AF8A8 
 266      1A5ECD91 
 266      6FB5
 267 07b7 EE0B1F16 		.ascii	"\356\013\037\026\016\375\316\272+\026\236\363\276<\263"
 267      0EFDCEBA 
 267      2B169EF3 
 267      BE3CB3
 268 07c6 5E731635 		.ascii	"^s\0265\312\321GY\017#"
 268      CAD14759 
 268      0F23
 269 07d0 83B34DCC 		.ascii	"\203\263M\314\360;\327(QD\004\246\221\366\016J)\325"
 269      F03BD728 
 269      514404A6 
 269      91F60E4A 
 269      29D5
 270 07e2 C5E37238 		.ascii	"\305\343r8Y%\330R\2667\352\207O\253\207\326\304\373"
 270      5925D852 
ARM GAS  /tmp/ccnWUU8f.s 			page 21


 270      B637EA87 
 270      4FAB87D6 
 270      C4FB
 271 07f4 FADA3ADC 		.ascii	"\372\332:\334\354k\024\340\023p\024\305\357\024\\\321"
 271      EC6B14E0 
 271      137014C5 
 271      EF145CD1 
 272 0804 76C95979 		.ascii	"v\311Yy\011@\367\325\364]\334\320b\254\227\037\317\336"
 272      0940F7D5 
 272      F45DDCD0 
 272      62AC971F 
 272      CFDE
 273 0816 152FB14F 		.ascii	"\025/\261O\301\033\372\205\344\215\274\320KYdx\262-"
 273      C11BFA85 
 273      E48DBCD0 
 273      4B596478 
 273      B22D
 274 0828 6DBE55E0 		.ascii	"m\276U\340\202Sm\351\206\260:\363B*l:\347\260\020\335"
 274      82536DE9 
 274      86B03AF3 
 274      422A6C3A 
 274      E7B010DD 
 275 083c 4AC03124 		.ascii	"J\3001$D\371`\236+\230wX$b\326g:\312\203\011\376\177"
 275      44F9609E 
 275      2B987758 
 275      2462D667 
 275      3ACA8309 
 276 0852 3DD9C93B 		.ascii	"=\331\311;\342\321\256\001\213\003W>\027\0208\253\012"
 276      E2D1AE01 
 276      8B03573E 
 276      171038AB 
 276      0A
 277 0863 6C770157 		.ascii	"lw\001W\000'=\273\236\342\244\336\245)\273\314Bn\271"
 277      00273DBB 
 277      9EE2A4DE 
 277      A529BBCC 
 277      426EB9
 278 0876 250A7931 		.ascii	"%\012y1\274>v^z\211\221\367\302\344\211\254k\316\037"
 278      BC3E765E 
 278      7A8991F7 
 278      C2E489AC 
 278      6BCE1F
 279 0889 7C1514C9 		.ascii	"|\025\024\311\257\202\243\002}\027\274H\214\233\224"
 279      AF82A302 
 279      7D17BC48 
 279      8C9B94
 280 0898 361476A0 		.ascii	"6\024v\240\026\334\317\330\351\304^2\237\223\375gkq"
 280      16DCCFD8 
 280      E9C45E32 
 280      9F93FD67 
 280      6B71
 281 08aa 9DB3DA99 		.ascii	"\235\263\332\231c\020\276bZ\240\307\2513E\314\231\343"
 281      6310BE62 
 281      5AA0C7A9 
 281      3345CC99 
 281      E3
 282 08bb D49907F9 		.ascii	"\324\231\007\371\342\244\013\316\245\371A{S\036\364"
ARM GAS  /tmp/ccnWUU8f.s 			page 22


 282      E2A40BCE 
 282      A5F9417B 
 282      531EF4
 283 08ca 38C11EB8 		.ascii	"8\301\036\270\012\216\354\365?\341\242\322\022X\366"
 283      0A8EECF5 
 283      3FE1A2D2 
 283      1258F6
 284 08d9 E7C6DAB3 		.ascii	"\347\306\332\2633\273\222\"\270U\235\331\005\262\031"
 284      33BB9222 
 284      B8559DD9 
 284      05B219
 285 08e8 1E797975 		.ascii	"\036yyu\017\306\375\214\353E\322\3406$q\265w\271=b_"
 285      0FC6FD8C 
 285      EB45D2E0 
 285      362471B5 
 285      77B93D62 
 286 08fd 12AAD997 		.ascii	"\022\252\331\227\204R\205\253T\315UF\271j^\336:f\207"
 286      845285AB 
 286      54CD5546 
 286      B96A5EDE 
 286      3A6687
 287 0910 4719D7A3 		.ascii	"G\031\327\243\330\007M\262_\257\017\272\025do\025[E"
 287      D8074DB2 
 287      5FAF0FBA 
 287      15646F15 
 287      5B45
 288 0922 31CB8F7D 		.ascii	"1\313\217}\0038\251\220\235T\223\235\242dy\223S\333"
 288      0338A990 
 288      9D54939D 
 288      A2647993 
 288      53DB
 289 0934 5D70AC1D 		.ascii	"]p\254\035%\253m|\021/Hdm\351\230}\2278\314\316j\247"
 289      25AB6D7C 
 289      112F4864 
 289      6DE9987D 
 289      9738CCCE 
 290 094a 15AAD36A 		.ascii	"\025\252\323j\2523\224\252\343~\365z\274\2231\035=\226"
 290      AA3394AA 
 290      E37EF57A 
 290      BC93311D 
 290      3D96
 291 095c 59E28233 		.ascii	"Y\342\2023\230\262\275\272&\303\026N \350\0341\374\300"
 291      98B2BDBA 
 291      26C3164E 
 291      20E81C31 
 291      FCC0
 292 096e 31A5B6A4 		.ascii	"1\245\266\244\350\255\313\007O$\025\0029\221\234\027"
 292      E8ADCB07 
 292      4F241502 
 292      39919C17 
 293 097e A413C9E9 		.ascii	"\244\023\311\351\223uI\362\250;\236\341\356\347\327"
 293      937549F2 
 293      A83B9EE1 
 293      EEE7D7
 294 098d 92C4AC28 		.ascii	"\222\304\254(qi\203@\220\350\254\354+*\027\264D\263"
 294      71698340 
 294      90E8ACEC 
ARM GAS  /tmp/ccnWUU8f.s 			page 23


 294      2B2A17B4 
 294      44B3
 295 099f 74F70275 		.ascii	"t\367\002uwj\342\362e\035~\306\\L\255\312\356\230\245"
 295      776AE2F2 
 295      651D7EC6 
 295      5C4CADCA 
 295      EE98A5
 296 09b2 A4B7FC24 		.ascii	"\244\267\374$\237\336\213\312\320/\252\271.Q\256#\235"
 296      9FDE8BCA 
 296      D02FAAB9 
 296      2E51AE23 
 296      9D
 297 09c3 B7CB6C71 		.ascii	"\267\313lq\224\216\355\304\016wv\331I\\c\333-\243X\251"
 297      948EEDC4 
 297      0E7776D9 
 297      495C63DB 
 297      2DA358A9 
 298 09d7 5055AAA9 		.ascii	"PU\252\251\252(\325\376\334\372\004-NfTq\2557\023\035"
 298      AA28D5FE 
 298      DCFA042D 
 298      4E665471 
 298      AD37131D 
 299 09eb CD95B2E4 		.ascii	"\315\225\262\344\211E\245\\V\270.\253\271\252)W\343"
 299      8945A55C 
 299      56B82EAB 
 299      B9AA2957 
 299      E3
 300 09fc D0B16A17 		.ascii	"\320\261j\027\\\310\270\012\357\224>\2625W\212g\241"
 300      5CC8B80A 
 300      EF943EB2 
 300      35578A67 
 300      A1
 301 0a0d 65A5D428 		.ascii	"e\245\324(d5j\262ZJ\326\177\350\301>g|\211\221=\021"
 301      64356AB2 
 301      5A4AD67F 
 301      E8C13E67 
 301      7C89913D 
 302 0a22 4F3DC472 		.ascii	"O=\304r\245dZ\216\361\212BuEMUG\251\306k\013\306\245"
 302      A5645A8E 
 302      F18A4275 
 302      454D5547 
 302      A9C66B0B 
 303 0a38 FDE06EB2 		.ascii	"\375\340n\262+\277\364\356I\223#nb\324\305-\365=\322"
 303      2BBFF4EE 
 303      4993236E 
 303      62D4C52D 
 303      F53DD2
 304 0a4b 348E279D 		.ascii	"4\216'\235y\355i\243\266\270\235uf\2454\300\213\272"
 304      79ED69A3 
 304      B6B89D75 
 304      66A534C0 
 304      8BBA
 305 0a5d 9B29F2E6 		.ascii	"\233)\362\346\336U\332\334\347\234\353\207\027\306}"
 305      DE55DADC 
 305      E79CEB87 
 305      17C67D
 306 0a6c D6595597 		.ascii	"\326YU\227\004\257\256Q\246\304\017lk\227\220SD\177"
ARM GAS  /tmp/ccnWUU8f.s 			page 24


 306      04AFAE51 
 306      A6C40F6C 
 306      6B979053 
 306      447F
 307 0a7e 5F3DD9E9 		.ascii	"_=\331\351\214'Y\347\373G\267\263\245-\366\010\321\177"
 307      8C2759E7 
 307      FB47B7B3 
 307      A52DF608 
 307      D17F
 308 0a90 2C1F1C71 		.ascii	",\037\034q\301Q\366\264sO\315\304\270#\216cJ\317\221"
 308      C151F6B4 
 308      734FCDC4 
 308      B8238E63 
 308      4ACF91
 309 0aa3 FDB95A86 		.ascii	"\375\271Z\206|H\364\203o\336\304jq\"\353l\213\336\227"
 309      7C48F483 
 309      6FDEC46A 
 309      7122EB6C 
 309      8BDE97
 310 0ab6 638BF733 		.ascii	"c\213\3673\345\365p\376\210-\316dJ\315x\306\250\023"
 310      E5F570FE 
 310      882DCE64 
 310      4ACD78C6 
 310      A813
 311 0ac8 2E604A5C 		.ascii	".`J\\\316\215$;\\\306\224\361\356\035uN\370\002Sj\033"
 311      CE8D243B 
 311      5CC694F1 
 311      EE1D754E 
 311      F802536A 
 312 0add EEB6EB70 		.ascii	"\356\266\353p\035S\242\036\226l\303\270\225)\243\255"
 312      1D53A21E 
 312      966CC3B8 
 312      9529A3AD 
 313 0aed 3589F6B8 		.ascii	"5\211\366\270\213)-\011{\017\010x\220)\362\"\347\312"
 313      8B292D09 
 313      7B0F0878 
 313      9029F222 
 313      E7CA
 314 0aff 16B9F7E9 		.ascii	"\026\271\367\351#\007\235\360c\326w!;\256P\207_0%\366"
 314      23079DF0 
 314      63D67721 
 314      3BAE5087 
 314      5F3025F6 
 315 0b13 DA8E1E27 		.ascii	"\332\216\036'\374\206)\307\037n\253\262\303\261\354"
 315      FC8629C7 
 315      1F6EABB2 
 315      C3B1EC
 316 0b22 DBC78596 		.ascii	"\333\307\205\226W\305.8IR\272O{\340dv\177\370a\371\276"
 316      57C52E38 
 316      4952BA4F 
 316      7BE06476 
 316      7FF861F9 
 317 0b37 59F81053 		.ascii	"Y\370\020S\006z\037$\272\340\002\246l\255<p\321\036"
 317      067A1F24 
 317      BAE002A6 
 317      6CAD3C70 
 317      D11E
ARM GAS  /tmp/ccnWUU8f.s 			page 25


 318 0b49 9731A5B6 		.ascii	"\2271\245\266\277\017\341\012v\377$\261\352\266\200"
 318      BF0FE10A 
 318      76FF24B1 
 318      EAB680
 319 0b58 6B995258 		.ascii	"k\231RX\276c\300\006\2670\345\356\331\330\227Z|\235"
 319      BE63C006 
 319      B730E5EE 
 319      D9D8975A 
 319      7C9D
 320 0b6a 29456F32 		.ascii	")Eo2[\355\361-\246\264\236\357\277\347\202\373\230\322"
 320      5BEDF12D 
 320      A6B49EEF 
 320      BFE782FB 
 320      98D2
 321 0b7c 18BD433E 		.ascii	"\030\275C>\223\245\220\224\016'\227U\333J\007R\362!"
 321      93A59094 
 321      0E279755 
 321      DB4A0752 
 321      F221
 322 0b8e E0F1F6CC 		.ascii	"\340\361\366\314\034-\036\240`\267\375\235\023-t\203"
 322      1C2D1EA0 
 322      60B7FD9D 
 322      132D7483 
 323 0b9e CEFFE670 		.ascii	"\316\377\346p\273t\363\217\275\314;zmN\234\314Q\266"
 323      BB74F38F 
 323      BDCC3B7A 
 323      6D4E9CCC 
 323      51B6
 324 0bb0 EBD7A050 		.ascii	"\353\327\240P\2430\367BoVo\371\272\322\271\335E\203"
 324      A330F742 
 324      6F566FF9 
 324      BAD2B9DD 
 324      4583
 325 0bc2 1A5E3F03 		.ascii	"\032^?\003\236\312\301{\325\360\231\207\201\301\024"
 325      9ECAC17B 
 325      D5F09987 
 325      81C114
 326 0bd1 0E7F4F8D 		.ascii	"\016\177O\215\237\2711k\342\361\017\325\370\031\033"
 326      9FB9316B 
 326      E2F10FD5 
 326      F8191B
 327 0be0 D6B6340E 		.ascii	"\326\2664\016~K\015O\020\324\364\325\374h[\254\007G"
 327      7E4B0D4F 
 327      10D4F4D5 
 327      FC685BAC 
 327      0747
 328 0bf2 C6935DCA 		.ascii	"\306\223]\312X\232\264\333\201\203\023j\225\360\346"
 328      589AB4DB 
 328      8183136A 
 328      95F0E6
 329 0c01 BDD44F6A 		.ascii	"\275\324Ojw\006y\372Q\353\301\264\330V\356\342\360O"
 329      770679FA 
 329      51EBC1B4 
 329      D856EEE2 
 329      F04F
 330 0c13 D5F8199B 		.ascii	"\325\370\031\233\334A\036\376L\015\237q\012y\314\347"
 330      DC411EFE 
ARM GAS  /tmp/ccnWUU8f.s 			page 26


 330      4C0D9F71 
 330      0A79CCE7 
 331 0c23 AA5B0D9F 		.ascii	"\252[\015\237yT\340c\331\256\206_\237qV\340\307zU\015"
 331      7954E063 
 331      D9AE865F 
 331      9F7156E0 
 331      C77A550D 
 332 0c37 6F54C3A7 		.ascii	"oT\303\247ygn\253\341\334\256\224\337\373\215\300\346"
 332      79676EAB 
 332      E1DCAE94 
 332      DFFB8DC0 
 332      E6
 333 0c48 E5396522 		.ascii	"\3459e\"h\262\361\333\206\335\321\036\354\206\336\300"
 333      68B2F1DB 
 333      86DDD11E 
 333      EC86DEC0 
 334 0c58 A6ED35C8 		.ascii	"\246\3555\310V\270O\004\331\005\362\222l\010\341z\000"
 334      56B84F04 
 334      D905F292 
 334      6C08E17A 
 334      00
 335 0c69 6402EE63 		.ascii	"d\002\356c\340\272\003$\032d;H<H\034\310\013\350K\202"
 335      E0BA0324 
 335      1A643B48 
 335      3C481CC8 
 335      0BE84B82 
 336 0c7d EB5BB826 		.ascii	"\353[\270&\300U\004\331\015\262\023d\022\332\366\303"
 336      C05504D9 
 336      0DB21364 
 336      12DAF6C3 
 337 0c8d F51D5C63 		.ascii	"\365\035\\c\341\372\012\256c S \357A\366B\3338\\\247"
 337      E1FA0AAE 
 337      63205320 
 337      EF41F642 
 337      DB385CA7 
 338 0ca1 2D4F877C 		.ascii	"-O\207|\325\016\252\0077\212\324e\3658\205+\253!uY\315"
 338      D50EAA07 
 338      378AD465 
 338      F538852B 
 338      AB217559 
 339 0cb6 38013CE6 		.ascii	"8\001<\3463\323f=3|\342\333\370X\367Y\237\244\034\375"
 339      33D3663D 
 339      337CE2DB 
 339      F858F759 
 339      9FA41CFD 
 340 0cca 185F564F 		.ascii	"\030_VO\254W!\177\272\271F\360\342l\002\263<\335\300"
 340      AC57217F 
 340      BAB946F0 
 340      E26C02B3 
 340      3CDDC0
 341 0cdd 96B9EA5A 		.ascii	"\226\271\352Z*.d\247\033\262\361\351W\263\335\231\341"
 341      2A2E64A7 
 341      1BB2F1E9 
 341      57B3DD99 
 341      E1
 342 0cee EC18EF6C 		.ascii	"\354\030\357l\227\365*\345\361\323\274\267\217\325\370"
 342      97F52AE5 
ARM GAS  /tmp/ccnWUU8f.s 			page 27


 342      F1D3BCB7 
 342      8FD5F8
 343 0cfd 19E7E56A 		.ascii	"\031\347\345j\236~\300\272;^Jf\006S\271\314\364\250"
 343      9E7EC0BA 
 343      3B5E4A66 
 343      0653B9CC 
 343      F4A8
 344 0d0f 33F37446 		.ascii	"3\363tF\350\370\304\337\265\236x~\316\360\211\354\260"
 344      E8F8C4DF 
 344      B59E787E 
 344      CEF089EC 
 344      B0
 345 0d20 BE5CF1BE 		.ascii	"\276\\\361\276\363\354\217\254\017\325\\V\020\373j\231"
 345      F3EC8FAC 
 345      0FD55C56 
 345      10FB6A99 
 346 0d30 9E84BED3 		.ascii	"\236\204\276\323\372\034\343C\331\305\207r\330\352z"
 346      FA1CE343 
 346      D9C58772 
 346      D8EA7A
 347 0d3f C2AFB5FC 		.ascii	"\302\257\265\374\204o\262>\341yo\332R8o\036X_\312\371"
 347      846FB23E 
 347      E1796FDA 
 347      52386F1E 
 347      585FCAF9 
 348 0d53 49D1C5AF 		.ascii	"I\321\305\257\2657\325\241\2771\343M\304\007\347\276"
 348      B537D5A1 
 348      BF31E34D 
 348      C407E7BE 
 349 0d63 F5378B97 		.ascii	"\3657\213\227t\016\235(.\356u\304\271\216\364\034\032"
 349      740E9D28 
 349      2EEE75C4 
 349      B98EF41C 
 349      1A
 350 0d74 53385681 		.ascii	"S8V\201\314\347\320\341tv\016M\001\353dl\336\326\221"
 350      CCE7D0E1 
 350      74760E4D 
 350      01EB646C 
 350      DED691
 351 0d87 DAB6BE16 		.ascii	"\332\266\276\026\301;\333\375\377\355rD\276Q\356n\254"
 351      C13BDBFD 
 351      FFED7244 
 351      BE51EE6E 
 351      AC
 352 0d98 B0F8EE9E 		.ascii	"\260\370\356\236\202\371\363k*f\347W\270\002\370U\333"
 352      82F9F36B 
 352      2A66E757 
 352      B802F855 
 352      DB
 353 0da9 CE381B5C 		.ascii	"\3168\033\\\352\3106q\275%%:|\216)o\207*\373\355q%U"
 353      EAC83671 
 353      BD25253A 
 353      7C8E296F 
 353      872AFBED 
 354 0dc0 6C6B72DB 		.ascii	"lkr\333\312]`\033\342>G\336h\364\365\270\356\215\021"
 354      CA5D601B 
 354      E23E47DE 
ARM GAS  /tmp/ccnWUU8f.s 			page 28


 354      68F4F5B8 
 354      EE8D11
 355 0dd3 1B3C69F4 		.ascii	"\033<i\3643 nY\037Z3\244\342\371FIV\232u\270\227\262"
 355      33206E59 
 355      1F5A33A4 
 355      E2F94649 
 355      569A75B8 
 356 0de9 C2BCEC66 		.ascii	"\302\274\354f\337O\262,W\030>\035\312\267\345,)\027"
 356      DF4FB22C 
 356      57183E1D 
 356      CAB7E52C 
 356      2917
 357 0dfb 87201787 		.ascii	"\207 \027\207!\036G@2A\016b~\211\256\343\035NW{\240"
 357      211E4740 
 357      32410E62 
 357      7E89AEE3 
 357      1D4E577B 
 358 0e10 AEF5A66F 		.ascii	"\256\365\246o,'\306L\260\371\033G\312\320\333~\204\353"
 358      2C27C64C 
 358      B0F91B47 
 358      CAD0DB7E 
 358      84EB
 359 0e22 586DA5D6 		.ascii	"Xm\245\326\\>.\230k\353~\217V\024u(\027\214\263\225"
 359      5C3E2E98 
 359      6BEB7E8F 
 359      56147528 
 359      178CB395 
 360 0e36 D2CA9A51 		.ascii	"\322\312\232QZ\346\317'90\204\237\033\016<\262!o\327"
 360      5AE6CF27 
 360      3930849F 
 360      1B0E3CB2 
 360      216FD7
 361 0e49 38E6539C 		.ascii	"8\346S\234k\221\342<)\305y4\305O{\312\032\265<\270\303"
 361      6B91E23C 
 361      29C57934 
 361      C54F7BCA 
 361      1AB53CB8 
 362 0e5e E2FF96E4 		.ascii	"\342\377\226\344K`r\325}m\012\212\014\013_\356\251["
 362      4B6072D5 
 362      7D6D0A8A 
 362      0C0B5FEE 
 362      A95B
 363 0e70 F9C5570B 		.ascii	"\371\305W\013\364^^\232\177Y\264\310\203\375\323o\014"
 363      F45E5E9A 
 363      7F59B4C8 
 363      83FDD36F 
 363      0C
 364 0e81 5E17FC65 		.ascii	"^\027\374e\200GX\204\307\306\300\020\217\357\302\302"
 364      80475884 
 364      C7C6C010 
 364      8FEFC2C2 
 365 0e91 23233C02 		.ascii	"##<\002\326\256^\354\355\261j\225\217\307Z\377\325\337"
 365      D6AE5EEC 
 365      EDB16A95 
 365      8FC75AFF 
 365      D5DF
 366 0ea3 7B911E63 		.ascii	"{\221\036cD\2441$d\375\242 \215#\2733\006\207\006G\272"
ARM GAS  /tmp/ccnWUU8f.s 			page 29


 366      44A43124 
 366      64FDA220 
 366      8D23BB33 
 366      06870647 
 367 0eb8 1A898131 		.ascii	"\032\211\20118\374?\215\246\357\202C\302\276\335l\372"
 367      38FC3F8D 
 367      A6EF8243 
 367      C2BEDD6C 
 367      FA
 368 0ec9 BD35EAA0 		.ascii	"\2755\352\240\260M\233\302B%\366e\206\325\372\325[<"
 368      B04D9BC2 
 368      4225F665 
 368      86D5FAD5 
 368      5B3C
 369 0edb 82360685 		.ascii	"\2026\006\205\205\233\214\337\377\343\246E\0335\263"
 369      859B8CDF 
 369      FFE3A645 
 369      1B35B3
 370 0eea 8D91E181 		.ascii	"\215\221\341\201A&cpD\2701\304\024\370\275I\033\264"
 370      41266370 
 370      44B831C4 
 370      14F8BD49 
 370      1BB4
 371 0efc 3130FC37 		.ascii	"10\3747\326\270\302#=\202C\203B6\2577\001\005\265\002"
 371      D6B8C223 
 371      3D824383 
 371      4236AF37 
 371      0105B502 
 372 0f10 FBB9C6F5 		.ascii	"\373\271\306\365\353\2765\006m4\005\375\007\263'L?o"
 372      EBBE3506 
 372      6D3405FD 
 372      07B3274C 
 372      3F6F
 373 0f22 BEDEB46E 		.ascii	"\276\336\264n\363\267`\376w\234\371\346\320\2200\270"
 373      F3B760FE 
 373      779CF9E6 
 373      D09030B8 
 374 0f32 6C080FDB 		.ascii	"l\010\017\333DH\\\2036\006\374\020\2616x\223)\334/0"
 374      44485C83 
 374      3606FC10 
 374      B1367893 
 374      29DC2F30 
 375 0f46 747D8829 		.ascii	"t}\210)\334\177\341\317\362F\374\020\001\254\363x\247"
 375      DC7FE1CF 
 375      F246FC10 
 375      01ACF378 
 375      A7
 376 0f57 784EDE5B 		.ascii	"xN\336[Sh\244)\2344\362!\240\215\263C\277\017\016\362"
 376      5368A429 
 376      9C34F221 
 376      A08DB343 
 376      BF0F0EF2 
 377 0f6b 0D0D5C17 		.ascii	"\015\015\\\027bb\011t0\0327\007\207F.\3666F\376\316"
 377      62620974 
 377      301A3707 
 377      87462EF6 
 377      3646FECE 
ARM GAS  /tmp/ccnWUU8f.s 			page 30


 378 0f7f 637344B8 		.ascii	"csD\270\371\201\241\246\277\204\004\257\363\330\024"
 378      F981A1A6 
 378      BF8404AF 
 378      F3D814
 379 0f8e 18B43138 		.ascii	"\030\26418\324\344a\\o\332\020\2709$\322\030\371\303"
 379      D4E4615C 
 379      6FDA10B8 
 379      3924D218 
 379      F9C3
 380 0fa0 7726E288 		.ascii	"w&\342\210N6\373\324\232\0318\353\001\351]\017\030\300"
 380      4E36FBD4 
 380      9A1938EB 
 380      01E95D0F 
 380      18C0
 381 0fb2 2EFE7869 		.ascii	".\376xiH\231\224rH<\004\033{\271\3004\316F\343\206\315"
 381      48999472 
 381      483C041B 
 381      7BB9C034 
 381      CE46E386 
 382 0fc7 A14146E3 		.ascii	"\241AF\343\242\177\362\374\374s\235\254\331\350\365"
 382      A27FF2FC 
 382      FC739DAC 
 382      D9E8F5
 383 0fd6 AB0D8B85 		.ascii	"\253\015\213\205/\015Z\237\325\313\014\330Go\320.\367"
 383      2F0D5A9F 
 383      D5CB0CD8 
 383      476FD02E 
 383      F7
 384 0fe7 596BC07A 		.ascii	"Yk\300z\275\001\033@\226\031\014xM\200\036\353\277X"
 384      BD011B40 
 384      96190C78 
 384      4D801EEB 
 384      BF58
 385 0ff9 ABD5EB7D 		.ascii	"\253\325\353}\015\024\357"
 385      0D14EF
 386 1000 4DFF7A61 		.ascii	"M\377za\337\225\006!\000,\375}\015\332\200\325\200\326"
 386      DF950621 
 386      002CFD7D 
 386      0DDA80D5 
 386      80D6
 387 1012 1BBC41BC 		.ascii	"\033\274A\274\000\371o\206\177\376\337UrD\344&\022\207"
 387      00F96F86 
 387      7FFEDF55 
 387      7244E426 
 387      1287
 388 1024 6052738E 		.ascii	"`Rs\216f\305\030\351\032\026\021\030\002y^\005iZ\001"
 388      66C518E9 
 388      1A161118 
 388      02795E05 
 388      695A01
 389 1037 59F20F30 		.ascii	"Y\362\0170X\3152a&P\222nr%\245K\013\2043t\245s\302\""
 389      58CD3261 
 389      2650926E 
 389      7225A54B 
 389      0B843374 
 390 104f E1F6E626 		.ascii	"\341\366\346&\010P\204)\322\270|Y\200\357\032\203\277"
 390      08508429 
ARM GAS  /tmp/ccnWUU8f.s 			page 31


 390      D2B87C59 
 390      80EF1A83 
 390      BF
 391 1060 7360C85F 		.ascii	"s`\310_\002\177\210\200\271\024\002\211[\376\221\251"
 391      027F8880 
 391      B9140289 
 391      5BFE91A9 
 392 1070 63DA1249 		.ascii	"c\332\022I\202\356\241_\035\340\037\340\241\207\231"
 392      82EEA15F 
 392      1DE01FE0 
 392      A18799
 393 107f E3E12F97 		.ascii	"\343\341/\227\333\246\210\340\010\343\267A$\023s\210"
 393      DBA688E0 
 393      08E3B741 
 393      24137388 
 394 108f 535F5A96 		.ascii	"S_Z\226\353\\il_\321\302\226\235\244^[4\315\245N\252"
 394      EB5C696C 
 394      5FD1C296 
 394      9DA45E5B 
 394      34CDA54E 
 395 10a4 CADF916B 		.ascii	"\312\337\221k\324\351\377\264r\331Z\337/\014v>\372?"
 395      D4E9FFB4 
 395      72D95ADF 
 395      2F0C763E 
 395      FA3F
 396 10b6 E957AC34 		.ascii	"\351W\25448\254Y\265*`\231\277|\353\357\035@nm\002\002"
 396      38AC59B5 
 396      2A6099BF 
 396      7CEBEF1D 
 396      406E6D02 
 397 10cb F42B0DF6 		.ascii	"\364+\015\366\006\337\000_\303\327\276>\237a}\000I\267"
 397      06DF005F 
 397      C3D7BE3E 
 397      9F617D00 
 397      49B7
 398 10dd 5E69FABD 		.ascii	"^i\372\275\375\2625\313\275W\255\001*r\347\305\356\344"
 398      FDB235CB 
 398      BD57AD01 
 398      2A72E7C5 
 398      EEE4
 399 10ef DE25F6CB 		.ascii	"\336%\366\313\374\226/\226z\375\3148?5n\261\035a!\356"
 399      FC962F96 
 399      7AFDCC38 
 399      3F356EB1 
 399      1D6121EE 
 400 1103 100EBEC7 		.ascii	"\020\016\276\307\333\2160\320\036?\011\341g\211\360"
 400      DB8E30D0 
 400      1E3F09E1 
 400      6789F0
 401 1112 D2115B43 		.ascii	"\322\021[C\300Z\003\271\361\"7\346>O\035\261f}~2\310"
 401      C05A03B9 
 401      F12237E6 
 401      3E4F1DB1 
 401      667D7E32 
 402 1127 8F81B0DE 		.ascii	"\217\201\260\336\337\240%\203\264\203\361\222\253\240"
 402      DFA02583 
 402      B483F192 
ARM GAS  /tmp/ccnWUU8f.s 			page 32


 402      ABA0
 403 1135 37E8A468 		.ascii	"7\350\244hx[\255E.\177\001kY=\256X\262e\013\253\304"
 403      785BAD45 
 403      2E7F016B 
 403      593DAE58 
 403      B2650BAB 
 404 114a 0D4B967C 		.ascii	"\015K\226|\266e\013\251E\203^o\\\013\323\325\307\264"
 404      B6650BA9 
 404      45835E6F 
 404      5C0BD3D5 
 404      C7B4
 405 115c C19678B4 		.ascii	"\301\226x\264\342\317\266\376>\372/}|\211\346\275\342"
 405      E2CFB6FE 
 405      3EFA2F7D 
 405      7C89E6BD 
 405      E2
 406 116d CF2E3ECB 		.ascii	"\317.>\313W\256\326\177%c\376\033\227\244m\177"
 406      57AED67F 
 406      2563FE1B 
 406      97A46D7F 
 407              		.text
 408              		.section	.gnu.lto_.symtab.1727df77b30a40ed,"",%progbits
 409 0000 56656374 		.ascii	"VectorB0\000"
 409      6F724230 
 409      00
 410 0009 00       		.ascii	"\000"
 411 000a 00       		.ascii	"\000"
 412 000b 00       		.ascii	"\000"
 413 000c 00000000 		.ascii	"\000\000\000\000\000\000\000\000"
 413      00000000 
 414 0014 AE000000 		.ascii	"\256\000\000\000"
 415 0018 73745F6C 		.ascii	"st_lld_init\000"
 415      6C645F69 
 415      6E697400 
 416 0024 00       		.ascii	"\000"
 417 0025 00       		.ascii	"\000"
 418 0026 00       		.ascii	"\000"
 419 0027 00000000 		.ascii	"\000\000\000\000\000\000\000\000"
 419      00000000 
 420 002f B0000000 		.ascii	"\260\000\000\000"
 421 0033 5F706F72 		.ascii	"_port_irq_epilogue\000"
 421      745F6972 
 421      715F6570 
 421      696C6F67 
 421      756500
 422 0046 00       		.ascii	"\000"
 423 0047 02       		.ascii	"\002"
 424 0048 00       		.ascii	"\000"
 425 0049 00000000 		.ascii	"\000\000\000\000\000\000\000\000"
 425      00000000 
 426 0051 B2000000 		.ascii	"\262\000\000\000"
 427 0055 5F747261 		.ascii	"_trace_isr_leave\000"
 427      63655F69 
 427      73725F6C 
 427      65617665 
 427      00
 428 0066 00       		.ascii	"\000"
ARM GAS  /tmp/ccnWUU8f.s 			page 33


 429 0067 02       		.ascii	"\002"
 430 0068 00       		.ascii	"\000"
 431 0069 00000000 		.ascii	"\000\000\000\000\000\000\000\000"
 431      00000000 
 432 0071 BF000000 		.ascii	"\277\000\000\000"
 433 0075 5F646267 		.ascii	"_dbg_check_leave_isr\000"
 433      5F636865 
 433      636B5F6C 
 433      65617665 
 433      5F697372 
 434 008a 00       		.ascii	"\000"
 435 008b 02       		.ascii	"\002"
 436 008c 00       		.ascii	"\000"
 437 008d 00000000 		.ascii	"\000\000\000\000\000\000\000\000"
 437      00000000 
 438 0095 C1000000 		.ascii	"\301\000\000\000"
 439 0099 5F646267 		.ascii	"_dbg_check_unlock_from_isr\000"
 439      5F636865 
 439      636B5F75 
 439      6E6C6F63 
 439      6B5F6672 
 440 00b4 00       		.ascii	"\000"
 441 00b5 02       		.ascii	"\002"
 442 00b6 00       		.ascii	"\000"
 443 00b7 00000000 		.ascii	"\000\000\000\000\000\000\000\000"
 443      00000000 
 444 00bf C3000000 		.ascii	"\303\000\000\000"
 445 00c3 63685379 		.ascii	"chSysTimerHandlerI\000"
 445      7354696D 
 445      65724861 
 445      6E646C65 
 445      724900
 446 00d6 00       		.ascii	"\000"
 447 00d7 02       		.ascii	"\002"
 448 00d8 00       		.ascii	"\000"
 449 00d9 00000000 		.ascii	"\000\000\000\000\000\000\000\000"
 449      00000000 
 450 00e1 C5000000 		.ascii	"\305\000\000\000"
 451 00e5 5F646267 		.ascii	"_dbg_check_lock_from_isr\000"
 451      5F636865 
 451      636B5F6C 
 451      6F636B5F 
 451      66726F6D 
 452 00fe 00       		.ascii	"\000"
 453 00ff 02       		.ascii	"\002"
 454 0100 00       		.ascii	"\000"
 455 0101 00000000 		.ascii	"\000\000\000\000\000\000\000\000"
 455      00000000 
 456 0109 C7000000 		.ascii	"\307\000\000\000"
 457 010d 5F646267 		.ascii	"_dbg_check_enter_isr\000"
 457      5F636865 
 457      636B5F65 
 457      6E746572 
 457      5F697372 
 458 0122 00       		.ascii	"\000"
 459 0123 02       		.ascii	"\002"
 460 0124 00       		.ascii	"\000"
ARM GAS  /tmp/ccnWUU8f.s 			page 34


 461 0125 00000000 		.ascii	"\000\000\000\000\000\000\000\000"
 461      00000000 
 462 012d C9000000 		.ascii	"\311\000\000\000"
 463 0131 5F747261 		.ascii	"_trace_isr_enter\000"
 463      63655F69 
 463      73725F65 
 463      6E746572 
 463      00
 464 0142 00       		.ascii	"\000"
 465 0143 02       		.ascii	"\002"
 466 0144 00       		.ascii	"\000"
 467 0145 00000000 		.ascii	"\000\000\000\000\000\000\000\000"
 467      00000000 
 468 014d CB000000 		.ascii	"\313\000\000\000"
 469 0151 6E766963 		.ascii	"nvicEnableVector\000"
 469      456E6162 
 469      6C655665 
 469      63746F72 
 469      00
 470 0162 00       		.ascii	"\000"
 471 0163 02       		.ascii	"\002"
 472 0164 00       		.ascii	"\000"
 473 0165 00000000 		.ascii	"\000\000\000\000\000\000\000\000"
 473      00000000 
 474 016d D8000000 		.ascii	"\330\000\000\000"
 475              		.text
 476              		.section	.gnu.lto_.opts,"",%progbits
 477 0000 272D666D 		.ascii	"'-fmath-errno' '-fsigned-zeros' '-ftrapping-math' '"
 477      6174682D 
 477      6572726E 
 477      6F272027 
 477      2D667369 
 478 0033 2D666E6F 		.ascii	"-fno-trapv' '-fno-strict-overflow' '-fno-openmp' '-"
 478      2D747261 
 478      70762720 
 478      272D666E 
 478      6F2D7374 
 479 0066 666E6F2D 		.ascii	"fno-openacc' '-mcpu=cortex-m4' '-mthumb' '-mfloat-a"
 479      6F70656E 
 479      61636327 
 479      20272D6D 
 479      6370753D 
 480 0099 62693D68 		.ascii	"bi=hard' '-mfpu=fpv4-sp-d16' '-ggdb' '-Og' '-fomit-"
 480      61726427 
 480      20272D6D 
 480      6670753D 
 480      66707634 
 481 00cc 6672616D 		.ascii	"frame-pointer' '-falign-functions=16' '-ffunction-s"
 481      652D706F 
 481      696E7465 
 481      72272027 
 481      2D66616C 
 482 00ff 65637469 		.ascii	"ections' '-fdata-sections' '-fno-common' '-flto'\000"
 482      6F6E7327 
 482      20272D66 
 482      64617461 
 482      2D736563 
ARM GAS  /tmp/ccnWUU8f.s 			page 35


 483              		.text
 484              		.comm	__gnu_lto_v1,1,1
 485              		.comm	__gnu_lto_slim,1,1
 486              		.ident	"GCC: (15:6.3.1+svn253039-1build1) 6.3.1 20170620"
ARM GAS  /tmp/ccnWUU8f.s 			page 36


DEFINED SYMBOLS
                            *ABS*:0000000000000000 hal_st_lld.c
                            *COM*:0000000000000001 __gnu_lto_v1
                            *COM*:0000000000000001 __gnu_lto_slim

NO UNDEFINED SYMBOLS
