ARM GAS  /tmp/ccTbvUNX.s 			page 1


   1              		.cpu cortex-m4
   2              		.eabi_attribute 27, 1
   3              		.eabi_attribute 28, 1
   4              		.eabi_attribute 20, 1
   5              		.eabi_attribute 21, 1
   6              		.eabi_attribute 23, 3
   7              		.eabi_attribute 24, 1
   8              		.eabi_attribute 25, 1
   9              		.eabi_attribute 26, 1
  10              		.eabi_attribute 30, 1
  11              		.eabi_attribute 34, 1
  12              		.eabi_attribute 18, 4
  13              		.file	"magicbandtx.c"
  14              		.text
  15              	.Ltext0:
  16              		.section	.gnu.lto_.profile.be6994961f869b46,"",%progbits
  17 0000 789C6365 		.ascii	"x\234ce`b`a```dH\226\002\000\001`\000\212"
  17      60626061 
  17      60606064 
  17      48960200 
  17      0160008A 
  18              		.text
  19              		.section	.gnu.lto_.inline.be6994961f869b46,"",%progbits
  20 0000 789C6365 		.ascii	"x\234ce`b\360e@\000F\006\006\231\307@\222\211\355\203"
  20      6062F065 
  20      40004606 
  20      0699C740 
  20      9289ED83 
  21 0014 1E03DB02 		.ascii	"\036\003\333\002y&\220 \0237H\002B2\363\000\371\014"
  21      79269020 
  21      13374802 
  21      4232F300 
  21      F90C
  22 0026 0C2CBC0C 		.ascii	"\014,\274\014\014\314\014\014\023\374 \242P.\252\032"
  22      0CCC0C0C 
  22      13FC20A2 
  22      502EAA1A 
  23 0036 06000E11 		.ascii	"\006\000\016\021\004\243"
  23      04A3
  24              		.text
  25              		.section	.gnu.lto_.jmpfuncs.be6994961f869b46,"",%progbits
  26 0000 789C6365 		.ascii	"x\234ce`b\340e@\000F$6\003\000\0026\000\026"
  26      6062E065 
  26      40004624 
  26      36030002 
  26      360016
  27              		.text
  28              		.section	.gnu.lto_.pureconst.be6994961f869b46,"",%progbits
  29 0000 789C6365 		.ascii	"x\234ce`b`f```d\220\000\000\000\204\000$"
  29      60626066 
  29      60606064 
  29      90000000 
  29      840024
  30              		.text
  31              		.section	.gnu.lto_pwm_init.be6994961f869b46,"",%progbits
  32 0000 789C8D53 		.ascii	"x\234\215SKO\023Q\024\276\337\334>\306JA\361I\354\202"
  32      4B4F1351 
ARM GAS  /tmp/ccTbvUNX.s 			page 2


  32      14BEDFDC 
  32      3EC64A41 
  32      F149EC82 
  33 0014 9D6143D7 		.ascii	"\235aC\327\376\034\254\306\270P\023\037\211+;V[\020"
  33      FE1CACC6 
  33      B850131F 
  33      892B3B56 
  33      5B10
  34 0026 13D4442D 		.ascii	"\023\324D-\243\340\214a\001\250\224\202\242\264*\255"
  34      A3E08C61 
  34      01A89482 
  34      A2B42AAD 
  35 0036 157C4053 		.ascii	"\025|@S\211\221\215\35401\326\212\013cL$\202\236376"
  35      89918DEC 
  35      3031D68A 
  35      0B634C24 
  35      829E3337 
  36 004b 546BED4D 		.ascii	"Tk\355M\356\334\311\271\337\371\276\363\272n\241\211"
  36      EEDCC9B9 
  36      DFF9BEF3 
  36      BA6EA189 
  37 005b B84B8816 		.ascii	"\270K\210\026!\304.\332\220\002\332\305\202\020\247"
  37      21C42EDA 
  37      9002DAC5 
  37      8210A7
  38 006a 750DE01F 		.ascii	"u\015\340\037C\207\010k\010\343\202\214K\344:\337\247"
  38      4387086B 
  38      08E3828C 
  38      4BE43ADF 
  38      A7
  39 007b B4B64183 		.ascii	"\264\266A\203V6\376v\2471\224\205%\2050i\363\302 \332"
  39      5636FE76 
  39      A7319485 
  39      25853069 
  39      F3C220DA 
  40 008f 04C196C6 		.ascii	"\004\301\226\306\326\256\370=.e\307\020<\240s\3645\262"
  40      D6AEF83D 
  40      2E65C710 
  40      3CA073F4 
  40      35B2
  41 00a1 C6DACF4E 		.ascii	"\306\332\317N#\373\255yv\273\337#,\011/\177t\376\010"
  41      23FBAD79 
  41      76BBDF23 
  41      2C092F7F 
  41      74FE08
  42 00b4 D14D6056 		.ascii	"\321M`V</5>e\011Q;\323\302\336L\231J}Z\364\206W\015"
  42      3C2F353E 
  42      6509513B 
  42      D3C2DE4C 
  42      994A7D5A 
  43 00cc DD929AC9 		.ascii	"\335\222\232\311p\014#\314\027W\243\271W\336\036iI2"
  43      700C23CC 
  43      1757A3B9 
  43      57DE1E69 
  43      4932
  44 00de 56E2E400 		.ascii	"V\342\344\000\313\223\355c~a\332g\241\237bu\3416\345"
  44      CB93ED63 
ARM GAS  /tmp/ccTbvUNX.s 			page 3


  44      7E61DA67 
  44      A19F6275 
  44      E136E5
  45 00f1 720B01E7 		.ascii	"r\013\001\347\302^\371\276\320@\340.\303he\202;\260"
  45      C25EF9BE 
  45      D040E02E 
  45      C3686582 
  45      3BB0
  46 0103 E0086204 		.ascii	"\340\010b\004\341\365\334\356?\271\335\003\034C%\267"
  46      E1F5DCEE 
  46      3FB9DD03 
  46      1C4325B7 
  47 0113 07A3C49D 		.ascii	"\007\243\304\235\370\233\333\036\007S$\313\354c\010"
  47      F89BDB1E 
  47      075324CB 
  47      EC6308
  48 0122 5BD22B4A 		.ascii	"[\322+J8k\277\253\226\241nR\015\004\306U\206\377M\351"
  48      386BBFAB 
  48      96A16E52 
  48      0D04C655 
  48      86FF4DE9 
  49 0136 6E8D94EE 		.ascii	"n\215\224\356\225E'Xt\003\211\306\354\"\252\210\372"
  49      95452758 
  49      740389C6 
  49      EC22AA88 
  49      FA
  50 0147 4C49E4B8 		.ascii	"LI\344\270\257D\277..\025\300\251o\204Ad.<@\200\314"
  50      AF44BF2E 
  50      2E15C0A9 
  50      6F844164 
  50      2E3C4080 
  51 015c 890F993E 		.ascii	"\211\017\231>\037\233\001C\303\244c+\274Y\231kb[\003"
  51      1F9B0143 
  51      C3A4632B 
  51      BC59996B 
  51      625B03
  52 016f 22400A01 		.ascii	"\"@\012\001K\372\235\334\226\253\3114\232\222\006\016"
  52      4BFA9DDC 
  52      96ABC934 
  52      9A92060E 
  53 017f 69257323 		.ascii	"i%s#Z\372\342V|v\037\360\220\235\233D\021\221tq\352"
  53      5AFAE256 
  53      7C761FF0 
  53      909D9B44 
  53      11917471 
  54 0194 147BF74B 		.ascii	"\024{\367KO=%x\264\256\004=\223\311szp\204\207\224J"
  54      4F3D2578 
  54      B4AE043D 
  54      93C9737A 
  54      70848794 
  55 01a9 B0098FA9 		.ascii	"\260\011\217\251\004\275\316\204b\012A\"?s-\006\305"
  55      04BDCE84 
  55      620A4122 
  55      3F732D06 
  55      C5
  56 01ba ED55F497 		.ascii	"\355U\364\227\243\371\317\232\212\242k72\304C\240dl"
  56      A3F9CF9A 
ARM GAS  /tmp/ccTbvUNX.s 			page 4


  56      8AA26B37 
  56      32C443A0 
  56      646C
  57 01cc 8F02E984 		.ascii	"\217\002\351\204#\320|b\370z\243\002\321x\"K(\252ek"
  57      23D07C62 
  57      F87AA302 
  57      D178224B 
  57      28AA656B 
  58 01e0 9514379B 		.ascii	"\225\0247\233\322MbO\352l_\256F\373\236\226\3337]9\221"
  58      D24D624F 
  58      EA6C5FAE 
  58      46FB9E96 
  58      DB375D39 
  59 01f5 CD109841 		.ascii	"\315\020\230A\200\242\263\344\026\301oe\265Z\265\267"
  59      80A2B3E4 
  59      16C16F65 
  59      B55AB5B7 
  60 0205 9AD243A1 		.ascii	"\232\322C\241<\2533\224\3475ByQ\016\345%\241f\270S\333"
  60      3CAB3394 
  60      E7354279 
  60      510EE525 
  60      A166B853 
  61 021a 9C36DFD4 		.ascii	"\2346\337\324\376\335\346Y%\374#\335{\011\252v\3631"
  61      FEDDE659 
  61      25FC23DD 
  61      7B09AA76 
  61      F331
  62 022c 8939D566 		.ascii	"\2119\325fv\236\250\341\234'\347\337\330eD\354\222\317"
  62      769EA8E1 
  62      9C27E7DF 
  62      D86544EC 
  62      92CF
  63 023e C1F2EAA6 		.ascii	"\301\362\352\246\347G]\240W\262\243=x\354\310\211\243"
  63      E7475DA0 
  63      57B2A33D 
  63      78ECC889 
  63      A3
  64 024f A1FDC143 		.ascii	"\241\375\301C\035\007\016\206\366v\034\336w\374d{H\374"
  64      1D070E86 
  64      F6761CDE 
  64      77FC647B 
  64      48FC
  65 0261 029E1F87 		.ascii	"\002\236\037\207\300"
  65      C0
  66              		.text
  67              		.section	.gnu.lto_pwmcfg.be6994961f869b46,"",%progbits
  68 0000 789C6365 		.ascii	"x\234ce`bHbd`\000\"0\230\316\314\270\376\315\316\237"
  68      60624862 
  68      64600022 
  68      3098CECC 
  68      B8FECDCE 
  69 0015 BC7DCCF3 		.ascii	"\274}\314\363\231\201\202@\356\264\326C\347\331A\\F"
  69      99818240 
  69      EEB4D643 
  69      E7D9415C 
  69      46
  70 0026 30F7D19D 		.ascii	"0\367\321\235\003\263\230-\2665t,hP\230\317\3144\003"
ARM GAS  /tmp/ccTbvUNX.s 			page 5


  70      03B3982D 
  70      B635742C 
  70      685098CF 
  70      CC3403
  71 0039 A86A39A3 		.ascii	"\250j9\243\314\014\240\354\012F\031\220\202C\2376,\347"
  71      CC0CA0EC 
  71      0A461990 
  71      82439F36 
  71      2CE7
  72 004b 01A96766 		.ascii	"\001\251gfd&F\375\321\377\337\017\360C\3243\021\243"
  72      642646FD 
  72      D1FFDF0F 
  72      F043D433 
  72      11A3
  73 005d 7ECB91E3 		.ascii	"~\313\221\343m\034\020\3471\002\2713\373?\277\347EU"
  73      6D1C10E7 
  73      3102B933 
  73      FB3FBFE7 
  73      4555
  74 006f BF0E45FD 		.ascii	"\277\016E\375\202\276\365\313\030!\012\034\3463\263"
  74      82BEF5CB 
  74      18210A1C 
  74      E633B3
  75 007e 301ACA30 		.ascii	"0\032\3120\256g\264`4\222a\\\013\244\3260\3120\256\006"
  75      AE67B460 
  75      3492615C 
  75      0BA4D630 
  75      CA30AE06 
  76 0092 D2AB80F4 		.ascii	"\322\253\200\364JF\013\024\0071\200\035th\301\323]\320"
  76      4A460B14 
  76      0731801D 
  76      7468C1D3 
  76      5DD0
  77 00a4 E06898B6 		.ascii	"\340h\230\266\323\000(\362\374\344\227\275L\020\023"
  77      D30028F2 
  77      FCE497BD 
  77      4C1013
  78 00b3 13E633B3 		.ascii	"\023\3463\263\316`fb\334\004\262\222\231q#\210b\001"
  78      CE606662 
  78      DC04B292 
  78      99712388 
  78      6201
  79 00c5 D93C8399 		.ascii	"\331<\203\231\225q\003\243\305\014f6\210\363\331A\024"
  79      957103A3 
  79      C50C6636 
  79      88F3D941 
  79      14
  80 00d6 03E366A0 		.ascii	"\003\343f\240\025\000\252\257m\001"
  80      1500AAAF 
  80      6D01
  81              		.text
  82              		.section	.gnu.lto_.symbol_nodes.be6994961f869b46,"",%progbits
  83 0000 789C55CA 		.ascii	"x\234U\312\261\015\3020\020\205\341\337\357b`\013\020"
  83      B10DC230 
  83      1085E1DF 
  83      EF62600B 
  83      10
ARM GAS  /tmp/ccTbvUNX.s 			page 6


  84 0011 93C064E7 		.ascii	"\223\300d\347\"\242f\210LA\235\002\010\004F\000)%3 "
  84      22A26688 
  84      4C419D02 
  84      08044600 
  84      29253320 
  85 0025 8C4581AF 		.ascii	"\214E\201\257\371\244\377]D\014\344\323I\016\373\021"
  85      F9A4FF5D 
  85      440CE4D3 
  85      490EFB11 
  86 0035 3287B485 		.ascii	"2\207\264\2058\210U^\342Q!\255\301\302(\017\345\005"
  86      3888555E 
  86      E25121AD 
  86      C1C2280F 
  86      E505
  87 0047 52DA40B8 		.ascii	"R\332@\270\313U\205\233\334\252p\2257U\270\310c\025"
  87      CB55859B 
  87      DCAA7095 
  87      3755B8C8 
  87      6315
  88 0059 CEF2D97F 		.ascii	"\316\362\331\1770\026t\217w0\346\364\305\031S\321h\237"
  88      3016748F 
  88      7730E6F4 
  88      C51953D1 
  88      689F
  89 006b 5F23EDEE 		.ascii	"_#\355\356\2654\032\272\242\321\377\234\262|\0008\020"
  89      B5341ABA 
  89      A2D1FF9C 
  89      B27C0038 
  89      10
  90 007c 3323     		.ascii	"3#"
  91              		.text
  92              		.section	.gnu.lto_.refs.be6994961f869b46,"",%progbits
  93 0000 789C0DC2 		.ascii	"x\234\015\302\201\011\000 \014\300\260\2660\321\003"
  93      81090020 
  93      0CC0B0B6 
  93      30D103
  94 000f FCFF5525 		.ascii	"\374\377U%\031\342\002\213\264\374pr\347\341\001\004"
  94      19E2028B 
  94      B4FC7072 
  94      E7E10104 
  95 001f CA004E   		.ascii	"\312\000N"
  96              		.text
  97              		.section	.gnu.lto_.decls.be6994961f869b46,"",%progbits
  98 0000 789CB559 		.ascii	"x\234\265YiPTY\226\316\373n&$\311\242\201N\2151\305"
  98      69505459 
  98      96CEFB6E 
  98      2624C9A2 
  98      814E8D31 
  99 0015 4454D4D0 		.ascii	"DT\324\320\232\3215#\205U\321S1S\035Q\325`W9\255B$V"
  99      9AD13523 
  99      8555D153 
  99      31531D51 
  99      D5605739 
 100 002d 55777474 		.ascii	"Uwtt\344 \244\232S\010\016\244\325S?f:\001\225E\024"
 100      E420A49A 
 100      53080EA4 
 100      D5533F66 
ARM GAS  /tmp/ccTbvUNX.s 			page 7


 100      3A019545 
 101 0042 10413605 		.ascii	"\020A6\005\027\024d\027\304\005\225\024d\227E\\@\220"
 101      17146417 
 101      C4059514 
 101      6497455C 
 101      4090
 102 0054 45647107 		.ascii	"Edq\007A\0217\234s\357}\231\357e\362\322\252\236\210"
 102      4111379C 
 102      73EF7D99 
 102      EF65F2D2 
 102      AA9E88
 103 0067 493DEFBD 		.ascii	"I=\357\275\373\336w\317\371\316\271\347\256(d\234\314"
 103      FBDE77CF 
 103      F9CEB9E7 
 103      AE28649C 
 103      CC
 104 0078 E91F64B2 		.ascii	"\351\037d\262\020\271L\366\005\222\311\336\302\017\313"
 104      10B94CF6 
 104      0592C9DE 
 104      C20FCB
 105 0087 64B26299 		.ascii	"d\262b\231\360s\004)\001\251\001\011\004\314F\220\243"
 105      F0730429 
 105      01A90109 
 105      04CC4690 
 105      A3
 106 0098 20F920C5 		.ascii	" \371 \305 \034\274/\205{9\222Y\375\376\004\345\367"
 106      201CBC2F 
 106      857B3992 
 106      59FDFE04 
 106      E5F7
 107 00aa E0FE2DC8 		.ascii	"\340\376-\3102\220\023P\376\034\344\327 \025 \177\004"
 107      32901350 
 107      FE1CE4D7 
 107      2015207F 
 107      04
 108 00bb 2902D180 		.ascii	")\002\321\200\004\200T\202\344\202\374\007H\036\310"
 108      04805482 
 108      E482FC07 
 108      481EC8
 109 00ca 49900B50 		.ascii	"I\220\013P\257\007\244\012\236[\340\276\001\356\247"
 109      AF07A40A 
 109      9E5BE0BE 
 109      01EEA7
 110 00d9 40FE1D84 		.ascii	"@\376\035\204\230\363A\002\277b\236\023\341F\270\022"
 110      98F34102 
 110      BF629E13 
 110      E146B812 
 111 00e9 9E81EFE0 		.ascii	"\236\201\357\340\027\004\216:\360\334\010\207\325 \213"
 111      17048E3A 
 111      F0DC0887 
 111      D5208B
 112 00f8 E1F9773C 		.ascii	"\341\371w<7%<\373\301}\015\310\357A\276\003\371\026"
 112      37253CFB 
 112      C17D0DC8 
 112      EF41BE03 
 112      F916
 113 010a E4DF4056 		.ascii	"\344\337@V\201|e\243\317\374\333\207Q\333\355\261\367"
ARM GAS  /tmp/ccTbvUNX.s 			page 8


 113      817C65A3 
 113      CFFCDB87 
 113      51DBEDB1 
 113      F7
 114 011b 07D02D84 		.ascii	"\007\320-\204d\010-D\210'\013?\362\206\277\323X\323"
 114      64082D44 
 114      88270B3F 
 114      F286BFD3 
 114      58D3
 115 012d 1F6265B8 		.ascii	"\037be\270r\364*3\303-\006\020\375\007\3779\304\300"
 115      72F42A33 
 115      C32D0610 
 115      FD07FF39 
 115      C4C0
 116 013f 9C4C0A24 		.ascii	"\234L\012$\326(X4\377\314\357\220\265J\242\015\211^"
 116      D6285834 
 116      FFCCEF90 
 116      B54AA20D 
 116      895E
 117 0151 882B8814 		.ascii	"\210+\210\024\362^0\204\210\243\331\033\0316;\3770a"
 117      F25E3084 
 117      88A3D91B 
 117      19363BFF 
 117      3061
 118 0163 3A473E88 		.ascii	":G>\210\372\021r\226\345\222\244\202wM=OZ]1\330\201"
 118      FA117296 
 118      E592A482 
 118      774D3D4F 
 118      5A5D31D8 
 119 0178 E7C117F9 		.ascii	"\347\301\027\371\277]^dd?\345\373B\324\352\337>7-\330"
 119      BF5D5E64 
 119      643FE5FB 
 119      42D4EADF 
 119      3E372DD8 
 120 018c 8D91BB0A 		.ascii	"\215\221\273\012qP\354\232\274\274\337\031\212\213U"
 120      7150EC9A 
 120      BCBCDF19 
 120      8A8B55
 121 019b 68211467 		.ascii	"h!\024g#\257_T-I\243\265\242\215\0139\364\355{\250\010"
 121      23AF5F54 
 121      2D49A3B5 
 121      A28D0B39 
 121      F4ED7BA8 
 122 01b0 79A042E4 		.ascii	"y\240B\344\001\014\212\321\022\270\256\2273Me\217\352"
 122      010C8AD1 
 122      12B8AE97 
 122      334D658F 
 122      EA
 123 01c1 F6AA3ECC 		.ascii	"\366\252>\3145\346\016\031M\343\207\234\323\242\215"
 123      35E60E19 
 123      4DE3879C 
 123      D3A28D
 124 01d0 F950EB03 		.ascii	"\371P\353\003\202B\005\010\243\343h9\241\015\217p\315"
 124      82420508 
 124      A3E36839 
 124      A10D8F70 
 124      CD
ARM GAS  /tmp/ccTbvUNX.s 			page 9


 125 01e1 4783081D 		.ascii	"G\203\010\035C\003\340U\011\372\020jg&\3055\271\341"
 125      4303E055 
 125      09FA106A 
 125      6726C535 
 125      B9E1
 126 01f3 7FA464FB 		.ascii	"\177\244d\373\233\012\0121\220X\246B$\016\013\340U\351"
 126      9B0A0A31 
 126      9058A642 
 126      240E0BE0 
 126      55E9
 127 0205 C3332F5C 		.ascii	"\3033/\\\331+\202\350J\234:\342\210\377\231>_\331V\226"
 127      D92B82E8 
 127      4A9C3AE2 
 127      88FF993E 
 127      5FD95696 
 128 0219 8D990772 		.ascii	"\215\231\007r(>i\313\274\343\306<\370`\037\3462Z\272"
 128      283E69CB 
 128      BCE3C63C 
 128      F8601FE6 
 128      325ABA
 129 022c 6BE548AD 		.ascii	"k\345H\255:J\\0u\247/M\237\"\244\252\220\012\235\020"
 129      3A4A5C30 
 129      75A72F4D 
 129      9F22A4AA 
 129      900A9D10 
 130 0240 482D53C1 		.ascii	"H-S\3015\326h\2142&E\033\235\276\226\241Jp\262\002\234"
 130      35D6688C 
 130      3226451B 
 130      9DBE96A1 
 130      4A70B202 
 131 0255 4427919A 		.ascii	"D'\221\232\030%8T\016/\313\340%X)8\222|\310\001o!\004"
 131      18253854 
 131      0E2FCBE0 
 131      25582938 
 131      927CC801 
 132 026c B8860B7D 		.ascii	"\270\206\013}=r\244RK\326?#Q\237q\351\310\371\260a\273"
 132      3D72A452 
 132      4BD63F23 
 132      519F71E9 
 132      C8F9B061 
 133 0281 D1C8A1D3 		.ascii	"\321\310\241\323\300\345\224\300\005\250\261\200\316"
 133      C0E594C0 
 133      05A8B180 
 133      CE
 134 028e 34EF2B74 		.ascii	"4\357+t\305\331\210\032i\233;;\345$\370Q\354\231s\215"
 134      C5D9881A 
 134      699B3B3B 
 134      E524F851 
 134      EC99738D 
 135 02a2 F8710EEA 		.ascii	"\370q\016\352\236\025\352\236Fv\035\251\226v$7\246\356"
 135      9E15EA9E 
 135      46761DA9 
 135      96762437 
 135      A6EE
 136 02b4 84931C52 		.ascii	"\204\223\034R\233\252\202\266\204w\373\3575G\271\332"
 136      9BAA82B6 
 136      8477FBEF 
ARM GAS  /tmp/ccTbvUNX.s 			page 10


 136      3547B9DA 
 137 02c4 6DF50BB4 		.ascii	"m\365\013\264\325\317#\276\331;\247\306\2579A\263\017"
 137      D5CF23BE 
 137      D93BA7C6 
 137      AF3941B3 
 137      0F
 138 02d5 01ADC1B3 		.ascii	"\001\255\301\263\237\326\224\215\030cU\024\205J\005"
 138      9FD6948D 
 138      18635514 
 138      854A05
 139 02e4 62A588A5 		.ascii	"b\245\210\245*\252\241\255\335\261o \001\343\267\324"
 139      2AAAA1AD 
 139      DDB16F20 
 139      01E3B7D4 
 140 02f4 3554BA7D 		.ascii	"5T\272}\244@\011-\346\001\315\215Dm\355\301\332\272"
 140      A440092D 
 140      E601CD8D 
 140      446DEDC1 
 140      DABA
 141 0306 D2345D2C 		.ascii	"\3224],\307\3314\217\271\252\312\221L\225\2509\177\025"
 141      C7D9348F 
 141      B9AACA91 
 141      4C95A839 
 141      7F15
 142 0318 1D434258 		.ascii	"\035CBX\017\334\353\004k\036\226(L\0362\342%2\364\211"
 142      0FDCEB04 
 142      6B1E9628 
 142      4C1E32E2 
 142      2532F489 
 143 032c 07FA1862 		.ascii	"\007\372\030bp\011b\340\301\307\240\026\034\272\310"
 143      700962E0 
 143      C1C7A016 
 143      1CBAC8
 144 033b 37664EFE 		.ascii	"7fN\376%W|\224Y\310H\275X\351f\261\000\215TA\033\251"
 144      25577C94 
 144      59C848BD 
 144      58E966B1 
 144      008D5441 
 145 0351 092C3408 		.ascii	"\011,4\010\026\352\221\035\023\215\322&F\313G\"\335"
 145      16EA911D 
 145      138DD226 
 145      46CB4722 
 145      DD
 146 0362 70093331 		.ascii	"p\01131\3252|k\2019a\254\253\267JTgL\006;>\177\323E"
 146      D5327C6B 
 146      813961AC 
 146      ABB74A54 
 146      674C063B 
 147 037a 9ABC0598 		.ascii	"\232\274\005\2304\013L\232\314\351r\367Nc\237\013m\311"
 147      340B4C9A 
 147      CCE972F7 
 147      4E639F0B 
 147      6DC9
 148 038c 164B4B3E 		.ascii	"\026KK>\3366:\344\314\372\306\022Q\357vg\275\273%\343"
 148      DE363AE4 
 148      CCFAC612 
 148      51EF7667 
ARM GAS  /tmp/ccTbvUNX.s 			page 11


 148      BDBB25E3 
 149 03a0 459F1B9E 		.ascii	"E\237\033\236e#D\351T\301aG<\307\012\231\325O[\024\014"
 149      652344E9 
 149      54C16147 
 149      3CC70A99 
 149      D54F5B14 
 150 03b5 A884624F 		.ascii	"\250\204bOK\344\0369\216\301\364[\305\245\374f7\234"
 150      4BE41E39 
 150      8EC1F45B 
 150      C5A5FC66 
 150      379C
 151 03c7 480BDCF8 		.ascii	"H\013\334\370\321\311*\316^\356_\267\233\373cs\213\243"
 151      D1C92ACE 
 151      5EEE5FB7 
 151      9BFB6373 
 151      8BA3
 152 03d9 8C4684AE 		.ascii	"\214F\204\256\001\323\253\266\351Kl\244]\337\347\210"
 152      01D3ABB6 
 152      E94B6CA4 
 152      5DDFE788 
 153 03e9 B398C1D7 		.ascii	"\263\230\301\327\003\375\215\034>\304\014\216\326\325"
 153      03FD8D1C 
 153      3EC40C8E 
 153      D6D5
 154 03f7 9F54D833 		.ascii	"\237T\3303x\323\256\301\226\277\300\260\207z\300\\\267"
 154      78D3AEC1 
 154      96BFC0B0 
 154      877AC05C 
 154      B7
 155 0408 84B97B73 		.ascii	"\204\271{s\245\343r\\\310\314U\237:\327\300\373\376"
 155      A5E3725C 
 155      C8CC559F 
 155      3AD7C0FB 
 155      FE
 156 0419 3114B3A6 		.ascii	"1\024\263\246\373\3579\261\242\032\212\333O%\276\305"
 156      FBEF39B1 
 156      A21A8ADB 
 156      4F25BEC5 
 157 0429 F804839A 		.ascii	"\370\004\203\232\307\032w:\326\240\222\2735\331*6\364"
 157      C71A773A 
 157      D6A092BB 
 157      35D92A36 
 157      F4
 158 043a 18C9605A 		.ascii	"\030\311`Z;Uv\314\205}\306P\214\315\230\352\\\240\212"
 158      3B5576CC 
 158      857DC650 
 158      8CCD98EA 
 158      5CA08A
 159 044d 257C2871 		.ascii	"%|(q\362\336L]\206n\0232\310\313\003\015\261\214\231"
 159      F2DE4C5D 
 159      866E1332 
 159      C8CB030D 
 159      B18C99
 160 0460 AEC84B71 		.ascii	"\256\310Kq\306U\314P\334\350D\216\022W\263\020\224]"
 160      C655CC50 
 160      DCE8448E 
 160      1257B310 
ARM GAS  /tmp/ccTbvUNX.s 			page 12


 160      945D
 161 0472 194D70B6 		.ascii	"\031Mp\266\027\202Q\273!\350\372o\022\202\021\010\301"
 161      178251BB 
 161      21E8FA6F 
 161      12821108 
 161      C1
 162 0483 1D89109C 		.ascii	"\035\211\020\234z\\x\312\225q7\221\362\203\343\275\327"
 162      7A5C78CA 
 162      95713791 
 162      F283E3BD 
 162      D7
 163 0494 DC703D33 		.ascii	"\334p=3\237\322pe\330\011\267\263\302\215\274\3431N"
 163      9FD27065 
 163      D809B7B3 
 163      C28DBCE3 
 163      314E
 164 04a6 F8162BBC 		.ascii	"\370\026+\274}\235\276\337\031?b\205\356\316\341\257"
 164      7D9DBEDF 
 164      193F6285 
 164      EECEE1AF 
 165 04b6 99BB9F42 		.ascii	"\231\273\237B\351y\325\253>~ \316%\356\027\366\025\036"
 165      E979D5AB 
 165      3E7E20CE 
 165      25EE17F6 
 165      151E
 166 04c8 70C2CF19 		.ascii	"p\302\317\031t\373\256G\245\030\277f\205\376\375\023"
 166      74FBAE47 
 166      A518BF66 
 166      85FEFD13 
 167 04d8 D372BC43 		.ascii	"\323r\274C\216\304\023\222?\233\220\336\334L\353r\305"
 167      8EC41392 
 167      3F9B90DE 
 167      DC4CEB72 
 167      C5
 168 04e9 09ECDBF9 		.ascii	"\011\354\333\371\236\316;\034\2448z\002\036L\222\260"
 168      9ECE3B1C 
 168      A4387A02 
 168      1E4C92B0 
 169 04f9 C1CB6345 		.ascii	"\301\313cE\275\005\0168\215!\306^mOr%\210i@|\344\201"
 169      BD050E38 
 169      8D21C65E 
 169      6D4F7225 
 169      8869407C 
 170 050f A610ED07 		.ascii	"\246\020\355\0071y\207\352\2258\207a\2123\307\243\225"
 170      317987EA 
 170      95388761 
 170      8A33C7A3 
 170      95
 171 0520 04F30C30 		.ascii	"\004\363\0140\277\364@O)\206\313\1770\227\343\210\224"
 171      BFF4404F 
 171      2986CB7F 
 171      3097E388 
 171      94
 172 0531 EA1DB457 		.ascii	"\352\035\264WFE\012\275R\206\236#%\211\030\232\205\350"
 172      46450ABD 
 172      52869E23 
 172      2589189A 
ARM GAS  /tmp/ccTbvUNX.s 			page 13


 172      85E8
 173 0543 CE20B94D 		.ascii	"\316 \271M\327\354\336\2053\353`\034\222\023\234\214"
 173      D7ECDE85 
 173      33EB601C 
 173      92139C8C 
 174 0553 0F2D3FBF 		.ascii	"\017-?\277f\354\035\202y\355:\265\314%L\2267I\233@\257"
 174      66EC1D82 
 174      79ED3AB5 
 174      CC254C96 
 174      37499B40 
 175 0568 40F3BBAD 		.ascii	"@\363\273\255\314d8\220\006|\011\240\027B\003\022\213"
 175      CC643890 
 175      067C09A0 
 175      17420312 
 175      8B
 176 0579 D4D0CD9E 		.ascii	"\324\320\315\236\214S\034\036b.\236>\377h\005k\011\017"
 176      8C531C1E 
 176      622E9E3E 
 176      FF68056B 
 176      090F
 177 058b 289DED7F 		.ascii	"(\235\355\177b\342'\365!2\300\356\350\276P\201\361}"
 177      62E227F5 
 177      2132C0EE 
 177      E8BE5081 
 177      F17D
 178 059d 063D753B 		.ascii	"\006=u;\265\206\317\357\036R\276:vp\033\237\264\235"
 178      B586CFEF 
 178      1E52BE3A 
 178      76701B9F 
 178      B49D
 179 05af A45C77A3 		.ascii	"\244\\w\243qR\216\0373pl\321\356:LR8\372gMtP\343\362"
 179      71528E1F 
 179      33706CD1 
 179      EE3A4C52 
 179      38FA674D 
 180 05c7 E5576D0A 		.ascii	"\345Wm\012\374\224U\337Y\177\262\201\237\252\233Hy\357"
 180      FC9455DF 
 180      597FB281 
 180      9FAA9B48 
 180      79EF
 181 05d9 D9BA6A67 		.ascii	"\331\272jg\374\234}\274\023?\\\347\200_\363\254\370"
 181      FC9C7DBC 
 181      133F5CE7 
 181      805FF3AC 
 181      F8
 182 05ea 7474E7D3 		.ascii	"tt\347\3231\247\357Y\013\302F\005\375X5\326\334`\356"
 182      31A7EF59 
 182      0BC24605 
 182      FD5835D6 
 182      DC60EE
 183 05fd 67C49FF3 		.ascii	"g\304\237\363]\267\276\300\333\331\267\233\263\365\275"
 183      5DB7BEC0 
 183      DBD9B79B 
 183      B3F5BD
 184 060c 0AF724DA 		.ascii	"\012\367$\332\311`\264\224\323\3315\236\363@\355\264"
 184      C960B494 
 184      D3D9359E 
ARM GAS  /tmp/ccTbvUNX.s 			page 14


 184      F340EDB4 
 185 061c 972570EE 		.ascii	"\227%p\356\346\276F\223-\365\261\233\030\034\315\275"
 185      E6BE4693 
 185      2DF5B19B 
 185      181CCDBD 
 186 062c 035C7238 		.ascii	"\003\\r8o\237\012\3071;Gg\252\243\225x\027+\244\\\330"
 186      6F9F0AC7 
 186      313B4767 
 186      AAA39578 
 186      172BA45C 
 187 0641 DFE68893 		.ascii	"\337\346\210\223Y!\252\37378\225=\326$\357\351G8\203"
 187      5921AAFB 
 187      3738953D 
 187      D624EFE9 
 187      473883
 188 0654 15525B1F 		.ascii	"\025R[\037,\303\007\330\363\\S\3352|\204=7T\345\037"
 188      2CC307D8 
 188      F35C53DD 
 188      327C843D 
 188      3754E51F 
 189 0668 43F8382B 		.ascii	"C\3708+Le6<P\341\022V\310\355\312>\255\304\345\274\301"
 189      4C65363C 
 189      50E11256 
 189      C8EDCA3E 
 189      ADC4E5BC 
 190 067d D9B4A32E 		.ascii	"\331\264\243.\270\212\025\256\235\271\036\353\214\253"
 190      B88A15AE 
 190      9DB91EEB 
 190      8CAB
 191 068b 5921B6BC 		.ascii	"Y!\266\274<\335\031\327\360\326\253o&\363\353\271!R"
 191      3CDD19D7 
 191      F0D6AB6F 
 191      26F3EBB9 
 191      2152
 192 069d 1EC91BC9 		.ascii	"\036\311\033\311u\342c\345\000\345\370\256\313\317\021"
 192      75E263E5 
 192      00E5F8AE 
 192      CBCF11
 193 06ac AE63E0F8 		.ascii	"\256c\340\370\252\253\003r\273#\322\001\216\037\221"
 193      AAAB0372 
 193      BB23D201 
 193      8E1F91
 194 06bb 3EA62D99 		.ascii	">\246-\231z>\365\244\233md\307\000}\205\242sh\260h\035"
 194      7A3EF5A4 
 194      9B6D64C7 
 194      007D85A2 
 194      7368B068 
 195 06d0 BA2C183D 		.ascii	"\272,\030=\234'\267\015\255=\364{\023\361\027\237\271"
 195      9C27B70D 
 195      AD3DF47B 
 195      13F1179F 
 195      B9
 196 06e1 224F4FCF 		.ascii	"\"OO\317E\236\242\237\232^\017\031\267E\033M\215gpB"
 196      459EA29F 
 196      9A5E0F19 
 196      B7451B4D 
 196      8D677042 
ARM GAS  /tmp/ccTbvUNX.s 			page 15


 197 06f5 F94873A4 		.ascii	"\371Hs\244\361\310\022\252*\216\303\350\010\267H\310"
 197      F1C812AA 
 197      2A8EC3E8 
 197      08B748C8 
 198 0705 BF588EE8 		.ascii	"\277X\216\350\255$\332e\254Jm\034\3160\232\266a\212"
 198      AD24DA65 
 198      AC4A6D1C 
 198      CE309AB6 
 198      618A
 199 0717 8FB2C547 		.ascii	"\217\262\305G\316\303\337\217\025\341cl\361\333)\336"
 199      CEC3DF8F 
 199      15E1636C 
 199      F1DB29DE 
 200 0727 9BC09379 		.ascii	"\233\300\223y\257\276\220\313P6dK\026\375D\320\244\367"
 200      AFBE90CB 
 200      5036644B 
 200      16FD44D0 
 200      A4F7
 201 0739 96736A74 		.ascii	"\226sjt\224\363Dy \305 \307A\216\201\234\004)\000)\003"
 201      94F34479 
 201      20C520C7 
 201      418E819C 
 201      04290029 
 202 074e 29042901 		.ascii	")\004)\0019\001R\001R\004R\005r\020\3440H)H>\310!\220"
 202      39015201 
 202      52045205 
 202      7210E430 
 202      4829483E 
 203 0765 4ACE930E 		.ascii	"J\316\223\016&\214\344\313\377\0218f\330r\364\262ui"
 203      268CE4CB 
 203      FF113866 
 203      D872F4B2 
 203      7569
 204 0777 4A84CE94 		.ascii	"J\204\316\224D{\013\340\256\277\010\3404[0\353\021\""
 204      447B0BE0 
 204      AEBF08E0 
 204      345B30EB 
 204      1122
 205 0789 F44B71B4 		.ascii	"\364Kq\264\266IGW\004\037\026)\337k\213n\263U\336\""
 205      B6494757 
 205      041F1629 
 205      DF6B8B6E 
 205      B355DE22 
 206 079d 42EFB345 		.ascii	"B\357\263E\263\014\262rS\004\337c\013\037\260U\336%"
 206      B30CB272 
 206      5304DF63 
 206      0B1FB055 
 206      DE25
 207 07af 66BEDB16 		.ascii	"f\276\333\026\336g\013\257\025)O\227\346\"\016\213\010"
 207      DE670BAF 
 207      15294F97 
 207      E6220E8B 
 207      08
 208 07c0 9D2C4DC5 		.ascii	"\235,M\305\212\271\230\313\016\351\234\263\312Q\221"
 208      8AB998CB 
 208      0EE99CB3 
 208      CA5191
ARM GAS  /tmp/ccTbvUNX.s 			page 16


 209 07cf FA       		.ascii	"\372"
 210 07d0 14E93032 		.ascii	"\024\351028\2333\036\317\271G\222u\026\300\304\363\022"
 210      389B331E 
 210      CFB94792 
 210      7516C0C4 
 210      F312
 211 07e2 D3D5108B 		.ascii	"\323\325\020\213\317\2340\032\343\034\250\266$[m\267"
 211      CF9C301A 
 211      E31CA8B6 
 211      245B6DB7 
 212 07f2 E6358A98 		.ascii	"\3465\212\230k\2424\334\3025\022\360q8\222\342s9w\264"
 212      6BA234DC 
 212      C23512F0 
 212      713892E2 
 212      733977B4 
 213 0806 9FC79B87 		.ascii	"\237\307\233\207\000X!\331\250\357\025\271\226*\235"
 213      005821D9 
 213      A8EF15B9 
 213      962A9D
 214 0815 7E62EDBD 		.ascii	"~b\355\275\261\274\366]\240}'\2177\217\335|+2<Ya\\\276"
 214      B1BCF65D 
 214      A07D278F 
 214      378FDD7C 
 214      2B323C59 
 215 082c 91EF86A3 		.ascii	"\221\357\206\243\035\350,\\{\340\\\006l\011\027\261"
 215      1DE82C5C 
 215      7BE05C06 
 215      6C0917B1 
 216 083c 10DD88C3 		.ascii	"\020\335\210\303\321$Dg\240:L\240\346y\225DL\272\247"
 216      D1244467 
 216      A03A4CA0 
 216      E6799544 
 216      4CBAA7
 217 084f A3D3D0C1 		.ascii	"\243\323\320\301\377\277;;\231#\356%\336\346\\\342-"
 217      FFBF3B3B 
 217      9923EE25 
 217      DEE65CE2 
 217      2D
 218 0860 8B3CCA50 		.ascii	"\213<\312P\030\235\317r.\014\350y3>a\304\021\311]\026"
 218      189DCF72 
 218      2E0CE879 
 218      333E61C4 
 218      11C95D16 
 219 0874 F1A3277B 		.ascii	"\361\243'{p'W\265\213\313\0225\031F\325j(\250\3516\217"
 219      702757B5 
 219      8BCB1235 
 219      1946D56A 
 219      28A8E936 
 220 0889 73219B03 		.ascii	"s!\233\003\221\336\363Vz\3171\275b\317\347\340\343\033"
 220      91DEF356 
 220      7ACF31BD 
 220      62CFE7E0 
 220      E31B
 221 089b 9ABFE06D 		.ascii	"\232\277\340m\015\357y?<\337\002\306\227@\352@jA.\202"
 221      0DEF793F 
 221      3CDF02C6 
 221      9740EA40 
ARM GAS  /tmp/ccTbvUNX.s 			page 17


 221      6A412E82 
 222 08af 98402E58 		.ascii	"\230@.X\206,0\002;\227\317\262\352:\022\214\271\265"
 222      862C3002 
 222      3B97CFB2 
 222      EA3A128C 
 222      B9B5
 223 08c1 88B0864D 		.ascii	"\210\260\206M\036\246Z\244\272\277\244\331\327|\205"
 223      1EA65AA4 
 223      BABFA4D9 
 223      D77C85
 224 08d0 BFCEEC8D 		.ascii	"\277\316\354\215,|\236\2457\231\250:l\215Zg\024\251"
 224      2C7C9EA5 
 224      3799A83A 
 224      6C8D5A67 
 224      14A9
 225 08e2 D09589F7 		.ascii	"\320\225\211\367\031M\221\230\356\237:y<\277<\263\032"
 225      194D9198 
 225      EE9F3A79 
 225      3CBF3CB3 
 225      1A
 226 08f3 FE08782A 		.ascii	"\376\010x*\203\357\014d\013\323e\253\374\312|\345f<"
 226      83EF0C64 
 226      0BD365AB 
 226      FCCA7CE5 
 226      663C
 227 0905 D983DC90 		.ascii	"\331\203\334\220\306\213\324\317\244\343\013\214|=D"
 227      C68BD4CF 
 227      A4E30B8C 
 227      7C3D44
 228 0914 ACD7162F 		.ascii	"\254\327\026/\032\350E\015\331`\325\220\365V\015\031"
 228      1AE8450D 
 228      D960D590 
 228      F5560D19 
 229 0924 4B22FA10 		.ascii	"K\"\372\020>> \365{!\212M,\2422\324\003\241\353\006"
 229      3E3E20F5 
 229      7B218A4D 
 229      2CA232D4 
 229      03A1EB06 
 230 0938 B901D202 		.ascii	"\271\001\322\002\322\014\322h\025\312\206Dq(\037\001"
 230      D20CD268 
 230      15CA8644 
 230      71281F01 
 231 0948 9B263B43 		.ascii	"\233&;C\246\270\375\314\326dfS\350&\230\375ik\275\273"
 231      A6B8FDCC 
 231      D6646653 
 231      E82698FD 
 231      696BBDBB 
 232 095c F8501163 		.ascii	"\370P\021c\375\266\306\254\307\031\322\203\357'\360"
 232      FDB6C6AC 
 232      C719D283 
 232      EF27F0
 233 096b 23412B8C 		.ascii	"#A+\214\004\235<~\020\360\003\266M!Z\216\\\026ad\244"
 233      049D3C7E 
 233      10F003B6 
 233      4D215A8E 
 233      5C166164 
 234 0980 A665A527 		.ascii	"\246e\245'v\3012Z]\007\346\355\274\027\235\360\334\001"
ARM GAS  /tmp/ccTbvUNX.s 			page 18


 234      76C1325A 
 234      5D07E6ED 
 234      BC179DF0 
 234      DC01
 235 0992 ACDBAC58 		.ascii	"\254\333\254X[V\033W\240\301\306\201E\273\235\006\223"
 235      5B561B57 
 235      A0C1C681 
 235      45BB9D06 
 235      93
 236 09a3 D22FFB09 		.ascii	"\322/\373\011\345\226)\213l\337\206%\225{\013\243\376"
 236      E596298B 
 236      6CDF8625 
 236      957B0BA3 
 236      FE
 237 09b4 CC5B36EA 		.ascii	"\314[6\352\267[\217\372\242L\271\312-\021\252_\003\223"
 237      B75B8FFA 
 237      A24CB9CA 
 237      2D11AA5F 
 237      0393
 238 09c6 5D409A21 		.ascii	"]@\232!\355\240d\"\210\275\223!\300\303\265\232\223"
 238      EDA06422 
 238      88BD9321 
 238      C0C3B59A 
 238      93
 239 09d7 5B98C0CE 		.ascii	"[\230\300\316\350lt<\331\031\221\250\334\025\266-]4"
 239      E86C743C 
 239      D91991A8 
 239      DC15B62D 
 239      5D34
 240 09e9 39CD271B 		.ascii	"9\315'\033\352\270;\344d\203\264\311=\001\323N\207`"
 240      EAB83BE4 
 240      6483B4C9 
 240      3D01D34E 
 240      8760
 241 09fb 1680F604 		.ascii	"\026\200\366\004s\006\232\303\333\364\316\376\323\273"
 241      73069AC3 
 241      DBF4CEFE 
 241      D3BB
 242 0a09 D3A6BB35 		.ascii	"\323\246\2735\331i\015\006\277\037/J\271\373\222pQ|"
 242      D9690D06 
 242      BF1F2F4A 
 242      B9FB9270 
 242      517C
 243 0a1b E748531B 		.ascii	"\347HS\033\027\022\2208\276\354c{\"\233O\372@\303c\321"
 243      17129038 
 243      BEEC637B 
 243      229B4FFA 
 243      40C363D1 
 244 0a2f 31CDBCF9 		.ascii	"1\315\274\371D\2523\376\314\036r#\035\237/\201\026p"
 244      44AA33FE 
 244      CC1E7223 
 244      1D9F2F81 
 244      1670
 245 0a41 A0BBC109 		.ascii	"\240\273\301\011\353\241j^6$\342t\302\266F\212-4Pa\335"
 245      EBA16A5E 
 245      3624E274 
 245      C2B6468A 
ARM GAS  /tmp/ccTbvUNX.s 			page 19


 245      2D345061 
 246 0a56 6ED24064 		.ascii	"n\322@d\026x-\360\255\241|\311\261\322\211+\205\216"
 246      16782DF0 
 246      ADA17CC9 
 246      B1D2892B 
 246      858E
 247 0a68 72F3CC71 		.ascii	"r\363\314q\231\355\247\217%\034\314\261\177.<D\363`"
 247      99EDA78F 
 247      251CCCB1 
 247      7F2E3C44 
 247      F360
 248 0a7a 90E34F08 		.ascii	"\220\343O\010\347N\217vq\374\011\341\215\266\205\311"
 248      E74E8F76 
 248      71FC09E1 
 248      8DB685C9 
 249 0a8a D1B96A02 		.ascii	"\321\271j\002A&\301\232\311|<x\233#\307\203\3311\023"
 249      4126C19A 
 249      C97C3C78 
 249      9B23C783 
 249      D93113
 250 0a9d D51C4EA4 		.ascii	"\325\034N\244\3235\272\\^P\356F\011\364X\316\265n&\014"
 250      D335BA5C 
 250      5E50EE46 
 250      09F458CE 
 250      B56E260C 
 251 0ab1 36395ACE 		.ascii	"69Z\316\272\356p\364e\335\236\264Vda:\302^\266\034\253"
 251      BAEE70F4 
 251      65DD9EB4 
 251      5664613A 
 251      C25EB61C 
 252 0ac6 A871B6CB 		.ascii	"\250q\266\313t\2142\03553Mz\225w\333|\2269\274:\303"
 252      748C321D 
 252      35334D7A 
 252      9577DB7C 
 252      9639BC3A 
 253 0adb 58CB1104 		.ascii	"X\313\021\004\032\026\226\005\360\310\210\216S\242\217"
 253      1A169605 
 253      F0C8888E 
 253      53A28F
 254 0aea F2A25316 		.ascii	"\362\242S\026\340\\F\364x[\301k9\256b\213\214]\265\331"
 254      E05C46F4 
 254      785BC16B 
 254      39AE628B 
 254      8C5DB5D9 
 255 0afe 0F5DEC1D 		.ascii	"\017]\354\035\322<\340\354\035\322\274\355\300\211\215"
 255      D23CE0EC 
 255      1DD2BCED 
 255      C0898D
 256 0b0d B4C3DC87 		.ascii	"\264\303\334\207e\320=n\376A\315\331\304\274YL\275$"
 256      65D03D6E 
 256      FE41CDD9 
 256      C4BC594C 
 256      BD24
 257 0b1f 08168E6D 		.ascii	"\010\026\216m\227f\222]\361\033fyw}\343\013\205\345"
 257      9766925D 
 257      F11B6679 
 257      777DE30B 
ARM GAS  /tmp/ccTbvUNX.s 			page 20


 257      85E5
 258 0b31 00B3EB33 		.ascii	"\000\263\3533rh0\001\320G\266\312$\251=\226\240\006"
 258      72683001 
 258      D047B6CA 
 258      24A93D96 
 258      A006
 259 0b43 169EC58C 		.ascii	"\026\236\305\214\266\263\330\022U\017Yl\313\336\356"
 259      B6B3D812 
 259      550F596C 
 259      CBDEEE
 260 0b52 1D72C5F1 		.ascii	"\035r\305\361\216\324\373\341\250\312&W\234\310\012"
 260      8ED4FBE1 
 260      A8CA2657 
 260      9CC80A
 261 0b61 BBF6D6D6 		.ascii	"\273\366\326\326\312q*+\034\316H\216Q\340LV(\330\223"
 261      CA712A2B 
 261      1CCE488E 
 261      51E04C56 
 261      28D893
 262 0b74 54A6C2D9 		.ascii	"T\246\302\331\254\220~\274\373\245\023>\300\012y/_M"
 262      AC907EBC 
 262      FBA5133E 
 262      C00A792F 
 262      5F4D
 263 0b86 92C381A5 		.ascii	"\222\303\201\245\344\324\037\213\316\201\227\262s\340"
 263      E4D41F8B 
 263      CE8197B2 
 263      73E0
 264 0b94 9AD666D8 		.ascii	"\232\326f\330\000\037\241`.\351`\341N'sx\241a\025j\231"
 264      001FA160 
 264      2EE960E1 
 264      4E277378 
 264      A161156A 
 265 0ba9 A559D12B 		.ascii	"\245Y\321+\360a)\357\303,\254\332\236s\226\223\232\364"
 265      F06129EF 
 265      C32CACDA 
 265      9E739693 
 265      9AF4
 266 0bbb E5A9F4C0 		.ascii	"\345\251\364\300\370%x\361B\010\310R>\270\027\222\373"
 266      F82578F1 
 266      4208C852 
 266      3EB81792 
 266      FB
 267 0bcc C654B894 		.ascii	"\306T\270\224\331x\035\2356!\027\235\004\257\270DO\202"
 267      D9781D9D 
 267      3621179D 
 267      04AFB844 
 267      4F82
 268 0bde E7A0EA6B 		.ascii	"\347\240\352k\241\352K\316\022K[\036o$x\220-\372\354"
 268      A1EA4BCE 
 268      124B5B1E 
 268      6F247890 
 268      2DFAEC
 269 0bf1 A1734A7C 		.ascii	"\241sJ|\232\032\221O\317$\364\252\020\254\327\324\226"
 269      9A1A914F 
 269      CF24F4AA 
 269      10ACD7D4 
ARM GAS  /tmp/ccTbvUNX.s 			page 21


 269      96
 270 0c02 B1819389 		.ascii	"\261\201\223\211F]#f\003C4V\243(\354\211\"\261x \030"
 270      465D2366 
 270      03433456 
 270      A328EC89 
 270      22B17820 
 271 0c17 9FC0E70F 		.ascii	"\237\300\347\017\357\206\245\325EDy\315\000/R\303B\201"
 271      EF86A5D5 
 271      454479CD 
 271      002F52C3 
 271      4281
 272 0c29 0E0645A2 		.ascii	"\016\006E\242\221n\370\375t\243)\012S\364[I\264h\350"
 272      916EF8FD 
 272      74A3290A 
 272      53F45B49 
 272      B468E8
 273 0c3c 18C85291 		.ascii	"\030\310R\221\354\001\214\365\251\226\374\332\300\343"
 273      EC018CF5 
 273      A996FCDA 
 273      C0E3
 274 0c4a 3D08792E 		.ascii	"=\010y.V{\262)x&\313-\222\252%\352\236\201\332\355x"
 274      567BB229 
 274      7826CB2D 
 274      92AA25EA 
 274      9E81DAED 
 275 0c5f B1D4F8B9 		.ascii	"\261\324\370\271\207?j \343\237\340#\001\023\037w\200"
 275      873F6A20 
 275      E39FE023 
 275      01131F77 
 275      80
 276 0c70 8F31E0E3 		.ascii	"\2171\340\3436\336G~@\315ZBg3@Y\357a\330\"\317=%\332"
 276      36DE477E 
 276      40CD5A42 
 276      67334059 
 276      EF61D822 
 277 0c88 D8F4311D 		.ascii	"\330\3641\035\270\237\3327L\216V\316\265^\346\026\003"
 277      B89FDA37 
 277      4C8E56CE 
 277      B55EE616 
 277      03
 278 0c99 8348BB0C 		.ascii	"\203H\273\014dV\346I\307\252\273~\322\005\277`\011:"
 278      6456E649 
 278      C7AABB7E 
 278      D205BF60 
 278      093A
 279 0cab DA5A1AA5 		.ascii	"\332Z\032\245\304oX\341@[I\253\002G*\331\221qaI\027"
 279      C46F58E1 
 279      405B49AB 
 279      02472AD9 
 279      91716149 
 280 0cc0 876358A1 		.ascii	"\207cX\241\350\314\344N\204\023Y\341IL\251\001\247\261"
 280      E8CCE44E 
 280      841359E1 
 280      494CA901 
 280      A7B1
 281 0cd2 E7C4CE9C 		.ascii	"\347\304\316\234>%\177\304J\2166g\017\216\300f5\233"
 281      3E257FC4 
ARM GAS  /tmp/ccTbvUNX.s 			page 22


 281      4A8E3667 
 281      0F8EC066 
 281      359B
 282 0ce4 7E74992B 		.ascii	"~t\231+j\365D\226\223\217Ej\376\330c\370\357\204M\321"
 282      6AF54496 
 282      938F456A 
 282      FED863F8 
 282      EF844DD1 
 283 0cf8 2E8C5126 		.ascii	".\214Q&~\327v\277\305C@?\341l\320\363\367\301\"t\222"
 283      7ED776BF 
 283      C543403F 
 283      E16CD0F3 
 283      F7C12274 
 284 0d0d ADEEF95B 		.ascii	"\255\356\371[\325\373\"*\011\266\360\371\373`\021:\336"
 284      D5FB222A 
 284      09B6F0F9 
 284      FB60113A 
 284      DE
 285 0d1e 163DEF30 		.ascii	"\026=\3570\241W\204\336-\351\246\010<%\002\357\224&"
 285      A15784DE 
 285      2DE9A608 
 285      3C2502EF 
 285      9426
 286 0d30 22DE28CE 		.ascii	"\"\336(\316e\251\030>\026\032y\3326*\363\216\036\032"
 286      65A9183E 
 286      161A79DA 
 286      362AF38E 
 286      1E1A
 287 0d42 CC19454F 		.ascii	"\314\031EO\231\244\231\317_\310%b\017~e\232\311w\330"
 287      99A499CF 
 287      5FC82562 
 287      0F7E659A 
 287      C977D8
 288 0d55 2C48E634 		.ascii	",H\3464\310\246d\220\275 \260QC\251 \031 \351 \331 "
 288      C8A66490 
 288      BD20B051 
 288      43A92019 
 288      20E920D9 
 289 0d6a 7B4052AC 		.ascii	"{@R\254\223=\223-\3352\261\324\206=[DmJ\332\023\313"
 289      933D932D 
 289      DD32B1D4 
 289      863D5B44 
 289      6D4ADA13 
 290 0d7f 96D7D436 		.ascii	"\226\327\3246[\251\300\007ivq/\233*\233\024\226-\357"
 290      5BA9C007 
 290      6976712F 
 290      9B2A9B14 
 290      962DEF
 291 0d92 40363D49 		.ascii	"@6=I\316\201\332\373\261e #&\245\235B\007\300\227\377"
 291      CE81DAFB 
 291      B1652023 
 291      26A59D42 
 291      07C097FF 
 292 0da6 AB5F40E5 		.ascii	"\253_@\345\351\225\301\002g\361N6\007\2137*\271\330"
 292      E995C102 
 292      67F14E36 
 292      078B372A 
ARM GAS  /tmp/ccTbvUNX.s 			page 23


 292      B9D8
 293 0db8 BCB02407 		.ascii	"\274\260$\007\277q\351\343\256\270\204\321\236<VP\345"
 293      BF71E9E3 
 293      AEB884D1 
 293      9E3C5650 
 293      E5
 294 0dc9 8C5CD476 		.ascii	"\214\\\324v\252\242\303\300E\250m\231A\317\304\320\025"
 294      AAA2C3C0 
 294      45A86D99 
 294      41CFC4D0 
 294      15
 295 0dda CD21F872 		.ascii	"\315!\370rP\360\017\200\314D\347\253\243\215\012:\227"
 295      50F00F80 
 295      CC44E7AB 
 295      A38D0A3A 
 295      97
 296 0deb 11C4249B 		.ascii	"\021\304$\233\313\206o\337<\207\355\256\023\3620Y'\034"
 296      CB866FDF 
 296      3C87EDAE 
 296      13F23059 
 296      271C
 297 0dfd C1FC3AE1 		.ascii	"\301\374:\341z\346\341:\363:a`\216\255h\000\202\356"
 297      7AE6E13A 
 297      F33A6160 
 297      8EAD6800 
 297      82EE
 298 0e0f 0AD3C25D 		.ascii	"\012\323\302]\363B\341(&\013\205{\205\031\361\012|\206"
 298      F342E128 
 298      260B857B 
 298      8519F10A 
 298      7C86
 299 0e21 0D04E9B1 		.ascii	"\015\004\351\261\315\355\013\370\352Ww\341\236\202\035"
 299      CDED0BF8 
 299      EA5777E1 
 299      9E821D
 300 0e30 267FBA7A 		.ascii	"&\177\272zF\307\004\272\360\310\024\344S\005\203\311"
 300      46C704BA 
 300      F0C814E4 
 300      530583C9 
 301 0e40 C5710EB8 		.ascii	"\305q\016\270\233)\270\0279\236\317Q\017\352\331n\036"
 301      9B29B817 
 301      399ECF51 
 301      0FEAD96E 
 301      1E
 302 0e51 DEBDDAFB 		.ascii	"\336\275\332\373\362\236\223e\365s\034\323\227\323\265"
 302      F29E9365 
 302      F5731CD3 
 302      97D3B5
 303 0e60 3977ECAF 		.ascii	"9w\354\257~\212\250W\205f\257\212\372'\266\251xZ-l\365"
 303      7E8AA857 
 303      8566AF8A 
 303      FA27B6A9 
 303      785A2D6C 
 304 0e75 03085420 		.ascii	"\003\010T p*0s*\246\234\242;vg9\340!\306\251m\272\371"
 304      702A3073 
 304      2AA69CA2 
 304      3B766739 
ARM GAS  /tmp/ccTbvUNX.s 			page 24


 304      E021C6A9 
 305 0e8c BAE21787 		.ascii	"\272\342\027\207\331\337\201;>\315\251k1\032\017rtY"
 305      D9DF813B 
 305      3ECDA96B 
 305      311A0F72 
 305      7459
 306 0e9e 59C23458 		.ascii	"Y\3024X6\3642\362\206\374Q\030\377\202\234+?\277\372"
 306      36F432F2 
 306      86FC5118 
 306      FF829C2B 
 306      3FBFFA
 307 0eb1 AF788C29 		.ascii	"\257x\214)\331;\221\322\340\012JL&\243\351N\024\202"
 307      D93B91D2 
 307      E00A4A4C 
 307      26A3E94E 
 307      1482
 308 0ec3 DE2BA70B 		.ascii	"\336+\247\013\3512^\203\260\245$o\326\301LYNutL\365"
 308      E9325E83 
 308      B0A5246F 
 308      D6C14C59 
 308      4E75744C 
 309 0ed8 3E711367 		.ascii	">q\023g\030!.d\330\011\332\364\364N\376\270y\251\244"
 309      18212E64 
 309      D809DAF4 
 309      F44EFEB8 
 309      79A9A4
 310 0eeb D8510CEE 		.ascii	"\330Q\014\356\263\3327W\360\340\012\012.\032i\377H\214"
 310      B3DA3757 
 310      F0E00A0A 
 310      2E1A69FF 
 310      488C
 311 0efd CDB3525C 		.ascii	"\315\263R\\\311c+)6&>%\331\212\005\371#\270\000>\311"
 311      C9632B29 
 311      36263E25 
 311      D98A05F9 
 311      23B8003E 
 312 0f12 834F5270 		.ascii	"\203ORp\343\366\213&\0271x\314j\267U\305\203\253(\370"
 312      E3F68B26 
 312      173178CC 
 312      6AB755C5 
 312      83AB28F8 
 313 0f26 D1F1D224 		.ascii	"\321\361\322$\225\030<d\005>\305\203\311]\271\345\317"
 313      95183C64 
 313      053EC583 
 313      C95DB9E5 
 313      CF
 314 0f37 9BB5FA50 		.ascii	"\233\265\372P\275A\371\325\332o>\360\361\366\226\375"
 314      BD41F9D5 
 314      DA6F3EF0 
 314      F1F696FD 
 315 0f47 ED72AF88 		.ascii	"\355r\257\210\260\255\341A:\257\315\201\033\365A\353"
 315      B0ADE141 
 315      3AAFCD81 
 315      1BF541EB 
 316 0f57 0343830D 		.ascii	"\003C\203\015\377\265<H\246\012\332\264nSp@\210N\267"
 316      FFB53C48 
 316      A60ADAB4 
ARM GAS  /tmp/ccTbvUNX.s 			page 25


 316      6E537040 
 316      884EB7
 317 0f6a 45A5D56E 		.ascii	"E\245\325n\325\207\032>Y\2415\374\223\327\326\210p/"
 317      D5871A3E 
 317      59A135FC 
 317      93D7D688 
 317      702F
 318 0f7c 7D6850C8 		.ascii	"}hP\310\326`\235W\250\356\317!\372\365P1h\223>T\347"
 318      D6609D57 
 318      A8EECF21 
 318      FAF55031 
 318      68933E54 
 319 0f91 A50DD66D 		.ascii	"\245\015\326m\010\334\032b\320\032~\334\242\213X"
 319      08DC1A62 
 319      D01A7EDC 
 319      A28B58
 320 0fa0 BE49A634 		.ascii	"\276I\2464W\373P\252Z\304\217\021^\332\010C0`\000\353"
 320      57FB50AA 
 320      5AC48F11 
 320      5EDA0843 
 320      306000EB 
 321 0fb4 0A4578D2 		.ascii	"\012Ex\322\205\377\020\030\2425\250\227/\367b\377}6"
 321      85FF1018 
 321      A235A897 
 321      2FF762FF 
 321      7D36
 322 0fc6 E9D7EBFD 		.ascii	"\351\327\353\375\002\274\302\"\274\302\015\026\025A"
 322      02BCC222 
 322      BCC20D16 
 322      1541
 323 0fd4 9B0CFACD 		.ascii	"\233\014\372\315:\250\366\321O\0037\205\353\002\203"
 323      3AA8F6D1 
 323      4F033785 
 323      EB0283
 324 0fe3 091D0F70 		.ascii	"\011\035\017p~eh\340\372\020\235\317\246\300\320P]\310"
 324      7E6568E0 
 324      FA109DCF 
 324      A6C0D050 
 324      5DC8
 325 0ff5 DA30837E 		.ascii	"\3320\203~\203>(\320\240\017\013"
 325      833E28D0 
 325      A00F0B
 326 1000 75624E7E 		.ascii	"ubN~\24658\362w\027\200\0071\240\326\360\271\224\235"
 326      A63538F2 
 326      77178007 
 326      31A0D6F0 
 326      B9949D
 327 1013 4D81215E 		.ascii	"M\201!^[\302\302\015\021^\001\353\326|\262\302k\365"
 327      5BC2C20D 
 327      115E01EB 
 327      D67CB2C2 
 327      6BF5
 328 1025 6A5FAF75 		.ascii	"j_\257u\253\326\374\340M\276hI\250CB\202\301\260\"("
 328      ABD6FCE0 
 328      4DBE6849 
 328      A8434282 
 328      C1B02228 
ARM GAS  /tmp/ccTbvUNX.s 			page 26


 329 1039 242CE87B 		.ascii	"$,\350{%\257,\302QGI\004;S\003\241\233#\276\327\032"
 329      25AF2CC2 
 329      51474904 
 329      3B5303A1 
 329      9B23BED7 
 330 104e 1CB6E8C2 		.ascii	"\034\266\350\302\365a\301\244}\202B!\202\016Aa\241\033"
 330      F561C1A4 
 330      7D824221 
 330      820E4161 
 330      A11B
 331 1060 F41B7150 		.ascii	"\364\033qP\370\012\371\346\260`\235\023| w\255A\031"
 331      F80AF9E6 
 331      B0609D13 
 331      7C2077AD 
 331      4119
 332 1072 141812B2 		.ascii	"\024\030\022\262>0\350{W\202\345\237\265\206\205\376"
 332      3E30E87B 
 332      5782E59F 
 332      B58685FE 
 333 1082 DFADE1DD 		.ascii	"\337\255\341\335\362\241U\2356\204\353\376s\253.4\350"
 333      F2A1559D 
 333      3684EBFE 
 333      73AB2E34 
 333      E8
 334 1093 4779B05E 		.ascii	"Gy\260^\027\356D\276\323\017\212\010C\240AG\312Z\315"
 334      17EE44BE 
 334      D30F8A08 
 334      43A04147 
 334      CA5ACD
 335 10a6 CA2F7DFF 		.ascii	"\312/}\377\240$O\001\353\374\374U\344\341\233\265\253"
 335      A0244F01 
 335      EBFCFC55 
 335      E4E19BB5 
 335      AB
 336 10b7 D6AE5AF7 		.ascii	"\326\256Z\367K{\356\232\343\312;\010\316\251\340F5j"
 336      4B7BEE9A 
 336      E3CA3B08 
 336      CEA9E046 
 336      356A
 337 10c9 0D44A76F 		.ascii	"\015D\247o\270\376\007]8\206\346Q\370\370\254\321|\302"
 337      B8FE075D 
 337      3886E651 
 337      F8F8ACD1 
 337      7CC2
 338 10db F969E4BE 		.ascii	"\371i\344\276k\276\324`_\037\215\3747\276\3534\330\307"
 338      6BBED460 
 338      5F1F8DFC 
 338      37BEEB34 
 338      D8C7
 339 10ed 47833520 		.ascii	"G\2035 _j4\330?\300\007\373\254]'\367\361Y\251\241\370"
 339      5F6A34D8 
 339      3FC007FB 
 339      AC5D27F7 
 339      F159A9A1 
 340 1102 15F4EA8D 		.ascii	"\025\364\352\215W~\245\341\002\240\346\252\225\032y"
 340      577EA5E1 
 340      02A0E6AA 
ARM GAS  /tmp/ccTbvUNX.s 			page 27


 340      951A79
 341 1111 C01A40FB 		.ascii	"\300\032@\373hV\200x\003\362\367\232\177\371\353\032"
 341      68568078 
 341      03F2F79A 
 341      7FF9EB1A 
 342 1121 23C2B099 		.ascii	"#\302\260\231$\241\236\260u\266\024 d\266\371\3607\332"
 342      24A19EB0 
 342      75B61420 
 342      64B6F9F0 
 342      37DA
 343 1133 2DE016B4 		.ascii	"-\340\026\264\2316Bg\330\030\036\266u\013\011\271R\037"
 343      99364267 
 343      D8181EB6 
 343      750B09B9 
 343      521F
 344 1145 C622FFEB 		.ascii	"\306\"\377\353\237k\366+\377U~?\254`1b\012\301\262\213"
 344      9F6BF62B 
 344      FF557E3F 
 344      AC603162 
 344      0AC1B28B 
 345 1159 3E8CE036 		.ascii	">\214\3406\007\222\346\226\177\371[\315j\305j?\237\337"
 345      0792E696 
 345      7FF95BCD 
 345      6AC56A3F 
 345      9FDF
 346 116b 41500234 		.ascii	"AP\0024\032\364\035\372\032\262D\027\030\316w6\357_"
 346      1AF41DFA 
 346      1AB24417 
 346      18CE7736 
 346      EF5F
 347 117d 414B9B1F 		.ascii	"AK\233\0370\320\371\331\011\310\033g~n\334\242\017\003"
 347      30D0F9D9 
 347      09C81B67 
 347      7E6EDCA2 
 347      0F03
 348 118f DBD8CF57 		.ascii	"\333\330\317W\203W\371j\024\376\337\370\373j\034\375"
 348      8357F96A 
 348      14FEDFF8 
 348      FB6A1CFD 
 349 119f 02FC57AE 		.ascii	"\002\374W\256\364\3258\370\255\373\203?\304}\215\237"
 349      F4D538F8 
 349      ADFB833F 
 349      C47D8D9F 
 350 11af 2F441918 		.ascii	"/D\031\030}\355\"\324\322\032T\214\260>Xk\370{K\244"
 350      7DED22D4 
 350      D21A548C 
 350      B03E586B 
 350      F87B4BA4 
 351 11c3 FC699AEA 		.ascii	"\374i\232\352\203\304]\207$m\200!0\334\240 \355\357"
 351      83C45D87 
 351      246D8021 
 351      30DCA020 
 351      EDEF
 352 11d5 ED40F272 		.ascii	"\355@\362r\303\306\377\005\264\205\014R"
 352      C3C6FF05 
 352      B4850C52 
 353              		.text
ARM GAS  /tmp/ccTbvUNX.s 			page 28


 354              		.section	.gnu.lto_.symtab.be6994961f869b46,"",%progbits
 355 0000 70776D5F 		.ascii	"pwm_init\000"
 355      696E6974 
 355      00
 356 0009 00       		.ascii	"\000"
 357 000a 00       		.ascii	"\000"
 358 000b 00       		.ascii	"\000"
 359 000c 00000000 		.ascii	"\000\000\000\000\000\000\000\000"
 359      00000000 
 360 0014 AE000000 		.ascii	"\256\000\000\000"
 361 0018 50574D44 		.ascii	"PWMD1\000"
 361      3100
 362 001e 00       		.ascii	"\000"
 363 001f 02       		.ascii	"\002"
 364 0020 00       		.ascii	"\000"
 365 0021 00000000 		.ascii	"\000\000\000\000\000\000\000\000"
 365      00000000 
 366 0029 AF010000 		.ascii	"\257\001\000\000"
 367 002d 63685468 		.ascii	"chThdSleep\000"
 367      64536C65 
 367      657000
 368 0038 00       		.ascii	"\000"
 369 0039 02       		.ascii	"\002"
 370 003a 00       		.ascii	"\000"
 371 003b 00000000 		.ascii	"\000\000\000\000\000\000\000\000"
 371      00000000 
 372 0043 BF000000 		.ascii	"\277\000\000\000"
 373 0047 70776D45 		.ascii	"pwmEnableChannelNotification\000"
 373      6E61626C 
 373      65436861 
 373      6E6E656C 
 373      4E6F7469 
 374 0064 00       		.ascii	"\000"
 375 0065 02       		.ascii	"\002"
 376 0066 00       		.ascii	"\000"
 377 0067 00000000 		.ascii	"\000\000\000\000\000\000\000\000"
 377      00000000 
 378 006f 61010000 		.ascii	"a\001\000\000"
 379 0073 70776D45 		.ascii	"pwmEnableChannel\000"
 379      6E61626C 
 379      65436861 
 379      6E6E656C 
 379      00
 380 0084 00       		.ascii	"\000"
 381 0085 02       		.ascii	"\002"
 382 0086 00       		.ascii	"\000"
 383 0087 00000000 		.ascii	"\000\000\000\000\000\000\000\000"
 383      00000000 
 384 008f 67010000 		.ascii	"g\001\000\000"
 385 0093 5F70616C 		.ascii	"_pal_lld_setgroupmode\000"
 385      5F6C6C64 
 385      5F736574 
 385      67726F75 
 385      706D6F64 
 386 00a9 00       		.ascii	"\000"
 387 00aa 02       		.ascii	"\002"
 388 00ab 00       		.ascii	"\000"
ARM GAS  /tmp/ccTbvUNX.s 			page 29


 389 00ac 00000000 		.ascii	"\000\000\000\000\000\000\000\000"
 389      00000000 
 390 00b4 A6010000 		.ascii	"\246\001\000\000"
 391 00b8 70776D45 		.ascii	"pwmEnablePeriodicNotification\000"
 391      6E61626C 
 391      65506572 
 391      696F6469 
 391      634E6F74 
 392 00d6 00       		.ascii	"\000"
 393 00d7 02       		.ascii	"\002"
 394 00d8 00       		.ascii	"\000"
 395 00d9 00000000 		.ascii	"\000\000\000\000\000\000\000\000"
 395      00000000 
 396 00e1 A8010000 		.ascii	"\250\001\000\000"
 397 00e5 70776D53 		.ascii	"pwmStart\000"
 397      74617274 
 397      00
 398 00ee 00       		.ascii	"\000"
 399 00ef 02       		.ascii	"\002"
 400 00f0 00       		.ascii	"\000"
 401 00f1 00000000 		.ascii	"\000\000\000\000\000\000\000\000"
 401      00000000 
 402 00f9 AD010000 		.ascii	"\255\001\000\000"
 403              		.text
 404              		.section	.gnu.lto_.opts,"",%progbits
 405 0000 272D666D 		.ascii	"'-fmath-errno' '-fsigned-zeros' '-ftrapping-math' '"
 405      6174682D 
 405      6572726E 
 405      6F272027 
 405      2D667369 
 406 0033 2D666E6F 		.ascii	"-fno-trapv' '-fno-strict-overflow' '-fno-openmp' '-"
 406      2D747261 
 406      70762720 
 406      272D666E 
 406      6F2D7374 
 407 0066 666E6F2D 		.ascii	"fno-openacc' '-mcpu=cortex-m4' '-mthumb' '-mfloat-a"
 407      6F70656E 
 407      61636327 
 407      20272D6D 
 407      6370753D 
 408 0099 62693D68 		.ascii	"bi=hard' '-mfpu=fpv4-sp-d16' '-ggdb' '-Og' '-fomit-"
 408      61726427 
 408      20272D6D 
 408      6670753D 
 408      66707634 
 409 00cc 6672616D 		.ascii	"frame-pointer' '-falign-functions=16' '-ffunction-s"
 409      652D706F 
 409      696E7465 
 409      72272027 
 409      2D66616C 
 410 00ff 65637469 		.ascii	"ections' '-fdata-sections' '-fno-common' '-flto'\000"
 410      6F6E7327 
 410      20272D66 
 410      64617461 
 410      2D736563 
 411              		.text
 412              		.comm	__gnu_lto_v1,1,1
ARM GAS  /tmp/ccTbvUNX.s 			page 30


 413              		.comm	__gnu_lto_slim,1,1
 414              		.ident	"GCC: (15:6.3.1+svn253039-1build1) 6.3.1 20170620"
ARM GAS  /tmp/ccTbvUNX.s 			page 31


DEFINED SYMBOLS
                            *ABS*:0000000000000000 magicbandtx.c
                            *COM*:0000000000000001 __gnu_lto_v1
                            *COM*:0000000000000001 __gnu_lto_slim

NO UNDEFINED SYMBOLS
