ARM GAS  /tmp/cckaz3a5.s 			page 1


   1              		.cpu cortex-m4
   2              		.eabi_attribute 27, 1
   3              		.eabi_attribute 28, 1
   4              		.eabi_attribute 20, 1
   5              		.eabi_attribute 21, 1
   6              		.eabi_attribute 23, 3
   7              		.eabi_attribute 24, 1
   8              		.eabi_attribute 25, 1
   9              		.eabi_attribute 26, 1
  10              		.eabi_attribute 30, 1
  11              		.eabi_attribute 34, 1
  12              		.eabi_attribute 18, 4
  13              		.file	"main.c"
  14              		.text
  15              	.Ltext0:
  16              		.section	.gnu.lto_.profile.a49eb298bf66605f,"",%progbits
  17 0000 789C6365 		.ascii	"x\234ce`b`a```d\360\346\006\000\001!\000c"
  17      60626061 
  17      60606064 
  17      F0E60600 
  17      01210063 
  18              		.text
  19              		.section	.gnu.lto_.inline.a49eb298bf66605f,"",%progbits
  20 0000 789C6365 		.ascii	"x\234ce`b\210e@\000f\006\006v\011F\240 \003\003\333"
  20      60628865 
  20      40006606 
  20      06760946 
  20      A0200303 
  21 0015 027910C5 		.ascii	"\002y\020\305\300\310\005\022\347a\000\01123\260\234"
  21      C0C80512 
  21      E7610009 
  21      3233B09C 
  22 0025 E18048B3 		.ascii	"\341\200H\263\200I\006&nF\006F \207M\003E\030\254\011"
  22      80490626 
  22      6E460646 
  22      20874D03 
  22      4518AC09 
  23 0039 8D600000 		.ascii	"\215`\000\000\275\337\002\307"
  23      BDDF02C7 
  24              		.text
  25              		.section	.gnu.lto_.jmpfuncs.a49eb298bf66605f,"",%progbits
  26 0000 789C6365 		.ascii	"x\234ce`b\020b@\000f8\311\002\025\001\000\003\242\000"
  26      60621062 
  26      40006638 
  26      C9021501 
  26      0003A200 
  27 0014 24       		.ascii	"$"
  28              		.text
  29              		.section	.gnu.lto_.pureconst.a49eb298bf66605f,"",%progbits
  30 0000 789C6365 		.ascii	"x\234ce`b`g```f\220`6a\021\001\000\002\022\000y"
  30      60626067 
  30      60606066 
  30      90603661 
  30      11010002 
  31              		.text
  32              		.section	.gnu.lto_app_init.a49eb298bf66605f,"",%progbits
  33 0000 789C6D90 		.ascii	"x\234m\220\277J\003A\020\306\347\333\271\334\235A;\021"
ARM GAS  /tmp/cckaz3a5.s 			page 2


  33      BF4A0341 
  33      10C6E7DB 
  33      B9DC9D41 
  33      3B11
  34 0012 510BDB34 		.ascii	"Q\013\3334v>\220XY\350+\334&zD\"\250\215\011W\310\036"
  34      763E9058 
  34      59E82BDC 
  34      267A4422 
  34      A88D0957 
  35 0028 048CFF63 		.ascii	"\004\214\377c\354\256;\202\225\210\202\220\312N!\202"
  35      ECAE3B82 
  35      95888290 
  35      CA4E2182 
  36 0038 A70FA060 		.ascii	"\247\017\240`t\366\004\321\350\300\260\313\314\307\357"
  36      74F604D1 
  36      E8C0B0CB 
  36      CCC7EF
  37 0047 9B990229 		.ascii	"\233\231\002)Z\003\321\010\021MK\202\011j\373\232\250"
  37      5A03D108 
  37      114D4B82 
  37      096AFB9A 
  37      A8
  38 0058 EC2BC07E 		.ascii	"\354+\300~\264\017\012\024\002lq\203\321\255\366\023"
  38      B40F0A14 
  38      026C7183 
  38      D1ADF613 
  39 0068 556A6989 		.ascii	"Uji\211\264Q\237/\353p\3220Q$i\003-\224Hd\367\235\301"
  39      B4519F2F 
  39      EB70D230 
  39      51246903 
  39      2D944864 
  40 007f CE98EB7C 		.ascii	"\316\230\353|\325\261\017W,\250}\213T\017>\252:\355"
  40      D5B10F57 
  40      2CA87D8B 
  40      540F3EAA 
  40      3AED
  41 0091 8F5F4E38 		.ascii	"\217_N8D5\351Z\213\015V\366\345\014a\3740e\345\226\221"
  41      4435E95A 
  41      8B0D56F6 
  41      E50C61FC 
  41      3065E596 
  42 00a6 24CF775E 		.ascii	"$\317w^\360\256}\303\210X\0008@`\033\365\260{\343m\262"
  42      F0AE7DC3 
  42      88580038 
  42      40601BF5 
  42      B07BE36D 
  43 00bb 6185219D 		.ascii	"a\205!\235jZ?\251=]\365.\212\006\2730\3148\222\341\017"
  43      6A5A3FA9 
  43      3D5DF52E 
  43      8A06BB30 
  43      CC3892E1 
  44 00d0 319337E2 		.ascii	"1\2237\342\267\327\336\250\210\327\265\236\265\200c"
  44      B7D7DEA8 
  44      88D7B59E 
  44      B58063
  45 00df 18E48638 		.ascii	"\030\344\2068A\360\223\355\014\263\235\246\235\3417"
  45      41F093ED 
ARM GAS  /tmp/cckaz3a5.s 			page 3


  45      0CB39DA6 
  45      9DE137
  46 00ee BB80B6B0 		.ascii	"\273\200\266\260O\377\262\343=X\304\3317\275\203\300"
  46      4FFFB2E3 
  46      3D58C4D9 
  46      37BD83C0 
  47 00fe B04B1956 		.ascii	"\260K\031V\343\307\3776\364\"\271\001\341\\64\354\323"
  47      E3C7FF36 
  47      F422B901 
  47      E15C3634 
  47      ECD3
  48 0110 0B2A7156 		.ascii	"\013*qV\314u6jb-\007\022\205\267\274\260\2642\267H\237"
  48      CC75366A 
  48      622D0712 
  48      85B7BCB0 
  48      B432B748 
  49 0125 A6DF8430 		.ascii	"\246\337\2040"
  50              		.text
  51              		.section	.gnu.lto_ser_cfg.a49eb298bf66605f,"",%progbits
  52 0000 789C6365 		.ascii	"x\234ce`b\010f```d\200\200\351\314\214\353\337\354\374"
  52      60620866 
  52      60606064 
  52      8080E9CC 
  52      8CEBDFEC 
  53 0015 C9DBC73C 		.ascii	"\311\333\307<\237\031(\010\344.Z\323q\204\003\304ed"
  53      9F192808 
  53      E42E5AD3 
  53      718403C4 
  53      6564
  54 0027 6C686107 		.ascii	"lha\007\012L\336\275u%\253\305\266\206\216\005\015\016"
  54      0A4CDEBD 
  54      7525ABC5 
  54      B6868E05 
  54      0D0E
  55 0039 F3999966 		.ascii	"\363\231\231f\000\325\255`\224\231\001\224_\016\242"
  55      00D5AD60 
  55      94990194 
  55      5F0EA2
  56 0048 98201433 		.ascii	"\230 \0243\210b`\\\311h\301\000\000\305\247\030\262"
  56      8862605C 
  56      C968C100 
  56      00C5A718 
  56      B2
  57              		.text
  58              		.section	.gnu.lto_app_main.a49eb298bf66605f,"",%progbits
  59 0000 789C6365 		.ascii	"x\234ce`b\330\306\300\300\300\011\304\246@\314\310\312"
  59      6062D8C6 
  59      C0C0C009 
  59      C4A640CC 
  59      C8CA
  60 0012 C0C834E1 		.ascii	"\300\3104\341\034\003C#\007\023#3\210\301\310\314\310"
  60      1C034323 
  60      07132333 
  60      88C1C8CC 
  60      C8
  61 0023 02116081 		.ascii	"\002\021`\201\010822\32431\2630\002\011\006\010\350"
  61      08383232 
ARM GAS  /tmp/cckaz3a5.s 			page 4


  61      D43331B3 
  61      30020906 
  61      08E8
  62 0035 679ECECC 		.ascii	"g\236\316\314x\250\375\331N&\315\345\015@p`\372\016"
  62      78A8FDD9 
  62      4E26CDE5 
  62      0D407060 
  62      FA0E
  63 0047 D3C68656 		.ascii	"\323\306\206V\211\371@\0053\241\212\030\2273j2\000\225"
  63      89F94005 
  63      33A18A18 
  63      97336A32 
  63      0095
  64 0059 3DDAF86F 		.ascii	"=\332\370o*/\033\013D\234q\005#\033#\220^\177\211\361"
  64      2A2F1B0B 
  64      449C7105 
  64      231B2390 
  64      5E7F89F1 
  65 006d 40C3BFFF 		.ascii	"@\303\277\377\355\015\007\336\211v%\26120t\001e\031"
  65      ED0D07DE 
  65      897625B1 
  65      32307401 
  65      6519
  66 007f 19BA9999 		.ascii	"\031\272\231\231\200\3263\000if\006\240\315\214\257"
  66      80D63300 
  66      696606A0 
  66      CD8CAF
  67 008e 195B16FC 		.ascii	"\031[\026\374\326\006i\002\231\264s\347\233\333\354"
  67      D6066902 
  67      99B473E7 
  67      9BDBEC
  68 009d F57F1B38 		.ascii	"\365\177\0338\34633\316d\006\032\303\270\222\261\036"
  68      E63333CE 
  68      64061AC3 
  68      B892B11E 
  69 00ad 247161DD 		.ascii	"$qa\335\312\331|}\314\363\231\231\030A\272V1\312\314"
  69      CAD97C7D 
  69      CCF39999 
  69      1841BA56 
  69      31CACC
  70 00c0 6706D9D6 		.ascii	"g\006\331\326\305\314\0026\246\013\244\030\010\330s"
  70      C5CC0236 
  70      A60BA418 
  70      08D873
  71 00cf 1333F3F4 		.ascii	"\0233\363\364\222\031\000\240u>\325"
  71      921900A0 
  71      753ED5
  72              		.text
  73              		.section	.gnu.lto_main.a49eb298bf66605f,"",%progbits
  74 0000 789C6365 		.ascii	"x\234ce`b0bd`\340d``\020\001bFf\006F\246\011\347\030"
  74      60623062 
  74      6460E064 
  74      60601001 
  74      62466606 
  75 0019 181A3998 		.ascii	"\030\0329\230\030\030\031\352\231\030\353\031\373\231"
  75      181819EA 
  75      9918EB19 
ARM GAS  /tmp/cckaz3a5.s 			page 5


  75      FB99
  76 0027 A733335E 		.ascii	"\24733^l\3310\207\271\217y>P\236\005\310\375xv\326c"
  76      6CD93087 
  76      B98F793E 
  76      509E05C8 
  76      FD7876D6 
  77 003c 3E109791 		.ascii	">\020\227\221Q\001\310\275:e\335j\036\315\345\015@p"
  77      5101C8BD 
  77      3A65DD6A 
  77      1ECDE50D 
  77      4070
  78 004e 60FA14B6 		.ascii	"`\372\024\266\251\315\255\036\363\231\231\030f\002U"
  78      A9CDAD1E 
  78      F3999918 
  78      660255
  79 005d AF609461 		.ascii	"\257`\224a\\\316(\0032{%\243&\003P\361\243\215\377\246"
  79      5CCE2803 
  79      327B25A3 
  79      260350F1 
  79      A38DFFA6 
  80 0071 F2B2B180 		.ascii	"\362\262\261\200d\201\202\253\030\331\200\3663\254\277"
  80      648182AB 
  80      18D980F6 
  80      33ACBF
  81 0080 C478A0E1 		.ascii	"\304x\240\341\337\377\366\206\003\367$\026\256\345e"
  81      DFFFF686 
  81      03F72416 
  81      AEE565
  82 008f 6360E802 		.ascii	"c`\350\002J\203\\\322\0154\010H3\277fl^\360\276\207"
  82      4A835CD2 
  82      0D340848 
  82      33BF666C 
  82      5EF0BE87 
  83 00a3 19A40164 		.ascii	"\031\244\001d\312\316\235on\263\327\377m\340\230\317"
  83      CACE9D6F 
  83      6EB3D7FF 
  83      6DE098CF 
  84 00b3 CC3C9319 		.ascii	"\314<\223\031h\004\343j\306z\206\371\314,\014 \205\037"
  84      6804E36A 
  84      C67A86F9 
  84      CC2C0C20 
  84      851F
  85 00c5 79B0AB63 		.ascii	"y\260\253c\002\252[\203\244\356/\016u@\273\031\327\""
  85      02AA5B83 
  85      A4EE2F0E 
  85      7540BB19 
  85      D722
  86 00d7 D4751C3D 		.ascii	"\324u\034=$\205]!\013P\341:\250B\220\233\201\016\001"
  86      24855D21 
  86      0B50E13A 
  86      A842909B 
  86      810E01
  87 00ea DAC19E9B 		.ascii	"\332\301\236\233\230\231\247\227\314\000\000.\327c\321"
  87      9899A797 
  87      CC00002E 
  87      D763D1
  88              		.text
ARM GAS  /tmp/cckaz3a5.s 			page 6


  89              		.section	.gnu.lto_.symbol_nodes.a49eb298bf66605f,"",%progbits
  90 0000 789C55CA 		.ascii	"x\234U\312\275\015\3020\024\004\340\363=\333\201-\020"
  90      BD0DC230 
  90      1404E0F3 
  90      3DDB812D 
  90      10
  91 0011 93B0D97B 		.ascii	"\223\260\331{\242\245a\004\"e\011\350\220(\370M\240"
  91      A2A56104 
  91      226509E8 
  91      9028F84D 
  91      A0
  92 0022 A1A20006 		.ascii	"\241\242\000\006\211p\022!\3605'}w\001\304\003)<P\201"
  92      89701221 
  92      F035277D 
  92      7701C403 
  92      293C5081 
  93 0036 650DA45A 		.ascii	"e\015\244Z\333\326\"\020\032b\222\266\260\247\263) "
  93      DBD62210 
  93      1A6292B6 
  93      B0A7B329 
  93      20
  94 0047 3C52DDEF 		.ascii	"<R\335\357Tv'\236\250\374\332\306J\007\270+Uz\002\314"
  94      5476279E 
  94      A8FCDAC6 
  94      4A07B82B 
  94      557A02CC 
  95 005b 66096AAA 		.ascii	"f\011j\252\317\340F\015\031\\\2501\2033\265\370\007"
  95      CFE0460D 
  95      195CA831 
  95      8333B5F8 
  95      07
  96 006c 4144F56C 		.ascii	"AD\365l\235 `\327\265\024\250V\367E!~<\014~4\014\036"
  96      9D2060D7 
  96      B514A856 
  96      F745217E 
  96      3C0C7E34 
  97 0082 78F72D98 		.ascii	"x\367-\230\277Z\207\017\353\2069\266"
  97      BF5A870F 
  97      EB8639B6 
  98              		.text
  99              		.section	.gnu.lto_.refs.a49eb298bf66605f,"",%progbits
 100 0000 789C6365 		.ascii	"x\234ce`b\340d`\000\222L\214\214LL\214\014\000\0014"
 100      6062E064 
 100      6000924C 
 100      8C8C4C4C 
 100      8C0C0001 
 101 0015 001C     		.ascii	"\000\034"
 102              		.text
 103              		.section	.gnu.lto_.decls.a49eb298bf66605f,"",%progbits
 104 0000 789CB57B 		.ascii	"x\234\265{kTTY\226f\23487\202 \010\300\306\\5v\027k"
 104      6B545459 
 104      96669C38 
 104      37822008 
 104      C0C65C35 
 105 0017 26572E2B 		.ascii	"&W.+\223\256\356\224D\263\262\252f\325\352\2255\231"
 105      93AEEE94 
 105      44B3B2AA 
ARM GAS  /tmp/cckaz3a5.s 			page 7


 105      66D5EA95 
 105      3599
 106 0029 D3D5355D 		.ascii	"\323\3255]U\231\243f\315\232\236\351\246\021C\245K\036"
 106      5599A366 
 106      CD9A9EE9 
 106      A61143A5 
 106      4B1E
 107 003b 1911A63A 		.ascii	"\031\021\246:\177:x(\010\250\200\017\036\" \240\200"
 107      7F3A7828 
 107      08A8800F 
 107      1E2220A0 
 107      80
 108 004c 808A2F54 		.ascii	"\200\212/TP^\212\010\010\012\212\310\373%/\345\255\274"
 108      505E8A08 
 108      080A8AC8 
 108      FB252FE5 
 108      ADBC
 109 005e 14987DCE 		.ascii	"\024\230}\316\271\021\367\306\215\033\251Yk5\272#\356"
 109      B911F7C6 
 109      8D1BA959 
 109      6B35BA23 
 109      EE
 110 006f BE779FBD 		.ascii	"\276w\237\275\277\263\317\336\373\234{\356\015\225B"
 110      BFB3CFDE 
 110      FB9C7BEE 
 110      0D9542
 111 007e A9E8FE5C 		.ascii	"\251\350\376\\\241\370R\243P\374+R(V\340O\245P(\012"
 111      A1F852A3 
 111      50FC2B52 
 111      2856E04F 
 111      A550280A 
 112 0092 15C21F5C 		.ascii	"\025\302\037\\R\234\003\272\000t\011\350\012\320\011"
 112      529C03BA 
 112      007409E8 
 112      0AD009
 113 00a1 A542910E 		.ascii	"\245B\221\016t\012(\013\010\376+N\303G\216Ra\363\367"
 113      740A280B 
 113      08FE2B4E 
 113      C3478E52 
 113      61F3F7
 114 00b4 CFA0D319 		.ascii	"\317\240\323\031\276\377\010\224\013\327\222\200\022"
 114      BEFF0894 
 114      0BD79280 
 114      12
 115 00c1 81F2805A 		.ascii	"\201\362\200Z\341\\\012|\237U\012\3660o\213\350'v\034"
 115      E15C0A7C 
 115      9F550AF6 
 115      306F8BE8 
 115      27761C
 116 00d4 E9FD4AC5 		.ascii	"\351\375J\305d?\004\372H\301tq@M@\315@\017\201\036)"
 116      643F04FA 
 116      48C17471 
 116      404D40CD 
 116      400F811E 
 117 00e9 E4FFFC10 		.ascii	"\344\377\374\020\223%\230\362\225\254}\032\257_\311"
 117      932598F2 
 117      95AC7D1A 
ARM GAS  /tmp/cckaz3a5.s 			page 8


 117      AF5FC9
 118 00f8 F7335D69 		.ascii	"\3673]i\337n;\264#\276\361\000z\017\350k\205-v\025\357"
 118      DF6E3BB4 
 118      23BEF100 
 118      7A0FE86B 
 118      852D7615 
 119 010d 9F2CDE2F 		.ascii	"\237,\336/\026\237I\377\0221\272\337;\370\343.\324\201"
 119      169F49FF 
 119      1231BADF 
 119      3BF8E32E 
 119      D481
 120 011f 9002A155 		.ascii	"\220\002\241U\010\276\024\210]#g\370o:\026\364\0171"
 120      08BE1488 
 120      5D2367F8 
 120      6F3A16F4 
 120      0F31
 121 0131 1E3E292A 		.ascii	"\036>)*\244\260\210#\213JD\377\301\177%b\302J\205\234"
 121      A4B08823 
 121      8B4A44FF 
 121      C17F2562 
 121      C24A859C 
 122 0145 9058A360 		.ascii	"\220X\243`\321\362g9\207lU\022mHtB\334@\244\220\357"
 122      D1F26739 
 122      876C5512 
 122      6D487442 
 122      DC40A490 
 123 015a 05931061 		.ascii	"\005\223\020a\264\364\206\016\027\355\374\213\330\231"
 123      B4F4860E 
 123      17EDFC8B 
 123      D899
 124 0168 74AE1B75 		.ascii	"t\256\033u\"\344\242\310\370\034\321s\341\331\005\257"
 124      22E4A2C8 
 124      F81CD173 
 124      E1D905AF 
 125 0178 5D30D881 		.ascii	"]0\330\201\343\356\205\334\277_W`f\177\232\037\013^"
 125      E3EE85DC 
 125      BF5F5760 
 125      667F9A1F 
 125      0B5E
 126 018a BBB33257 		.ascii	"\273\2632W\356~\010#\017-R\002\3334Y\177\322\005\330"
 126      EE7E0823 
 126      0F2D5202 
 126      DB34597F 
 126      D205D8
 127 019d F7B46815 		.ascii	"\367\264h\025\260\363\241\217+\264k\216\323V\341\346"
 127      B0F3A18F 
 127      2BB46B8E 
 127      D356E1E6 
 128 01ad 554AF4C7 		.ascii	"UJ\364\307\037\241\002\344\211\362\221' (Dk\340s\013"
 128      1FA102E4 
 128      89F29127 
 128      2028446B 
 128      E0730B
 129 01c0 C734351D 		.ascii	"\30745\035?\267\371\203\014sy\217\271|\250\317\343\344"
 129      3FB7F983 
 129      0C73798F 
 129      B97CA8CF 
ARM GAS  /tmp/cckaz3a5.s 			page 9


 129      E3E4
 130 01d2 45B3791F 		.ascii	"E\263y\037\264\342\210\024\312C\030\235E\353\010l8\204"
 130      B4E28814 
 130      CA43189D 
 130      45EB086C 
 130      3884
 131 01e4 CF5CD48D 		.ascii	"\317\\\324\215P\016\352\202^\235C\037@\353\366\314\274"
 131      500EEA82 
 131      5E9D431F 
 131      40EBF6CC 
 131      BC
 132 01f5 561DF6A4 		.ascii	"V\035\366\244`{R\033JUDU\257\271\274\357\0306\037\005"
 132      607B521B 
 132      4A554455 
 132      AFB9BCEF 
 132      18361F05 
 133 0209 3DABA89E 		.ascii	"=\253\250\236\363\202\236\363R=\027\250\236\344\372"
 133      F3829EF3 
 133      523D17A8 
 133      9EE4FA
 134 0218 BA2318FF 		.ascii	"\272#\030\377\204\352\261C\377\265V\204\376\242\015"
 134      84EAB143 
 134      FFB55684 
 134      FEA20D
 135 0227 FA73370A 		.ascii	"\372s7\012K\334\301f\006\330lI\322&\233\313\303\240"
 135      4BDCC166 
 135      06D86C49 
 135      D2269BCB 
 135      C3A0
 136 0239 959248A1 		.ascii	"\225\222H\241\"\301j\221\324\352%j\265\246u\252\316"
 136      22C16A91 
 136      D4EA256A 
 136      B5A675AA 
 136      CE
 137 024a 15FF945A 		.ascii	"\025\377\224Z\215JN\273\254\001M=fsy\367\031-8\"BE\301"
 137      8D4A4EBB 
 137      AC014D3D 
 137      667379F7 
 137      192D3822 
 138 0261 5F16D45C 		.ascii	"_\026\324\\Fl\344\320\025\332|\271+\341\270\013\376"
 138      466CE4D0 
 138      15DA7CB9 
 138      2BE1B80B 
 138      FE
 139 0272 47DAFC61 		.ascii	"G\332\374a\304\205T\314\006\204\003v\352~J\277\033\033"
 139      C48554CC 
 139      06840376 
 139      EA7E4ABF 
 139      1B1B
 140 0284 90F7814D 		.ascii	"\220\367\201M)yY\253bW5\300\226\024\227V\253\330\325"
 140      297959AB 
 140      625735C0 
 140      96149756 
 140      ABD8D5
 141 0297 4F80DD57 		.ascii	"O\200\335W|x\005\343MT\317\351\305\327\223D\317\207"
 141      7C7805E3 
 141      4D54CFE9 
ARM GAS  /tmp/cckaz3a5.s 			page 10


 141      C5D79344 
 141      CF87
 142 02a9 5AB4B282 		.ascii	"Z\264\262\202\341\304\371\027\327\027\\\331\011r\275"
 142      E1C4F917 
 142      D7175CD9 
 142      0972BD
 143 02b8 ACEEDE19 		.ascii	"\254\356\336\031\035\376_\344X\031w*?\306\031i\275\242"
 143      1DFE5FE4 
 143      5819772A 
 143      3FC61969 
 143      BDA2
 144 02ca CCE630E2 		.ascii	"\314\3460\342*\225\227\302\352(T\216\274H\033\202\034"
 144      2A9597C2 
 144      EA28548E 
 144      BC481B82 
 144      1C
 145 02db DD8493A5 		.ascii	"\335\204\223\245p\362\014qi\371\223\324u\307\"\211\223"
 145      70F20C71 
 145      69F993D4 
 145      75C72289 
 145      93
 146 02ec CA9016DD 		.ascii	"\312\220\026\335\022z\367\241\226\371\364V|\373\240"
 146      127AF7A1 
 146      96F9F456 
 146      7CFBA0
 147 02fb 16C7216A 		.ascii	"\026\307!j\343M\370\361\011\016yiY\323\306\374\365\267"
 147      E34DF8F1 
 147      090E7969 
 147      59D3C6FC 
 147      F5B7
 148 030d F791A655 		.ascii	"\367\221\246U\320\264Bh\012\232\340K\026G\245\014\016"
 148      D0B44268 
 148      0A9AE04B 
 148      1647A50C 
 148      0E
 149 031e 3072F358 		.ascii	"0r\363X\333k\016\227R#\250yf\372\015\306\345\214\351"
 149      DB6B0E97 
 149      5223A879 
 149      66FA0DC6 
 149      E58CE9
 150 0331 ACC9CB27 		.ascii	"\254\311\313'\036\370\210x`e\305]\344\203\217\230\017"
 150      1EF88878 
 150      6065C55D 
 150      E4838F98 
 150      0F
 151 0342 9A0E4F67 		.ascii	"\232\016Og;\341j\0060\271\366I\245\000\360I\352\207"
 151      3BE16A06 
 151      30B9F649 
 151      A500F049 
 151      EA87
 152 0354 49D366F3 		.ascii	"I\323f\363\373\250\026\000\326\010\000?\262\342\213"
 152      FBA81600 
 152      D608003F 
 152      B2E28B
 153 0363 0B373BFF 		.ascii	"\0137;\377\203\002]\003(\305\004\337=\300\367\021\217"
 153      83025D03 
 153      28C504DF 
ARM GAS  /tmp/cckaz3a5.s 			page 11


 153      3DC0F711 
 153      8F
 154 0374 EF2E9CAC 		.ascii	"\357.\234\254f\370\362\262\3433\325\370!\263Q}\253\275"
 154      66F8F2B2 
 154      E333D5F8 
 154      21B3517D 
 154      ABBD
 155 0386 95B3385A 		.ascii	"\225\2638Z\252\340\276\214\002\213\267>\250\246\336"
 155      AAE0BE8C 
 155      028BB73E 
 155      A8A6DE
 156 0395 AA073075 		.ascii	"\252\0070u\002\230Z\304{\372\365\360\321\247\210\205"
 156      02985AC4 
 156      7BFAF5F0 
 156      D1A78885 
 157 03a5 850ED8B0 		.ascii	"\205\016\330\260\222\247\361\356,,z\310\345\271\234"
 157      92A7F1EE 
 157      2C2C7AC8 
 157      E5B99C
 158 03b4 2BFB95B8 		.ascii	"+\373\225\270\215bPOO\266\334vFk\341o\265W&\301Q>W\362"
 158      8D62504F 
 158      4FB6DC76 
 158      466BE16F 
 158      B55726C1 
 159 03cc ABDA4508 		.ascii	"\253\332E\010\327h\035\035\216\0220\360\030\255\026"
 159      D7681D1D 
 159      8E1230F0 
 159      18AD16
 160 03db 3CEF4DD2 		.ascii	"<\357M\322\345\006I\032\005k0\375[\310\217\010L\341"
 160      E506491A 
 160      056B30FD 
 160      5BC88F08 
 160      4CE1
 161 03ed DCE1A5AD 		.ascii	"\334\341\245\255\335\240\322>\202p\333\377H\202d\302"
 161      DDA0D23E 
 161      8270DBFF 
 161      488264C2 
 162 03fd 54F56D59 		.ascii	"T\365mY\325\327D\252\333\376Q\220~ \225\276\216\254"
 162      D5D744AA 
 162      DBFE5190 
 162      7E2095BE 
 162      8EAC
 163 040f BAE38963 		.ascii	"\272\343\211c\342\314\346\3179\005j\204\353\015\364"
 163      E2CCE6CF 
 163      39056A84 
 163      EB0DF4
 164 041e 129106DF 		.ascii	"\022\221\006\337\240\026pe\023Z\213\232\201\036\002"
 164      A0167065 
 164      135A8B9A 
 164      811E02
 165 042d 3D426B69 		.ascii	"=Bki\2761w\266\334\363\0105\233\021\221V\360\256\344"
 165      BE3177B6 
 165      DCF30835 
 165      9B119156 
 165      F0AEE4
 166 0440 AB61FD48 		.ascii	"\253a\375H\361\204+\316\2405S\231\220\177\265M\207V"
 166      F1842BCE 
ARM GAS  /tmp/cckaz3a5.s 			page 12


 166      A0355399 
 166      907FB54D 
 166      8756
 167 0452 7BC99942 		.ascii	"{\311\231BO\301\302\273Y\033\254SC\311E\255 \374D\030"
 167      4FC1C2BB 
 167      591BAC53 
 167      43C945AD 
 167      20FC4418 
 168 0466 3A629B9A 		.ascii	":b\233\232\274\375\372\3565\355j\336F\224#\033\012Y"
 168      BCFDFAEE 
 168      35ED6ADE 
 168      4694231B 
 168      0A59
 169 0478 03D0BC70 		.ascii	"\003\320\274p!\263S\253\213\266\306\023j\023\215\205"
 169      21B353AB 
 169      8BB6C613 
 169      6A138D85 
 170 0488 02B5231D 		.ascii	"\002\265#\035/x(\246\343\264\216S\262s\244\354\221R"
 170      2F7828A6 
 170      E3B48E53 
 170      B273A4EC 
 170      9152
 171 049a D51BD9AC 		.ascii	"\325\033\331\254ea3O\370\225\221\247Y\316\214\237$|"
 171      6561334F 
 171      F89591A7 
 171      59CE8C9F 
 171      247C
 172 04ac C16CE128 		.ascii	"\301l\341(\302\205l\012\031\217x\326\343\302.\256\021"
 172      C2856C0A 
 172      198F78D6 
 172      E3C22EAE 
 172      11
 173 04bd CD141E6C 		.ascii	"\315\024\036l\246\350IH\270\345\202/1\321\250\202CU"
 173      A6E84948 
 173      B8E5822F 
 173      31D1A882 
 173      4355
 174 04cf 581B4552 		.ascii	"X\033ER\370]\202\034Z<\272\3768\312\005\027\363\315"
 174      F85D821C 
 174      5A3CBAFE 
 174      38CA0517 
 174      F3CD
 175 04e1 8B8A925C 		.ascii	"\213\212\222\\p\011c.\266\344\226hp\031\217\341Ut\037"
 175      7009632E 
 175      B6E49668 
 175      70198FE1 
 175      55741F
 176 04f4 87AB1833 		.ascii	"\207\253\0303\235R\375\\\213\253\031s\355\346\330z\206"
 176      9D52FD5C 
 176      8BAB1973 
 176      EDE6D87A 
 176      86
 177 0505 C613B81B 		.ascii	"\306\023\270\033\235S\345\3744\326\203\200o\031\011"
 177      9D53E5FC 
 177      34D68380 
 177      6F1909
 178 0514 0DD5E07B 		.ascii	"\015\325\340{T\324y\361Xc\021\246\011\260v\365Z\257"
ARM GAS  /tmp/cckaz3a5.s 			page 13


 178      54D479F1 
 178      586311A6 
 178      09B076F5 
 178      5AAF
 179 0526 B599E688 		.ascii	"\265\231\346\210p\310\201\247\277\252\313\252\2155g"
 179      70C881A7 
 179      BFAACBAA 
 179      8D3567
 180 0535 5422D40F 		.ascii	"T\"\324\017\2617\000C5%\016\353^$\212k\322b\264\016"
 180      B1370043 
 180      35250EEB 
 180      5E248A6B 
 180      D262B40E 
 181 0549 B32C20E2 		.ascii	"\263, \342\203R\361\353R\361\332z\221\370s\251x\217"
 181      8352F1EB 
 181      52F1DA7A 
 181      91F873A9 
 181      788F
 182 055b 54BC522C 		.ascii	"T\274R,\336'\017\306\2227D\276M\214fX*\357-\2337\243"
 182      DE270FC6 
 182      923744BE 
 182      4D8C6658 
 182      2AEF2D9B 
 183 0571 7079846A 		.ascii	"py\204j\232\342#y\006Fg\022\002\354%\320\030\3204\320"
 183      9AE22379 
 183      06466712 
 183      02EC25D0 
 183      18D034D0 
 184 0585 0BA009A0 		.ascii	"\013\240\011\240q>\350\230\275i\261\275g\362\275g\370"
 184      713EE898 
 184      BD69B1BD 
 184      67F2BD67 
 184      F8
 185 0596 58163410 		.ascii	"X\0264\020y\230\305\247ls\216)\033\254\303y\260^8\240"
 185      7998C5A7 
 185      6C738E29 
 185      1BACC379 
 185      B05E38A0 
 186 05aa A6DA8664 		.ascii	"\246\332\206d\3213ed\256\355,:\212\361\001Ls\264-1."
 186      D1336564 
 186      AEED2C3A 
 186      8AF1014C 
 186      73B42D31 
 187 05bf 4985BC56 		.ascii	"I\205\274V\363\211]\217\303Ib\317A\353WB\256M\321\\"
 187      F3895D8F 
 187      C34962CF 
 187      41EB5742 
 187      AE4DD15C 
 188 05d3 93EB399A 		.ascii	"\223\3539\232\205\016\377\220\316\203\375\242Ku\336"
 188      850EFF90 
 188      CE83FDA2 
 188      4B75DE
 189 05e2 E2849BB3 		.ascii	"\342\204\233\263I\270yk\302Y\212\260\007_\204\257\016"
 189      49B8796B 
 189      C2598AB0 
 189      075F84AF 
 189      0E
ARM GAS  /tmp/cckaz3a5.s 			page 14


 190 05f3 DEABD6B2 		.ascii	"\336\253\326\262\2304\223\230\254\210)?\256!\0233]~"
 190      98349398 
 190      AC88293F 
 190      AE211333 
 190      5D7E
 191 0605 4CBF3CA7 		.ascii	"L\277<\247f\302d\236Z\230)\277\240!\011d\346\215\300"
 191      66C2649E 
 191      5A9829BF 
 191      A0210964 
 191      E68DC0
 192 0618 79C1C612 		.ascii	"y\301\306\022)\373\340\025\364\206%\317\371}\003y\032"
 192      29FBE015 
 192      F48625CF 
 192      F97D0379 
 192      1A
 193 0629 68EC0913 		.ascii	"h\354\011\023\035\022\315r\236l\226\273\\>S\310\341"
 193      1D12CD72 
 193      9E6C96BB 
 193      5C3E53C8 
 193      E1
 194 063a 14E6B0AB 		.ascii	"\024\346\260\253\227\007R\264\242Y\356\263p:\203\207"
 194      970752B4 
 194      A259EEB3 
 194      703A8387 
 195 064a 290195D2 		.ascii	")\001\225\322\3521O\353,7\231i\306k\024h\203'\372\004"
 195      EA314FEB 
 195      2C379969 
 195      C66B1468 
 195      8327FA04 
 196 065e DC15AAF4 		.ascii	"\334\025\252\364\"Zi\366\256\000\236e~\216K\317\275"
 196      225A69F6 
 196      AE009E65 
 196      7E8E4BCF 
 196      BD
 197 066f ED8AB399 		.ascii	"\355\212\263\231\205\344c\025\227\335D\023\375\007\227"
 197      85E46315 
 197      97DD4413 
 197      FD0797
 198 067e E8D4B50F 		.ascii	"\350\324\265\017,\204\013\026\300\240\274\211\010y\023"
 198      2C840B16 
 198      C0A0BC89 
 198      087913
 199 068d 134DC369 		.ascii	"\023M\303i\310#\216\037\303\367\021\325\267\010\327"
 199      C8238E1F 
 199      C3F711D5 
 199      B708D7
 200 069c 592AEC57 		.ascii	"Y*\354WzX\034C\327\001\203\247\"t\314\235\017\010\337"
 200      7A581C43 
 200      D70183A7 
 200      2274CC9D 
 200      0F08DF
 201 06af 153FF74A 		.ascii	"\025?\367J\213\013\230\257-\213&\017\266h\232/}\230"
 201      8B0B98AF 
 201      2D8B260F 
 201      B6689A2F 
 201      7D98
 202 06c1 A964EC5A 		.ascii	"\251d\354Z`\317\226\307\324`6L\031dE\334\034\337\226"
ARM GAS  /tmp/cckaz3a5.s 			page 15


 202      60CF96C7 
 202      D460364C 
 202      196445DC 
 202      1CDF96
 203 06d4 C6E1F3AC 		.ascii	"\306\341\363\254\251e5\346\301Vc\321\317\302\303u\370"
 203      A96535E6 
 203      C15663D1 
 203      CFC2C375 
 203      F8
 204 06e5 2ABB56D6 		.ascii	"*\273V\3263\227\241\305e\214i~\2350\245\024G\011\201"
 204      3397A1C5 
 204      658C697E 
 204      9D30A514 
 204      470981
 205 06f8 2B8C609C 		.ascii	"+\214`\234\322\022%\007\242_^t\301wY\253\207\321K\371"
 205      D2122507 
 205      A25F5E74 
 205      C17759AB 
 205      87D14BF9 
 206 070c 1ADCC898 		.ascii	"\032\334\310\230\321\256\242\034\025~\314\230\205g\207"
 206      D1AEA21C 
 206      157ECC98 
 206      856787
 207 071b CDAEB80B 		.ascii	"\315\256\270\013\333,l\276\262_\330|\305\206<{a\242"
 207      DB2C6CBE 
 207      B25FD87C 
 207      C5863C7B 
 207      61A2
 208 072d 588787D9 		.ascii	"X\207\207\331\200<\2749\326\253\261\016\310\312\322"
 208      803CBC39 
 208      D6ABB10E 
 208      C8CAD2
 209 073c 07255DC4 		.ascii	"\007%]\304\203\311\200(Q\030\220\257\034.l\222`D\276"
 209      83C98028 
 209      511890AF 
 209      1C2E6C92 
 209      6044BE
 210 074f E247E4B8 		.ascii	"\342G\344\270\322\023\035S\322\021Y\014\273_\343,_\344"
 210      D2131D53 
 210      D211590C 
 210      BB5FE32C 
 210      5FE4
 211 0761 1DB4281E 		.ascii	"\035\264(\036\317/ve\256-'|\345X\\6\306\231\034\205"
 211      CF2F7665 
 211      AE2D277C 
 211      E5585C36 
 211      C6991C85 
 212 0775 1CD7B150 		.ascii	"\034\327\261P\352\202\013\030c\221\364\340%s\007S\017"
 212      EA820B18 
 212      6391F4E0 
 212      25730753 
 212      0F
 213 0786 F1E3F90B 		.ascii	"\361\343\371\0132[<\350:\215q\021\2235\037}\235\356"
 213      325B3CE8 
 213      3A8D7111 
 213      93351F7D 
 213      9DEE
ARM GAS  /tmp/cckaz3a5.s 			page 16


 214 0798 8A6F5046 		.ascii	"\212oPFi~v\347\231\322\321\002+K\351h\201\365$\011w"
 214      697E76E7 
 214      99D2D102 
 214      2B4BE968 
 214      81F52409 
 215 07ad 2D12A764 		.ascii	"-\022\247d\202SN\011N\251\267\004T\307\245\203U\032"
 215      82534E09 
 215      4EA9B704 
 215      54C7A583 
 215      551A
 216 07bf 1CAEA216 		.ascii	"\034\256\242\026\363\347\"\256\270\343\030\306,\036"
 216      F3E722AE 
 216      B8E318C6 
 216      2C1E
 217 07cd B97EC5   		.ascii	"\271~\305"
 218 07d0 05C733A6 		.ascii	"\005\3073\246b\351i\252\026'2\346\315\351\306V\015N"
 218      62E969AA 
 218      162732E6 
 218      CDE9C656 
 218      0D4E
 219 07e2 674CF8C0 		.ascii	"gL\370\300\311^7\234\313\230\352\303\021\261Z\\D\031"
 219      C95E379C 
 219      CB98EAC3 
 219      11B15A5C 
 219      4419
 220 07f4 65FEC1A8 		.ascii	"e\376\301\250\027\016\327\204\005\016!\327\252?G\371"
 220      170ED784 
 220      050E21D7 
 220      AA3F47F9 
 221 0804 80F6AC0C 		.ascii	"\200\366\254\014\332\0233\235#\374<\356E\322\363\306"
 221      DA13339D 
 221      23FC3CEE 
 221      45D2F3C6 
 222 0814 CC6935BE 		.ascii	"\314i5\276\311l\367\255,\377\033\256f\307\007\012\016"
 222      C96CF7AD 
 222      2CFF1BAE 
 222      66C7070A 
 222      0E
 223 0825 54BBE106 		.ascii	"T\273\341\006\306d\226\225\274p\302]\214\311\035\355"
 223      C6649695 
 223      BC70C25D 
 223      8CC91DED 
 224 0835 8685F418 		.ascii	"\206\205\364\030cz;\356^p\303\023\214)\231;Q\342\216"
 224      637A3BEE 
 224      5E70C313 
 224      8C29993B 
 224      51E28E
 225 0848 671973BF 		.ascii	"g\031s\277\177eZ\213\227\030S\234\262\\\316\341\010"
 225      7F655A8B 
 225      9718539C 
 225      B25CCEE1 
 225      08
 226 0859 3565F61D 		.ascii	"5e\366\035,L$\325N\315b\324\011N\015L.^\345\330)\322"
 226      2C4C24D5 
 226      4ECD62D4 
 226      094E0D4C 
 226      2E5EE5D8 
ARM GAS  /tmp/cckaz3a5.s 			page 17


 227 086f 833D70EA 		.ascii	"\203=p\352drG\221\033\216\242M\224/z\017DkD\245\351"
 227      64724791 
 227      1B8EA24D 
 227      942F7A0F 
 227      446B44A5 
 228 0884 EF226969 		.ascii	"\357\"ii*\201N^\027:\251\346\343\324l\347\253\033\340"
 228      2A814E5E 
 228      173AA9E6 
 228      E3D46CE7 
 228      AB1BE0
 229 0897 2B35EFAB 		.ascii	"+5\357\253k\020u\305,\352\246\027&/s8\201\331\210\356"
 229      6B1075C5 
 229      2CEAA617 
 229      262F7338 
 229      81D988EE 
 230 08ab 9D5E7267 		.ascii	"\235^rg\316\266WpKF\201\365v\345\012\255b7\001L\251"
 230      CEB65770 
 230      4B4681F5 
 230      76E50AAD 
 230      6237014C 
 231 08c0 00A644C9 		.ascii	"\000\246D\311{\274\327\374:Y\207S\230\221\222\302\254"
 231      7BBCD7FC 
 231      3A598753 
 231      989192C2 
 231      AC
 232 08d1 28518D4D 		.ascii	"(Q\215M\302\317ilU@\3332\241\355M\245\303\236\224\313"
 232      C2CF696C 
 232      5540DB32 
 232      A1ED4DA5 
 232      C39E94CB 
 233 08e5 F724E6D8 		.ascii	"\367$\346\330\330\0317\234\301\034\334\264\030\265\314"
 233      D819379C 
 233      C11CDCB4 
 233      18B5CC
 234 08f4 E142C63C 		.ascii	"\341B\306<\211mnW\343+\314\374\302hM\241\213\325\374"
 234      896D6E57 
 234      E32BCCFC 
 234      C2684DA1 
 234      8BD5FC
 235 0907 A2EA7354 		.ascii	"\242\352sT\015\226o\277\223\345;\362\226\253\0333f4"
 235      0D966FBF 
 235      93E53BF2 
 235      96AB1B33 
 235      6634
 236 0919 B88419BB 		.ascii	"\270\204\031\273\036\2370\246\301\025\214\351J\212)"
 236      1E9F30A6 
 236      C1158CE9 
 236      4A8A29
 237 0928 71C18F18 		.ascii	"q\301\217\030s\353\360\3645g\334\316\230\310\371\276"
 237      73EBF0F4 
 237      3567DCCE 
 237      98C8F9BE 
 238 0938 0BEE7880 		.ascii	"\013\356x\2001\243\341\345\275\034~\316\230\260#\315"
 238      31A3E1E5 
 238      BD1C7ECE 
 238      98B023CD 
 239 0948 05CE7892 		.ascii	"\005\316x\222\241\355-\257J\300V\264}\200\266\021\320"
ARM GAS  /tmp/cckaz3a5.s 			page 18


 239      A1ED2DAF 
 239      4AC056B4 
 239      7D80B611 
 239      D0
 240 0959 DE17D0EE 		.ascii	"\336\027\320\356s4S4\310\317\024\307R\006\327\340yf"
 240      73345334 
 240      C8CF14C7 
 240      5206D7E0 
 240      7966
 241 096b 292676F9 		.ascii	")&v\371<\306\313\314\322\311[\213\207\205\211\251\011"
 241      3CC6CBCC 
 241      D2C95B8B 
 241      878589A9 
 241      09
 242 097c 2C3583A5 		.ascii	",5\203\245\207\357`\251I\336R\347\311\211\031\016\357"
 242      87EF60A9 
 242      49DE52E7 
 242      C989190E 
 242      EF
 243 098d 776225B7 		.ascii	"wb%\267\352\374C'\034K\031e\377\310\305yW\253\25160"
 243      EAFC4327 
 243      1C4B1965 
 243      FFC8C579 
 243      57ABA936 
 244 09a2 F5044C3D 		.ascii	"\365\004L=~\007S-\362\246\026\217&m\300\307\230\245"
 244      7E07532D 
 244      F2A6168F 
 244      266DC0C7 
 244      98A5
 245 09b4 B1D30D17 		.ascii	"\261\323\015\027Iv{i\321\277\213J\277\027+\375\251\361"
 245      49767B69 
 245      D1BF8B4A 
 245      BF172BFD 
 245      A9F1
 246 09c6 7D89CE38 		.ascii	"}\211\3168\225\341H{\321\032\356*J\251u'\350=m'\200"
 246      95E1487B 
 246      D11AEE2A 
 246      4AA97527 
 246      E83D6D27 
 247 09db 6917C078 		.ascii	"i\027\300xY\261d\204\233\377\"\324G\201N\300\320\223"
 247      59B16484 
 247      9BFF22D4 
 247      47814EC0 
 247      D093
 248 09ed 351CEA00 		.ascii	"5\034\352\0008^<\23468\371\224\305CdD\356a\027\234\303"
 248      385E3C9C 
 248      3638F994 
 248      C5436444 
 248      EE61179C 
 249 0a02 8CDC69DF 		.ascii	"\214\334i\337\377\235\370\306\376.\315\224\036\260\321"
 249      FF9DF8C6 
 249      FE2ECD94 
 249      1EB0D1
 250 0a11 25D8E854 		.ascii	"%\330\350T:6\322-o\244\353|\373m\016_`F\232\022\367"
 250      3A36D22D 
 250      6FA4EB7C 
 250      FB6D0E5F 
ARM GAS  /tmp/cckaz3a5.s 			page 19


 250      60469A12 
 251 0a26 4301B258 		.ascii	"C\001\262X\351\236\300\235U\321dw\251\037\314\364\012"
 251      E99EC09D 
 251      55D16477 
 251      A91FCCF4 
 251      0A
 252 0a37 667ABEC7 		.ascii	"fz\276\307L\237\274\231\334\211\221{n\342\251\272\337"
 252      4C9FBC99 
 252      DC89917B 
 252      6EE2A9BA 
 252      DF
 253 0a48 66AA1EB0 		.ascii	"f\252\036\260N\325a}W[\020\036c\203\360x\376\346\242"
 253      4ED5617D 
 253      575B101E 
 253      6383F078 
 253      FEE6A2
 254 0a5b 0E4F5386 		.ascii	"\016OS\206\353\311\232\206\320\366\362DH\013t\306\262"
 254      EBC99A86 
 254      D0F6F244 
 254      480B74C6 
 254      B2
 255 0a6c CDA64023 		.ascii	"\315\246@#\240jP\211-{v)f@6\371\357\344\264\334\330"
 255      A06A5089 
 255      2D7B7629 
 255      664036F9 
 255      EFE4B4DC 
 256 0a81 0F014072 		.ascii	"\017\001@r\011\326\247\000o\030\340\245\300\215#9C\346"
 256      09D6A700 
 256      6F18E0A5 
 256      C08D2339 
 256      43E6
 257 0a93 C7FBA74E 		.ascii	"\307\373\247N\320\351\226\264\212\372\336V =9\323\361"
 257      D0E996B4 
 257      8AFADE56 
 257      203D39D3 
 257      F1
 258 0aa4 C866FDF1 		.ascii	"\310f\375\361\334\246S/\254\235\252\270\037\236\347"
 258      DCA6532F 
 258      AC9DAAB8 
 258      1F9EE7
 259 0ab3 82E758A7 		.ascii	"\202\347X\247\372\226N\0158\341%\306\314'\335\313v\305"
 259      FA964E0D 
 259      38E125C6 
 259      CC27DDCB 
 259      76C5
 260 0ac5 E11ACA24 		.ascii	"\341\032\312$\024<x\242\306\221\214\351:\267\\\252\306"
 260      143C78A2 
 260      C6918CE9 
 260      3AB75CAA 
 260      C6
 261 0ad6 D18C49EF 		.ascii	"\321\214I\357\230*t\302\007)\243\254x|*\317\025\351"
 261      982A74C2 
 261      0729A3AC 
 261      787C2ACF 
 261      15E9
 262 0ae8 BC4486FF 		.ascii	"\274D\206\377\370#\241\272\274\004\250\337\350\370\261"
 262      F823A1BA 
ARM GAS  /tmp/cckaz3a5.s 			page 20


 262      BC04A8DF 
 262      E8F8B1
 263 0af7 6223399E 		.ascii	"b#9\236\372\237\351\275\370\214R\207\246\205q\374F\307"
 263      FA9FE9BD 
 263      F88C5287 
 263      A68571FC 
 263      46C7
 264 0b09 E015F71E 		.ascii	"\340\025\367\036+\343g\262V\302\367\204U7k\360qfzj\374"
 264      2BE367B2 
 264      56C2F784 
 264      55376BF0 
 264      71667A6A 
 265 0b1e D11B579C 		.ascii	"\321\033W\234\302\030\363\302\25565NcL\373\261\371\036"
 265      C218F3C2 
 265      AD36354E 
 265      634CFBB1 
 265      F91E
 266 0b30 677C8A31 		.ascii	"g|\21211w\256T\363;j5\364\006\342qL\031\207\263\331"
 266      3177AE54 
 266      F33B6A35 
 266      F406E271 
 266      4C1987B3 
 267 0b45 C59CBA1E 		.ascii	"\305\234\272\036\263\012\3470\2464\272\356\215\006\237"
 267      B30AE730 
 267      A634BAEE 
 267      8D069F
 268 0b54 654CCA8D 		.ascii	"eL\312\215\3100-.dLKm[\264\013\276\300\230\312\307\231"
 268      C8302D2E 
 268      644C4B6D 
 268      5BB40BBE 
 268      C098CAC7 
 269 0b69 8D2A7C99 		.ascii	"\215*|\2311Gf\346\013\020\276\306\230g\027\333\357;"
 269      314766E6 
 269      0B10BEC6 
 269      986717DB 
 269      EF3B
 270 0b7b E152C664 		.ascii	"\341R\306d\\\357\276\247\306\345\214\231\276\233\272"
 270      5CEFBEA7 
 270      C6E58C99 
 270      BE9BBA
 271 0b8a 1BDF66C7 		.ascii	"\033\337f\307Q\227\333\022\264\270\2061Y7^T`\\\317\230"
 271      5197DB12 
 271      B4B88631 
 271      59375E54 
 271      605CCF98 
 272 0b9e C5C8A258 		.ascii	"\305\310\242Xg\374\2001C\265\0077\340G\3548ud\305\204"
 272      67FC8031 
 272      43B50737 
 272      E047EC38 
 272      7564C584 
 273 0bb2 5BD97141 		.ascii	"[\331qA\177\311-'\334\301\230\244\256\242\010\016\367"
 273      7FC92D27 
 273      DCC198A4 
 273      AEA2080E 
 273      F7
 274 0bc3 30E649DA 		.ascii	"0\346I\332\342\242\013\036`L\367\301\256\177\302\303"
 274      E2A20B1E 
ARM GAS  /tmp/cckaz3a5.s 			page 21


 274      604CF7C1 
 274      AE7FC2C3 
 275 0bd3 ECB8AC25 		.ascii	"\354\270\254%\372\215\016\277`L\376\312\314a\035\236"
 275      FA8D0EBF 
 275      604CFECA 
 275      CC611D9E 
 276 0be3 644C6DD6 		.ascii	"dLm\326l%\277\030\036\240\013\315\242\251\227\032~\371"
 276      6C25BF18 
 276      1EA00BCD 
 276      A2A9971A 
 276      7EF9
 277 0bf5 AB4EC43F 		.ascii	"\253N\304?\036>\376*\317\211\335,\303\335\262\370\317"
 277      1E3EFE2A 
 277      CF89DD2C 
 277      C3DDB2F8 
 277      CF
 278 0c06 8B7DB16D 		.ascii	"\213}\261m\233\241tUG>\177\373L\206r\031\2062\011\213"
 278      9BA17455 
 278      473E7FFB 
 278      4C867219 
 278      8632098B 
 279 0c1a EEE1D294 		.ascii	"\356\341\322\224\222m\241\321\377\313\356\037\211t\004"
 279      926DA1D1 
 279      FFCBEE1F 
 279      897404
 280 0c29 9648174A 		.ascii	"\226H\027J\245\247E\322\341\362\322\342]\244\332\177"
 280      A5A745D2 
 280      E1F2D2E2 
 280      5DA4DA7F 
 281 0c39 11C4E7A5 		.ascii	"\021\304\347\245P\"\355\304+E\342\013\362\342b,\377"
 281      5022EDC4 
 281      2B45E20B 
 281      F2E2622C 
 281      FF
 282 0c4a 2C48BF91 		.ascii	",H\277\221J/*eo\265\343\261'\212\303p\3750\017\236\334"
 282      4A2F2A65 
 282      6FB5E3B1 
 282      278AC370 
 282      FD300F9E 
 283 0c5f 709EC15E 		.ascii	"p\236\301^(\015\257E)@9@\351@g\201\362\201\222\201\262"
 283      280DAF45 
 283      29403940 
 283      E9406781 
 283      F2819281 
 284 0c74 810A8072 		.ascii	"\201\012\200r\201\216\000\035\005:\005t\032(\013\350"
 284      818E001D 
 284      053A0574 
 284      1A280BE8 
 285 0c84 24500250 		.ascii	"$P\002P\006P\"P\036\320q\240c@'\200R\2012\261\345\256"
 285      06502250 
 285      1ED071A0 
 285      63402780 
 285      528132B1 
 286 0c9a 9DFA45E4 		.ascii	"\235\372E\344\306(\251\033m\366 \210t\337\377\021\244"
 286      C628A91B 
 286      6DF62088 
 286      74DFFF11 
ARM GAS  /tmp/cckaz3a5.s 			page 22


 286      A4
 287 0cab 0F4AA5ED 		.ascii	"\017J\245\355v\356\232DN\234\223\272\345\225\324\211"
 287      76EE9A44 
 287      4E9C93BA 
 287      E595D489 
 288 0cbb 6D22E959 		.ascii	"m\"\351Yyi\033\345\"\237\257H\305\323\355\304\333D\310"
 288      79691BE5 
 288      229FAF48 
 288      C5D3EDC4 
 288      DB44C8
 289 0cce 0FC92217 		.ascii	"\017\311\"\027\217\247H8F*,\336\311\340\003W\004eI>"
 289      8FA74838 
 289      462A2CDE 
 289      C9E00357 
 289      0465493E 
 290 0ce2 CCC5E28B 		.ascii	"\314\305\342\213\"\227\207I\265\037\220\272\245O\344"
 290      22978749 
 290      B51F90BA 
 290      A54FE4
 291 0cf1 9629A9F2 		.ascii	"\226)\251\362\005\351\000\325\212\240\230\245\272\323"
 291      05E900D5 
 291      8AA098A5 
 291      BAD3
 292 0cff A5BA9B44 		.ascii	"\245\272\233DH\"\345\007\337&)D\312C\345\201\333l\360"
 292      4822E507 
 292      DF262944 
 292      CA43E581 
 292      DB6CF0
 293 0d12 B4AFA285 		.ascii	"\264\257\242\205\034\304l7x\210\256\361v\217\204ps\315"
 293      1CC46C37 
 293      7888AEF1 
 293      768F8470 
 293      73CD
 294 0d24 275459AC 		.ascii	"'TY\254\274\217\305^\020!\335'\225>h\357b\021\322\327"
 294      BC8FC55E 
 294      1021DD27 
 294      953E68EF 
 294      6211D2D7 
 295 0d38 F2096923 		.ascii	"\362\011i#.\032\357h\251\366^)\226J\021\226\003\362"
 295      2E1AEF68 
 295      A9F65E29 
 295      964A1196 
 295      03F2
 296 0d4a D2369127 		.ascii	"\3226\221'\022\337/\017\335\207\337\310\012\257z\365"
 296      12DF2F0F 
 296      DD87DFC8 
 296      0AAF7AF5 
 297 0d5a C466E121 		.ascii	"\304f\341!\226\205\252\206-stWi\346\234+\276\350L\012"
 297      9685AA86 
 297      2D737457 
 297      69E69C2B 
 297      BEE84C0A 
 298 0d6e 367E55B4 		.ascii	"6~U\264o^\203\254{\367\260\022JyV\307\012/\264@\223"
 298      6F5E83AC 
 298      7BF7B012 
 298      4A7956C7 
 298      0A2FB440 
ARM GAS  /tmp/cckaz3a5.s 			page 23


 299 0d83 D0FF0BF2 		.ascii	"\320\377\013\362\321\036\317/\370I=\262^>\207\231<\251"
 299      D11ECF2F 
 299      F8493DB2 
 299      5E3E8799 
 299      3CA9
 300 0d95 4745508F 		.ascii	"GEP\217\316c\361\336uC\036\033\324\013X\272S\236\037"
 300      CE63F1DE 
 300      75431E1B 
 300      D40B58BA 
 300      539E1F
 301 0da8 36348671 		.ascii	"64\206q\031\305\204\236\017\346\267(\361m\306\244vW"
 301      19C5849E 
 301      0FE6B728 
 301      F16DC6A4 
 301      7657
 302 0dba 76F153F6 		.ascii	"v\361S\366m\272\357\325}\364\200\216\237Q\310\023\255"
 302      6DBAEFD5 
 302      7DF4808E 
 302      9F51C813 
 302      AD
 303 0dcb A1D9D916 		.ascii	"\241\331\331\0265n`\302\227V\362\300K\217\030s\273\277"
 303      356E60C2 
 303      9756F2C0 
 303      4B8F1873 
 303      BBBF
 304 0ddd B946853B 		.ascii	"\271F\205;\031\223Q\331\3731\036g\3077\216\225\302\035"
 304      199351D9 
 304      FB311E67 
 304      C7378E95 
 304      C21D
 305 0def C70C657E 		.ascii	"\307\014e~U\361<\371\264\026\321\311H\267\232\377\017"
 305      55F13CF9 
 305      B416D1C9 
 305      48B79AFF 
 305      0F
 306 0e00 DCEAB55E 		.ascii	"\334\352\265^^\344\013>\337c\227\310\014\245\323y\011"
 306      5EE40B3E 
 306      DF6397C8 
 306      0CA5D379 
 306      09
 307 0e11 531539F2 		.ascii	"S\0259\362\202\377\274\347jT\365w\032\230\347`\221\207"
 307      82FFBCE7 
 307      6A54F577 
 307      1A98E760 
 307      9187
 308 0e23 5AC173A5 		.ascii	"Z\301s\245\216RB\\\313\257@-\277Lj\371%\314Z\020\337"
 308      8E52425C 
 308      CBAF402D 
 308      BF4C6AF9 
 308      25CC5A10 
 309 0e38 4D83EFA6 		.ascii	"M\203\357\246\240\336N\002M\000\215\003\215\001\275"
 309      A0DE4E02 
 309      4D008D03 
 309      8D01BD
 310 0e47 002A017A 		.ascii	"\000*\001z\0164\0124\002\324\002\364\000\350\036P\015"
 310      0E340A34 
 310      02D402F4 
ARM GAS  /tmp/cckaz3a5.s 			page 24


 310      00E81E50 
 310      0D
 311 0e58 5019D02D 		.ascii	"P\031\320-\240\2336\265z\372w,\222`\301t\025K\240\331"
 311      A09B36B5 
 311      7AFA772C 
 311      9260C174 
 311      154BA0D9 
 312 0e6c CDA6CB75 		.ascii	"\315\246\313u\036Gh\202\221\015\214\014iO\354\013dW"
 312      1E476882 
 312      910D8C0C 
 312      694FEC0B 
 312      6457
 313 0e7e DD7B4CBE 		.ascii	"\335{L\276\034b&[^\236\252\027\205g\205Mx\226\263\360"
 313      1C62265B 
 313      5E9EAA17 
 313      8567854D 
 313      7896B3F0 
 314 0e92 143BC6B2 		.ascii	"\024;\306\262\035\207rAa\005\357\230W\340\230\227\320"
 314      1D877241 
 314      6105EF98 
 314      57E09897 
 314      D0
 315 0ea3 B93B4095 		.ascii	"\271;@\2256\035\354\277\257Zf\273\276U\000\342$\337"
 315      361DECBF 
 315      AF5A66BB 
 315      BE5500E2 
 315      24DF
 316 0eb5 46B6F28A 		.ascii	"F\266\362\212P\334\266AQ\365=(f\301\362\333Q\364%bs"
 316      50DCB641 
 316      51F53D28 
 316      66C1F2DB 
 316      51F42562 
 317 0eca F61A540D 		.ascii	"\366\032T\015\020N\313C\220\372\341\256\015\002\322"
 317      104ECB43 
 317      90FAE1AE 
 317      0D02D2
 318 0ed9 9065866C 		.ascii	"\220e\206l\214\314\200\341\377\270\030\201\030.\310"
 318      8CCC80E1 
 318      FFB81881 
 318      182EC8
 319 0ee8 E363986C 		.ascii	"\343c\230l\006\345IG\362\200\355\310\233\311\263\273"
 319      06E54947 
 319      F280EDC8 
 319      9BC9B3BB 
 320 0ef8 501A56B5 		.ascii	"P\032V\265 v\216\027\267\336\"\211WR\342\356X\005\032"
 320      20768E17 
 320      B7DE2289 
 320      5752E2EE 
 320      58051A
 321 0f0b A10BF57C 		.ascii	"\241\013\365|w\032\340\370>@\252\263\2014\236\313G\026"
 321      771AE0F8 
 321      3E40AAB3 
 321      81349ECB 
 321      4716
 322 0f1d 71CC7508 		.ascii	"q\314u\010\334z\007\253\006Y\375\327\370\006\216\365"
 322      DC7A07AB 
 322      0659FDD7 
ARM GAS  /tmp/cckaz3a5.s 			page 25


 322      F8068EF5 
 323 0f2d F779B1B4 		.ascii	"\367y\261\264\250\346c\306^\275\2170)u\345\262\372U"
 323      A8E663C6 
 323      5EBD8F30 
 323      2975E5B2 
 323      FA55
 324 0f3f 6F5BBFD8 		.ascii	"o[\277\330\305\2416\325\301\254\004r\023I|q\003\013"
 324      C5A136D5 
 324      C1AC0472 
 324      13497C71 
 324      030B
 325 0f51 FB6878B5 		.ascii	"\373hx\265\325]\340\341$\213\207\037\202\330y\251\207"
 325      D55DE0E1 
 325      248B871F 
 325      82D879A9 
 325      87
 326 0f62 0BA50B3E 		.ascii	"\013\245\013>I\201}\014\275h\346{\364\010\216\233l\275"
 326      49817D0C 
 326      BD68E67B 
 326      F4088E9B 
 326      6CBD
 327 0f74 952EF216 		.ascii	"\225.\362\026\351N\363\017\250\335\027xy\251j\376\271"
 327      E94EF30F 
 327      A8DD1778 
 327      79A96AFE 
 327      B9
 328 0f85 633AEB7B 		.ascii	"c:\353{\263\203\276/\307\205\232\337\247}*\022\356\273"
 328      B383BE2F 
 328      C7859ADF 
 328      A77D2A12 
 328      EEBB
 329 0f97 9A6DBB1E 		.ascii	"\232m\273\036c\351\372\023\374"
 329      63E9FA13 
 329      FC
 330 0fa0 1EBA28ED 		.ascii	"\036\272(\355\272x&N\220\001\250\240\315\010\272a@7"
 330      BA78264E 
 330      9001A8A0 
 330      CD08BA61 
 330      4037
 331 0fb2 04433908 		.ascii	"\004C9\010\364\014\250\027\250\007\250\015\350)P\253"
 331      F40CA817 
 331      A807A80D 
 331      E82950AB 
 332 0fc2 ED2AF51F 		.ascii	"\355*\365\037\330\020\223\210\276\004F\211\026\207\253"
 332      D8109388 
 332      BE044689 
 332      1687AB
 333 0fd1 B7863251 		.ascii	"\267\2062Q%\273\3746\351\312\277c\252\333A\370\212c"
 333      25BBFC36 
 333      E9CABF63 
 333      AADB41F8 
 333      8A63
 334 0fe3 6151B677 		.ascii	"aQ\266w\330d{\273}\275\261>\256\255\004}\035\374ptC"
 334      D8647BBB 
 334      7DBDB13E 
 334      AEAD047D 
 334      1DFC7074 
ARM GAS  /tmp/cckaz3a5.s 			page 26


 335 0ff8 87BBA063 		.ascii	"\207\273\240c\235B\307\310"
 335      9D42C7C8 
 336 1000 E6C8B06A 		.ascii	"\346\310\260jbz\300lN\320\321\315\300\253|\003\007\013"
 336      627AC06C 
 336      4ED0D1CD 
 336      C0AB7C03 
 336      070B
 337 1012 216830FA 		.ascii	"!h0\372#R\233Hx\236\341e\255\231\"\015\365\301\375*"
 337      23529B48 
 337      789EE165 
 337      AD99220D 
 337      F5C1FD2A 
 338 1026 F298B9C3 		.ascii	"\362\230\271\303n\371\305F\2621\207\037I\262\027X\365"
 338      6EF9C546 
 338      B231871F 
 338      49B21758 
 338      F5
 339 1037 3637B594 		.ascii	"67\265\224\362N\355\003?\335}'?\365\203\244\340\247"
 339      F24EED03 
 339      3FDD7D27 
 339      3FF583A4 
 339      E0A7
 340 1049 3EE62707 		.ascii	">\346'\007U\023\015\200{\204\302i\015\311\205V\262;"
 340      55130D80 
 340      7B84C269 
 340      0DC98556 
 340      B23B
 341 105b 4534D508 		.ascii	"E4\325\010!YMUY\353]\311]\276#0/\336\373\336~\020\247"
 341      21594D55 
 341      59EB5DC9 
 341      5DBE2330 
 341      2FDEFBDE 
 342 1072 DCE0A745 		.ascii	"\334\340\247E\322\353\332\267I\217\376\222/- \\\347"
 342      D2EBDAB7 
 342      498FFE92 
 342      2F2D205C 
 342      E7
 343 1083 5898C19D 		.ascii	"X\230\301\235\275F\037\353\203\214\375r\267\345\234"
 343      BD461FEB 
 343      838CFD72 
 343      B7E59C
 344 1092 C74C9839 		.ascii	"\307L\2309\351\023\272\225Y\317\247\015\277]\303\222"
 344      E913BA95 
 344      59CFA70D 
 344      BF5DC392 
 345 10a2 A6407C43 		.ascii	"\246@|C\361q\242\271<\024\323\335\310\007r\302\033D"
 345      F171A2B9 
 345      3C14D3DD 
 345      C80772C2 
 345      1B44
 346 10b4 2B7E5E96 		.ascii	"+~^\226l'>\222\223\025\015bW>?\210/`u\363L~u#^t\377"
 346      6C273E92 
 346      93150D62 
 346      573E3F88 
 346      2F6075F3 
 347 10cf 5428AC63 		.ascii	"T(\254cRi\231\205\256H|\\^\\\344\332\206\263\374@\220"
 347      52699985 
ARM GAS  /tmp/cckaz3a5.s 			page 27


 347      AE487C5C 
 347      5E5CE4DA 
 347      86B3FC40 
 348 10e4 B5E68454 		.ascii	"\265\346\204T\334\376&\253\222\327N\2263\027\245\253"
 348      DCFE26AB 
 348      92D74E96 
 348      3317A5AB 
 349 10f4 1FBB3459 		.ascii	"\037\2734Y\374kaN;#\235\323\354\006\216_\323\226:\250"
 349      FC6B614E 
 349      3B239DD3 
 349      EC068E5F 
 349      D3963AA8 
 350 1108 8B2F5E92 		.ascii	"\213/^\222 $\341Z,L\011\245\242\2728t_\2658\035A\263"
 350      2024E15A 
 350      2C4C09A5 
 350      A2BA3874 
 350      5FB5381D 
 351 111e D862B0E2 		.ascii	"\330b\260\342\373\0146Db\022)\025r\366\006\217;\221"
 351      FB0C3644 
 351      62122915 
 351      72F6068F 
 351      3B91
 352 1130 6B645193 		.ascii	"kdQ\223#\204|\005\346_\016\271\022y*\326\035\347\271"
 352      23847C05 
 352      E65F0EB9 
 352      12792AD6 
 352      1DE7B9
 353 1143 B0D7E246 		.ascii	"\260\327\342F\226\353U\3702c\216\234\351.\345\360-\306"
 353      96EB55F8 
 353      32638E9C 
 353      E92EE5F0 
 353      2DC6
 354 1155 5CBDF76A 		.ascii	"\\\275\367jJ\205\357R\306c1#6\334\031q:\262$\326\351"
 354      4A85EF52 
 354      C6633123 
 354      36DC1971 
 354      3AB224D6 
 355 116a D6785916 		.ascii	"\326xY\026\276\344\325\2177\230\276\372!J\313%\233\362"
 355      BEE4D58F 
 355      3798BEFA 
 355      214ACB25 
 355      9BF2
 356 117c F6C6BEBC 		.ascii	"\366\306\276\274\305@\267\242!\264P,\347\205V\370\362"
 356      C540B7A2 
 356      21B4502C 
 356      E78556F8 
 356      F2
 357 118d 1603C7D1 		.ascii	"\026\003\307\321\334Zt\000(\012(\022h?\320> 3\320\262"
 357      DC5A7400 
 357      280A2812 
 357      683FD03E 
 357      2033D0B2 
 358 11a1 4D3D9F5B 		.ascii	"M=\237[P\025T\011Y\273\010n]qp[$ky\201o\360\303-w\245"
 358      50155409 
 358      59BB086E 
 358      5D71705B 
 358      246B7981 
ARM GAS  /tmp/cckaz3a5.s 			page 28


 359 11bb F06117CA 		.ascii	"\360a\027\312\351\320!\245\304\256x\201/rI8\267F\220"
 359      E9D021A5 
 359      C4AE7881 
 359      2F724938 
 359      B74690
 360 11ce 89007B61 		.ascii	"\211\000{a\234\245R9\220R\210D\034\275,\011\362\360"
 360      9CA55239 
 360      90528844 
 360      1CBD2C09 
 360      F2F0
 361 11e0 F91A7342 		.ascii	"\371\032sB\\$\255\012#\201H\260\315\013\241\006\252"
 361      5C24AD0A 
 361      238148B0 
 361      CD0BA106 
 361      AA
 362 11f1 844292C2 		.ascii	"\204B\222\302\247p\034\244\360ay\374\342\375\200\277"
 362      A7701CA4 
 362      F06179FC 
 362      E2FD80BF 
 363 1201 625943A4 		.ascii	"bYC\244\343\245\322\366)\274\370\227\202x\202\274\270"
 363      E3A5D2F6 
 363      29BCF897 
 363      827882BC 
 363      B8
 364 1212 789B4424 		.ascii	"x\233D$}D*m\233\301\344\235\216\361d\336\365)\220\302"
 364      7D442A6D 
 364      9BC1E49D 
 364      8EF164DE 
 364      F52990C2 
 365 1226 47E5E545 		.ascii	"G\345\345E)\334\367\227B\012\247\362\322\0163\252+\231"
 365      29DCF797 
 365      420AA7F2 
 365      D20E33AA 
 365      2B99
 366 1238 A5F08A5C 		.ascii	"\245\360\212\\J\265$\322\224\"\201='xu\305\222Rg\032"
 366      4AB524D2 
 366      9422813D 
 366      277875C5 
 366      9252671A 
 367 124c B31AD5F8 		.ascii	"\263\032\325\370\015\315\025en\342\211a7\353\353#\343"
 367      0DCD1565 
 367      6EE28961 
 367      37EBEB23 
 367      E3
 368 125d 27D7D001 		.ascii	"'\327\320\0019\314\255F\0079k\323%,}}\304\032\231\207"
 368      39CCAD46 
 368      07396BD3 
 368      252C7D7D 
 368      C41A9987 
 369 1271 FE8C9C00 		.ascii	"\376\214\234\000\014imqI:\034\243\243\311\2338P}\227"
 369      0C696D71 
 369      493A1CA3 
 369      A3C99B38 
 369      507D97
 370 1284 C3099451 		.ascii	"\303\011\224Q\236Xhx\300Y\001\325z\222\236\034\0018"
 370      9E586878 
 370      C05901D5 
ARM GAS  /tmp/cckaz3a5.s 			page 29


 370      7A929E1C 
 370      0138
 371 1296 F1EF0427 		.ascii	"\361\357\004'\341\317\203cy\007\370k\366\016p^s\334"
 371      E1CF8363 
 371      7907F86B 
 371      F60E705E 
 371      73DC
 372 12a8 23779CC1 		.ascii	"#w\234\301\320\235n.\350\306\234R\201\216\001\202\243"
 372      D09D6E2E 
 372      E8C69C52 
 372      818E0182 
 372      A3
 373 12b9 9C276D10 		.ascii	"\234'm\020\021_~\322\031\3471\211\361\262\354e5\221"
 373      115F7ED2 
 373      19E73189 
 373      F1B2EC65 
 373      3591
 374 12cb 480489BF 		.ascii	"H\004\211\277\361D\3079\372nY\372\314\321yw\\\304d\""
 374      F144C739 
 374      FA6E59FA 
 374      CCD17977 
 374      5CC46422 
 375 12df F2CF6769 		.ascii	"\362\317gi\211L2\310\374\324\023%Q\031eV|\312Y\025\362"
 375      894C32C8 
 375      FCD41325 
 375      51196556 
 375      7CCA5915 
 376 12f4 D2F00F75 		.ascii	"\322\360\017u\016;]\253\212$\353\361TN#\036\327\375"
 376      0E3B5DAB 
 376      8A24EBF1 
 376      544E231E 
 376      D7FD
 377 1306 F4A14758 		.ascii	"\364\241GX\250\360\320CADh7O@7S8N\374\254,cal\220\303"
 377      A8F0D043 
 377      41446837 
 377      4F403753 
 377      384EFCAC 
 378 1320 23CCA173 		.ascii	"#\314\241s\367S\2328\244\361\262\327\201\322\241\251"
 378      F7539A38 
 378      A4F1B2D7 
 378      81D2A1A9 
 379 1330 23357C75 		.ascii	"#5|u>A\347\3704\020:)\014\000AG\335\220\024\272\224"
 379      3E41E7F8 
 379      34103A29 
 379      0C004147 
 379      DD9014BA 
 380 1345 EE866758 		.ascii	"\356\206gX\027\253F\006\242\264x\2011\371\007\232\367"
 380      17AB4606 
 380      A2B47881 
 380      31F9079A 
 380      F7
 381 1356 E2FDAE14 		.ascii	"\342\375\256\024\301\355\353O\207]\304O\203G\351\323"
 381      C1EDEB4F 
 381      875DC44F 
 381      8347E9D3 
 382 1366 E06C4E8B 		.ascii	"\340lN\21329\311\263{\371\327\0268\331W\346\222s\226"
 382      3239C9B3 
ARM GAS  /tmp/cckaz3a5.s 			page 30


 382      7BF9D716 
 382      38D957E6 
 382      927396
 383 1379 1E607C84 		.ascii	"\036`|\204\032A7gK\357\270\341\024\306\024\035}\270"
 383      1A413767 
 383      4BEFB8E1 
 383      14C6141D 
 383      7DB8
 384 138b A2C6598C 		.ascii	"\242\306Y\214\231zs\262\230\337\216y\017\330\245\356"
 384      997A73B2 
 384      98DF8E79 
 384      0FD8A5EE 
 385 139b B838277E 		.ascii	"\2708'~7\206\274+t\352H\362i\035\276\310d\033\213\232"
 385      3786BC2B 
 385      74EA48F2 
 385      691DBEC8 
 385      641B8B9A 
 386 13af 43DDF075 		.ascii	"C\335\360u\312h\027_\276\270\340\202`\026\321\221]\223"
 386      CA68175F 
 386      BEB8E082 
 386      6016D191 
 386      5D93
 387 13c1 B56BC511 		.ascii	"\265k\305\021\227\307y\242\\\010\006\224\003=(\340X"
 387      97C779A2 
 387      5C080694 
 387      033D28E0 
 387      58
 388 13d2 C45D049C 		.ascii	"\304]\004\234\027 \262.\003\025\002]\001\272\304\211"
 388      1720B22E 
 388      0315025D 
 388      01BAC489 
 389 13e2 CBF193EB 		.ascii	"\313\361\223\353N+\374\372\227\254\355O\363\215\345"
 389      4E2BFCFA 
 389      97ACED4F 
 389      F38DE5
 390 13f1 AA82ACB5 		.ascii	"\252\202\254\265\"\260\360.\326De\372\034'\236\337\316"
 390      22B0F02E 
 390      D64465FA 
 390      1C279EDF 
 390      CE
 391 1402 D3DA6A29 		.ascii	"\323\332j)\2569N\254\242\301Yz\357e\203\305n}=K\313"
 391      AE394EAC 
 391      A2C1597A 
 391      EF6583C5 
 391      6E7D3D4B 
 392 1417 0AD1972F 		.ascii	"\012\321\227/\014\0334\221\316\363\344\224\335\212\260"
 392      0C1B3491 
 392      CEF3E494 
 392      DD8AB0
 393 1426 2B89AF86 		.ascii	"+\211\257\206d\330\317J\373mWk\307-\320\310\352\352"
 393      64D8CF4A 
 393      FB6D576B 
 393      C72DD0C8 
 393      EAEA
 394 1438 8C54DC6E 		.ascii	"\214T\334n\353\275A\254\375\201\264'\342\332\234\210"
 394      EBBD41AC 
 394      FD81B427 
ARM GAS  /tmp/cckaz3a5.s 			page 31


 394      E2DA9C88 
 395 1448 71DF9BFE 		.ascii	"q\337\233\376\347\316Pb\326\362\3452\231\315B\305\266"
 395      E7CE5062 
 395      D6F2E532 
 395      99CD42C5 
 395      B6
 396 1459 B0656F38 		.ascii	"\260eo8O\001\222b\336\377W\301\377\327lF\267+\231\237"
 396      4F019262 
 396      DEFF57C1 
 396      FFD76C46 
 396      B72B999F 
 397 146d AC2CFE2C 		.ascii	"\254,\376,\226\367'y>\267x'\314\035\277b\0112\227<|"
 397      96F72779 
 397      3EB77827 
 397      CC1DBF62 
 397      0932973C 
 398 1482 5178CF56 		.ascii	"Qx\317Vb\262\004\314\310\231\344\327r\3114Ao\200\300"
 398      62B204CC 
 398      C899E4D7 
 398      72C93441 
 398      6F80C0
 399 1495 7561508A 		.ascii	"uaP\2129\276\326\307\257d?r\306\021n,+J+\2631\216b\314"
 399      39BED6C7 
 399      AF643F72 
 399      C6116E2C 
 399      2B4A2BB3 
 400 14ad ECBDC47C 		.ascii	"\354\275\304|W|\2102\312\373\3137\246\235\255\031:T"
 400      577C8832 
 400      CAFBCB37 
 400      A69DAD19 
 400      3A54
 401 14bf E7B4C09E 		.ascii	"\347\264\300\236-\227\2037o\275S\212\226\311\247hFd"
 401      2D978337 
 401      6FBD538A 
 401      96C9A768 
 401      4664
 402 14d1 D54567FA 		.ascii	"\325Eg\372\316-Q\305\336\271m\235\215\275\340J\317\221"
 402      CE2D51C5 
 402      DEB96D9D 
 402      8DBDE04A 
 402      CF91
 403 14e3 17B02A58 		.ascii	"\027\260*X\261|\\\267\262\314N\222\331\265\222\235\014"
 403      B17C5CB7 
 403      B2CC4E92 
 403      D9B5929D 
 403      0C
 404 14f4 EB7EFC3F 		.ascii	"\353~\374?\3519X3U\261S\005\245\363\215\234\370\027"
 404      E9395833 
 404      55B15305 
 404      A5F38D9C 
 404      F817
 405 1506 0D4487B0 		.ascii	"\015D\207\260\306\270C\327\030\2679\3767\015%\265\303"
 405      C6B843D7 
 405      18B739FE 
 405      370D25B5 
 405      C3
 406 1517 9DAEE20D 		.ascii	"\235\256\342\015\346;6k\226j\316\372\020\270 \364\226"
ARM GAS  /tmp/cckaz3a5.s 			page 32


 406      E63B366B 
 406      966ACEFA 
 406      10B820F4 
 406      96
 407 1528 06DF61AE 		.ascii	"\006\337a\256y;\350\032\006\246djf\032\311=\221v\360"
 407      793BE81A 
 407      06A6646A 
 407      661AC93D 
 407      9176F0
 408 153b 0ADFB59A 		.ascii	"\012\337\265\232\262Q\235\030N-'~&]g\205\323\027{)\333"
 408      B2519D18 
 408      4E2D277E 
 408      265D6785 
 408      D3177B29 
 409 1550 8D5A8373 		.ascii	"\215Z\203s\350\036\263v\256\240\252\313\335\342\216"
 409      E81EB376 
 409      AEA0AACB 
 409      DDE28E
 410 155f 7A76AE37 		.ascii	"zv\2567\343\362\254\233cw4Pw\334\267\270c\"\362\352"
 410      E3F2AC9B 
 410      63773450 
 410      77DCB7B8 
 410      6322F2EA 
 411 1573 2762F30D 		.ascii	"'b\363\0156\336h\264\232O1\367\327\273\343z\307\336"
 411      36DE68B4 
 411      9A4F31F7 
 411      D7BBE37A 
 411      C7DE
 412 1585 7879E6C4 		.ascii	"xy\346\304^\013\222\207\014\311\245\360\305Fg1\222j"
 412      5E0B9287 
 412      0CC9A5F0 
 412      C5466731 
 412      926A
 413 1597 1B24CD14 		.ascii	"\033$\315\024I\223\005\311\245\213E\0156\236h\266\201"
 413      499305C9 
 413      A58B450D 
 413      369E68B6 
 413      81
 414 15a8 F2C80A25 		.ascii	"\362\310\012%5)\026V\371\017\035Cy=U\224\305\321s\344"
 414      35291656 
 414      F90F1D43 
 414      793D5594 
 414      C5D173E4 
 415 15bc 05C31606 		.ascii	"\005\303\026\006\246\363\341\211N\215\005\340\023vn"
 415      A6F3E189 
 415      4E8D05E0 
 415      13766E
 416 15cb 64B4340B 		.ascii	"d\2644\013;\006\370\224\002l\265\000,\256*\030v\021"
 416      3B06F894 
 416      026CB500 
 416      2CAE2A18 
 416      7611
 417 15dd 037C6A03 		.ascii	"\003|j\003\260\315\012\360|gf\224+na\000\317\025\274"
 417      B0CD0AF0 
 417      7C676694 
 417      2B6E6100 
 417      CF15BC
ARM GAS  /tmp/cckaz3a5.s 			page 33


 418 15f0 BEA0B5D8 		.ascii	"\276\240\265\330e\370\316\305\215\375\310\261\325Nj"
 418      65F8CEC5 
 418      8DFDC8B1 
 418      D54E6A
 419 15ff B5C36235 		.ascii	"\265\303b51\355\352E\033\253\2356V\273\254VW&f\272t"
 419      31EDEA45 
 419      1BAB9D36 
 419      56BBAC56 
 419      572666BA 
 420 1614 B88D599D 		.ascii	"\270\215Y\235\272;p\014Y]\300\314\316\234H\275\254\262"
 420      BA3B700C 
 420      595DC0CC 
 420      CE9C48BD 
 420      ACB2
 421 1626 20E9611E 		.ascii	" \351a\036\2700\032wZ\347\030K\037\305\322k\3012\371"
 421      B8301A77 
 421      5AE7184B 
 421      1FC5D26B 
 421      C132F9
 422 1639 3AFCB60D 		.ascii	":\374\266\015\226>\033,\375V,\343\373ot\272\341.\206"
 422      963E1B2C 
 422      FD562CE3 
 422      FB6F74BA 
 422      E12E86
 423 164c 25AD7222 		.ascii	"%\255r\"Tg\315\023\206\245\341e\335\254\220\333\317"
 423      5467CD13 
 423      86A5E165 
 423      DDAC90DB 
 423      CF
 424 165d 1898B4FE 		.ascii	"\030\230\264\3763eV\200\203\354\\\375\354\276\012\245"
 424      33655680 
 424      83EC5CFD 
 424      ECBE0AA5 
 425 166d E3681EA6 		.ascii	"\343h\036\246\000\207,\000\227\253\243\207\234\304\000"
 425      00872C00 
 425      97ABA387 
 425      9CC400
 426 167c 876D008E 		.ascii	"\207m\000\216X\001>\036\272>\353\202\373\035\003L\350"
 426      58013E1E 
 426      BA3EEB82 
 426      FB1D034C 
 426      E8
 427 168d 7CD120A4 		.ascii	"|\321 \244\333s\006\346xSX\206\263\005\340\013vn\250"
 427      DB7306E6 
 427      78535886 
 427      B305E00B 
 427      766EA8
 428 16a0 B72ED3DD 		.ascii	"\267.\323\3351\300q\012p\314\002\360@\321\310\274\315"
 428      31C0710A 
 428      70CC02F0 
 428      40D1C8BC 
 428      CD
 429 16b1 E3AD711B 		.ascii	"\343\255q\033\200\023V\200\347\232\206_)\361\010\003"
 429      80135680 
 429      E79A865F 
 429      29F10803 
 430 16c1 9895373D 		.ascii	"\230\2257=\351\202\027\030s\370Az;\3772B9Y\231\226\347"
ARM GAS  /tmp/cckaz3a5.s 			page 34


 430      E9821718 
 430      73F8417A 
 430      3BFF3242 
 430      39599996 
 431 16d6 9F3FEB8E 		.ascii	"\237?\353\216\017\270;\212\266\336\234g\273\350\231"
 431      0FB83B8A 
 431      B6DE9C67 
 431      BBE899
 432 16e5 AFB4E825 		.ascii	"\257\264\350%\303\334\027\223;b\355\307+v\356\304\354"
 432      C3DC1793 
 432      3B62EDC7 
 432      2B76EEC4 
 432      EC
 433 16f6 CB22A5E3 		.ascii	"\313\"\245\343H\230\243\375\230\265\364\343\354\345"
 433      4898A3FD 
 433      98B5F4E3 
 433      ECE5
 434 1704 9A4E779B 		.ascii	"\232Nw\233\027\276m\3721o\351\207\356V\302\313x\027"
 434      17BE6DFA 
 434      316FE987 
 434      EE56C2CB 
 434      7817
 435 1716 C4BF28E1 		.ascii	"\304\277(\341%\274\033\001\353\332\221~\266\352\001"
 435      25BC1B01 
 435      EBDA917E 
 435      B6EA01
 436 1725 61340333 		.ascii	"a4\0033\312\022\347`\033\225\265\250A0\213BABw\245\262"
 436      CA12E760 
 436      1B95B5A8 
 436      41308B42 
 436      414277A5 
 437 173a F68F69A9 		.ascii	"\366\217i\251,\244\006j\227\312\332\255*\250(\344.z"
 437      2CA4066A 
 437      97CADAAD 
 437      2AA828E4 
 437      2E7A
 438 174c 2C2F6ABF 		.ascii	",/j\277/?\015+/\262\301\215\246\370\026d\0326\253\340"
 438      2F3F0D2B 
 438      2FB2C18D 
 438      A6F81664 
 438      1A36ABE0 
 439 1760 2E03565B 		.ascii	".\003V[\341*\270\213\200\357\010\370~\015\337o\200\302"
 439      E12AB88B 
 439      80EF08F8 
 439      7E0DDF6F 
 439      80C2
 440 1772 E07811BE 		.ascii	"\340x\021\276C\341{\301fu@\215CT\242\001\251q\273\307"
 440      43E17BC1 
 440      6675408D 
 440      4354A201 
 440      A971BBC7 
 441 1786 BF5494C4 		.ascii	"\277T\224\304\326\244TT\272(\253Nc7\202Krk\256\2064"
 441      D6A45454 
 441      BA28AB4E 
 441      6337824B 
 441      726BAE86 
 442 179b 35BF8802 		.ascii	"5\277\210\002\2537\345\275.\265\012\245\027=\220w\272"
ARM GAS  /tmp/cckaz3a5.s 			page 35


 442      AB37E5BD 
 442      2EB50AA5 
 442      173D9077 
 442      BA
 443 17ac 54140218 		.ascii	"T\024\002\030\215\312\002\264\033\036\250\026\250[\276"
 443      8DCA02B4 
 443      1B1EA816 
 443      A85BBE
 444 17bb DB966519 		.ascii	"\333\226e\031J|\221\321\247\262\371\035\220\234\363"
 444      4A7C91D1 
 444      A7B2F91D 
 444      909CF3
 445 17ca 153FC8F3 		.ascii	"\025?\310\363\244@"
 445      A440
 446 17d0 E73D3E65 		.ascii	"\347=>e3\325\354S\211\027\304\373U\226,\254K}\276\240"
 446      33D5EC53 
 446      8917C4FB 
 446      55962CAC 
 446      4B7DBEA0 
 447 17e4 C107596E 		.ascii	"\301\007Yn\305\207\316\344\3627\015o\350|0:\320\243"
 447      C587CEE4 
 447      F2370D6F 
 447      E87C303A 
 447      D0A3
 448 17f6 E47F4F43 		.ascii	"\344\177OC^\345\215l*{\017\247PY\227G\261g\243T\310"
 448      5EE58D6C 
 448      2A7B0FA7 
 448      50599747 
 448      B167A354 
 449 180b F27C7535 		.ascii	"\362|u5\215z\362\234\351\277\260\033zr\367\032\007\035"
 449      8D7AF29C 
 449      E9BFB01B 
 449      7A72F71A 
 449      071D
 450 181d 380276AD 		.ascii	"8\002v\2557\252\366\033~\324O\363\010\374\204\230\254"
 450      37AAF61B 
 450      7ED44FF3 
 450      08FC8498 
 450      AC
 451 182e D54F5D76 		.ascii	"\325O]v\262\343\351\036G\351B\023\320\243RN\"/\335\313"
 451      B2E3E91E 
 451      47E94213 
 451      D0A3524E 
 451      222FDDCB 
 452 1842 9E4D57B3 		.ascii	"\236MW\263=S2=D\253\2304\277R\351\224\216\3545\224\364"
 452      3D53323D 
 452      44AB9834 
 452      BF52E994 
 452      8EEC3594 
 453 1857 09BDDF23 		.ascii	"\011\275\337#\233\253\"A\273\375\012\015\310\355Wz\240"
 453      9BAB2241 
 453      BBFD0A0D 
 453      C8ED577A 
 453      A0
 454 1868 285ECEFA 		.ascii	"(^\316\372\3241\322\356\211\033\355\032Y\242f\310B\025"
 454      D431D2EE 
 454      891BED1A 
ARM GAS  /tmp/cckaz3a5.s 			page 36


 454      59A266C8 
 454      4215
 455 187a BF44D1C5 		.ascii	"\277D\321\305?\263\001)\373\3058K\311\003*O\024\245"
 455      3FB30129 
 455      FBC5384B 
 455      C9032A4F 
 455      14A5
 456 188c 2286F8AE 		.ascii	"\"\206\370\256\220\224L\200\224<\010\003\037\017t\030"
 456      90944C80 
 456      943C0803 
 456      1F0F7418 
 457 189c 2806E828 		.ascii	"(\006\350(P\034\3201\240X\240C*\361\243\010\360\012"
 457      501CD031 
 457      A058A043 
 457      2AF1A308 
 457      F00A
 458 18ae 1B1FB2D9 		.ascii	"\033\037\262\331\021\253\224\214\217\355{)\242\356\276"
 458      11AB948C 
 458      8FED7B29 
 458      A2EEBE
 459 18bd 4692EE2E 		.ascii	"F\222\356.\330D\261\262mbiXc\335\277hH\375+\372{\234"
 459      D844B1B2 
 459      6D626958 
 459      63DDBF68 
 459      48FD2BFA 
 460 18d3 446841E0 		.ascii	"DhA\340\362\013i\322;\007\235:\016\035\371s:\0051y\267"
 460      F20B69D2 
 460      3B079D3A 
 460      0E1DF973 
 460      3A053179 
 461 18e8 EC61B3CD 		.ascii	"\354a\263\315|\223h\023\351I\326H/9\276o\237\232N\011"
 461      7C936813 
 461      E949D648 
 461      2F39BE6F 
 461      9F9A4E09 
 462 18fc 700E7520 		.ascii	"p\016u :'\304v\324g:9\374\245s\212\212L\011\311*~Jh"
 462      3A27C476 
 462      D4673A39 
 462      FCA5738A 
 462      8A4C09C9 
 463 1914 2CAF1D75 		.ascii	",\257\035u\342\177\342\333p\177U|x\206\027\021AW\205"
 463      E27FE2DB 
 463      707F557C 
 463      78861711 
 463      415785
 464 1927 DF1C5DB5 		.ascii	"\337\034]\265\374\302\367\204\212\374\3027%\356@\215"
 464      FCC2F784 
 464      8AFCC237 
 464      25EE408D 
 465 1937 1B3EE5EE 		.ascii	"\033>\345\356p!wr\344^\230\253C\373i\324\376I\213\375"
 465      70217772 
 465      E45E98AB 
 465      43FB69D4 
 465      FE498BFD 
 466 194b 07D3438F 		.ascii	"\007\323C\217\234y\373\375cNK9\373\313\277\246B(U\360"
 466      9C79FBFD 
 466      634E4B39 
ARM GAS  /tmp/cckaz3a5.s 			page 37


 466      FBCBBFA6 
 466      422855F0 
 467 195f 321C3204 		.ascii	"2\0342\004\351\024\301\315\227w\356\350p+C\020>\330"
 467      E914C1CD 
 467      9777EEE8 
 467      702B4310 
 467      3ED8
 468 1971 DDAEE415 		.ascii	"\335\256\344\0254\277q\272\231G\025\220\037)g\010\012"
 468      34BF71BA 
 468      99471590 
 468      1F296708 
 468      0A
 469 1982 322C0A4E 		.ascii	"2,\012NQ\005\223\227\314}Z\034\275\212*(\234\254l\266"
 469      51059397 
 469      CC7D5A1C 
 469      BD8A2A28 
 469      9CAC6CB6 
 470 1996 78A039DA 		.ascii	"x\2409\332y9\307\252 SP\220iQ\220E\025\344W\227\365"
 470      7939C7AA 
 470      20535090 
 470      69519045 
 470      15E45797 
 471 19ab BAE1EB4C 		.ascii	"\272\341\353L\301\361\330Sg\334~\222E\025\314\225\374"
 471      C1F1D853 
 471      67DC7E92 
 471      4515CC95 
 471      FC
 472 19bc AAB52DC2 		.ascii	"\252\265-\302\034\345A\207,\233)\260\306\204\202\234"
 472      1CE54187 
 472      2C9B29B0 
 472      C684829C 
 473 19cc 81CFD3AA 		.ascii	"\201\317\323\252\237\220u\354\353\346i\025\276\311\224"
 473      9F9075EC 
 473      EBE66915 
 473      BEC994
 474 19db 0CA55726 		.ascii	"\014\245W&\252AIy9\370\241\317\015\002\232\243\277\263"
 474      AA414979 
 474      39F8A1CF 
 474      0D029AA3 
 474      BFB3
 475 19ed 3CC3AB10 		.ascii	"<\303\253\020~\030J\316lV*P\016Ur\245\331|\003\213C"
 475      7E184ACE 
 475      6C562A50 
 475      0E5572A5 
 475      D97C038B 
 476 1a02 850C9E10 		.ascii	"\205\014\236\020*\271,T\3107\010\327\304D\217\331,\264"
 476      2AB92C54 
 476      C83708D7 
 476      C4448FD9 
 476      2CB4
 477 1a14 5A6D7EF0 		.ascii	"Zm~\360\225\307\013\347Q\341\356\371']6\345\226\270"
 477      95C70BE7 
 477      51E1EEF9 
 477      275D36E5 
 477      96B8
 478 1a26 44103ECB 		.ascii	"D\020>\313\013\237\245\302\221\321G\342m\"6\315\006"
 478      0B9FA5C2 
ARM GAS  /tmp/cckaz3a5.s 			page 38


 478      91D147E2 
 478      6D2236CD 
 478      06
 479 1a37 463E2F4C 		.ascii	"F>/L\2765~!!\276\001A\001&\315o\376\360\315\373_\370"
 479      BE357E21 
 479      21BE0141 
 479      0126CD6F 
 479      FEF0CDFB 
 480 1a4d F8289C02 		.ascii	"\370(\234\002\375\002\202\326\371\263+\344\230#\037"
 480      FD0282D6 
 480      F9B32BE4 
 480      98231F
 481 1a5c 9A90DD81 		.ascii	"\232\220\335\201T\356?\255\3636\006\3572\370\353\275"
 481      54EE3FAD 
 481      F33606EF 
 481      32F8EBBD 
 482 1a6c 03FDB607 		.ascii	"\003\375\266\007\370o\361\013\332j\332\263n\207\302"
 482      F86FF10B 
 482      DA6ADAB3 
 482      6E87C2
 483 1a7b C9B87593 		.ascii	"\311\270u\223\311\317`\302\376\206\365Z_\337]\001A&"
 483      C9CF60C2 
 483      FE86F55A 
 483      5FDF5D01 
 483      4126
 484 1a8d 9FCF7C4D 		.ascii	"\237\317|M\037{\3572\032\274\003\202\374w\356\332\252"
 484      1F7BEF32 
 484      1ABC0382 
 484      FC77EEDA 
 484      AA
 485 1a9e F70ED2EF 		.ascii	"\367\016\322\357\336\031\260\005Z\372\357\010\010\322"
 485      DE19B005 
 485      5AFAEF08 
 485      08D2
 486 1aac 7BFB6ED5 		.ascii	"{\373n\325o\363\333\265\323\344k\332\033\2427\202\022"
 486      6FF3DBB5 
 486      D3E46BDA 
 486      1BA23782 
 486      12
 487 1abd 8DA5D907 		.ascii	"\215\245\331\007r\315\214{\215\336\276F\323V\220\001"
 487      72CD8C7B 
 487      8DDEBE46 
 487      D3569001 
 488 1acd 5930E4A3 		.ascii	"Y0\344\2432\206\350\365[ys\033\326\373\2324\226\003"
 488      3286E8F5 
 488      5B79731B 
 488      D6FB9A34 
 488      9603
 489 1adf B8BAE1D7 		.ascii	"\270\272\341\327\353\326y\263\377_\354\010\330\022\360"
 489      EBD679B3 
 489      FF5FEC08 
 489      D812F0
 490 1aee D526EF60 		.ascii	"\325&\357`\243\367\016\277\235\336!\301\006\223\321"
 490      A3F70EBF 
 490      9DDE21C1 
 490      0693D1
 491 1afd 7BD3E6DF 		.ascii	"{\323\346\337oX\357\375\273\337}\351\375\315\246_o\334"
ARM GAS  /tmp/cckaz3a5.s 			page 39


 491      6F58EFFD 
 491      BBDF7DE9 
 491      FDCDA65F 
 491      6FDC
 492 1b0f FC9D0FB9 		.ascii	"\374\235\017\271\346k\324\033\002\340k\347\316\255`"
 492      E66BD41B 
 492      02E06BE7 
 492      CEAD60
 493 1b1e 43B78972 		.ascii	"C\267\211r_\004\007m\013\330\256\332e$\375\373b\343"
 493      5F04076D 
 493      0BD8AEDA 
 493      6524FDFB 
 493      62E3
 494 1b30 06A0F540 		.ascii	"\006\240\365@>\370\277m\334\250\374r\243r\323F\3567"
 494      3EF8BF6D 
 494      DCA8FC72 
 494      A372D346 
 494      EE37
 495 1b42 9BBFDEF8 		.ascii	"\233\277\336\370_\345\354\371\007\007\006\006\007y\353"
 495      5FE5ECF9 
 495      07070606 
 495      0779EB
 496 1b51 F798C020 		.ascii	"\367\230\300 \263\371\367\237\356\331\343m4\005nX\277"
 496      B3F9F79F 
 496      EED9E36D 
 496      34056E58 
 496      BF
 497 1b62 EDD34F3F 		.ascii	"\355\323O?\333C\274\347J!\370n\006?|\251\337\246\014"
 497      DB43BCE7 
 497      4A21F86E 
 497      063F7CA9 
 497      DFA60C
 498 1b75 DEE2CCFA 		.ascii	"\336\342\314\372\364\013_\223\023\377\255\014\330\242"
 498      F40B5F93 
 498      13FFAD0C 
 498      D8A2
 499 1b83 0EFE7697 		.ascii	"\016\376v\227~\227^\363\255oP\260)`\333^\247o}\015["
 499      7E975EF3 
 499      AD6F50B0 
 499      2960DB5E 
 499      A76F7D0D 
 500 1b98 434C06F8 		.ascii	"CL\006\370\336m\200o\325\267\276\246\340\020\270\274"
 500      DE6D806F 
 500      D5B7BEA6 
 500      E010B8BC 
 501 1ba8 65D7B66D 		.ascii	"e\327\266mz\203\363\267\276\376\301\273\202Lz\203\332"
 501      7A83F3B7 
 501      BEFEC1BB 
 501      824C7A83 
 501      DA
 502 1bb9 18F0FFF4 		.ascii	"\030\360\377\364\276\246\365\324\253\304\225\333\375"
 502      BEA6F5D4 
 502      ABC495DB 
 502      FD
 503 1bc6 FDBDFD0C 		.ascii	"\375\275\375\014\201\037\007\005\007\351?\326\373m\011"
 503      811F0705 
 503      07E93FD6 
ARM GAS  /tmp/cckaz3a5.s 			page 40


 503      FB6D09
 504 1bd5 F0FE6CDD 		.ascii	"\360\376l\335\206u>V\217\203\227al\000\030\350\330\355"
 504      86753E56 
 504      8F839761 
 504      6C0018E8 
 504      D8ED
 505 1be7 17600A08 		.ascii	"\027`\012\010\332\316\005A\0374\006\275\337\316\020"
 505      DACE0541 
 505      1F3406BD 
 505      DFCE10
 506 1bf6 4340B093 		.ascii	"C@\260\223\211|\372\232>\377\236>37\377z\343\357\277"
 506      897CFA9A 
 506      3EFF9E3E 
 506      3337FF7A 
 506      E3EFBF
 507 1c09 F8FD1E72 		.ascii	"\370\375\036r.$`\247\336`\364\376\315\027_x\373\357"
 507      2E2460A7 
 507      DE60F4FE 
 507      CD175F78 
 507      FBEF
 508 1c1b B00CB953 		.ascii	"\260\014\271S\240i\317\316\000\243I\025\274;H\017= "
 508      A069CFCE 
 508      00A34915 
 508      BC3B480F 
 508      3D20
 509 1c2d 1D740ADC 		.ascii	"\035t\012\334e\322\357\201\321\364\337\341K\0175\372"
 509      65D2EF81 
 509      D1F4DFE1 
 509      4B0F35FA 
 510 1c3d 107D108C 		.ascii	"\020}\020\214\373v\027\375w\372 S\240\237\361Op5\320"
 510      FB7617FD 
 510      77FA2053 
 510      A09FF14F 
 510      7035D0
 511 1c50 B89D89F3 		.ascii	"\270\235\211\363\010\335A\334\264\003\020n5\372\022"
 511      08DD41DC 
 511      B403106E 
 511      35FA12
 512 1c5f 956E62C6 		.ascii	"\225nb\306\327\204v\251\365\273IS\365n\023\030\015\201"
 512      D78476A9 
 512      F5BB4953 
 512      F56E1318 
 512      0D81
 513 1c71 2FA33E30 		.ascii	"/\243>0\004\373\007\231\300\333|\3348\361\337*8\353"
 513      04FB0799 
 513      C0DB7CDC 
 513      38F1DF2A 
 513      38EB
 514 1c83 6BD28146 		.ascii	"k\322\201F\220\361\013\331\021l\320;\031\211i\343v\025"
 514      90F10BD9 
 514      116CD03B 
 514      198969E3 
 514      7615
 515 1c95 1008EC36 		.ascii	"\020\010\3546\231\014!\036\314\204\257A\017\376\326"
 515      990C211E 
 515      CC84AF41 
 515      0FFED6
ARM GAS  /tmp/cckaz3a5.s 			page 41


 516 1ca4 07F98393 		.ascii	"\007\371\203\223Am\360\226\177\013\321\350\367\004\230"
 516      416DF096 
 516      7F0BD1E8 
 516      F70498
 517 1cb3 FC83B7EA 		.ascii	"\374\203\267\352\325\206\255{\241\005\007\"F'\023\371"
 517      D586AD7B 
 517      A1050722 
 517      462713F9 
 518 1cc3 84C6DB76 		.ascii	"\204\306\333v\372m\007.\020\256\003g4\371\231\364\032"
 518      FA6D072E 
 518      10AE0367 
 518      34F999F4 
 518      1A
 519 1cd4 13FD220A 		.ascii	"\023\375\"\012\374\266\370\031\365|T\177\366)\037\325"
 519      FCB6F819 
 519      F57C547F 
 519      F6291FD5 
 520 1ce4 E4406B34 		.ascii	"\344@k4\375\311og\300\366 _\223\317;;~\207?\200\007"
 520      FDC96F67 
 520      C0F6205F 
 520      93CF3B3B 
 520      7E873F80 
 521 1cf9 4F73417E 		.ascii	"OsA~\201z\316\177\207\237A\025\274s+\370\032\322Jo\300"
 521      817ACE7F 
 521      879F4115 
 521      BC732BF8 
 521      1AD24A6F 
 522 1d0e FEA63D4A 		.ascii	"\376\246=Jc\210r\247\001\306v;\304\004\344\216\301\307"
 522      638872A7 
 522      01C6763B 
 522      C404E48E 
 522      C1C7
 523 1d20 07E813A5 		.ascii	"\007\350\023\245\341\227J\303/\224\206\237+\015\237"
 523      E1974AC3 
 523      2F94869F 
 523      2B0D9F
 524 1d2f 290D3F53 		.ascii	")\015?S\032>\305\306\015>@\237`\343\372_\002\375\002"
 524      1A3EC5C6 
 524      0D3E409F 
 524      60E3FA5F 
 524      02FD02
 525 1d42 E8E7409F 		.ascii	"\350\347@\237\001\375\014\010\256\257\337\000\264\036"
 525      01FD0C08 
 525      AEAFDF00 
 525      B41E
 526 1d50 08E4D683 		.ascii	"\010\344\326\203\234\017\310\371\200\234\017\310\371"
 526      9C0FC8F9 
 526      809C0FC8 
 526      F9
 527 1d5d 7CE64290 		.ascii	"|\346B\220\021W\203\321\237\375\260\016\370~\367\363"
 527      115783D1 
 527      9FFDB00E 
 527      F87EF7F3 
 528 1d6d 40929154 		.ascii	"@\222\221T\203\1770D\365\036\023Gb\320\331:\352\252"
 528      837F3044 
 528      F51E1347 
 528      62D0D93A 
ARM GAS  /tmp/cckaz3a5.s 			page 42


 528      EAAA
 529 1d7f C090E0E0 		.ascii	"\300\220\340\340\235\032~HL\253D\341@\343\004\304\365"
 529      9D1A7E48 
 529      4CAB44E1 
 529      40E304C4 
 529      F5
 530 1d90 DFB9DB9C 		.ascii	"\337\271\333\234\3625y\311\3010\230\254\231\340\277"
 530      F23579C9 
 530      C13098AC 
 530      99E0BF
 531 1d9f C3E8BF83 		.ascii	"\303\350\277\203\324\202\217\336*\030H\013\341\337\276"
 531      D4828FDE 
 531      2A18480B 
 531      E1DFBE
 532 1dae 5DE15EA3 		.ascii	"]\341^\243%\372\337\256\024\302\017\344\264\220k<`\347"
 532      25FADFAE 
 532      14C20FE4 
 532      B4906B3C 
 532      60E7
 533 1dc0 6F59F243 		.ascii	"oY\362CXXN\252\277\205\020\017\372\323\307\216\352\235"
 533      58584EAA 
 533      BF85100F 
 533      FAD3C78E 
 533      EA9D
 534 1dd2 451BA96F 		.ascii	"E\033\251o\264\0011\355\026\274\313\024\262\313dQ\253"
 534      B40131ED 
 534      16BCCB14 
 534      B2CB6451 
 534      AB
 535 1de3 0EA007AE 		.ascii	"\016\240\007\256\001A\242\223\232M_\372n\374\357\277"
 535      0141A293 
 535      9A4D5FFA 
 535      6EFCEFBF 
 536 1df3 FEF27F3B 		.ascii	"\376\362\177;\301\301\246\315_}\355\014\337\337\374"
 536      C1C1A6CD 
 536      5F7DED0C 
 536      DFDFFC
 537 1e02 E1B77FF8 		.ascii	"\341\267\177\370\355\346w2\306\212))#\306\255|t\253"
 537      EDE67732 
 537      C68A2929 
 537      23C6AD7C 
 537      74AB
 538 1e14 6806EBE8 		.ascii	"h\006\353\350\247/\233I\030CS\002pP\306\250!9\253\207"
 538      A72F9B49 
 538      18435302 
 538      7050C6A8 
 538      2139AB87 
 539 1e28 8AE0C624 		.ascii	"\212\340\306$-\254z7\225[e{\326\327\364\323\267:\222"
 539      2DAC7A37 
 539      955B657B 
 539      D6D7F4D3 
 539      B73A92
 540 1e3b E9251D17 		.ascii	"\351%\035\027\333\206h\377.\320\244\"!ar\205\201\011"
 540      DB8668FF 
 540      2ED0A422 
 540      21617285 
 540      8109
ARM GAS  /tmp/cckaz3a5.s 			page 43


 541 1e4d 20E5F23B 		.ascii	" \345\362;\200\376\016\201a\012\010$y\245\336m\0100"
 541      80FE0E81 
 541      610A0824 
 541      79A5DE6D 
 541      0830
 542 1e5f E94DDC76 		.ascii	"\351M\334v\275\011\"r\227\311\204\341\010\303\001G\203"
 542      BD092272 
 542      97C984E1 
 542      08C30147 
 542      83
 543 1e70 925E750F 		.ascii	"\222^u\017\010\202\376\223\372\020\274m\233Qorg\023"
 543      0882FE93 
 543      FA10BC6D 
 543      9B516F72 
 543      6713
 544 1e82 CB978680 		.ascii	"\313\227\206\200\357\364\206?\376~3d\341N\235\370\234"
 544      EFF4863F 
 544      FE7E3364 
 544      E14E9DF8 
 544      9C
 545 1e93 DAB08794 		.ascii	"\332\260\207\224*\255\377\216\315;\266n\332\251\327"
 545      2AADFF8E 
 545      CD3BB66E 
 545      DAA9D7
 546 1ea2 87FCCDDB 		.ascii	"\207\374\315\333\361\260\310&\356\366\337\261i\257\361"
 546      F1B0C826 
 546      EEF6DFB1 
 546      69AFF1
 547 1eb1 B7305DBF 		.ascii	"\2670]\277C\200\355\245e\030\206\213\310\177\370\016"
 547      4380EDA5 
 547      6518868B 
 547      C87FF80E 
 548 1ec1 C34A26DF 		.ascii	"\303J&\337M_\256\207zh\360\365\337\266\375\377\003\230"
 548      4D5FAE87 
 548      7A68F0F5 
 548      DFB6FDFF 
 548      0398
 549 1ed3 A4C200   		.ascii	"\244\302\000"
 550              		.text
 551              		.section	.gnu.lto_.symtab.a49eb298bf66605f,"",%progbits
 552 0000 6D61696E 		.ascii	"main\000"
 552      00
 553 0005 00       		.ascii	"\000"
 554 0006 00       		.ascii	"\000"
 555 0007 00       		.ascii	"\000"
 556 0008 00000000 		.ascii	"\000\000\000\000\000\000\000\000"
 556      00000000 
 557 0010 B3000000 		.ascii	"\263\000\000\000"
 558 0014 53443200 		.ascii	"SD2\000"
 559 0018 00       		.ascii	"\000"
 560 0019 02       		.ascii	"\002"
 561 001a 00       		.ascii	"\000"
 562 001b 00000000 		.ascii	"\000\000\000\000\000\000\000\000"
 562      00000000 
 563 0023 A5020000 		.ascii	"\245\002\000\000"
 564 0027 70776D5F 		.ascii	"pwm_init\000"
 564      696E6974 
ARM GAS  /tmp/cckaz3a5.s 			page 44


 564      00
 565 0030 00       		.ascii	"\000"
 566 0031 02       		.ascii	"\002"
 567 0032 00       		.ascii	"\000"
 568 0033 00000000 		.ascii	"\000\000\000\000\000\000\000\000"
 568      00000000 
 569 003b B5000000 		.ascii	"\265\000\000\000"
 570 003f 73645374 		.ascii	"sdStart\000"
 570      61727400 
 571 0047 00       		.ascii	"\000"
 572 0048 02       		.ascii	"\002"
 573 0049 00       		.ascii	"\000"
 574 004a 00000000 		.ascii	"\000\000\000\000\000\000\000\000"
 574      00000000 
 575 0052 9B020000 		.ascii	"\233\002\000\000"
 576 0056 63685468 		.ascii	"chThdSleep\000"
 576      64536C65 
 576      657000
 577 0061 00       		.ascii	"\000"
 578 0062 02       		.ascii	"\002"
 579 0063 00       		.ascii	"\000"
 580 0064 00000000 		.ascii	"\000\000\000\000\000\000\000\000"
 580      00000000 
 581 006c 9F020000 		.ascii	"\237\002\000\000"
 582 0070 63685379 		.ascii	"chSysInit\000"
 582      73496E69 
 582      7400
 583 007a 00       		.ascii	"\000"
 584 007b 02       		.ascii	"\002"
 585 007c 00       		.ascii	"\000"
 586 007d 00000000 		.ascii	"\000\000\000\000\000\000\000\000"
 586      00000000 
 587 0085 A1020000 		.ascii	"\241\002\000\000"
 588 0089 68616C49 		.ascii	"halInit\000"
 588      6E697400 
 589 0091 00       		.ascii	"\000"
 590 0092 02       		.ascii	"\002"
 591 0093 00       		.ascii	"\000"
 592 0094 00000000 		.ascii	"\000\000\000\000\000\000\000\000"
 592      00000000 
 593 009c A3020000 		.ascii	"\243\002\000\000"
 594              		.text
 595              		.section	.gnu.lto_.opts,"",%progbits
 596 0000 272D666D 		.ascii	"'-fmath-errno' '-fsigned-zeros' '-ftrapping-math' '"
 596      6174682D 
 596      6572726E 
 596      6F272027 
 596      2D667369 
 597 0033 2D666E6F 		.ascii	"-fno-trapv' '-fno-strict-overflow' '-fno-openmp' '-"
 597      2D747261 
 597      70762720 
 597      272D666E 
 597      6F2D7374 
 598 0066 666E6F2D 		.ascii	"fno-openacc' '-mcpu=cortex-m4' '-mthumb' '-mfloat-a"
 598      6F70656E 
 598      61636327 
 598      20272D6D 
ARM GAS  /tmp/cckaz3a5.s 			page 45


 598      6370753D 
 599 0099 62693D68 		.ascii	"bi=hard' '-mfpu=fpv4-sp-d16' '-ggdb' '-Og' '-fomit-"
 599      61726427 
 599      20272D6D 
 599      6670753D 
 599      66707634 
 600 00cc 6672616D 		.ascii	"frame-pointer' '-falign-functions=16' '-ffunction-s"
 600      652D706F 
 600      696E7465 
 600      72272027 
 600      2D66616C 
 601 00ff 65637469 		.ascii	"ections' '-fdata-sections' '-fno-common' '-flto'\000"
 601      6F6E7327 
 601      20272D66 
 601      64617461 
 601      2D736563 
 602              		.text
 603              		.comm	__gnu_lto_v1,1,1
 604              		.comm	__gnu_lto_slim,1,1
 605              		.ident	"GCC: (15:6.3.1+svn253039-1build1) 6.3.1 20170620"
ARM GAS  /tmp/cckaz3a5.s 			page 46


DEFINED SYMBOLS
                            *ABS*:0000000000000000 main.c
                            *COM*:0000000000000001 __gnu_lto_v1
                            *COM*:0000000000000001 __gnu_lto_slim

NO UNDEFINED SYMBOLS
