ARM GAS  /tmp/ccH4xLWZ.s 			page 1


   1              		.cpu cortex-m4
   2              		.eabi_attribute 27, 1
   3              		.eabi_attribute 28, 1
   4              		.eabi_attribute 20, 1
   5              		.eabi_attribute 21, 1
   6              		.eabi_attribute 23, 3
   7              		.eabi_attribute 24, 1
   8              		.eabi_attribute 25, 1
   9              		.eabi_attribute 26, 1
  10              		.eabi_attribute 30, 1
  11              		.eabi_attribute 34, 1
  12              		.eabi_attribute 18, 4
  13              		.file	"memstreams.c"
  14              		.text
  15              	.Ltext0:
  16              		.section	.gnu.lto_.profile.6edc1223c4f5cef2,"",%progbits
  17 0000 789C6365 		.ascii	"x\234ce`b`a```d\010\260\004\000\001Y\000\226"
  17      60626061 
  17      60606064 
  17      08B00400 
  17      01590096 
  18              		.text
  19              		.section	.gnu.lto_.inline.6edc1223c4f5cef2,"",%progbits
  20 0000 789C6365 		.ascii	"x\234ce`b(g@\000V\006\006^\036F\006&\376\216\022\006"
  20      60622867 
  20      40005606 
  20      065E1E46 
  20      0626FE8E 
  21 0016 EE1FAE4C 		.ascii	"\356\037\256L 1F\006\036n\240\020\337\206\034\006\256"
  21      20314606 
  21      1E6EA010 
  21      DF861C06 
  21      AE
  22 0027 05766021 		.ascii	"\005v`!&\006AI\220\252\031\245\014\334+\334\300B,\274"
  22      26064149 
  22      90AA19A5 
  22      0CDC2BDC 
  22      C0422CBC 
  23 003b 0C0CCC13 		.ascii	"\014\014\314\023\374@\220\031\257,\013\003\007;P\226"
  23      FC409019 
  23      AF2C0B03 
  23      073B5096 
  24 004b B5431D2E 		.ascii	"\265C\035.\313\000\000\353\246\020\322"
  24      CB0000EB 
  24      A610D2
  25              		.text
  26              		.section	.gnu.lto_.jmpfuncs.6edc1223c4f5cef2,"",%progbits
  27 0000 789C6365 		.ascii	"x\234ce`b\020f@\000V fd\000\012200\0031\013\020\003"
  27      60621066 
  27      40005620 
  27      6664000A 
  27      32303003 
  28 0018 00040F00 		.ascii	"\000\004\017\000*"
  28      2A
  29              		.text
  30              		.section	.gnu.lto_.pureconst.6edc1223c4f5cef2,"",%progbits
  31 0000 789C6365 		.ascii	"x\234ce`b\340f```e\220b\224b\222b\226b\221\002\000\004"
ARM GAS  /tmp/ccH4xLWZ.s 			page 2


  31      6062E066 
  31      60606065 
  31      90629462 
  31      92629662 
  32 0018 2200A4   		.ascii	"\"\000\244"
  33              		.text
  34              		.section	.gnu.lto__put.6edc1223c4f5cef2,"",%progbits
  35 0000 789C9552 		.ascii	"x\234\225RKO\023Q\024\276\337\2753\235\026j\215\256"
  35      4B4F1351 
  35      14BEDFBD 
  35      339D166A 
  35      8DAE
  36 0012 5C74C142 		.ascii	"\\t\301BBX\330\321\2101&\272\362\007\270\360\027\000"
  36      4258D8D1 
  36      883126BA 
  36      F207B8F0 
  36      1700
  37 0024 21A1098D 		.ascii	"!\241\011\215\304\272\226K\213\205\250A\242\261<\322"
  37      C4BA964B 
  37      8B85A841 
  37      A2B13CD2 
  38 0034 3A2486A0 		.ascii	":$\206\240(oP\300W#\211\212\202\242\206\304\260p!\217"
  38      286F50C0 
  38      5723898A 
  38      82A286C4 
  38      B070218F 
  39 0048 04150D8A 		.ascii	"\004\025\015\212q\207\2363\323\004\214\033\230\264w"
  39      71879E33 
  39      D3048C1B 
  39      98B477
  40 0057 EEE37C8F 		.ascii	"\356\343|\217\363\3155\205\024\013J\210\343B\210#\364"
  40      F3CD3585 
  40      140B4A88 
  40      E3428823 
  40      F4
  41 0068 8729205B 		.ascii	"\207) [^\013Q\357\227\322p t\201Z\233\026B\007\025\014"
  41      5E0B51EF 
  41      97D27020 
  41      74815A9B 
  41      16420715 
  42 007d 6FDF0078 		.ascii	"o\337\000x\242\375\020uR\031\250\303\025\325\252\360"
  42      A2FD1075 
  42      5219A8C3 
  42      15D5AAF0 
  43 008d B66120A3 		.ascii	"\266a \243\232\225\243\004\014Z\256\315t,\204x\011\024"
  43      9A95A304 
  43      0C5AAECD 
  43      742C8478 
  43      0914
  44 009f D172713C 		.ascii	"\321rq<\265j\224vkzr\255i\337\215\241Y\035p\224\024"
  44      B56A9476 
  44      6B7A72AD 
  44      69DF8DA1 
  44      591D7094 
  45 00b4 ED547E0B 		.ascii	"\355T~\013at#\314\352\267QJ\305\357g\346Z,U\006A\363"
  45      617423CC 
  45      EAB7514A 
ARM GAS  /tmp/ccH4xLWZ.s 			page 3


  45      C5EF67E6 
  45      5A2C5506 
  46 00ca E1A6CEF1 		.ascii	"\341\246\316\361`I\227\326\011\235\233\276\246\364~"
  46      604997D6 
  46      099D9BBE 
  46      A6F47E
  47 00d9 4729F440 		.ascii	"G)\364@m\005\322\226\300\035\224Py&\325\263\244\324"
  47      6D05D296 
  47      C01D9450 
  47      7926D5B3 
  47      A4D4
  48 00eb 5117FA25 		.ascii	"Q\027\372%\365\343[(\017\375\272.u\320!\267w=\350\341"
  48      F5E35B28 
  48      0FFDBA2E 
  48      75D021B7 
  48      773DE8E1 
  49 00ff 300E32D0 		.ascii	"0\0162\320\020\350E\011W\377\374>\367*\240\216\271H"
  49      10E84509 
  49      57FFFC3E 
  49      F72AA08E 
  49      B948
  50 0111 672CD911 		.ascii	"g,\331\021*\276\351\"\227\333\366^M\352\027\332p\224"
  50      2ABEE922 
  50      97DBF65E 
  50      4DEA17DA 
  50      7094
  51 0123 89BE7F85 		.ascii	"\211\276\177\205\371\241\362O\203\033\327w\371\014\364"
  51      F9A1F24F 
  51      831BD777 
  51      F90CF4
  52 0132 A3981BA2 		.ascii	"\243\230\033\242>\006\340\003\275\373\337!\2477\376"
  52      3E06E003 
  52      BDFBDF21 
  52      A737FE
  53 0141 34EADCC7 		.ascii	"4\352\334\307}\037\326g\366\204@\222\222\"!\263&M}>"
  53      7D1FD667 
  53      F6844092 
  53      922221B3 
  53      264D7D3E 
  54 0155 1E2C1A2C 		.ascii	"\036,\032,?\017\001\260\233B\336\014\362 \304E\242\343"
  54      3F0F01B0 
  54      9B42DE0C 
  54      F220C445 
  54      A2E3
  55 0167 B42F5156 		.ascii	"\264/QV\364VKHt\016_.u\005H.K\235\257 1\261\322<\351"
  55      F4564B48 
  55      740E5F2E 
  55      7505482E 
  55      4B9DAF20 
  56 0180 E3BDAC32 		.ascii	"\343\275\2542\311O\372\302\3237\026go\272\335\374~\376"
  56      C94FFAC2 
  56      D3371667 
  56      6FBADDFC 
  56      7EFE
  57 0192 B229E820 		.ascii	"\262)\350 [O\341\0279\312O \014\262{:\353ZL\364Yv\257"
  57      5B4FE117 
  57      39CA4F20 
ARM GAS  /tmp/ccH4xLWZ.s 			page 4


  57      0CB27B3A 
  57      EB5A4CF4 
  58 01a9 F68E0218 		.ascii	"\366\216\002\030\202\2036nA`\030\266\313=\025\361\230"
  58      8283366E 
  58      416018B6 
  58      CB3D15F1 
  58      98
  59 01ba 7D3BA41A 		.ascii	"};\244\032q\2518\006\214\022\325\"\032\346'\313\362"
  59      71A93806 
  59      8C12D522 
  59      1AE627CB 
  59      F2
  60 01cb 26B3DC9B 		.ascii	"&\263\334\233\340\266\224\240\353\245\334\036\332\222"
  60      E0B694A0 
  60      EBA5DC1E 
  60      DA92
  61 01d9 F91EAC1D 		.ascii	"\371\036\254\035)Y\270\347*IV\272\357\232NfR\355\246"
  61      2959B8E7 
  61      2A4956BA 
  61      EF9A4E66 
  61      52EDA6
  62 01ec C745408B 		.ascii	"\307E@\213\325H\241c\352\004\357m\015\310\372/\240\316"
  62      D548A163 
  62      EA04EF6D 
  62      0DC8FA2F 
  62      A0CE
  63 01fe 105D0A82 		.ascii	"\020]\012\202a\214\3050N\324Y\025\360BnOZ\036i\341\266"
  63      618CC530 
  63      4ED45915 
  63      F0426E4F 
  63      5A1E69E1 
  64 0213 0C1EE014 		.ascii	"\014\036\340\024&6Sx\340yK\247\340\261\004=\242\321"
  64      26365378 
  64      E0794BA7 
  64      E0B1043D 
  64      A2D1
  65 0225 C6E9C102 		.ascii	"\306\351\301\0026C_\037\017\211\201\264\322\201\274"
  65      36435F1F 
  65      0F8981B4 
  65      D281BC
  66 0234 D36DAA3C 		.ascii	"\323m\252<\332Ty\014\233\250\335l\015\367\312\254B\212"
  66      DA54790C 
  66      9BA8DD6C 
  66      0DF7CAAC 
  66      428A
  67 0246 AC7BF60B 		.ascii	"\254{\366\013 \330rf\344\331n\326\2238\217'\010\313"
  67      20D87266 
  67      E4D96ED6 
  67      93388F27 
  67      08CB
  68 0258 CF955B23 		.ascii	"\317\225[#\221\020\310!\254\346\227gA\327\017\314A\321"
  68      9110C821 
  68      ACE69767 
  68      41D70FCC 
  68      41D1
  69 026a 1E8A446C 		.ascii	"\036\212Dl\357w\262:Z\021=u\332>\023\267\253\313k\354"
  69      EF77B23A 
ARM GAS  /tmp/ccH4xLWZ.s 			page 5


  69      5A113D75 
  69      DA3E13B7 
  69      ABCB6BEC 
  70 027e 9A68851D 		.ascii	"\232h\205\035?w\266\252<\026\267cU\261\3744R)d\264\026"
  70      3F77B6AA 
  70      3C16B763 
  70      55B1FC34 
  70      522964B4 
  71 0293 152A16AF 		.ascii	"\025*\026\257\375\013\016NF\345"
  71      FD0B0E4E 
  71      46E5
  72              		.text
  73              		.section	.gnu.lto__get.6edc1223c4f5cef2,"",%progbits
  74 0000 789C9552 		.ascii	"x\234\225R\337K\024Q\024\276\337\334\331\235\235e5\352"
  74      DF4B1451 
  74      14BEDFDC 
  74      D99D9D65 
  74      35EA
  75 0012 410896F0 		.ascii	"A\010\226\360!\021\037\334)2z\250\267\376\200\036z\352"
  75      21111FDC 
  75      29327AA8 
  75      B7FE801E 
  75      7AEA
  76 0024 514370C1 		.ascii	"QCp\301%i{\214\274\356\332*\032%E\376b\267\021BL\315"
  76      25697B8C 
  76      BCEEDA2A 
  76      1A2545FE 
  76      62B71142 
  77 003a DF6EE99A 		.ascii	"\337n\351\232\260$e?\264\254\220P\010\2424\260\260\260"
  77      B024653F 
  77      B4AC9050 
  77      08A234B0 
  77      B0B0
  78 004c A820423B 		.ascii	"\250 B;gF\312\350%\207\231;\367\236{\276\357;\347\273"
  78      6746CAE8 
  78      2587993B 
  78      F79E7BBE 
  78      EF3BE7BB 
  79 0060 D7233431 		.ascii	"\327#41!\2058\"\2048H\037<\002Z\323\023!j|\232\246\333"
  79      21853822 
  79      8438481F 
  79      3C025AD3 
  79      13216A7C 
  80 0077 10CA2FD7 		.ascii	"\020\312/\327f\204P\001\011\335\215\353\000O\224\017"
  80      66845001 
  80      09DD8DEB 
  80      004F940F 
  81 0087 A25A933A 		.ascii	"\242Z\223:\252qI\266H<\253\035L\312\213\322\226\002"
  81      AA7149B6 
  81      483CAB1D 
  81      4CCA8BD2 
  81      9602
  82 0099 3A2DD766 		.ascii	":-\327f\333\337\346\362\022\310\247\345\322xbU/\352"
  82      DBDFE6F2 
  82      12C8A7E5 
  82      D2786255 
  82      2FEA
ARM GAS  /tmp/ccH4xLWZ.s 			page 6


  83 00ab 52F4645B 		.ascii	"R\364d[2\336k\303s\312\264\245&\332(\375\006\202\350"
  83      32DE6BC3 
  83      73CAB4A5 
  83      26DA28FD 
  83      0682E8
  84 00be 4290D5BB 		.ascii	"B\220\325\273QD\311/f\347\233\014Y\002A\363\221\372"
  84      5144C92F 
  84      66E79B0C 
  84      590241F3 
  84      91FA
  85 00d0 8EF14061 		.ascii	"\216\361@a\247R1\225\235\271\"\325^[J\364@n\005RH\240"
  85      A7523195 
  85      9DB922D5 
  85      5E5B4AF4 
  85      406E0552 
  86 00e6 17859CFF 		.ascii	"\027\205\234\377\345\323\374cS\036r\260\366X\274=\267"
  86      E5D3FC63 
  86      531E72B0 
  86      F658BC3D 
  86      B7
  87 00f7 E0BA835D 		.ascii	"\340\272\203]o\333u9\256\036(\335\246\222o\376\215\347"
  87      6FDB7539 
  87      AE1E28DD 
  87      A6926FFE 
  87      8DE7
  88 0109 87D29389 		.ascii	"\207\322\223\211\236e)\017;\320{?\027\246\375\233\320"
  88      9E65290F 
  88      3BD07B3F 
  88      17A6FD9B 
  88      D0
  89 011a 6F6D796B 		.ascii	"omyk1\325\312P\017\372]\350\201 \366\375\006\276\031"
  89      31D5CA50 
  89      0FFA5DE8 
  89      8120F6FD 
  89      06BE19
  90 012d 5ABF9AE3 		.ascii	"Z\277\232\343\3251\200\002\364\241\200\233\242^\006"
  90      D5318002 
  90      F4A1809B 
  90      A25E06
  91 013c E105FD38 		.ascii	"\341\005\3758:\360\034Y\265\276Q\247\262\037wO\216\276"
  91      3AF01C59 
  91      B5BE51A7 
  91      B21F774F 
  91      8EBE
  92 014e DC9903AA 		.ascii	"\334\231\003\252Y#k\250h\017M\275^\036\014\032\014\037"
  92      59236BA8 
  92      680F4DBD 
  92      5E1E0C1A 
  92      0C1F
  93 0160 0FA66094 		.ascii	"\017\246`\224\237\203\001\316\024\242\201(\331\365F"
  93      9F8301CE 
  93      14A28128 
  93      D9F546
  94 016f 5AD05F2E 		.ascii	"Z\320_.#\326\261q\241\310\021!\311\0249\260\202Xf\245"
  94      23D6B171 
  94      A1C81121 
  94      C91439B0 
ARM GAS  /tmp/ccH4xLWZ.s 			page 7


  94      825866A5 
  95 0183 7BCACBB1 		.ascii	"{\312\313\261\224\364P]\315\347\357>5\370\014t\247\247"
  95      94F4505D 
  95      CDE7EF3E 
  95      35F80C74 
  95      A7A7
  96 0195 EFD38FEA 		.ascii	"\357\323\217\352\0036R5t\010\371\266\364\021\010C\334"
  96      03365235 
  96      7408F9B6 
  96      F4110843 
  96      DC
  97 01a6 3EED752E 		.ascii	">\355u.\305\372\015\253O\271[&\206a\243\225\333\020"
  97      C5FA0DAB 
  97      4FB95B26 
  97      8661A395 
  97      DB10
  98 01b8 1881E570 		.ascii	"\030\201\345p?,v\231\275\333\244\032u\250\300Ti\242"
  98      3F2C7699 
  98      BDDBA41A 
  98      75A8C054 
  98      69A2
  99 01ca 5A42EDE2 		.ascii	"ZB\355\342T\311f\221\304\346\230\330H\365\3235\223N"
  99      54C96691 
  99      C4E698D8 
  99      48F5D335 
  99      934E
 100 01dc 0FBD71C3 		.ascii	"\017\275q\303\3356\266\245d\340\226\243\244\261\322"
 100      DD36B6A5 
 100      64E096A3 
 100      A4B1D2
 101 01eb 6DA7E878 		.ascii	"m\247\350x2\261\340q\271\010h\260\032)\374h8\341\306"
 101      32B1E071 
 101      B90868B0 
 101      1A29FC68 
 101      38E1C6
 102 01fe CCAD1E19 		.ascii	"\314\255\036\031\377x\324\261\307\346\012}\030c=\214"
 102      FF78D4B1 
 102      C7E60A7D 
 102      18633D8C 
 103 020e 13BB60DF 		.ascii	"\023\273`\337\363\034\327\007\330u\223E\232\023\263"
 103      F31CD707 
 103      D8759345 
 103      9A13B3
 104 021d E9B32EA3 		.ascii	"\351\263.\243\337\265']73\344gR\023@\206\320\244\332"
 104      DFB5275D 
 104      3733E467 
 104      52134086 
 104      D0A4DA
 105 0230 6C72CA7F 		.ascii	"lr\312\177uT\314\300\211?\266\335\201E\324L\362\271"
 105      7554CCC0 
 105      893FB6DD 
 105      8145D44C 
 105      F2B9
 106 0242 EE55BAC2 		.ascii	"\356U\272\302\225\012\260:;\247;\027b\025\232H9\351"
 106      950AB03A 
 106      3BA73B17 
 106      62159A48 
ARM GAS  /tmp/ccH4xLWZ.s 			page 8


 106      39E9
 107 0254 5F01627A 		.ascii	"_\001bz\227\034\275\277\203K\320p\016\223\010j\213\357"
 107      971CBDBF 
 107      834BD070 
 107      0E93086A 
 107      8BEF
 108 0266 5F835032 		.ascii	"_\203P2\363a\016t\235\300(\262j\177(d\271\357\321\212"
 108      F3610E74 
 108      9DC028B2 
 108      6A7F2864 
 108      B9EFD18A 
 109 027a 7059F8D8 		.ascii	"pY\370\330q\353T\324\252(\255\264*\303eV\364\314\351"
 109      71EB54D4 
 109      AA28ADB4 
 109      2AC36556 
 109      F4CCE9
 110 028d F2D248D4 		.ascii	"\362\322H\324\212\224G6\247\241\223B\013W\311H\264\012"
 110      8A944736 
 110      A7A19342 
 110      0B57C948 
 110      B40A
 111 029f 65BF00F4 		.ascii	"e\277\000\364s=\337"
 111      733DDF
 112              		.text
 113              		.section	.gnu.lto__reads.6edc1223c4f5cef2,"",%progbits
 114 0000 789C9552 		.ascii	"x\234\225R\317KTQ\024\276\337\273\357\315\233\221\231"
 114      CF4B5451 
 114      14BEDFBB 
 114      EFCD9B91 
 114      99
 115 0011 691F122E 		.ascii	"i\037\022.\022q\241\217` \350\347\242M\273\240\376\002"
 115      1271A18F 
 115      6020E8E7 
 115      A24DBBA0 
 115      FE02
 116 0023 0DC101A7 		.ascii	"\015\301\001\247\244i?\327Q'M)\243\034\177\344\360\004"
 116      A4693FD7 
 116      51274D29 
 116      A31C7FE4 
 116      F004
 117 0035 31B3F257 		.ascii	"1\263\362W\2269f1\330\"\31242m\343\"([\210ET\204\213"
 117      96396631 
 117      D822CA34 
 117      326DE322 
 117      285B8845 
 118 004c 523BE73E 		.ascii	"R;\347>\313j\245\303\233\373\356=\347|\3379\337w\237"
 118      CB6AA5C3 
 118      9BFBEE3D 
 118      E77CDF39 
 118      DF779F
 119 005f 250C5160 		.ascii	"%\014Q`\012qT\010\021\241?,\001\243eV\210\032\277a\310"
 119      0A715408 
 119      11A13F2C 
 119      01A36556 
 119      881ABF61 
 120 0074 7947A83C 		.ascii	"yG\250<sr\217PA\011\323\013\233\000o\224\037\"aH\023"
 120      73728F50 
ARM GAS  /tmp/ccH4xLWZ.s 			page 9


 120      4109D30B 
 120      9B006F94 
 120      1F226148 
 121 0089 095C966D 		.ascii	"\011\\\226m\022\257\352\206\273\344%\351J\001\223\216"
 121      12AFEA86 
 121      BBE425E9 
 121      4A01938E 
 122 0099 5F663ADF 		.ascii	"_f:\337\207\371\010\024\320\361\272\232k\264\213\373"
 122      87F90814 
 122      D0F1BA9A 
 122      6BB48BFB 
 123 00a9 944AAA5C 		.ascii	"\224J\252\\\333\327\303Wj\353\217\273\322\020\035T}"
 123      DBD7C357 
 123      6AEB8FBB 
 123      D2101D54 
 123      7D
 124 00ba 13F9E843 		.ascii	"\023\371\350C>\367\356G1\325\276\236Yh\261e\004\202"
 124      3EF7EE47 
 124      31D5BE9E 
 124      5968B165 
 124      0482
 125 00cc F6A30DDD 		.ascii	"\366\243\015\335\331`Q\257\306-]\225j\257+%nA\376\015"
 125      D96051AF 
 125      C62D5D95 
 125      6AAF2B25 
 125      6E41FE0D 
 126 00e0 A490C06D 		.ascii	"\244\220\300m\024Q\371\217\246\205t@\356\327\320\232"
 126      1451F98F 
 126      A6857440 
 126      EED7D09A 
 127 00f0 DE31D7D8 		.ascii	"\3361\327\330\204\276h\325P\023w\376\207\232\002\003"
 127      84BE68D5 
 127      501377FE 
 127      879A0203 
 128 0100 1ABAA6AE 		.ascii	"\032\272\246\256\245\303\362\200\206vL\265.\206~wMk"
 128      A5C3F280 
 128      86764CB5 
 128      2E867E77 
 128      4D6B
 129 0112 A881C1FF 		.ascii	"\250\201\301\377\241\206\300\020\212\270\376\333\347"
 129      A186C010 
 129      8AB8FEDB 
 129      E7
 130 011f 85E9803C 		.ascii	"\205\351\200<\244\261\356xmg\270\260Gc\337\264Y\035"
 130      A4B1EE78 
 130      6D67B8B0 
 130      4763DFB4 
 130      591D
 131 0131 2A5757E0 		.ascii	"*WW\340J\013\303\377\302\371G\325\357F\326[C>\023#("
 131      4A0BC3FF 
 131      C2F947D5 
 131      EF46D65B 
 131      433E1323 
 132 0146 6433C883 		.ascii	"d3\310\203\273\360\201\336Cs\310\251\365\215\013*7\273"
 132      BBF081DE 
 132      4373C8A9 
 132      F58D0B2A 
ARM GAS  /tmp/ccH4xLWZ.s 			page 10


 132      37BB
 133 0158 8A1B7DCD 		.ascii	"\212\033}\315\330\005\335\316\000K5\251\275\317\342"
 133      D805DDCE 
 133      004B35A9 
 133      BDCFE2
 134 0167 C5C78B0D 		.ascii	"\305\307\213\015N\371YN\200\227<\260\250 \247B\274\010"
 134      4EF9594E 
 134      80973CB0 
 134      A820A742 
 134      BC08
 135 0179 7191B8F9 		.ascii	"q\221\270\371\326\232hjz\313\017Hv\257L\033\272\033"
 135      D69A686A 
 135      7ACB0F48 
 135      76AF4C1B 
 135      BA1B
 136 018b F5CE5078 		.ascii	"\365\316Px\031\311\211\345\237\021\016e$_a\272~\352"
 136      19C989E5 
 136      9F110E65 
 136      245F61BA 
 136      7EEA
 137 019d A5CD5768 		.ascii	"\245\315Whia\253O\2377\004]dj\224R\244\310&\014FY\011"
 137      6961AB4F 
 137      9F37045D 
 137      646A9452 
 137      A4C8260C 
 138 01b4 E57A9792 		.ascii	"\345z\227\222\203\2663\240\274\224\201{p\321\316r\004"
 138      83B633A0 
 138      BC94817B 
 138      70D1CE72 
 138      04
 139 01c5 EEC3D1D4 		.ascii	"\356\303\321\324\317J<fk\207Tc\232\212-\301\003MU\333"
 139      CF4A3C66 
 139      6B875463 
 139      9A8A2DC1 
 139      034D55DB 
 140 01d9 9E6AB43C 		.ascii	"\236j\264<.\036\224\030\305\022\352f\237D\376\304l\355"
 140      2E1E9418 
 140      C512EA66 
 140      9F44FEC4 
 140      6CED
 141 01eb 6E137D16 		.ascii	"n\023}\026\363\216V\272zP\013%\2172l\006\245\314M\027"
 141      F38E56BA 
 141      7A500B25 
 141      8F326C06 
 141      A5CC4D17 
 142 01ff BC3BCC10 		.ascii	"\274;\314\020\277\226\277~\322#\361\357hH\023\343zH"
 142      BF96BF7E 
 142      D223F1EF 
 142      684813E3 
 142      7A48
 143 0211 8387CC7A 		.ascii	"\203\207\314zCv\245\372m\217+@t<\344\012R\335a\0161"
 143      4376A5FA 
 143      6D8F2B40 
 143      743CE40A 
 143      52DD610E 
 144 0226 4136FB71 		.ascii	"A6\373q\321N\254)\277+\375\035\254\016\023H\210\214"
 144      D14EAC29 
ARM GAS  /tmp/ccH4xLWZ.s 			page 11


 144      BF2BFD1D 
 144      AC0E1348 
 144      888C
 145 0238 CCD3F570 		.ascii	"\314\323\365pe\300\033h\343\210G\022\334\326@%l\330"
 145      65C01B68 
 145      E3884712 
 145      DCD64025 
 145      6CD8
 146 024a C32DC326 		.ascii	"\303-\303&\275Y\322)x,!\242&.\246N\0078\264}\326G[\254"
 146      BD59D229 
 146      782C21A2 
 146      262EA64E 
 146      0738B47D 
 147 0262 8FE11095 		.ascii	"\217\341\020\225\370D\306\3664\357\366\2309\361\035"
 147      F844C6F6 
 147      34EFF698 
 147      39F11D
 148 0271 446E1BA4 		.ascii	"Dn\033\244\302''\336J\372\346\300.\223+\373JK\035\357"
 148      C22727DE 
 148      4AFAE6C0 
 148      2E932BFB 
 148      4A4B1DEF 
 149 0285 3956192D 		.ascii	"9V\031-\217\2368\345\234\215;\225eUNU\264\334\211\237"
 149      8F9E38E5 
 149      9C8D3B95 
 149      65554E55 
 149      B4DC899F 
 150 0299 3F575116 		.ascii	"?WQ\026\213;\261\212\330\346\266\364\2640\242\325Fy"
 150      8B3BB18A 
 150      D8E6B6F4 
 150      B430A2D5 
 150      4679
 151 02ab 35CEC858 		.ascii	"5\316\310X\274\372\027\231\265Q\213"
 151      BCFA1799 
 151      B5518B
 152              		.text
 153              		.section	.gnu.lto__writes.6edc1223c4f5cef2,"",%progbits
 154 0000 789C9552 		.ascii	"x\234\225RMO\023Q\024\275\367\275\231N[\333\372\007"
 154      4D4F1351 
 154      14BDF7BD 
 154      994E5BDB 
 154      FA07
 155 0012 88B29010 		.ascii	"\210\262\220\020\026vb\322D\203\032\027n\334\271\360"
 155      167662D2 
 155      44831A17 
 155      6EDCB9F0 
 156 0022 178021A1 		.ascii	"\027\200!\241\011Ub\335\367Q\240\242$\212Q\012E\232"
 156      095562DD 
 156      F751A0A2 
 156      248A510A 
 156      459A
 157 0034 212104BF 		.ascii	"!!\004\277\370\022E\012\210\015\032\215\0220\362\261"
 157      F812450A 
 157      880D1A8D 
 157      1230F2B1 
 158 0044 11570A0B 		.ascii	"\021W\012\013\024b\2141&\032\320{\3374\242\254\240\231"
 158      14628C31 
ARM GAS  /tmp/ccH4xLWZ.s 			page 12


 158      261AD07B 
 158      DF34A2AC 
 158      A099
 159 0056 BE79EFDE 		.ascii	"\276y\357\336{\316\275\347\2741A\300~\003\340\004\000"
 159      7BCEBDE7 
 159      BC3141C0 
 159      7E03E004 
 159      00
 160 0067 44E88F26 		.ascii	"D\350\217&\240h\231\005\250\363\012!\027lP~cb\037\250"
 160      A0689905 
 160      A8F30A21 
 160      176C507E 
 160      63621FA8 
 161 007b 8044C30D 		.ascii	"\200D\303\015\033\210\274Q^\204\204\220\006&\360\232"
 161      1B88BC51 
 161      5E848490 
 161      0626F09A 
 162 008b 6C93F8B6 		.ascii	"l\223\370\266a\260S^\225\216\0044\350\370u\246\343c"
 162      61B0535E 
 162      958E0434 
 162      E8F875A6 
 162      E363
 163 009d 888F88C5 		.ascii	"\210\217\210\305t\274\245\346.[e\275J%U\276m\362\370"
 163      74BCA5E6 
 163      2E5B65BD 
 163      4A2555BE 
 163      6DF2F8
 164 00b0 F5FAC653 		.ascii	"\365\372\306S\216\024\220\241\352\333X\204\275X\304"
 164      8E1490A1 
 164      EADB5884 
 164      BD58C4
 165 00bf BDEF6019 		.ascii	"\275\357`\031\325\316\317,\266X2\202@\373\341\246\256"
 165      D5CECF2C 
 165      B6583282 
 165      40FBE1A6 
 165      AE
 166 00d0 5CA0B447 		.ascii	"\\\240\264G\343\326nHu\300\221\022\357\242\374\027H"
 166      E3D66E48 
 166      75C09112 
 166      EFA2FC17 
 166      48
 167 00e1 21C07B58 		.ascii	"!\300{XJ\345\277\232\027\323>yXC\353zF\034Q\200>Ok\250"
 167      4AE5BF9A 
 167      17D33E79 
 167      5843EB7A 
 167      461C5180 
 168 00f9 81F7B743 		.ascii	"\201\367\267C\015\300>\015\335P7\323!Y\256\241\231\251"
 168      0DC03E0D 
 168      DD5037D3 
 168      2159AEA1 
 168      99A9
 169 010b D6A56001 		.ascii	"\326\245`\001\372\276MC\005\366o\207\012\300\001,\345"
 169      FABE4D43 
 169      05F66F87 
 169      0AC0012C 
 169      E5
 170 011c FA6F5F16 		.ascii	"\372o_\026\247}\362\230\306:\243\365\035\241\222n\215"
ARM GAS  /tmp/ccH4xLWZ.s 			page 13


 170      A77DF298 
 170      C63AA3F5 
 170      1DA1926E 
 170      8D
 171 012d 7D913633 		.ascii	"}\22163*\337P\354H\023\007\377\207\363\217\252?\014"
 171      2ADF50EC 
 171      481307FF 
 171      87F38FAA 
 171      3F0C
 172 013f 6DB6063D 		.ascii	"m\266\006=\006\016a\011\233A\036<@\017\322{`\016\363"
 172      060E6109 
 172      9B411E3C 
 172      400FD27B 
 172      600EF3
 173 0152 6AF3F725 		.ascii	"j\363\367%\225\337\\\301\336\247{\366\242\356&\220\225"
 173      95DF5CC1 
 173      DEA77BF6 
 173      A2EE2690 
 173      95
 174 0163 1AD4DD63 		.ascii	"\032\324\335c\362\342\341\305BNyik\371x\361#k\012p*"
 174      F2E2E1C5 
 174      424E7969 
 174      6BF978F1 
 174      236B0A70 
 175 0178 C80BC015 		.ascii	"\310\013\300\025\242\346Kk\246\241\351-W0\331\325=-"
 175      A2E64B6B 
 175      A6A1E92D 
 175      5730D9D5 
 175      3D2D
 176 018a 74336A9D 		.ascii	"t3j\235\245\360*&\307V?E8\224\225|\203\351\306\2517"
 176      A5F02A26 
 176      C7563F45 
 176      3894957C 
 176      83E9C6A9 
 177 019f 16DFA0A9 		.ascii	"\026\337\240\251u\375x\371\272)\340`\266N)E\202\274"
 177      75FD78F9 
 177      BA29E060 
 177      B64E2945 
 177      82BC
 178 01b1 84C16116 		.ascii	"\204\301a\026B\271\236\345d\277e\367)7%\360!:\330\316"
 178      42B99EE5 
 178      64BF65F7 
 178      293725F0 
 178      213AD8CE 
 179 01c5 6A001FA1 		.ascii	"j\000\037\241\255\251_\205]fs\227T#\232\212\035\301"
 179      ADA95F85 
 179      5D667397 
 179      54239A8A 
 179      1DC1
 180 01d7 C79AAABE 		.ascii	"\307\232\252\276=\2251].\036\224\030a\031\033f\237E"
 180      3D95315D 
 180      2E1E9418 
 180      61191B66 
 180      9F45
 181 01e9 FEC62C6D 		.ascii	"\376\306,mn3}\025\013\266V:pT\013%\217\262l\006\245"
 181      6E337D15 
 181      0BB6563A 
ARM GAS  /tmp/ccH4xLWZ.s 			page 14


 181      70540B25 
 181      8FB26C06 
 182 01fe 8C820BEE 		.ascii	"\214\202\013\356\025f\211_\313_+wI\274\273\032\322\302"
 182      1566895F 
 182      CB5F2B77 
 182      49BCBB1A 
 182      D2C2
 183 0210 513DA4E0 		.ascii	"Q=\244\340!s\356\220\235\251\325\302\220\276,cM\370"
 183      2173EE90 
 183      9DA9D5C2 
 183      90BE2C63 
 183      4DF8
 184 0222 8CA9AE10 		.ascii	"\214\251\256\020\207\230 \227[[\262\022\033\312\353"
 184      87982097 
 184      5B5BB212 
 184      1BCAEB
 185 0231 485F86D5 		.ascii	"H_\206\325\341\030&@\027\373i\032G\372\335\201\326\217"
 185      E1182640 
 185      17FB691A 
 185      47FADD81 
 185      D68F
 186 0243 B824811D 		.ascii	"\270$\201\035\015t\220\015\033\3372l\302\235%\235B\227"
 186      0D74900D 
 186      1BDF326C 
 186      C29D259D 
 186      4297
 187 0255 2548D4C4 		.ascii	"%H\324\304\305\324i\037\207v\316\372d\213u\022m\242"
 187      C5D4691F 
 187      8776CEFA 
 187      648B7512 
 187      6DA2
 188 0267 82753276 		.ascii	"\202u2v|\276\300\314\211\357H\344\226 \025\036\371\363"
 188      7CBEC0CC 
 188      89EF48E4 
 188      9620151E 
 188      F9F3
 189 0279 9DA46F0E 		.ascii	"\235\244o\016\331er\345P8l\273\317\311\352he\364\364"
 189      D96572E5 
 189      50386CBB 
 189      CFC9EA68 
 189      65F4F4
 190 028c 19FB7CDC 		.ascii	"\031\373|\334\256\256\250\261k\242\225v\374\342\205"
 190      AEAEA8B1 
 190      6BA29576 
 190      FCE285
 191 029b AA8A58DC 		.ascii	"\252\212X\334\216U\305\012\333\360Y\020\321ZQY\213\347"
 191      8E55C50A 
 191      DBF05910 
 191      D15A5159 
 191      8BE7
 192 02ad 642C5EFB 		.ascii	"d,^\373\007\016\324P\360"
 192      070ED450 
 192      F0
 193              		.text
 194              		.section	.gnu.lto_msObjectInit.6edc1223c4f5cef2,"",%progbits
 195 0000 789C9D93 		.ascii	"x\234\235\223\337KSa\030\307\337\357y\317\217\255tt"
 195      DF4B5361 
ARM GAS  /tmp/ccH4xLWZ.s 			page 15


 195      18C7DFEF 
 195      79CF8FAD 
 195      7474
 196 0012 D1459417 		.ascii	"\321E\224\027^\004\303\233\035\202.\272\353\242\300"
 196      5E04C39B 
 196      1D822EBA 
 196      EBA2C0
 197 0021 EEBAE82F 		.ascii	"\356\272\350/p1q\3440<u\023\301\316\246\2660\320\"M"
 197      703171E4 
 197      303C7513 
 197      C1CEA6B6 
 197      30D0224D 
 198 0035 1B8E23C9 		.ascii	"\033\216#\311Ze\233\323~\332Z\256ADZ\206\221\027A%\244"
 198      5A659BD3 
 198      7EDA5AAE 
 198      41445A86 
 198      91174125 
 199 004a 480B22C2 		.ascii	"H\013\"\302@\220\322\236\367\335\204\222n\332\3139\274"
 199      4090D29E 
 199      F7DD8492 
 199      6EDACB39 
 199      BC
 200 005b 3FCEF3FD 		.ascii	"?\316\363\375\274\317\373|\337\2431\205\015q\306\032"
 200      BCCFFB7C 
 200      DFA33185 
 200      0D71C61A 
 201 006b 19637BE8 		.ascii	"\031c{\350\005gP.\3162\026q)\200\030\330.\260\260\202"
 201      0567502E 
 201      CE321671 
 201      298018D8 
 201      2EB0B082 
 202 007f 307AF900 		.ascii	"0z\371\000G1\266<\2514\244lj\205\201\254q\316\356\332"
 202      4731B63C 
 202      A934A46C 
 202      6A8581AC 
 202      71CEEEDA 
 203 0093 E590FC2A 		.ascii	"\345\220\374*\275\242!\205\006\212\232\353\314\016\361"
 203      BDA22185 
 203      068A9AEB 
 203      CC0EF1
 204 00a2 1EEE7040 		.ascii	"\036\356p@\245\351\367W\361E\217\230*\250\247\351\312"
 204      A5E9F757 
 204      F1458F98 
 204      2AA8A7E9 
 204      CA
 205 00b3 B7F91937 		.ascii	"\267\371\0317\337\017F\343[}i\2177i\333Q\273\360\262"
 205      DF0F46E3 
 205      5B7D698F 
 205      3769DB51 
 205      BBF0B2
 206 00c6 8FDB7B1D 		.ascii	"\217\333{\035Nk\340\304\303M\324\341\006\352\030-1\214"
 206      4E6BE0C4 
 206      C34DD4E1 
 206      06EA182D 
 206      318C
 207 00d8 C24BD1A9 		.ascii	"\302K\321\251\316\334;7? \225o\227\023\251\232\212\364"
 207      CEDC3B37 
ARM GAS  /tmp/ccH4xLWZ.s 			page 16


 207      3F20956F 
 207      9713A99A 
 207      8AF4
 208 00ea 67BF94AA 		.ascii	"g\277\224\252\270\275U\2522\244\245\364Zd~\246\226\037"
 208      B8BD55AA 
 208      32A4A5F4 
 208      5A647EA6 
 208      961F
 209 00fc 94D2583A 		.ascii	"\224\322X:_\332\334u6\261\363r\207}\304\341\0322[\305"
 209      5FDADC75 
 209      36B1F372 
 209      877DC4E1 
 209      1A325BC5 
 210 0110 1AC39814 		.ascii	"\032\303\230\024\257\246\212\317T~X\212\027\246{.m\333"
 210      AFA68ACF 
 210      547E588A 
 210      17A67B2E 
 210      6DDB
 211 0122 DCB79CB2 		.ascii	"\334\267\234\262\206\354?\244\343\360\212\370O\343\353"
 211      86EC3FA4 
 211      E3F08AF8 
 211      4FE3EB
 212 0131 FDB5BA5A 		.ascii	"\375\265\272Z.\021&\240\203\372\2617(\330\353\0331\273"
 212      2E1126A0 
 212      83FAB137 
 212      28D8EB1B 
 212      31BB
 213 0143 B094C45C 		.ascii	"\260\224\304\\\343v\2525\235P\205HV\207\330\325\005"
 213      E376AA35 
 213      9D508548 
 213      5687D8D5 
 213      05
 214 0154 0960DD24 		.ascii	"\011`\335$\0236\\\340\212\350y\011\321\265X>wV\220\210"
 214      13365CE0 
 214      8AE87909 
 214      D1B5583E 
 214      77569088 
 215 0168 7EA5ABF8 		.ascii	"~\245\253\370\332\020\245\3452\271\325\347\323\347k"
 215      DA10A5E5 
 215      32B9D5E7 
 215      D3E76B
 216 0177 1C2422E4 		.ascii	"\034$\"\344\317\360n\207\353\011\252\371\035\312H|L"
 216      CFF06E87 
 216      EB09AAF9 
 216      1DCA487C 
 216      4C
 217 0188 2E453386 		.ascii	".E3\206\231\026\336\325;\334\300]8\030\224\306\341\036"
 217      9916DED5 
 217      3BDCC05D 
 217      381894C6 
 217      E11E
 218 019a CC3F6186 		.ascii	"\314?a\206\204u\254M\255x\302\277lr\330\030\021q\264"
 218      8475AC4D 
 218      AD78C2BF 
 218      6C72D818 
 218      1171B4
 219 01ad F6223E7A 		.ascii	"\366\">zB\360w8\334\205\007t+\356W\340\033_&2n\012\036"
ARM GAS  /tmp/ccH4xLWZ.s 			page 17


 219      42F07738 
 219      DC850774 
 219      2BEE57E0 
 219      1B5F2632 
 220 01c4 A48DAF43 		.ascii	"\244\215\257C \036\022\236\320\223\0103J:^z\277hT\222"
 220      201E129E 
 220      D0930833 
 220      4A3A5E7A 
 220      BF685492 
 221 01d8 FE8F2C55 		.ascii	"\376\217,U<\222Y\212\242!\0073A\216J\332\207jh\032\036"
 221      3C92598A 
 221      A2210733 
 221      418E4ADA 
 221      876A681A 
 222 01ed 4B9A2268 		.ascii	"K\232\"hyA\323\313\264\217\325\321\236H\2324vJ\320\\"
 222      7941D3CB 
 222      B48FD5D1 
 222      9E489A34 
 222      764AD05C 
 223 0201 82F6E3F3 		.ascii	"\202\366\343\363Bu\264\202\244\251\202\366\364o?40\024"
 223      4275B482 
 223      A4A982F6 
 223      F46F3F34 
 223      3014
 224 0213 49F515D1 		.ascii	"I\365\025\321\341\221^\010\270\374\335\272\251.t)\350"
 224      E1915E08 
 224      B8FCDDBA 
 224      A92E7429 
 224      E8
 225 0224 38FB7C3E 		.ascii	"8\373|>\263\374\034j\011\372\203G\217\231m\226\331\322"
 225      B3FC1C6A 
 225      09FA8347 
 225      8F996D96 
 225      D9D2
 226 0236 D46AB606 		.ascii	"\324j\266\006\375\246u\252=\320\024\262\314P T\031\372"
 226      FDA675AA 
 226      3DD014B2 
 226      CC502054 
 226      19FA
 227 0248 8E331EB2 		.ascii	"\2163\036\262N\352\376\323\315\315\201v\325\012\236"
 227      4EEAFED3 
 227      CDCD8176 
 227      D50A9E
 228 0257 09F0409B 		.ascii	"\011\360@\233\365\033{fAh"
 228      F51B7B66 
 228      4168
 229              		.text
 230              		.section	.gnu.lto_vmt.6edc1223c4f5cef2,"",%progbits
 231 0000 789C6365 		.ascii	"x\234ce`b\330\300\300\300`\314\000\001\323\231\031w"
 231      6062D8C0 
 231      C0C060CC 
 231      0001D399 
 231      1977
 232 0012 EE7C739B 		.ascii	"\356|s\233\275\376oCGC\303\203\356\035\314\263\231\347"
 232      BDFE6F43 
 232      4743C383 
 232      EE1DCCB3 
ARM GAS  /tmp/ccH4xLWZ.s 			page 18


 232      99E7
 233 0024 3333CC64 		.ascii	"33\314d\306\220[\260\215g>3\343LfF\014\211o@\035L3\231"
 233      C6905BB0 
 233      8D673E33 
 233      E34C6646 
 233      0C896F40 
 234 003c 99302436 		.ascii	"\2310$6\001%\230g23\203%\326\277\331\371\223\267\017"
 234      01259867 
 234      32338325 
 234      D6BFD9F9 
 234      93B70F
 235 004f 28C2C208 		.ascii	"(\302\302\010\342\236\275?\367\011\223\305\266\206\216"
 235      E29EBD3F 
 235      F70993C5 
 235      B6868E
 236 005e 050D01F3 		.ascii	"\005\015\001\363\231Yg030\256f\224\231\301\314\310\270"
 236      99596730 
 236      3330AE66 
 236      9499C1CC 
 236      C8B8
 237 0070 8AB17E06 		.ascii	"\212\261~\0063\023\343J\020\305\314\270\002D\2610.g"
 237      3313E34A 
 237      10C5CCB8 
 237      0244B130 
 237      2E67
 238 0082 AC67605C 		.ascii	"\254g`\\\303h\301`\250\247\247\017A\316\031\231I\231"
 238      C368C160 
 238      A8A7A70F 
 238      41CE1999 
 238      4999
 239 0094 FEC1FAF9 		.ascii	"\376\301\372\371\305\372\031\2119\3729\231I\372\305"
 239      C5FA1989 
 239      39FA3999 
 239      49FAC5
 240 00a3 2545A989 		.ascii	"%E\251\211\271\305\372\271\251\271P\246^2\003\000\177"
 240      B9C5FAB9 
 240      A9B950A6 
 240      5E320300 
 240      7F
 241 00b4 D95143   		.ascii	"\331QC"
 242              		.text
 243              		.section	.gnu.lto_.symbol_nodes.6edc1223c4f5cef2,"",%progbits
 244 0000 789C5DC9 		.ascii	"x\234]\311\273\015\2000\020\203a\307!Y\003\211I`\262"
 244      BB0D8030 
 244      108361C7 
 244      21590389 
 244      4960B2
 245 0013 BB8A1231 		.ascii	"\273\212\0221\002c ::\236\231\202\222!8\201h\342\346"
 245      0263203A 
 245      3A9E9982 
 245      92213881 
 245      68E2E6
 246 0026 973E0710 		.ascii	"\227>\007\020\035l\334(@\237\000\3138\314\032\315v\212"
 246      1D6CDC28 
 246      409F00CB 
 246      38CC1ACD 
 246      768A
ARM GAS  /tmp/ccH4xLWZ.s 			page 19


 247 0038 CB6DA530 		.ascii	"\313m\2450\267\205\342s;)\305o\2236@8\010\255\000\357"
 247      B785E273 
 247      3B29C56F 
 247      93364038 
 247      08AD00EF 
 248 004c 1225BC17 		.ascii	"\022%\274\027\240Z\2330\342j\357\322\373\257x\000N\345"
 248      A05A9B30 
 248      E26AEFD2 
 248      FBAF7800 
 248      4EE5
 249 005e 26D6     		.ascii	"&\326"
 250              		.text
 251              		.section	.gnu.lto_.refs.6edc1223c4f5cef2,"",%progbits
 252 0000 789C05C1 		.ascii	"x\234\005\301\261\001\000\000\010\303\2404\332\335\377"
 252      B1010000 
 252      08C3A034 
 252      DADDFF
 253 000f AF158A1C 		.ascii	"\257\025\212\034\220\265\331:*\206\007\003e\000<"
 253      90B5D93A 
 253      2A860703 
 253      65003C
 254              		.text
 255              		.section	.gnu.lto_.decls.6edc1223c4f5cef2,"",%progbits
 256 0000 789C9557 		.ascii	"x\234\225WkP\024W\026\356\323w\230\201\341e\251\345"
 256      6B501457 
 256      16EED377 
 256      9881E165 
 256      A9E5
 257 0012 9A92D41A 		.ascii	"\232\222\324\032CR\374X\031\321\252\335l\325\376p\313"
 257      4352FC58 
 257      19D1AADD 
 257      6CD5FE70 
 257      CB
 258 0023 AA4DF607 		.ascii	"\252M\366\007\241j\023\375;\0058\310l\301@1\303\032"
 258      A16A13FD 
 258      3B0538C8 
 258      6CC14031 
 258      C31A
 259 0035 B76AAB1A 		.ascii	"\267j\253\032\020\005\324\210\017PP\036\301'\342\003"
 259      1005D488 
 259      0F50501E 
 259      C127E203 
 260 0045 85880659 		.ascii	"\205\210\006Y\307\007\212<\005\005\203\012\210\020\011"
 260      C7078A3C 
 260      0505830A 
 260      881009
 261 0054 F8004421 		.ascii	"\370\000D!\210\302\236{oOO36\233\335f\316t\337\323\347"
 261      88C29E7B 
 261      6F4F4F33 
 261      369BDD66 
 261      CE74DFD3 
 262 0069 F99D73CF 		.ascii	"\371\235s\317\035\274\004Q\310\016\024\204OEA\210E\232"
 262      1DBC0451 
 262      C80E1484 
 262      4F454188 
 262      459A
 263 007b C1CB2008 		.ascii	"\301\313 \010\302)\301}\351\221j\221n!\265#u!\371\202"
ARM GAS  /tmp/ccH4xLWZ.s 			page 20


 263      C229C17D 
 263      E9916A91 
 263      6E21B523 
 263      7521F982 
 264 008f 202C41C2 		.ascii	" ,A\302\217\020\004\302\254k\033\256\215x\237\217\264"
 264      8F1004C2 
 264      AC6B1BAE 
 264      8D789F8F 
 264      B4
 265 00a0 10E91AD2 		.ascii	"\020\351\032\322Z\244sH\336\370.\002\357\255H\006|n"
 265      5AA47348 
 265      DEF82E02 
 265      EFAD4806 
 265      7C6E
 266 00b2 C13B4102 		.ascii	"\301;A\002|\236\301\273(\333\254\025\336\277\366\314"
 266      7C9EC1BB 
 266      28DBAC15 
 266      DEBFF6CC 
 267 00c2 6197DAA4 		.ascii	"a\227\332\244\266\265\354R\233\323*\273\2674\354\226"
 267      B6B5EC52 
 267      9BD32ABB 
 267      B734EC96 
 268 00d2 79D86D91 		.ascii	"y\330m\221\355\266\252\342\2456?D\372\030\336\267+\312"
 268      EDB6AAE2 
 268      A5363F44 
 268      FA18DEB7 
 268      2BCA
 269 00e4 B82C81F7 		.ascii	"\270,\201\367mW#\317W\303v\247\006\026j\373j<D\031s"
 269      6D5723CF 
 269      57C376A7 
 269      06166AFB 
 269      6A3C4419 
 270 00f9 2DFBBFC1 		.ascii	"-\373\277\301\227>x_\247\362A\355\266\312\276\250\335"
 270      973E785F 
 270      A7F241ED 
 270      B6CABEA8 
 270      DD
 271 010a B7789F42 		.ascii	"\267x\237B\362B\322\201\214\005\270s\240f}\347\250\345"
 271      F242D281 
 271      8C05B873 
 271      A0667DE7 
 271      A8E5
 272 011c 1F455EFF 		.ascii	"\037E^\3771\244A\244\247H\317e\254]6'\220&\221\306\221"
 272      31A441A4 
 272      A748CF65 
 272      AC5D3627 
 272      902691C6 
 273 0131 DE20BDA6 		.ascii	"\336 \275\246~d\254k\005w\317x^\373\0104\365>Y\322\015"
 273      7E64AC6B 
 273      0577CF78 
 273      5EFB0834 
 273      F53E59D2 
 274 0146 0F311A80 		.ascii	"\0171\032\200y\000r\020<\177\020\\8\270.9n\374\026\005"
 274      79007210 
 274      3C7F105C 
 274      38B82E39 
 274      6EFC1605 
ARM GAS  /tmp/ccH4xLWZ.s 			page 21


 275 015a 396E2EAE 		.ascii	"9n.\256\004\015\354\017?\"paQ\320\022R[t{t].\036\314"
 275      040DEC0F 
 275      3F227061 
 275      51D01252 
 275      5B747B74 
 276 0172 3649AD81 		.ascii	"6I\255\201\212\241VP\031\224\263\340\022\252\030]\331"
 276      8AA15650 
 276      1994B3E0 
 276      12AA185D 
 276      D9
 277 0183 B0F2B2E4 		.ascii	"\260\362\262\344\237m\037+\322\365@\027\200\257P\274"
 277      9F6D1F2B 
 277      D2F54017 
 277      80AF50BC 
 278 0193 1A18EF66 		.ascii	"\032\030\357f\315\301\353\201\004\375\340s\317\344\361"
 278      CDC1EB81 
 278      04FDE073 
 278      CFE4F1
 279 01a2 BF849E94 		.ascii	"\277\204\236\224\370\345mp\243v&\275\277\324\373[\002"
 279      F8E56D70 
 279      A37626BD 
 279      BFD4FB5B 
 279      02
 280 01b3 41469801 		.ascii	"AF\230\001\272~vq\322\237\257\351\353J\347\330)\035"
 280      BA7E7671 
 280      D29FAFE9 
 280      EB4AE7D8 
 280      291D
 281 01c5 99479FC5 		.ascii	"\231G\237\305\363\225\375\371F\0101\036\2456\234\367"
 281      F395FDF9 
 281      4608311E 
 281      A5369CF7 
 282 01d5 2A022F48 		.ascii	"*\002/H\322<8\003F8\005\004N@(\215*\210v\177\206$\245"
 282      D23C3803 
 282      46380504 
 282      4E40288D 
 282      2A88767F 
 283 01ec 4A232512 		.ascii	"J#%\022Y,\300\252 X\021$\300i\010\2416\251\024\234\204"
 283      592CC0AA 
 283      20581124 
 283      C06908A1 
 283      36A9149C 
 284 0201 20288320 		.ascii	" (\203 j\277\264\350\370u\177\362\005\263\237\227s\245"
 284      6ABFB4E8 
 284      F8757FF2 
 284      05B39F97 
 284      73A5
 285 0213 3240B17F 		.ascii	"2@\261\1773\177YE\272$\211p\016\035\224\273\035\240"
 285      337F5945 
 285      BA248970 
 285      0E1D94BB 
 285      1DA0
 286 0225 3F6D0F67 		.ascii	"?m\017g\265=\214\336\354\317\001\035\326\216\031\212"
 286      B53D8CDE 
 286      ECCF011D 
 286      D68E198A 
 287 0235 D251DED8 		.ascii	"\322Q\336\330\201\203\225^\214\267\326\017*\200\361"
ARM GAS  /tmp/ccH4xLWZ.s 			page 22


 287      8183955E 
 287      8CB7D60F 
 287      2A80F1
 288 0244 6A67269C 		.ascii	"jg&\234\201\230\370|#\210\270l\033i,\360\305\345B#\314"
 288      8198F87C 
 288      2388B86C 
 288      1B692CF0 
 288      C5E54223 
 289 0259 C365FA8E 		.ascii	"\303e\372\216S\373\214\270\324#Lt\254!\253\177\344\315"
 289      53FB8CB8 
 289      D4234C74 
 289      AC21AB7F 
 289      E4CD
 290 026b 791D67D1 		.ascii	"y\035g\321\200\277AVA\336\303\263\001\304\316\220k\335"
 290      80BF4156 
 290      41DEC3B3 
 290      01C4CE90 
 290      6BDD
 291 027d 5C7E9070 		.ascii	"\\~\220p{:\032FS~_\000\267\267\024s}\326\233\231\345"
 291      7B3A1A46 
 291      537E5F00 
 291      B7B71473 
 291      7DD69B99 
 292 0292 EDC672EC 		.ascii	"\355\306r\354\267\014\313\032\214\360\242;U\275\234"
 292      B70CCB1A 
 292      8CF0A23B 
 292      55BD9C
 293 02a1 A92465A7 		.ascii	"\251$e\247I>_\010P\215i\375\200i\301%\314U/\347z\001"
 293      493E5F08 
 293      508D69FD 
 293      8069C125 
 293      CC552FE7 
 294 02b7 99553CD7 		.ascii	"\231U<\327\227\223#\225:\362/\206fV\357\313w\201`\014"
 294      97932395 
 294      3AF22F86 
 294      6656EFCB 
 294      7781600C 
 295 02cb D1D4776A 		.ascii	"\321\324wj\350\273`_\371=\203\3752\306\362ow,5\014v"
 295      E8BB605F 
 295      F93D83FD 
 295      32C6F26F 
 295      772C350C 
 296 02e0 F4716FFB 		.ascii	"\364qo\373\235\007z\222\016\314\311\344P\335)_%\215"
 296      9D077A92 
 296      0ECCC9E4 
 296      50DD295F 
 296      258D
 297 02f2 9ED23FB5 		.ascii	"\236\322?\265o\245\272\327P\367\212[\3672\314\231\310"
 297      6FA5BAD7 
 297      50F78A5B 
 297      F732CC99 
 297      C8
 298 0303 55ED44CA 		.ascii	"U\355D\312\207\262\217\370-\316e\335\232&\315\343\026"
 298      87B28FF8 
 298      2DCE65DD 
 298      9A26CDE3 
 298      16
ARM GAS  /tmp/ccH4xLWZ.s 			page 23


 299 0314 CFE3FBEF 		.ascii	"\317\343\373\357\361\275\000\327a1~W\202\216\207\324"
 299      F1BD00D7 
 299      61317E57 
 299      828E87D4 
 300 0324 D1D730E3 		.ascii	"\321\3270\343\273\254Xr>\222\234\003\027\177\267\377"
 300      BBAC5872 
 300      3E929C03 
 300      177FB7FF 
 301 0334 52BF2419 		.ascii	"R\277$\031uT\012J\335Q\340#~\037\207\036\200c\320\215"
 301      75540A4A 
 301      DD51E023 
 301      7E1F871E 
 301      8063D08D 
 302 0348 DBA91696 		.ascii	"\333\251\026\226\241\362\346\307e\351\336d\232\345\003"
 302      A1F2E6C7 
 302      65E9DE64 
 302      9AE503
 303 0357 A74F4E95 		.ascii	"\247ON\225\033]\215\301{\345t\366\363EsGR\307\"\271"
 303      1B5D8DC1 
 303      7BE574F6 
 303      F3457347 
 303      52C722B9 
 304 036b E98AA4FC 		.ascii	"\351\212\244\374uU\207\217\034\311\320\007y\2223U\242"
 304      7555878F 
 304      1CC9D007 
 304      79923355 
 304      A2
 305 037c 78A014DC 		.ascii	"x\240\024\334pGr\3033\222[,\222\033\017\006&\365$\215"
 305      704772C3 
 305      33925B2C 
 305      921B0F06 
 305      26F5248D 
 306 0390 6FD8AEBA 		.ascii	"o\330\256\272\3222\332>\021\274\341\002U[3\202o\315"
 306      D232DA3E 
 306      11BCE102 
 306      555B3382 
 306      6FCD
 307 03a2 C393C355 		.ascii	"\303\223\303U~$\213\211\213\2555\317{\335\375\324R\277"
 307      7E248B89 
 307      8BAD35CF 
 307      7BDDFDD4 
 307      52BF
 308 03b4 ACBA5B92 		.ascii	"\254\272[\222\226B\013\006\333\344v\034\241l\035\317"
 308      96420B06 
 308      DBE4761C 
 308      A16C1DCF 
 309 03c4 3A34631D 		.ascii	":4c\035\"\344:4\"\263\201\327\241\360\352p\212\037\303"
 309      22E43A34 
 309      22B381D7 
 309      A1F0EA70 
 309      8A1FC3
 310 03d7 A345D93C 		.ascii	"\243E\331<w\246v\217\212~Y\212\025\266\257\\\206\004"
 310      77A6768F 
 310      8A7E598A 
 310      15B6AF5C 
 310      8604
 311 03e9 68053F79 		.ascii	"h\005?y\2644\277j\030\367g\312\310\203\333|\233\025"
ARM GAS  /tmp/ccH4xLWZ.s 			page 24


 311      B434BF6A 
 311      18F767CA 
 311      C883DB7C 
 311      9B15
 312 03fb F61DBDAC 		.ascii	"\366\035\275\254l\2756\316k\034O\277\"\2521n\231\205"
 312      6CBD36CE 
 312      6B1C4FBF 
 312      22AA316E 
 312      9985
 313 040d F15D86F1 		.ascii	"\361]\206\361\035\027\306\316\373\257j\215J\265\203"
 313      1D17C6CE 
 313      FBAF6A8D 
 313      4AB583
 314 041c 270E6D91 		.ascii	"'\016m\221n\243\342j&\010\365\356l\353=ang0\3379q)\226"
 314      6EA3E26A 
 314      2608F5EE 
 314      6CEB3D61 
 314      6E6730DF 
 315 0434 5CE7286B 		.ascii	"\\\347(k\345W=:\366\022\214\362\200\311\370\365\001"
 315      E5573D3A 
 315      F6128CF2 
 315      80C9F8F5 
 315      01
 316 0445 73A1EEF2 		.ascii	"s\241\356\362\220\237\032\217\037g\341\321\251\340\261"
 316      909F1A8F 
 316      1F67E1D1 
 316      A9E0B1
 317 0454 BBEB5973 		.ascii	"\273\353Ys\000s\206<\270\307s\317mK-\366q\341q\237\363"
 317      0073863C 
 317      B8C773CF 
 317      6D4B2DF6 
 317      71E1719F 
 318 0469 067A1B4A 		.ascii	"\006z\033J\002\347\306\343!\303\343\201\013\217\356"
 318      02E7C6E3 
 318      21C3E381 
 318      0B8FEE
 319 0478 A6AB9506 		.ascii	"\246\253\225\006\031\21779D\332+\321Q\202B\320\341\306"
 319      198F3739 
 319      44DA2BD1 
 319      518242D0 
 319      E1C6
 320 048a A2C3138B 		.ascii	"\242\303\023\213.\206Ea\356\356i_\32287\0305\215;O\213"
 320      2E864561 
 320      EEEE695F 
 320      D2383718 
 320      358D3B4F 
 321 049f 0AAF87C7 		.ascii	"\012\257\207\307\347,\272\326\253W\012\373\2103]\003"
 321      E72CBAD6 
 321      AB570AFB 
 321      88335D03 
 322 04af 733E1F98 		.ascii	"s>\037\230\371\325\257\352\275\370\322\033\227\023\307"
 322      F9D5AFEA 
 322      BDF8D21B 
 322      9713C7
 323 04be AED6EA48 		.ascii	"\256\326\352H'wT\222\322\336\340O\272\370\342\330\346"
 323      27775492 
 323      D2DEE04F 
ARM GAS  /tmp/ccH4xLWZ.s 			page 25


 323      BAF8E2D8 
 323      E6
 324 04cf EA4E1FF2 		.ascii	"\352N\037\362\230/v\315\034\276\353C\006\371bfx\254"
 324      982F76CD 
 324      1CBEEB43 
 324      06F96266 
 324      78AC
 325 04e1 DB8F3CE7 		.ascii	"\333\217<\347\213\221\251\264\353\276j\224\351\356v"
 325      8B91A9B4 
 325      EBBE6A94 
 325      E9EE76
 326 04f0 A33CA8A0 		.ascii	"\243<\250\240\374b\313\017]\001d\224kM\337\310\0320"
 326      FC62CB0F 
 326      5D016494 
 326      6B4DDFC8 
 326      1A30
 327 0502 A8B5EECE 		.ascii	"\250\265\356\316\322z\252h\265\017\\\034\367%\343\\"
 327      D27AAA68 
 327      B50F5C1C 
 327      F725E35C 
 328 0512 2BF3ECE0 		.ascii	"+\363\354\340/\001j\255\207\263\264\236+Z\247\333~~"
 328      2F016AAD 
 328      87B3B49E 
 328      2B5AA7DB 
 328      7E7E
 329 0524 2D92B75C 		.ascii	"-\222\267\\\253\355RYs\000\331N\330b\364mA\225\017O"
 329      ABED5259 
 329      7300D94E 
 329      D862F46D 
 329      41950F4F 
 330 0538 7F212EDF 		.ascii	"\177!.\337\365dg\033\370\364/f\247lWI\206?\311\343\262"
 330      F564671B 
 330      F8F42F66 
 330      A76C5749 
 330      863FC9E3 
 331 054d FB0ACF9F 		.ascii	"\373\012\317\237\233\225Z\335,wc.w\206\316\221\234&"
 331      9B955ADD 
 331      2C77632E 
 331      7786CE91 
 331      9C26
 332 055f 7F58101C 		.ascii	"\177X\020\034\034\034\022\034\274\213\215S\354{\235"
 332      1C1C121C 
 332      BC8B8D53 
 332      EC7B9D
 333 056e 00A3283C 		.ascii	"\000\243(<B\267\3610V\374\025,\240U\207_\260]' \030"
 333      42B7F130 
 333      56FC152C 
 333      A055875F 
 333      B05D2720 
 334 0583 2691C691 		.ascii	"&\221\306\221\336 \275\206`v\360\227Pg\316\341\247\237"
 334      DE20BD86 
 334      6076F097 
 334      5067CEE1 
 334      A79F
 335 0595 559D93A4 		.ascii	"U\235\223\244L=\365\001/e]e&<f\356\303\202\024\371:"
 335      4C3DF501 
 335      2F655D65 
ARM GAS  /tmp/ccH4xLWZ.s 			page 26


 335      263C66EE 
 335      C38214F9 
 336 05aa A85B4131 		.ascii	"\250[A1\203!O\321>MQ\3322/<EM\212$\237U/\266\022\374"
 336      83214FD1 
 336      3E4D51DA 
 336      322F3C45 
 336      4D8A249F 
 337 05c3 45426504 		.ascii	"EBe\004\271Y\335\001\216\377\001G\350fB\021\207g\232"
 337      B959DD01 
 337      8EFF0147 
 337      E8664211 
 337      87679A
 338 05d6 86AAC1C3 		.ascii	"\206\252\301\303'6\002\374\254\035\036\227E\300\363"
 338      273602FC 
 338      AC1D1E97 
 338      45C0F3
 339 05e5 1ABA4A7D 		.ascii	"\032\272J}\026\310\000f\314\005\2400'zhb\377\356m\005"
 339      16C80066 
 339      CC05A030 
 339      277A6862 
 339      FFEE6D05 
 340 05f9 DEEA9A4D 		.ascii	"\336\352\232M\251\374\011\360Vi\221W{\356\367\004\220"
 340      A9FC09F0 
 340      56699157 
 340      7BEEF704 
 340      90
 341 060a 165669C3 		.ascii	"\026Vi\303\310\217UG\003 8x\001\255 \017\272\376\003"
 341      C88F5547 
 341      03203878 
 341      01AD200F 
 341      BAFE03
 342 061d 9E22C5EA 		.ascii	"\236\"\305\352\035:\227\304_\255\000\025\355\367\024"
 342      1D3A97C4 
 342      5FAD0015 
 342      EDF714
 343 062c 55A7A8D5 		.ascii	"U\247\250\325\032\002\023\247}\221&\206\300f1\030R\221"
 343      1A0213A7 
 343      7D912686 
 343      C0663118 
 343      5291
 344 063e 52906630 		.ascii	"R\220f0\263\351Y}\241x\371I\333\213g@t\012<\361\024"
 344      B3E9597D 
 344      A178F949 
 344      DB8B6740 
 344      740A3CF1 
 345 0653 55958717 		.ascii	"U\225\207\027z|\377\374\024I\002*\365~\245o\344\005"
 345      7A7CFFFC 
 345      1449022A 
 345      F57EA56F 
 345      E405
 346 0665 ED4993D0 		.ascii	"\355I\223\320\026\"\007\003\232\266\302\344\352\345"
 346      16220703 
 346      9AB6C2E4 
 346      EAE5
 347 0673 9CE8B8E7 		.ascii	"\234\350\270\347M:\030\242byEv>\201\220\005\334EG\236"
 347      4D3A18A2 
 347      62794576 
ARM GAS  /tmp/ccH4xLWZ.s 			page 27


 347      3E819005 
 347      DC45479E 
 348 0687 9EF6D256 		.ascii	"\236\366\322V\324M\027\225\331G\035j\203\002[\020\213"
 348      D44D1795 
 348      D9471D6A 
 348      83025B10 
 348      8B
 349 0698 FF05177A 		.ascii	"\377\005\027z\334:\337M\373\253+\276UTW<CtU|o~\247<"
 349      DC3ADF4D 
 349      FBAB2BBE 
 349      5554573C 
 349      4374557C 
 350 06b0 1D9107BD 		.ascii	"\035\221\007\275|:Voy\227:\353\210[\267H5\321\263D:"
 350      7C3A566F 
 350      79973AEB 
 350      885BB748 
 350      35D1B344 
 351 06c5 D1334579 		.ascii	"\3213Ey\242o\273}\244*\000'z1;\341\226\026\234TN8\024"
 351      A26FBB7D 
 351      A42A0027 
 351      7A313BE1 
 351      96169C54 
 352 06dc C4E9AD64 		.ascii	"\304\351\255d\326\3559\325\267\211t\252\0378Q]\241'"
 352      D6ED39D5 
 352      B78974AA 
 352      1F38515D 
 352      A127
 353 06ee 7D7CBA34 		.ascii	"}|\2724\235\031\334\246'C|Q~\340I\275\001c\203\035\""
 353      9D19DCA6 
 353      27437C51 
 353      7EE049BD 
 353      0163831D 
 354 0703 917FB1A4 		.ascii	"\221\177\261\2448\217\371\223a\376\272\344Ha\033=\214"
 354      388FF993 
 354      61FEBAE4 
 354      48611B3D 
 354      8C
 355 0714 6027BE86 		.ascii	"`'\276\206oE\335\\\307B\356\235\224\014\302x\341~\260"
 355      6F45DD5C 
 355      C742EE9D 
 355      940CC278 
 355      E17EB0
 356 0727 8BCB3D79 		.ascii	"\213\313=y\233\373Ht\235d\2739\257#m\373x\300G\023\244"
 356      9BFB4874 
 356      9D64BB39 
 356      AF236DFB 
 356      78C04713 
 357 073c 48F266DE 		.ascii	"H\362f\336j\362\006+tLf\257\370\021\343\214?\336\261"
 357      6AF2062B 
 357      744C66AF 
 357      F811E38C 
 357      3FDEB1
 358 074f C74026E5 		.ascii	"\307@&\345\251Y4v\224B\007\271X\275\034\012\007\335"
 358      A9593476 
 358      944207B9 
 358      58BD1C0A 
 358      07DD
ARM GAS  /tmp/ccH4xLWZ.s 			page 28


 359 0761 410FF32E 		.ascii	"A\017\363.y\221\024\035\223(\333w\3706K`?\215p\037\367"
 359      7991141D 
 359      9328DB77 
 359      F8364B60 
 359      3F8D701F 
 360 0776 D2975659 		.ascii	"\322\227VY\240S\203\213\001\310\340B\036\212@>\303w"
 360      A053838B 
 360      01C8E042 
 360      1E8A403E 
 360      C377
 361 0788 8F0BDF9F 		.ascii	"\217\013\337\237r+\017Q|\037\341\241\331\222\371\361"
 361      722B0F51 
 361      7C1FE1A1 
 361      D992F9F1 
 362 0798 99F27E29 		.ascii	"\231\362~)#KZ!=\020\251$lw\265\016d\213:\272\342\377"
 362      234B5A21 
 362      3D10A924 
 362      6C77B50E 
 362      648B3ABA 
 363 07ae 6F1D60D8 		.ascii	"o\035`\330\236kN\253\011\374\344\220t\333\311js`/\376"
 363      9E6B4EAB 
 363      09FCE490 
 363      74DBC96A 
 363      73602FFE 
 364 07c2 589ECF76 		.ascii	"X\236\317v\377\000\257\213j\307Q\316\327\030"
 364      FF00AF8B 
 364      6AC751CE 
 364      D718
 365 07d0 EB41F113 		.ascii	"\353A\361\023\324|\320^\267s\326\357&\352\313\335@\005"
 365      D47CD05E 
 365      B773D6EF 
 365      26EACBDD 
 365      4005
 366 07e2 BC81E87D 		.ascii	"\274\201\350}\016\320g.N\266\021\227\201T4\360\345\""
 366      0ED0672E 
 366      4EB61197 
 366      815434F0 
 366      E522
 367 07f4 957EB8AB 		.ascii	"\225~\270\253\3772\323\3565z3\325\"\354\277BQ[w\235"
 367      FF32D3EE 
 367      357A33D5 
 367      22ECBF42 
 367      515B779D 
 368 0808 5A17F1E2 		.ascii	"Z\027\361\342\035E\017\367\255\315S\374'\360w\250^\314"
 368      1D450FF7 
 368      ADCD53FC 
 368      27F077A8 
 368      5ECC
 369 081a D5BFABEC 		.ascii	"\325\277\253\354{A\376\033\302\207\030\302%\014a\266"
 369      7B41FE1B 
 369      C28718C2 
 369      250C61B6 
 370 082a D0991393 		.ascii	"\320\231\023\223\035\336\237\177\271v\351\232\2600\301"
 370      1DDE9F7F 
 370      B976E99A 
 370      B030C1
 371 0839 C76C4EB6 		.ascii	"\307lN\266\332\034\237\231\035\313M\311\366$\223\325"
ARM GAS  /tmp/ccH4xLWZ.s 			page 29


 371      DA1C9F99 
 371      1DCB4DC9 
 371      F62493D5 
 372 0849 161D97BC 		.ascii	"\026\035\227\274\336b\262Y6\306Y\243L\361\221\321\261"
 372      DE62B259 
 372      36C659A3 
 372      4CF191D1 
 372      B1
 373 085a 569BC564 		.ascii	"V\233\305d^o\211\211L\216s\230\035\233\022-\366\320"
 373      5E6F8989 
 373      4C8E7398 
 373      1D9B122D 
 373      F6D0
 374 086c 58C1206B 		.ascii	"X\301 k-\323\322\262o\262\233\314v\307z\024AQt\201\017"
 374      2DD3D2B2 
 374      6FB29BCC 
 374      76C77A14 
 374      41517481 
 375 0881 AB569A1D 		.ascii	"\253V\232\035\006\371\356\025o\337`v\254\016\0155\361"
 375      06F9EE15 
 375      6FDF6076 
 375      AC0E0D35 
 375      F1
 376 0892 CF9A586B 		.ascii	"\317\232Xk\2245\342+S\202\335\024\235\020\037\237`3"
 376      9435E22B 
 376      5382DD14 
 376      9D101F9F 
 376      6033
 377 08a4 25262439 		.ascii	"%&$9\354\246?\377-|M\3707\224\227h\215\263$\331M\237"
 377      ECA63FFF 
 377      2D7C4DF8 
 377      37949768 
 377      8DB324D9 
 378 08ba AF59638A 		.ascii	"\257Yc\212\216u\305\020\246e 62\316\304bp$Y\"\343\355"
 378      8E75C510 
 378      A6652036 
 378      32CEC462 
 378      70245922 
 379 08d0 A6784BBC 		.ascii	"\246xK\274\374\030\032\215\271o\2608\364f\\\256\267"
 379      FC181A8D 
 379      B96FB038 
 379      F4665CAE 
 379      B7
 380 08e1 EBEDD67F 		.ascii	"\353\355\326\177Z\314\216\225,\001\252\261!:\332\024"
 380      5ACC8E95 
 380      2C01AAB1 
 380      213ADA14 
 381 08f1 9914BFDC 		.ascii	"\231\024\277\334\226`\263,\267DFYM\277\017]\025\032"
 381      9660B32C 
 381      B7444659 
 381      4DBF0F5D 
 381      151A
 382 0903 A6248709 		.ascii	"\246$\207\011!\0124w\363\306$\253\303b\367\213\267G"
 382      210A3477 
 382      F3C624AB 
 382      C362F78B 
 382      B747
ARM GAS  /tmp/ccH4xLWZ.s 			page 30


 383 0915 44FDDD12 		.ascii	"D\375\335\022\355\370\253\315\352 \226\004\273\216\232"
 383      EDF8ABCD 
 383      EA209604 
 383      BB8E9A
 384 0924 D44725C7 		.ascii	"\324G%\307\304X\222\310?\342\035\004\221\326Qg^L!\320"
 384      C45892C8 
 384      3FE21D04 
 384      91D65167 
 384      5E4C21D0 
 385 0938 6AB33B22 		.ascii	"j\263;\"m\321\026sBL\214\335\342\360\013\267\304\177"
 385      6DD11673 
 385      424C8CDD 
 385      E2F00BB7 
 385      C47F
 386 094a C5625B17 		.ascii	"\305b[\027\3765\301\310\376\337\204b\005\275\333RB\322"
 386      FE35C1C8 
 386      FEDF8462 
 386      05BDDB52 
 386      42D2
 387 095c 266E4C8F 		.ascii	"&nL\217\022\321\211\233tq\226\310\030\203-\301\021\233"
 387      12D1899B 
 387      747196C8 
 387      18832DC1 
 387      119B
 388 096e 94B011C2 		.ascii	"\224\260\021\302\0141\266\245\366DK4rl\266\344\270\270"
 388      0C31B6A5 
 388      F6444B34 
 388      726CB6E4 
 388      B8B8
 389 0980 0F350BE7 		.ascii	"\0175\013\347H\262\3326\240\335\377\000\177\3743b"
 389      48B2DA36 
 389      A0DDFF00 
 389      7FFC3362 
 390              		.text
 391              		.section	.gnu.lto_.symtab.6edc1223c4f5cef2,"",%progbits
 392 0000 6D734F62 		.ascii	"msObjectInit\000"
 392      6A656374 
 392      496E6974 
 392      00
 393 000d 00       		.ascii	"\000"
 394 000e 00       		.ascii	"\000"
 395 000f 00       		.ascii	"\000"
 396 0010 00000000 		.ascii	"\000\000\000\000\000\000\000\000"
 396      00000000 
 397 0018 0B010000 		.ascii	"\013\001\000\000"
 398              		.text
 399              		.section	.gnu.lto_.opts,"",%progbits
 400 0000 272D666D 		.ascii	"'-fmath-errno' '-fsigned-zeros' '-ftrapping-math' '"
 400      6174682D 
 400      6572726E 
 400      6F272027 
 400      2D667369 
 401 0033 2D666E6F 		.ascii	"-fno-trapv' '-fno-strict-overflow' '-fno-openmp' '-"
 401      2D747261 
 401      70762720 
 401      272D666E 
 401      6F2D7374 
ARM GAS  /tmp/ccH4xLWZ.s 			page 31


 402 0066 666E6F2D 		.ascii	"fno-openacc' '-mcpu=cortex-m4' '-mthumb' '-mfloat-a"
 402      6F70656E 
 402      61636327 
 402      20272D6D 
 402      6370753D 
 403 0099 62693D68 		.ascii	"bi=hard' '-mfpu=fpv4-sp-d16' '-ggdb' '-Og' '-fomit-"
 403      61726427 
 403      20272D6D 
 403      6670753D 
 403      66707634 
 404 00cc 6672616D 		.ascii	"frame-pointer' '-falign-functions=16' '-ffunction-s"
 404      652D706F 
 404      696E7465 
 404      72272027 
 404      2D66616C 
 405 00ff 65637469 		.ascii	"ections' '-fdata-sections' '-fno-common' '-flto'\000"
 405      6F6E7327 
 405      20272D66 
 405      64617461 
 405      2D736563 
 406              		.text
 407              		.comm	__gnu_lto_v1,1,1
 408              		.comm	__gnu_lto_slim,1,1
 409              		.ident	"GCC: (15:6.3.1+svn253039-1build1) 6.3.1 20170620"
ARM GAS  /tmp/ccH4xLWZ.s 			page 32


DEFINED SYMBOLS
                            *ABS*:0000000000000000 memstreams.c
                            *COM*:0000000000000001 __gnu_lto_v1
                            *COM*:0000000000000001 __gnu_lto_slim

NO UNDEFINED SYMBOLS
