ARM GAS  /tmp/ccbuRKw0.s 			page 1


   1              		.cpu cortex-m4
   2              		.eabi_attribute 27, 1
   3              		.eabi_attribute 28, 1
   4              		.eabi_attribute 20, 1
   5              		.eabi_attribute 21, 1
   6              		.eabi_attribute 23, 3
   7              		.eabi_attribute 24, 1
   8              		.eabi_attribute 25, 1
   9              		.eabi_attribute 26, 1
  10              		.eabi_attribute 30, 1
  11              		.eabi_attribute 34, 1
  12              		.eabi_attribute 18, 4
  13              		.file	"nullstreams.c"
  14              		.text
  15              	.Ltext0:
  16              		.section	.gnu.lto_.profile.cf265e0ce60217f9,"",%progbits
  17 0000 789C6365 		.ascii	"x\234ce`b`a```d\340f\003\000\000\234\000\036"
  17      60626061 
  17      60606064 
  17      E0660300 
  17      009C001E 
  18              		.text
  19              		.section	.gnu.lto_.inline.cf265e0ce60217f9,"",%progbits
  20 0000 789C6365 		.ascii	"x\234ce`b\210e@\000V\006\006f&F\240 \003\003\333\002"
  20      60628865 
  20      40005606 
  20      06662646 
  20      A0200303 
  21 0016 7910C5C0 		.ascii	"y\020\305\300\210!\302\204!\302\214!\302\302\300\302"
  21      8821C284 
  21      21C28C21 
  21      C2C2C0C2 
  22 0026 0C14617C 		.ascii	"\014\024a|\301\316\300\336\241\016\026b\000\000\355"
  22      C1CEC0DE 
  22      A10E1662 
  22      0000ED
  23 0035 770562   		.ascii	"w\005b"
  24              		.text
  25              		.section	.gnu.lto_.jmpfuncs.cf265e0ce60217f9,"",%progbits
  26 0000 789C6365 		.ascii	"x\234ce`b\020d@\000V fd\000\0122030\260\0009\000\003"
  26      60621064 
  26      40005620 
  26      6664000A 
  26      32303330 
  27 0019 8C0028   		.ascii	"\214\000("
  28              		.text
  29              		.section	.gnu.lto_.pureconst.cf265e0ce60217f9,"",%progbits
  30 0000 789C6365 		.ascii	"x\234ce`b\340f```e``\0042\231\031X\244\000\001\262\000"
  30      6062E066 
  30      60606065 
  30      60600432 
  30      991958A4 
  31 0018 3C       		.ascii	"<"
  32              		.text
  33              		.section	.gnu.lto_writes.cf265e0ce60217f9,"",%progbits
  34 0000 789C5D90 		.ascii	"x\234]\220\277KBQ\024\307\317\367\336g\032\244\377@"
  34      BF4B4251 
ARM GAS  /tmp/ccbuRKw0.s 			page 2


  34      14C7CFF7 
  34      DE671AA4 
  34      FF40
  35 0012 0E0D81B8 		.ascii	"\016\015\201\270\370 \010\202jjikhj\324\010|\3602\311"
  35      F8200882 
  35      6A6A696B 
  35      686AD408 
  35      7CF032C9 
  36 0026 9ABD5AD1 		.ascii	"\232\275Z\321\017\241\214R\261\037\350\"VV\032AP\223"
  36      0FA18C52 
  36      B11FE822 
  36      56561A41 
  36      5093
  37 0038 B41BA449 		.ascii	"\264\033\244IC[5\326\320\\Y\367\276\034B\270\227{\316"
  37      435B35D6 
  37      D05C59F7 
  37      BE1C42B8 
  37      977BCE
  38 004b BD9FCFB9 		.ascii	"\275\237\317\271\234c#FS \032!\242^\271\301\011,yG\024"
  38      9C632346 
  38      53201A21 
  38      A25EB9C1 
  38      092C7947 
  39 0060 73304005 		.ascii	"s0@\005\302\001\2122D\261\3053\034\367\313\225\003\276"
  39      C2018A32 
  39      44B1C533 
  39      1CF7CB95 
  39      03BE
  40 0072 C97312D3 		.ascii	"\311s\022\323d\372Q\333{q\251\024\350\223\351\276\250"
  40      64FA51DB 
  40      7B71A914 
  40      E893E9BE 
  40      A8
  41 0083 AFDBBD45 		.ascii	"\257\333\275E!\342\242\232\271\031\335^Z\031\317qFY"
  41      21E2A29A 
  41      B919DD5E 
  41      5A19CF71 
  41      4659
  42 0095 491FC18D 		.ascii	"I\037\301\215\"\334\352\213cx%\333\2505\223v>\010\222"
  42      22DCEA8B 
  42      637825DB 
  42      A8359376 
  42      3E0892
  43 00a8 F1E55AFE 		.ascii	"\361\345Z\376\272\307S\260\274\327\035.\372s\234\343"
  43      BAC753B0 
  43      BCD71D2E 
  43      FA739CE3 
  44 00b8 04FCBF28 		.ascii	"\004\374\277(\257\010%x$\376\231h\246\273\371\220\245"
  44      AF082578 
  44      24FE9968 
  44      A6BBF990 
  44      A5
  45 00c9 C60A5739 		.ascii	"\306\012W9\326V\277R\226\252\341\264S\325\010g\226\372"
  45      D656BF52 
  45      96AAE1B4 
  45      53D50867 
  45      96FA
ARM GAS  /tmp/ccbuRKw0.s 			page 3


  46 00db 2D76D32E 		.ascii	"-v\323.>l\251\331\333\324\223\263\255>d,\225\341\274"
  46      3E6CA9D9 
  46      DBD493B3 
  46      AD3E642C 
  46      95E1BC
  47 00ee 53658432 		.ascii	"Se\2042<\212\177\276h\245\234]\232jGvQA\227\234\033"
  47      3C8A7FBE 
  47      68A59C5D 
  47      9A6A4776 
  47      5141979C 
  48 0103 95EBA88A 		.ascii	"\225\353\250\212\326\317\252\250\276\025\361h\223\203"
  48      D6CFAAA8 
  48      BE15F168 
  48      9383
  49 0111 B070DA90 		.ascii	"\260p\332\220\220\032_B\026\220'\177G<_j@i\207\\\211"
  49      901A5F42 
  49      1690277F 
  49      473C5F6A 
  49      4069875C 
  50 0126 92807A61 		.ascii	"\222\200zaD\003>\237\376\267\306\202F\300\230\230\324"
  50      44033E9F 
  50      FEB7C682 
  50      46C09898 
  50      D4
  51 0137 E7227AD0 		.ascii	"\347\"z\320o\352\246\021\320#\013\3633\376\331\210\036"
  51      6FEAA611 
  51      D0230BF3 
  51      33FED988 
  51      1E
  52 0148 5A34CD76 		.ascii	"Z4\315v\354\233&f\204Y \214\320/\377\263\1775"
  52      EC9B2666 
  52      8459208C 
  52      D02FFFB3 
  52      7F35
  53              		.text
  54              		.section	.gnu.lto_reads.cf265e0ce60217f9,"",%progbits
  55 0000 789C5D90 		.ascii	"x\234]\220MK\202A\024\205\357\2311-\250\376@-Z\004\342"
  55      4D4B8241 
  55      1485EF99 
  55      312DA8FE 
  55      402D5A04 
  56 0015 C6178220 		.ascii	"\306\027\202 \250Vm\332\265\350\027\250\004\012o&Yk"
  56      A8566DDA 
  56      B5E817A8 
  56      040A6F26 
  56      596B
  57 0027 C74AFA10 		.ascii	"\307J\372\020\312(\025+\320\215}\227J\020\264\223h["
  57      CA28152B 
  57      D08D7D97 
  57      4A10B493 
  57      685B
  58 0039 91E2A65A 		.ascii	"\221\342\246Z\325:\"h\023\221u\347\315 \204\031\346"
  58      D53A2268 
  58      139175E7 
  58      CD208419 
  58      E6
  59 004a DC99F3CC 		.ascii	"\334\231\363\314\345\236\026\022\344\003\321\020\021"
ARM GAS  /tmp/ccbuRKw0.s 			page 4


  59      E59E1612 
  59      E403D110 
  59      11
  60 0057 75F18624 		.ascii	"u\361\206$\210\304\015Q\264U\000Z\250VPD \2025\231\226"
  60      88C40D51 
  60      B455005A 
  60      A8565044 
  60      20823599 
  61 006c B85B28EE 		.ascii	"\270[(\356\310U\231e\233\215\313\267\353\255\347N]\002"
  61      C8559965 
  61      9B8DCBB7 
  61      EBADE74E 
  61      5D02
  62 007e 3D5C6EAB 		.ascii	"=\\n\253\312\262\303\265\247\324\234*\247\357\207\327"
  62      CAB2C3B5 
  62      A7D49C2A 
  62      A7EF87D7 
  63 008e E763A359 		.ascii	"\347c\243Y)(\303\356}tc\017\335\272\305\001\\\354\255"
  63      2928C3EE 
  63      7D74630F 
  63      DDBAC501 
  63      5CECAD
  64 00a1 5ED7120E 		.ascii	"^\327\022\016\331\017b}\266\224\273hw\346-\356qC\252"
  64      D90F627D 
  64      B694BB68 
  64      77E62DEE 
  64      7143AA
  65 00b4 DEAC9438 		.ascii	"\336\254\2248\204\374\017\362\025\341\010N\266\177\306"
  65      84FC0FF2 
  65      15E1084E 
  65      B67FC6
  66 00c3 6BA93639 		.ascii	"k\25169`\241\321\374yV4\320\253\244\205\332p\334\214"
  66      60A1D1FC 
  66      795634D0 
  66      ABA485DA 
  66      70DC8C
  67 00d6 DA082716 		.ascii	"\332\010'\026\372\2456S\235r\320B3\227\311\207\216\277"
  67      FAA53653 
  67      9D72D042 
  67      3397C987 
  67      8EBF
  68 00e8 AE290B15 		.ascii	"\256)\013\0258mF\005\241\000\247\366?\225\352\311\016"
  68      386D4605 
  68      A100A7F6 
  68      3F95EAC9 
  68      0E
  69 00f9 BB4D8FC3 		.ascii	"\273M\217\303S\024a\347\334\250PAY\325\277\027U\371"
  69      531461E7 
  69      DCA85041 
  69      59D5BF17 
  69      55F9
  70 010b 7D171F2D 		.ascii	"}\027\037-\202h\205\237upqF\371\224/\230\313\275V\241"
  70      8268859F 
  70      75707146 
  70      F9942F98 
  70      CBBD56A1 
  71 011f 01FE2415 		.ascii	"\001\376$\025\273\274u\350\304\004\010%+\020&\240\235"
ARM GAS  /tmp/ccbuRKw0.s 			page 5


  71      BBBC75E8 
  71      C4040825 
  71      2B1026A0 
  71      9D
  72 0130 CCF6B9DD 		.ascii	"\314\366\271\335\306\357\032\361\007\274\201\261qc*"
  72      C6EF1AF1 
  72      07BC81B1 
  72      71632A
  73 013f 6CF83DA6 		.ascii	"l\370=\246a\006\274Fxfz\3023\0316\202\263\246\331\320"
  73      6106BC46 
  73      78667AC2 
  73      33193682 
  73      B3A6D9D0 
  74 0153 6E1F8940 		.ascii	"n\037\211@HxC\010\376\000\264[\203j"
  74      48784308 
  74      FE00B45B 
  74      836A
  75              		.text
  76              		.section	.gnu.lto_put.cf265e0ce60217f9,"",%progbits
  77 0000 789C4D8F 		.ascii	"x\234M\217OKBA\024\305\357\231y\245\013\363\003\224"
  77      4F4B4241 
  77      14C5EF99 
  77      79A50BF3 
  77      0394
  78 0012 8B1691B8 		.ascii	"\213\026\221\270\361E\021\344:\210v-\372\004\032\201"
  78      F14511E4 
  78      3A88762D 
  78      FA041A81 
  79 0022 0F5E7FC8 		.ascii	"\017^\177\310Z;YZT\224\021%\206\240\213\302\262?\026"
  79      5A3B595A 
  79      54941125 
  79      86A08BC2 
  79      B23F16
  80 0035 ADDC49B4 		.ascii	"\255\334I\264\265\250\350\013\224\255\302\240h)\326"
  80      B5A8E80B 
  80      94ADC2A0 
  80      6829D6
  81 0044 1D75D130 		.ascii	"\035u\3210\303\3343s~3\367t\220\240~\020\005\210\250"
  81      C3DC3373 
  81      7E33F774 
  81      90A07E10 
  81      0588A8
  82 0057 87172441 		.ascii	"\207\027$A$\357\211\226\235\002\320\205r\202\242\002"
  82      24EF8996 
  82      9D02D085 
  82      7282A202 
  83 0067 51ECC894 		.ascii	"Q\354\310\224\304\343\352UFn\313,\333\014\226_\225\303"
  83      C4E3EA55 
  83      466ECB2C 
  83      DB0C965F 
  83      95C3
  84 0079 37B79640 		.ascii	"7\267\226@/\313j)Q3|y\305\243\234\252\007vW\342\343"
  84      2FCB6A29 
  84      51337C79 
  84      C5A39CAA 
  84      077657E2 
  85 008e 592928CD 		.ascii	"Y)(\315\356\023x\220\207G\177q\012\037{\237+/I\207\034"
ARM GAS  /tmp/ccbuRKw0.s 			page 6


  85      EE137890 
  85      87477F71 
  85      0A1F7B9F 
  85      2B2F4987 
  86 00a3 06717DB3 		.ascii	"\006q}\263\236+\271\274\307J\305T\371nO\252\276\254"
  86      9E2BB9BC 
  86      C74AC554 
  86      F96E4FAA 
  86      BEAC
  87 00b5 942840FE 		.ascii	"\224(@\376\007\371\210p\006/\3333\211\302\273\224#M"
  87      07F98870 
  87      062FDB33 
  87      89C2BB94 
  87      234D
  88 00c7 F423F1FD 		.ascii	"\364#\361\375\351n\243\325\037\241\\Yi\340\274\205\016"
  88      E96EA3D5 
  88      1FA15C59 
  88      69E0BC85 
  88      0E
  89 00d8 7930A041 		.ascii	"y0\240A\203p\001\257v\277^7\366\273:\015\335\0217r\211"
  89      837001AF 
  89      76BF5E37 
  89      F6BB3A0D 
  89      DD113772 
  90 00ed 4E8E4EC5 		.ascii	"N\216N\305'\224U\343wM\225\353GH\217\011\242\015\276"
  90      279455E3 
  90      774D95EB 
  90      47488F09 
  90      A20DBE
  91 0100 D6D937B9 		.ascii	"\326\3317\271y\336e\015\261\\q\253[\003\374\310A\374"
  91      79DE650D 
  91      B15C71AB 
  91      5B03FCC8 
  91      41FC
  92 0112 F6C1A143 		.ascii	"\366\301\241C\013\020\212\315LL@;\231\035\364\373\315"
  92      0B108ACD 
  92      4C4C403B 
  92      991DF4FB 
  92      CD
  93 0123 D61C0D5B 		.ascii	"\326\034\015[!kb\322\234\213\230\341\240m\332V\310\214"
  93      216B62D2 
  93      9C8B98E1 
  93      A06DDA56 
  93      C88C
  94 0135 2C2E4C07 		.ascii	",.L\007g\"\346\354\222m\267k\377\024\011k\036\241?\256"
  94      6722E6EC 
  94      926DB76B 
  94      FF14096B 
  94      1EA13FAE 
  95 0149 6B70C9   		.ascii	"kp\311"
  96              		.text
  97              		.section	.gnu.lto_get.cf265e0ce60217f9,"",%progbits
  98 0000 789C6365 		.ascii	"x\234ce`bx\307\300\300`\016\304\322@\314\310\314\300"
  98      606278C7 
  98      C0C0600E 
  98      C4D240CC 
  98      C8CCC0
ARM GAS  /tmp/ccbuRKw0.s 			page 7


  99 0013 C834E11C 		.ascii	"\3104\341\034\003C#\007\023##\210\321\300\301\310P\317"
  99      03432307 
  99      13232388 
  99      D1C0C1C8 
  99      50CF
 100 0025 C458CFD8 		.ascii	"\304X\317\330\317<\235\231\361b\313\2069\314}\314\363"
 100      CF3C9D99 
 100      F162CB86 
 100      39CC7DCC 
 100      F3
 101 0036 81CA5880 		.ascii	"\201\312X\200\334\217gg=\346\003q\031\031\025\200\334"
 101      DC8F6767 
 101      3DE60371 
 101      19191580 
 101      DC
 102 0047 273BDBDE 		.ascii	"';\333\336\262h.o\000\202\003\323\347\260\315\333t\241"
 102      B2682E6F 
 102      008203D3 
 102      E7B0CDDB 
 102      74A1
 103 0059 81733E33 		.ascii	"\201s>3\023\303L\240\362\025\2142\214\313\031e@v\254"
 103      13C34CA0 
 103      F2158C32 
 103      8CCB1965 
 103      4076AC
 104 006c 64D4042A 		.ascii	"d\324\004*\276|\366\352\004vfSF\006 {s\307\202\235<"
 104      BE7CF6EA 
 104      04766653 
 104      4606207B 
 104      73C7829D 
 105 0081 EA4B1B1A 		.ascii	"\352K\033\032\232\032\016\034\231\314\334\2402\237\231"
 105      9A1A0E1C 
 105      99CCDCA0 
 105      329F99
 106 0090 99711523 		.ascii	"\231q\025#3\262F\240\020\003\343jFu\220\372G\033\377"
 106      33B246A0 
 106      1003E36A 
 106      467590FA 
 106      471BFF
 107 00a3 4DE56563 		.ascii	"M\345ec\001\031\0144o\015#\033#\220^\177\211\361@\303"
 107      01190C34 
 107      6F0D231B 
 107      23905E7F 
 107      89F140C3 
 108 00b7 BFFFED0D 		.ascii	"\277\377\355\015\007\236,f\334\356\306\304\300\320\005"
 108      079E2C66 
 108      DCEEC6C4 
 108      C0D005
 109 00c6 9406F9A1 		.ascii	"\224\006\371\241\033\350\006 \315\374\226\261i\301\353"
 109      1BE80620 
 109      CDFC96B1 
 109      69C1EB
 110 00d5 1E299006 		.ascii	"\036)\220\006\240!\007\037l\372\310\015r<\023#\013\343"
 110      A021071F 
 110      6CFAC80D 
 110      723C1323 
 110      0BE3
ARM GAS  /tmp/ccbuRKw0.s 			page 8


 111 00e7 5AB0D380 		.ascii	"Z\260\323\200:\030A*\201z\215\364\364\364!\3109#3)\323"
 111      3A18412A 
 111      817A8DF4 
 111      F4F421C8 
 111      39233329 
 112 00fc 3F583FBF 		.ascii	"?X?\277X?#1G?'3I\277\270\244(51\267X?\2574'\007\312"
 112      583F2331 
 112      473F2733 
 112      49BFB8A4 
 112      283531B7 
 113 0117 D64B6660 		.ascii	"\326Kf`\312,\000\000\251\326`\266"
 113      CA2C0000 
 113      A9D660B6 
 114              		.text
 115              		.section	.gnu.lto_nullObjectInit.cf265e0ce60217f9,"",%progbits
 116 0000 789C4D50 		.ascii	"x\234MP\313+\304Q\024>\337\357\374f\206B\226\302\302"
 116      CB2BC451 
 116      143EDFEF 
 116      FC668642 
 116      96C2C2
 117 0013 42C9667E 		.ascii	"B\311f~\245\224\275\262\265\360\027 e2\036\03166sg<"
 117      A594BDB2 
 117      B5F01720 
 117      65321E19 
 117      36367367 
 118 0028 46E4B1C0 		.ascii	"F\344\261\300\014\321\217\220\347<\214\205\254L\263"
 118      0CD18F90 
 118      E73C8C85 
 118      AC4CB3
 119 0037 1179C49F 		.ascii	"\021y\304\237\200\210\010Qj\312\343\334a\341to\367\234"
 119      80880851 
 119      6ACAE3DC 
 119      61E1746F 
 119      F79C
 120 0049 7BBFFB9D 		.ascii	"{\277\373\235\357;\0162h\002D5DT\"\033L0&\317\210\002"
 120      EF3B0E32 
 120      68024435 
 120      4454221B 
 120      4C3026CF 
 121 005f 3906A013 		.ascii	"9\006\240\023\225\003\362\033\360c\202\303\214t\350"
 121      9503F21B 
 121      F06382C3 
 121      8C74E8
 122 006e 76DFA85C 		.ascii	"v\337\250\\S\022\251\360\213sH\015\026\331L4+[\007\326"
 122      5312A9F0 
 122      8B73480D 
 122      16D94C34 
 122      2B5B07D6 
 123 0082 5029A88B 		.ascii	"P)\250\213\201\304<\217\263\315\200)\345\353\351\334"
 123      81C43C8F 
 123      B3CD8029 
 123      E5EBE9DC 
 124 0092 75812E0D 		.ascii	"u\201.\015\224Iy\267\224|4\271\032$y83\260iV\254*\025"
 124      944979B7 
 124      947C34B9 
 124      1A247938 
 124      33B06956 
ARM GAS  /tmp/ccbuRKw0.s 			page 9


 125 00a9 54A99329 		.ascii	"T\251\223)V\345636\301B\210\015\224b\035\245$W\204-"
 125      56E53633 
 125      36C14288 
 125      0D94621D 
 125      A5245784 
 126 00be 5468FCD5 		.ascii	"Th\374\325\316\327t\276\323\374m\210m8E;\305/\221R_"
 126      CED774BE 
 126      D3FC6D88 
 126      6D38453B 
 126      C52F9152 
 127 00d3 DF21957A 		.ascii	"\337!\225z_\301G\235)\3125\234F\004\244-\214\262\241"
 127      5FC1479D 
 127      29CA359C 
 127      4604A42D 
 127      8CB2A1
 128 00e6 4FBE4730 		.ascii	"O\276G0\023\212\356u\351\177\30253\230>wiY\234\225\362"
 128      138AEE75 
 128      E97FC235 
 128      33983E77 
 128      69599C95 
 129 00fb 71783C9C 		.ascii	"qx<\234gc! \336\026\213m6\027DoT\372\353\307\325\233"
 129      67632120 
 129      DE168B6D 
 129      3617446F 
 129      54FAEBC7 
 130 0111 60CC6545 		.ascii	"`\314eE\265\3572\233\035\210\301F$k\032qX\377\311\034"
 130      B5EF329B 
 130      1D88C146 
 130      246B1A71 
 130      58FFC91C 
 131 0125 59B2FECC 		.ascii	"Y\262\376\314\301[\201\377S\311t\034\313\032'wGs[m\232"
 131      C15B81FF 
 131      53C9741C 
 131      CB1A2777 
 131      47735B6D 
 132 013a BFD06627 		.ascii	"\277\320f'vd\242\211?\362\357\207d,W\300\021i\334\247"
 132      7664A289 
 132      3FF2EF87 
 132      642C57C0 
 132      1169DCA7 
 133 014e 1992C22E 		.ascii	"\031\222\302.\314\273\360\323\023\202\213\317c\320\222"
 133      CCBBF0D3 
 133      13828BCF 
 133      63D092
 134 015d B3131E11 		.ascii	"\263\023\036\021\261\342\305 \252r\273\255\337U\333"
 134      B1E2C520 
 134      AA72BBAD 
 134      DF55DB
 135 016c EA69F2D4 		.ascii	"\352i\362\3247X\235>\253\265\321ky=M\226\257\247\273"
 135      37589D3E 
 135      ABB5D16B 
 135      793D4D96 
 135      AFA7BB
 136 017f A5B1DD67 		.ascii	"\245\261\335gu\364z\275\177\271\273\231\270\303\327"
 136      75F47ABD 
 136      7FB9BB99 
 136      B8C3D7
ARM GAS  /tmp/ccbuRKw0.s 			page 10


 137 018e F5034B22 		.ascii	"\365\003K\"\226u"
 137      9675
 138              		.text
 139              		.section	.gnu.lto_vmt.cf265e0ce60217f9,"",%progbits
 140 0000 789C6365 		.ascii	"x\234ce`b\330\300\300\300`\302\000\001\323\231\031w"
 140      6062D8C0 
 140      C0C060C2 
 140      0001D399 
 140      1977
 141 0012 EE7C739B 		.ascii	"\356|s\233\275\376oCGC\303\203\356\271\3143\231\347"
 141      BDFE6F43 
 141      4743C383 
 141      EEB9CC33 
 141      99E7
 142 0024 3333CC64 		.ascii	"33\314d\306\220[\260\211g>3\343LfF\014\211o@\035L3\231"
 142      C6905BB0 
 142      89673E33 
 142      E34C6646 
 142      0C896F40 
 143 003c 993024B6 		.ascii	"\2310$\266\001%\200\3461\203%\326\277\331\371\223\267"
 143      012580E6 
 143      318325D6 
 143      BFD9F993 
 143      B7
 144 004d 0F28C2C2 		.ascii	"\017(\302\302\010\342\236\275?\367\011\223\305\266\206"
 144      08E29EBD 
 144      3FF70993 
 144      C5B686
 145 005c 8E050D01 		.ascii	"\216\005\015\001\363\231Yg030\256f\224\231\301\314\310"
 145      F3995967 
 145      303330AE 
 145      669499C1 
 145      CCC8
 146 006e B88AB17E 		.ascii	"\270\212\261~\0063\023\343J\020\305\314\270\002D\261"
 146      063313E3 
 146      4A10C5CC 
 146      B80244B1 
 147 007e 302E67AC 		.ascii	"0.g\254g`\\\303h\301`\244\247\247\017A\316\031\231I"
 147      67605CC3 
 147      68C160A4 
 147      A7A70F41 
 147      CE199949 
 148 0092 99FEC1FA 		.ascii	"\231\376\301\372\371\305\372\031\2119\3729\231I\372"
 148      F9C5FA19 
 148      8939FA39 
 148      9949FA
 149 00a1 C52545A9 		.ascii	"\305%E\251\211\271\305\372y\24599P\266^2\003\000\273"
 149      89B9C5FA 
 149      79A53939 
 149      50B65E32 
 149      0300BB
 150 00b4 5951A4   		.ascii	"YQ\244"
 151              		.text
 152              		.section	.gnu.lto_.symbol_nodes.cf265e0ce60217f9,"",%progbits
 153 0000 789C6365 		.ascii	"x\234ce`b\310e\000\002\246\023L\365\014\014\023\316"
 153      6062C865 
 153      0002A613 
ARM GAS  /tmp/ccbuRKw0.s 			page 11


 153      4CF50C0C 
 153      13CE
 154 0012 313000A9 		.ascii	"10\000\251\035\013\0166\260\001\305N2\3253\242\213\235"
 154      1D0B0E36 
 154      B001C54E 
 154      32D533A2 
 154      8B9D
 155 0024 62AA6742 		.ascii	"b\252gB\027;\315T\317\214.v\226\251\236\005&\266\253"
 155      173BCD54 
 155      CF8C2E76 
 155      96A99E05 
 155      26B6AB
 156 0037 C1918181 		.ascii	"\301\221\201\201\365\014\023C\203\022\003\0033\003\000"
 156      F50C1343 
 156      83120303 
 156      330300
 157 0046 D2841DC1 		.ascii	"\322\204\035\301"
 158              		.text
 159              		.section	.gnu.lto_.refs.cf265e0ce60217f9,"",%progbits
 160 0000 789C05C1 		.ascii	"x\234\005\301\261\001\000\000\010\303\2404\332\335\377"
 160      B1010000 
 160      08C3A034 
 160      DADDFF
 161 000f AF158A1C 		.ascii	"\257\025\212\034\220\265\331\212Q\207\007\003S\000<"
 161      90B5D98A 
 161      51870703 
 161      53003C
 162              		.text
 163              		.section	.gnu.lto_.decls.cf265e0ce60217f9,"",%progbits
 164 0000 789C9556 		.ascii	"x\234\225V{LTW\032?\337\234a\200a\030\214\030\343f\311"
 164      7B4C5457 
 164      1A3FDF9C 
 164      61806118 
 164      8C18E366 
 165 0015 C6189AF0 		.ascii	"\306\030\232\360\217s\253n\214\177l6nH\266\273\311Z"
 165      8F73AB6E 
 165      8C7F6C36 
 165      6E48B6BB 
 165      C95A
 166 0027 926DF5DF 		.ascii	"\222m\365\337\011\214\243\314\006\006\303\\\266\355"
 166      098CA3CC 
 166      0606C35C 
 166      B6ED
 167 0035 FE7557C4 		.ascii	"\376uW\304W\254\013\265J}\226\330n+-/\225\242\202\326"
 167      57AC0BB5 
 167      4A7D96D8 
 167      6E2B2D2F 
 167      95A282D6 
 168 0049 F1D95151 		.ascii	"\361\331QQ\021\264\276\030(J\035\244(O\241#U\366;\347"
 168      11B4BE18 
 168      284A1DA4 
 168      284FA123 
 168      55F63BE7 
 169 005d DC3BF7CE 		.ascii	"\334;\367\316\354%\233\275\231\357\316=\337\375\036"
 169      EC259BBD 
 169      99EFCE3D 
 169      DFFD1E
ARM GAS  /tmp/ccbuRKw0.s 			page 12


 170 006c BFEF3993 		.ascii	"\277\3579\223D,d \215\220\363@\310i\244\031\274\222"
 170      442C6420 
 170      8D90F340 
 170      C869A419 
 170      BC92
 171 007e 0921F544 		.ascii	"\011!\365D\277\222\220\316#]A\272\217\024Fz\215\204"
 171      BF9290CE 
 171      235D41BA 
 171      8F14467A 
 171      8D84
 172 0090 E26486C4 		.ascii	"\342d\206\304_\025 \344\347\"\315C:\212\264\032\351"
 172      5F1520E4 
 172      E722CD43 
 172      3A8AB41A 
 172      E9
 173 00a1 B4FA1E54 		.ascii	"\264\372\036T[\211\327\256Y\364.\031\364\256\230\350"
 173      5B89D7AE 
 173      59F42E19 
 173      F4AE98E8 
 174 00b1 1D4FD0BB 		.ascii	"\035O\320\273\253\352\265\032\364\356\233\350\265\341"
 174      ABEAB51A 
 174      F4EE9BE8 
 174      B5E1
 175 00bf 0BAB899E 		.ascii	"\013\253\211\236\246\0236\321y\205/Xn\326\030\364\246"
 175      A61336D1 
 175      79852F58 
 175      6ED618F4 
 175      A6
 176 00d0 91A24813 		.ascii	"\221\242H\023H\343\252\356\244\372=[\216f\220i\303\357"
 176      48E3AAEE 
 176      A4FA3D5B 
 176      8E669069 
 176      C3EF
 177 00e2 9F901E21 		.ascii	"\237\220\036!\365#=A\312Sm\260x\206\221F\221\236#\215"
 177      F5233D41 
 177      CA536DB0 
 177      78869146 
 177      919E238D 
 178 00f6 210D1181 		.ascii	"!\015\021\2017\254\306\303ra\226\307j\012\327\373\236"
 178      37ACC6C3 
 178      726196C7 
 178      6A0AD7FB 
 178      9E
 179 0107 FCBA07BA 		.ascii	"\374\272\007\272\001\010\300\034\300/\016\202a\001\361"
 179      0108C01C 
 179      C02F0E82 
 179      6101F1
 180 0116 046A9DF9 		.ascii	"\004j\235\371\005\342\214w\213\026;\304\262\240>p= "
 180      05E28C77 
 180      8B163BC4 
 180      B2A03E70 
 180      3D20
 181 0128 1610C216 		.ascii	"\026\020\302\026b&d\264\250{\324.\215\007\361&\2315"
 181      622664B4 
 181      A87BD42E 
 181      8D07F126 
 181      9935
ARM GAS  /tmp/ccbuRKw0.s 			page 13


 182 013a 30308C0A 		.ascii	"00\214\012\006\203j\024B\302\200Q\213\206P-\370\241"
 182      06836A14 
 182      42C28051 
 182      8B86502D 
 182      F8A1
 183 014c 1DE39F5A 		.ascii	"\035\343\237Z{!\014\220FjV\002\347]\333\177\260\012"
 183      7B210C90 
 183      466A5602 
 183      E75DDB7F 
 183      B00A
 184 015e 28FAC1E7 		.ascii	"(\372\301\347\336\350\221?\272\352\024q\245\374J\317"
 184      DEE8913F 
 184      BAEA1471 
 184      A5FC4ACF 
 185 016e 5A3854FB 		.ascii	"Z8T\3735\335I!\317\016\314g\006\262\032\207NE\323\005"
 185      35DD4921 
 185      CF0ECC67 
 185      06B21A87 
 185      4E45D305 
 186 0182 8B497C1E 		.ascii	"\213I|\036\035>\341\240s\371\363\255MM\007\230\364\\"
 186      1D3EE1A0 
 186      73F9F3AD 
 186      4D4D0798 
 186      F45C
 187 0194 3B58F138 		.ascii	";X\3618z}\337c'\036\347\331aa5\265\334:\363\254/\005"
 187      7A7DDF63 
 187      271EE7D9 
 187      616135B5 
 187      DC3AF3AC 
 188 01aa 72EC5F30 		.ascii	"r\354_0'\301\233\273\\\343\025\212b\201\243`\207z\240"
 188      27C19BBB 
 188      5CE3158A 
 188      6281A360 
 188      877AA0
 189 01bd F015B818 		.ascii	"\360\025\270\030\356<;\336\267*\312F\245\262\\I\375"
 189      EE3C3BDE 
 189      B72ACA46 
 189      A5B25C49 
 189      FD
 190 01ce 138146C8 		.ascii	"\023\201F\310\202\006\310\"\320\0049\314)\223\203:d"
 190      8206C822 
 190      D00439CC 
 190      2993833A 
 190      64
 191 01df 7E8D4CF4 		.ascii	"~\215L\364r\350\374\360?\035V\314>\267T`e\274\306\212"
 191      72E8FCF0 
 191      3F1D56CC 
 191      3EB75460 
 191      65BCC68A 
 192 01f3 FEDA14F4 		.ascii	"\376\332\024\364\234\205\260\301\2009K`n\016\216\327"
 192      9C85B0C1 
 192      80394B60 
 192      6E0E8ED7 
 193 0203 5BE95FD8 		.ascii	"[\351_\330\263\245\245\271\177\237=\206jj\337\362\362"
 193      B3A5A5B9 
 193      7F9F3D86 
 193      6A6ADFF2 
ARM GAS  /tmp/ccbuRKw0.s 			page 14


 193      F2
 194 0214 2D0CD509 		.ascii	"-\014\325\011\264\365\215\216*+\206j\344\260B\027\020"
 194      B4F58D8E 
 194      2A2B866A 
 194      E4B04217 
 194      10
 195 0225 5896056F 		.ascii	"X\226\005o\"\246\026\304\224\245bjFL\307\005\246\332"
 195      22A616C4 
 195      94A5626A 
 195      464CC705 
 195      A6DA
 196 0237 4F8F5C4C 		.ascii	"O\217\\L\247\233\200{\330\273\373\\\2633\346!R\273\350"
 196      A79B807B 
 196      D8BBFB5C 
 196      B333E621 
 196      52BBE8
 197 024a 388FBB15 		.ascii	"8\217\273\025=\234\324=\240Cs\027\247\314]\264\215\216"
 197      3D9CD43D 
 197      A0437317 
 197      A7CC5DB4 
 197      8D8E
 198 025c 8F815D95 		.ascii	"\217\201]\225\337\372\277\345O\206\316\016:\034\333"
 198      DFFABFE5 
 198      4F86CE0E 
 198      3A1CDB
 199 026b 63898536 		.ascii	"c\211\2056\364\257\345\226\300ip\250%\377(<t\303\311"
 199      F4AFE596 
 199      C06970A8 
 199      25FF283C 
 199      74C3C9
 200 027e F3893C38 		.ascii	"\363\211<8\006<\241{:7\326\244r\346j\007\234\021\274"
 200      063CA17B 
 200      3A37D6A4 
 200      72E66A07 
 200      9C11BC
 201 0291 4B3353C1 		.ascii	"K3S\301\014Qm\013\036;G\332\017\246\211j\317\301c\244"
 201      0C516D0B 
 201      1E3B47DA 
 201      0FA6896A 
 201      CFC163A4 
 202 02a5 EFDAE18C 		.ascii	"\357\332\341\214\005{xG\225+sD\235\203\350\357,\367"
 202      057B7847 
 202      952B7344 
 202      9D83E8EF 
 202      2CF7
 203 02b7 770E16E0 		.ascii	"w\016\026\340\375[\260\012\247S\233\224\003\251\213"
 203      FD5BB00A 
 203      A7539B94 
 203      03A98B
 204 02c6 6A948E1F 		.ascii	"j\224\216\037\224\340L\375o_|\266Y\351@\305\225\\\020"
 204      94E04CFD 
 204      6F5F7CB6 
 204      59E940C5 
 204      955C10
 205 02d9 6AF534E1 		.ascii	"j\3654\341#\336\217@/\300\227\320\203]\177\036\026\241"
 205      23DE8F40 
 205      2FC097D0 
ARM GAS  /tmp/ccbuRKw0.s 			page 15


 205      835D7F1E 
 205      16A1
 206 02eb 7EB4EA7A 		.ascii	"~\264\352zs\022}\304\023n\332\021]\323\037\215Z\214"
 206      73127DC4 
 206      136EDA11 
 206      5DD31F8D 
 206      5A8C
 207 02fd E1B7C685 		.ascii	"\341\267\306\205\177)\026\376\215\211k\223\351\\\031"
 207      7F2916FE 
 207      8D896B93 
 207      E95C19
 208 030c 79705184 		.ascii	"ypQ\204z\350\361\027g\223\264\360/\013^\373d\3059\313"
 208      7AE8F117 
 208      6793B4F0 
 208      2F0B5EFB 
 208      64C539CB 
 209 0320 EC018678 		.ascii	"\354\001\206x\200\337i\001>\211\204#V5\300\301=T\371"
 209      80DF6901 
 209      3E898423 
 209      5635C0C1 
 209      3D54F9
 210 0333 18B5E630 		.ascii	"\030\265\3460!\270\240\007w!1\270+<\270\231\341\361"
 210      21B8A007 
 210      772131B8 
 210      2B3CB899 
 210      E1F1
 211 0345 1E071D10 		.ascii	"\036\007\035\020\301\215~\327\277\0338\224\326Xp\343"
 211      C18D7ED7 
 211      BF1B3894 
 211      D65870E3 
 212 0355 FB0F34C7 		.ascii	"\373\0174\307\340]\023\360*>\254\257\266c9lbr\223\221"
 212      E05D13F0 
 212      2A3EACAF 
 212      B663396C 
 212      62729391 
 213 0369 D53FF2B2 		.ascii	"\325?\362\262\305*X\014\364\373\310:\270\267\373\250"
 213      C52A580C 
 213      F4FBC83A 
 213      B8B7FBA8 
 214 0379 930E8946 		.ascii	"\223\016\211F\035\352\333\266=\3050\012\277\337\302"
 214      1DEADBB6 
 214      3DC5300A 
 214      BFDFC2
 215 0388 47E116FA 		.ascii	"G\341\026\372\271\251\203\264\251}\252\374\327\200v"
 215      B9A983B4 
 215      A97DAAFC 
 215      D78076
 216 0397 60E7D9D4 		.ascii	"`\347\331\324\316\273\201\314\353\242\363\306\242#\315"
 216      CEBB81CC 
 216      EBA2F3C6 
 216      A223CD
 217 03a6 563A297C 		.ascii	"V:)|l\357\033{\225\001\366\034S\003\267M\014hS\263\364"
 217      6CEF1B7B 
 217      9501F61C 
 217      5303B74D 
 217      0C6853B3 
 218 03bb 1B3E355D 		.ascii	"\033>5]\010\246S\007s\213O\015:\271\273\243\353\241"
ARM GAS  /tmp/ccbuRKw0.s 			page 16


 218      08A65307 
 218      738B4F0D 
 218      3AB9BBA3 
 218      EBA1
 219 03cd 8DBE164E 		.ascii	"\215\276\026N\242\203\241\3724}\342B\277\273\303\003"
 219      A283A1FA 
 219      347DE242 
 219      BFBBC303 
 220 03dd B98BBA77 		.ascii	"\271\213\272wt\335.\2305\222\357\315#i\032\254\374\267"
 220      74DD2E98 
 220      3592EFCD 
 220      23691AAC 
 220      FCB7
 221 03ef C358F2BB 		.ascii	"\303X\362\273q%\277\307K\336\036\353\351\227\301;zO"
 221      7125BFC7 
 221      4BDE1EEB 
 221      E997C13B 
 221      7A4F
 222 0401 AF88E83D 		.ascii	"\257\210\350=\215\202pU\007r5\261\354\367y\331\033\303"
 222      8D827055 
 222      077235B1 
 222      ECF779D9 
 222      1BC3
 223 0413 87B7A6D3 		.ascii	"\207\267\246\323KbC7\324M7\331\265\022\213\2527T>\233"
 223      4B624337 
 223      D44D37D9 
 223      B5128BAA 
 223      37543E9B 
 224 0427 3F3B986E 		.ascii	"?;\230n\016\346\241\006\346\313\362\256\177YT0c\013"
 224      0EE6A106 
 224      E6CBF2AE 
 224      7F595430 
 224      630B
 225 0439 F62AC18D 		.ascii	"\366*\301\215\012K\011J\301\003\035\311\203D$a\216\244"
 225      0A4B094A 
 225      C1031DC9 
 225      83442461 
 225      8EA4
 226 044b 72E7CBE9 		.ascii	"r\347\313\351\024zE \251\232\371\374v*\275'\016\332"
 226      147A4520 
 226      A99AF9FC 
 226      762ABD27 
 226      0EDA
 227 045d D0CF1543 		.ascii	"\320\317\025C\277\257m\342j\2228\246\340qd\272\374b"
 227      BFAF6DE2 
 227      6A9238A6 
 227      E07164BA 
 227      FC62
 228 046f 9A71E858 		.ascii	"\232q\350X\340\372\320=\212\015\335\363\315\255a'\355"
 228      E0FAD03D 
 228      8A0DDDF3 
 228      CDAD6127 
 228      ED
 229 0480 16365F5F 		.ascii	"\0266__\336\036I6j\205\342\264\372cZw\"\247&\323h\237"
 229      DE1E4936 
 229      6A85E2B4 
 229      FA635A77 
ARM GAS  /tmp/ccbuRKw0.s 			page 17


 229      22A726D3 
 230 0496 D0DA76F4 		.ascii	"\320\332v\364\351\317N\243\326\2718\255'1\255\206\316"
 230      E9CF4EA3 
 230      D6B938AD 
 230      2731AD86 
 230      CE
 231 04a7 8117161A 		.ascii	"\201\027\026\032\021Z\033\033&\332\235tJ\034F\1779x"
 231      115A1B1B 
 231      26DA9D74 
 231      4A1C467F 
 231      3978
 232 04b9 2255A09F 		.ascii	"\"U\240\237\207\307W\275\225\225\311b\241\325\260\037"
 232      87C757BD 
 232      9595C962 
 232      A1D5B01F 
 233 04c9 91EA432D 		.ascii	"\221\352C-\307\342\242\351\216\363\360\223\346!\371"
 233      C7E2A2E9 
 233      8EF3F093 
 233      E621F9
 234 04d8 CC505BC8 		.ascii	"\314P[\310\011\331\231\331\3319\331\331\207\231|px`"
 234      09D999D9 
 234      D939D9D9 
 234      87997C70 
 234      7860
 235 04ea 45CB3145 		.ascii	"E\3131E\331fcb<\343\317 S\357\267\037\270\205%x#U\274"
 235      D9666362 
 235      3CE3CF20 
 235      53EFB71F 
 235      B8852578 
 236 0501 1FB14DAC 		.ascii	"\037\261M\254\004\006\361\375S\366~@U\3002\301\010\366"
 236      0406F1FD 
 236      53F67E40 
 236      55C032C1 
 236      08F6
 237 0513 E63064C3 		.ascii	"\3460d\303(\322s\2441\244!\310\346\277\330\302Y\010"
 237      28D273A4 
 237      31A421C8 
 237      E6BFD8C2 
 237      5908
 238 0525 426FB234 		.ascii	"Bo\2624\301\343D?}\272\037\203([\\\221DQ)&)\246\350"
 238      C1E3443F 
 238      7DBA1F83 
 238      285B5C91 
 238      44512926 
 239 053c F9668A7F 		.ascii	"\371f\212\177\015\230\014Q\273Ew8\271\034\033j\023e"
 239      0D980C51 
 239      BB457738 
 239      B91C1B6A 
 239      1365
 240 054e 49861F4D 		.ascii	"I\206\037M\0155B\202O\254=\037\001\023xB\226\375\371"
 240      0D354282 
 240      4FAC3D1F 
 240      01137842 
 240      96FDF9
 241 0561 B8FDA09E 		.ascii	"\270\375\240\236f\252\011\331:[B\310\254\331@\023\335"
 241      66AA09D9 
 241      3A5B42C8 
ARM GAS  /tmp/ccbuRKw0.s 			page 18


 241      ACD94013 
 241      DD
 242 0572 039BBBED 		.ascii	"\003\233\273\355\306\232\215\033\374\021\230\320jF\177"
 242      C69A8D1B 
 242      FC1198D0 
 242      6A467F
 243 0581 1CB8B905 		.ascii	"\034\270\271\005WFv\246\210v\262\232G;e\026\355\345"
 243      574676A6 
 243      8876B29A 
 243      473B6516 
 243      EDE5
 244 0593 4F7EB3AB 		.ascii	"O~\263\253\\\301\030P\033'\2052)\263\274U\251\233\205"
 244      5CC11850 
 244      1B278532 
 244      29B3BC55 
 244      A99B85
 245 05a6 01D75D4E 		.ascii	"\001\327]N\251e|\201e\234\324\201\036\330\331\335\342"
 245      A9657C81 
 245      659CD481 
 245      1ED8D9DD 
 245      E2
 246 05b7 A02729DF 		.ascii	"\240')\337_\367B{>\266Bf\216\231\005x\211\212fF\004"
 246      5FF7427B 
 246      3EB64266 
 246      8E990578 
 246      898A6646 
 247 05cc F0EF3FB1 		.ascii	"\360\357?\2611\340Q\024\370Y\237k\026\007w\323Q\267"
 247      31E05114 
 247      F8599F6B 
 247      160777D3 
 247      51B7
 248 05de E361DCCF 		.ascii	"\343a\334\317`4.\037\323\261)\351\274\320\376\324\302"
 248      60342E1F 
 248      D3B129E9 
 248      BCD0FED4 
 248      C2
 249 05ef F70DF2D4 		.ascii	"\367\015\362\324\205\363m\323W3\311\306\215\263f\276"
 249      85F36DD3 
 249      5733C9C6 
 249      8DB366BE 
 250 05ff 61E1BCE2 		.ascii	"a\341\274\342\013\347\027m\341\034\332}D\241\270pj\370"
 250      0BE7176D 
 250      E11CDA7D 
 250      44A1B870 
 250      6AF8
 251 0611 F65BB8BF 		.ascii	"\366[\270\277.\266\375P\020wK\014[O\342\316y\315w\316"
 251      2EB6FD50 
 251      10774B0C 
 251      5B4FE2CE 
 251      79CD77CE 
 252 0625 AE0F7B2A 		.ascii	"\256\017{*\234o|\246t\004\261\367\366\316\307\337KQ"
 252      9C6F7CA6 
 252      7404B1F7 
 252      F6CEC7DF 
 252      4B51
 253 0637 BC5EA119 		.ascii	"\274^\241\031k\005\3029\357Z\010\376\323{\203\330\336"
 253      6B05C239 
ARM GAS  /tmp/ccbuRKw0.s 			page 19


 253      EF5A08FE 
 253      D37B83D8 
 253      DE
 254 0648 2BF5C9DE 		.ascii	"+\365\311\336@\312[o\257^\230\273d\011\261\005|\377"
 254      40CA5B6F 
 254      AF5E98BB 
 254      6409B105 
 254      7CFF
 255 065a F0BAE5A5 		.ascii	"\360\272\345\245RY\240T*\362\025H\353=\036)\277\264"
 255      5259A054 
 255      2AF21548 
 255      EB3D1E29 
 255      BFB4
 256 066c 78B1BFC4 		.ascii	"x\261\277\304\357]\354\315/\360I\313]\313\\K$\237\337"
 256      EF5DECCD 
 256      2FF049CB 
 256      5DCB5C4B 
 256      249FDF
 257 067f 5354B6D6 		.ascii	"ST\266\326+\005\344\265k\275\353\\\205$\325\355.\363"
 257      2B05E4B5 
 257      6BBDEB5C 
 257      8524D5ED 
 257      2EF3
 258 0691 F9E5156E 		.ascii	"\371\345\025ny1W\326\004\374\336\367\230\235\342|O\241"
 258      793157D6 
 258      04FCDEF7 
 258      989DE27C 
 258      4FA1
 259 06a3 CFEF95DC 		.ascii	"\317\357\225\334(\235_V$\273\345\0176x\003\250\227\254"
 259      289D5F56 
 259      24BBE50F 
 259      367803A8 
 259      97AC
 260 06b5 6A2D32D3 		.ascii	"j-2\323\012|\020\220\334\350\002EPt\251\313%\211On\241"
 260      0A7C1090 
 260      DCE80245 
 260      5074A9CB 
 260      25894F6E 
 261 06ca AFC097F7 		.ascii	"\257\300\227\367\216T\022\220\012\363\2138\320\200\\"
 261      8E541290 
 261      0AF38B38 
 261      D0805C
 262 06d9 EACD2F0E 		.ascii	"\352\315/\016H\376\262\242\"\365\331\345!I\370\2606"
 262      48FEB2A2 
 262      22F5D9E5 
 262      2149F8B0 
 262      36
 263 06ea 403794C9 		.ascii	"@7\224\311\210\017\255,[\352\226\223\325\357\244\342"
 263      880FAD2C 
 263      5BEA9693 
 263      D5EFA4E2 
 264 06fa C07AB7BC 		.ascii	"\300z\267\274\322\314\250\247\244\270\270\304/m()\225"
 264      D2CCA8A7 
 264      A4B8B8C4 
 264      2F6D2829 
 264      95
 265 070b 03D21FFE 		.ascii	"\003\322\037\376\272*w\325\373\214\267\301W\344-\015"
ARM GAS  /tmp/ccbuRKw0.s 			page 20


 265      BA2A77D5 
 265      FB8CB7C1 
 265      57E42D0D 
 266 071b 486FE5E6 		.ascii	"Ho\345\346J\236B-\000\272\336+;\231\327\274\202\277"
 266      4A9E422D 
 266      00BADE2B 
 266      3B99D7BC 
 266      82BF
 267 072d 793DF29F 		.ascii	"y=\362\237\375>\231\376\275X\2662\317I<\275\031>\177"
 267      FD3E99FE 
 267      BD58B632 
 267      CF493CBD 
 267      193E7F
 268 0740 40CEF77B 		.ascii	"@\316\367{\274\356\222u\353\002^9\375m\224~\207c\\\263"
 268      BCEE9275 
 268      EB025E39 
 268      FD6D947E 
 268      87635CB3 
 269 0754 EADDFF3B 		.ascii	"\352\335\377;\252Bb\327\015\374\007\215\015\025\235"
 269      AA4262D7 
 269      0DFC078D 
 269      0D159D
 270              		.text
 271              		.section	.gnu.lto_.symtab.cf265e0ce60217f9,"",%progbits
 272 0000 6E756C6C 		.ascii	"nullObjectInit\000"
 272      4F626A65 
 272      6374496E 
 272      697400
 273 000f 00       		.ascii	"\000"
 274 0010 00       		.ascii	"\000"
 275 0011 00       		.ascii	"\000"
 276 0012 00000000 		.ascii	"\000\000\000\000\000\000\000\000"
 276      00000000 
 277 001a FE000000 		.ascii	"\376\000\000\000"
 278              		.text
 279              		.section	.gnu.lto_.opts,"",%progbits
 280 0000 272D666D 		.ascii	"'-fmath-errno' '-fsigned-zeros' '-ftrapping-math' '"
 280      6174682D 
 280      6572726E 
 280      6F272027 
 280      2D667369 
 281 0033 2D666E6F 		.ascii	"-fno-trapv' '-fno-strict-overflow' '-fno-openmp' '-"
 281      2D747261 
 281      70762720 
 281      272D666E 
 281      6F2D7374 
 282 0066 666E6F2D 		.ascii	"fno-openacc' '-mcpu=cortex-m4' '-mthumb' '-mfloat-a"
 282      6F70656E 
 282      61636327 
 282      20272D6D 
 282      6370753D 
 283 0099 62693D68 		.ascii	"bi=hard' '-mfpu=fpv4-sp-d16' '-ggdb' '-Og' '-fomit-"
 283      61726427 
 283      20272D6D 
 283      6670753D 
 283      66707634 
 284 00cc 6672616D 		.ascii	"frame-pointer' '-falign-functions=16' '-ffunction-s"
ARM GAS  /tmp/ccbuRKw0.s 			page 21


 284      652D706F 
 284      696E7465 
 284      72272027 
 284      2D66616C 
 285 00ff 65637469 		.ascii	"ections' '-fdata-sections' '-fno-common' '-flto'\000"
 285      6F6E7327 
 285      20272D66 
 285      64617461 
 285      2D736563 
 286              		.text
 287              		.comm	__gnu_lto_v1,1,1
 288              		.comm	__gnu_lto_slim,1,1
 289              		.ident	"GCC: (15:6.3.1+svn253039-1build1) 6.3.1 20170620"
ARM GAS  /tmp/ccbuRKw0.s 			page 22


DEFINED SYMBOLS
                            *ABS*:0000000000000000 nullstreams.c
                            *COM*:0000000000000001 __gnu_lto_v1
                            *COM*:0000000000000001 __gnu_lto_slim

NO UNDEFINED SYMBOLS
