ARM GAS  /tmp/ccU9vkl3.s 			page 1


   1              		.cpu cortex-m4
   2              		.eabi_attribute 27, 1
   3              		.eabi_attribute 28, 1
   4              		.eabi_attribute 20, 1
   5              		.eabi_attribute 21, 1
   6              		.eabi_attribute 23, 3
   7              		.eabi_attribute 24, 1
   8              		.eabi_attribute 25, 1
   9              		.eabi_attribute 26, 1
  10              		.eabi_attribute 30, 1
  11              		.eabi_attribute 34, 1
  12              		.eabi_attribute 18, 4
  13              		.file	"nvic.c"
  14              		.text
  15              	.Ltext0:
  16              		.section	.gnu.lto_.profile.11e2aa495e9b8104,"",%progbits
  17 0000 789C6365 		.ascii	"x\234ce`b`a```dP\227\002\000\000\350\000N"
  17      60626061 
  17      60606064 
  17      50970200 
  17      00E8004E 
  18              		.text
  19              		.section	.gnu.lto_.inline.11e2aa495e9b8104,"",%progbits
  20 0000 789C6365 		.ascii	"x\234ce`b\010a@\000\026\006\006.NF\006&\276\015\271"
  20      60620861 
  20      40001606 
  20      062E4E46 
  20      0626BE0D 
  21 0015 0C6C0BE4 		.ascii	"\014l\013\344\231@b\214\014\034\354@!\256\011~p!&\006"
  21      9940628C 
  21      0C1CEC40 
  21      21AE097E 
  21      70212606 
  22 0029 4E2EA010 		.ascii	"N.\240\020\307\001;\204\0207H%\013\003;\033\232\004"
  22      C7013B84 
  22      10374825 
  22      0B033B1B 
  22      9A04
  23 003b 03007096 		.ascii	"\003\000p\226\007\376"
  23      07FE
  24              		.text
  25              		.section	.gnu.lto_.jmpfuncs.11e2aa495e9b8104,"",%progbits
  26 0000 789C6365 		.ascii	"x\234ce`b\340g@\000\026 fd\000\012B\230\000\002\360"
  26      6062E067 
  26      40001620 
  26      6664000A 
  26      42980002 
  27 0015 0022     		.ascii	"\000\""
  28              		.text
  29              		.section	.gnu.lto_.pureconst.11e2aa495e9b8104,"",%progbits
  30 0000 789C6365 		.ascii	"x\234ce`b\340d```a\220b\224b\222b\221\002\000\002\323"
  30      6062E064 
  30      60606061 
  30      90629462 
  30      92629102 
  31 0017 0084     		.ascii	"\000\204"
  32              		.text
ARM GAS  /tmp/ccU9vkl3.s 			page 2


  33              		.section	.gnu.lto_nvicEnableVector.11e2aa495e9b8104,"",%progbits
  34 0000 789C9D53 		.ascii	"x\234\235S\317k\023Q\020~\337N\222M\3324\236\305`{\020"
  34      CF6B1351 
  34      107EDF4E 
  34      924DDA34 
  34      9EC5607B 
  35 0015 422F598A 		.ascii	"B/Y\212 \036\274h\301[\021\364/\320\\\032\260Ii\245"
  35      201EBC68 
  35      C15B11F4 
  35      2FD05C1A 
  35      B04969A5 
  36 0029 78EB4B52 		.ascii	"x\353KR\023\254\242E\233\304\212a#T\233\266\266ij\325"
  36      13ACA245 
  36      9BC48A61 
  36      23549BB6 
  36      B6696AD5 
  37 003d A62A8450 		.ascii	"\246*\204P\220\034\252(\336\004\017V,9Tj\360\340\241"
  37      901CAA28 
  37      DE040F56 
  37      2C39546A 
  37      F0E0A1
  38 0050 A9CEDB0D 		.ascii	"\251\316\333\015(\250\007}\354\276\0373\33773\337\274"
  38      28A8077D 
  38      ECBE1F33 
  38      DF3733DF 
  38      BC
  39 0061 5DA7D0C4 		.ascii	"]\247\320\304\011\022\342\230\020\342\000\277 \001m"
  39      0912E298 
  39      10E200BF 
  39      20016D
  40 0070 E2A51031 		.ascii	"\342\245\0201\267\006\250\215tC\214j\030\305u\312\022"
  40      B706A88D 
  40      74438C6A 
  40      18C575CA 
  40      12
  41 0081 AAA94F65 		.ascii	"\252\251Oe\255{F\362\250d\033\373e\241\002\223\351S"
  41      AD7B46F2 
  41      A8641BFB 
  41      65A10293 
  41      E953
  42 0093 FCAA8119 		.ascii	"\374\252\201\031t3\352\365\330\322\035\272F&\001\016"
  42      7433EAF5 
  42      D8D21DBA 
  42      4626010E 
  43 00a3 3E7ED9B8 		.ascii	">~\331\270\275\351SG\015]|l\312\311\214\217\216@\360"
  43      BDE95347 
  43      0D5D7C6C 
  43      CAC98C8F 
  43      8E40F0
  44 00b6 7EAA9A7E 		.ascii	"~\252\232~\327\021\270'e\\V\326'I\0362\2110\007\342"
  44      D711B827 
  44      655C56D6 
  44      27491E32 
  44      893007E2 
  45 00ca 8098851F 		.ascii	"\200\230\205\037\005\370\005\233\004\346\021`\370||"
  45      05F8059B 
  45      04E61160 
ARM GAS  /tmp/ccU9vkl3.s 			page 3


  45      F87C7C
  46 00d9 6B9BE8A8 		.ascii	"k\233\350\250E\275\\kn\352-\352\307t\213\372\340\017"
  46      45BD5C6B 
  46      6EEA2DEA 
  46      C7748BFA 
  46      E00F
  47 00eb D4050414 		.ascii	"\324\005\004\024\376Ci/\335\341r\330\265b\021.\360Z"
  47      FE43692F 
  47      DDE172D8 
  47      B562112E 
  47      F05A
  48 00fd 7C838ADC 		.ascii	"|\203\212\334\373\236\222\225\267\367\221=\351\005\024"
  48      FB9E9295 
  48      B7F7913D 
  48      E90514
  49 010c 5C63A283 		.ascii	"\\c\242\203\324\344\204\312\254\363\326\351V\223\207"
  49      D4E484CA 
  49      ACF3D6E9 
  49      569387
  50 011b 279710E3 		.ascii	"'\227\020\343\034C5\347\012ij\245:\342\215T\263\330"
  50      1C4335E7 
  50      0A696AA5 
  50      3AE28D54 
  50      B3D8
  51 012d A6C2E648 		.ascii	"\246\302\346H\313\021D\035\211\235$l\003\261\355\327"
  51      CB11441D 
  51      899D246C 
  51      03B1EDD7 
  52 013d B6B8E040 		.ascii	"\266\270\340@\221\313\253\243\232\251u*\014{3\227\252"
  52      91CBABA3 
  52      9AA9752A 
  52      0C7B3397 
  52      AA
  53 014e AF74E5D5 		.ascii	"\257t\345\325-y+w?\177\363\332GYMH\037\233nl7V}&r1\356"
  53      2D792B77 
  53      3F7FF3DA 
  53      47594D48 
  53      1F9B6E6C 
  54 0169 7EFEA049 		.ascii	"~\376\240In\224X\347\022\007R\204\215\367\313\023\373"
  54      6E9458E7 
  54      12075284 
  54      8DF7CB13 
  54      FB
  55 017a 8C053916 		.ascii	"\214\0059\026\223]&y\260\014\023\267\254{Q\321\346\276"
  55      935D2679 
  55      B00C13B7 
  55      AC7B51D1 
  55      E6BE
  56 018c 16A8A7A8 		.ascii	"\026\250\247\250\234\371\210Imx\010#GN\353\316V\320"
  56      9CF98849 
  56      6D780823 
  56      474EEBCE 
  56      56D0
  57 019e C325AA82 		.ascii	"\303%\252\202\033\311\\)\337\252Yg7\023k\323k\273^\273"
  57      1BC95C29 
  57      DFAA5967 
  57      37136BD3 
ARM GAS  /tmp/ccU9vkl3.s 			page 4


  57      6BBB5EBB 
  58 01b2 66271E59 		.ascii	"f'\036Y5'v\223\263\036\033\344\266A7\247\027\313\035"
  58      35277693 
  58      B31E1BE4 
  58      B64137A7 
  58      17CB1D
  59 01c5 0AE44427 		.ascii	"\012\344D'\036\333\240\235dM\267A\036\225\177\375E\322"
  59      1EDBA09D 
  59      644DB741 
  59      1E957FFD 
  59      45D2
  60 01d7 6D87019E 		.ascii	"m\207\001\236\300\317T[\275\321R\377/\332\332\261ji"
  60      C0CF545B 
  60      BDD152FF 
  60      2FDADAB1 
  60      6A69
  61 01e9 C3EFDA46 		.ascii	"\303\357\332FL\362\242\254\264\351\226\2665\245\315"
  61      4CF2A2AC 
  61      B4E996B6 
  61      35A5CD
  62 01f8 63A5AA8F 		.ascii	"c\245\252\217o\266\377W\262\247V2\355/\311\236\375L"
  62      6FB6FF57 
  62      B2A75632 
  62      ED2FC99E 
  62      FD4C
  63 020a F6DC4EB6 		.ascii	"\366\334N\266\215x\276x\325j\243\365S\214s\241\374\221"
  63      8D78BE78 
  63      D56AA3F5 
  63      538C73A1 
  63      FC91
  64 021c 7080C3C1 		.ascii	"p\200\303\301\240a?\275\375\341s\341Sg\214\350\260\321"
  64      A0613FBD 
  64      FDE173E1 
  64      53678CE8 
  64      B0D1
  65 022e 7FF6BC31 		.ascii	"\177\366\2741\030\035\2720l\204\242\003\003\321\210"
  65      181DBA30 
  65      6C84A203 
  65      03D188
  66 023d 71FC745F 		.ascii	"q\374t_o\337E#2\022\016\005C\002\021\307\340P8\372\003"
  66      6FDF4523 
  66      32120E05 
  66      430211C7 
  66      E05038FA 
  67 0252 4E0618CC 		.ascii	"N\006\030\314"
  68              		.text
  69              		.section	.gnu.lto_nvicDisableVector.11e2aa495e9b8104,"",%progbits
  70 0000 789C9592 		.ascii	"x\234\225\222\317k\023Q\020\307\347\373f\223lm\023\257"
  70      CF6B1351 
  70      10C7E7FB 
  70      66936C6D 
  70      13AF
  71 0012 82417B10 		.ascii	"\202A{\020J/Y\202\240g)x+\202\376\005\032\204\006l\""
  71      4A2F5982 
  71      A0672978 
  71      2B82FE05 
  71      1A84066C 
ARM GAS  /tmp/ccU9vkl3.s 			page 5


  72 0027 568AB7BE 		.ascii	"V\212\267\276\364G\012\025\265h\233Z1l\204H\323\326"
  72      F4470A15 
  72      B5689B5A 
  72      316C8448 
  72      D3D6
  73 0039 36FD11B5 		.ascii	"6\375\021\265\365\024\026A\002FQ\360$x\260\245\350\241"
  73      F5141641 
  73      024651F0 
  73      2478B0A5 
  73      E8A1
  74 004b 624B0F1E 		.ascii	"bK\017\036ju\336\256\007\301\223\217\335\367\336\274"
  74      6A75DEAE 
  74      07C1938F 
  74      DDF7DEBC 
  75 005b FDCC7C67 		.ascii	"\375\314|g\346m\210\024]VD\247\211\350\250\274`\202"
  75      E66D8814 
  75      5D5644A7 
  75      89E8A8BC 
  75      6082
  76 006d 1A7F4394 		.ascii	"\032\177C\224\263\025`6\332\006\015(\014\340\016O1\274"
  76      B3156036 
  76      DA060D28 
  76      0CE00E4F 
  76      31BC
  77 007f D1AD75D5 		.ascii	"\321\255u\3259\243e\324\247j\341\274\0369\3422\321\264"
  77      39A365D4 
  77      A76AE1BC 
  77      1E39E232 
  77      D1B4
  78 0091 BC666006 		.ascii	"\274f`\006\235B\275\033^z\310\267\331e\300\022s\247"
  78      9D42BD1B 
  78      5E7AC8B7 
  78      D965C012 
  78      73A7
  79 00a3 F9602366 		.ascii	"\371`#fL\205v1\177\352\211B\214O\201d?\355M~\214v<\326"
  79      4C857631 
  79      7FEA8942 
  79      8C4F8164 
  79      3FED4D7E 
  80 00bb 7A50D75F 		.ascii	"zP\327_O\260>\3412c\016,\0011\2138*\210\223\034\021"
  80      4FB03EE1 
  80      32630E2C 
  80      01318B38 
  80      2A88931C 
  81 00d0 E6D161F8 		.ascii	"\346\321a\370\317\313\007\223\321\260\025\010\342\011"
  81      CFCB0793 
  81      D1B01508 
  81      E209
  82 00de C290B5FA 		.ascii	"\302\220\265\372\036u}\360kT\3277\313\370p\326\006\014"
  82      1E757DF0 
  82      6B54D737 
  82      CBF870D6 
  82      060C
  83 00f0 AEC4D162 		.ascii	"\256\304\321b3Y2\205\210\306\304\307Tt\223\225Y\371"
  83      33593285 
  83      88C6C4C7 
  83      54749395 
ARM GAS  /tmp/ccU9vkl3.s 			page 6


  83      59F9
  84 0102 2B8676F3 		.ascii	"+\206v\363\315\325\022L\234\"\253\"C\024\032\345\027"
  84      CDD5124C 
  84      9C22AB22 
  84      43141AE5 
  84      17
  85 0113 FB6D26D9 		.ascii	"\373m&\331\020BX\020y\301\366\363\263-\001\304\001t"
  85      10425810 
  85      79C1F6F3 
  85      B32D01C4 
  85      0174
  86 0125 AFBCB81E 		.ascii	"\257\274\270\0365\220\205\343X\014\240\357\371F$\200"
  86      359085E3 
  86      580CA0EF 
  86      F9462480 
  87 0135 4CCDB597 		.ascii	"L\315\265\227\257\362v\020\006\250\".\256\002y\205\206"
  87      AFF27610 
  87      06A8222E 
  87      AE027985 
  87      86
  88 0146 6318010A 		.ascii	"c\030\001\012#\336\333\210\001\302~#j\217\276\375h\013"
  88      23DEDB88 
  88      01C27E23 
  88      6A8FBEFD 
  88      680B
  89 0158 4CED0DE9 		.ascii	"L\355\015\351\230\034\335\335\336]\213\271(\346\244"
  89      981CDDDD 
  89      DE5D8BB9 
  89      28E6A4
  90 0167 D9A5632E 		.ascii	"\331\245c.G\260,\035Y\0225\343\320\374\2642~\330Y\320"
  90      47B02C1D 
  90      591235E3 
  90      D0FCB432 
  90      7ED859D0 
  91 017b C339DDEE 		.ascii	"\3039\335\356\262\215\025\270\270\357_\203\2116\267"
  91      B28D15B8 
  91      B8EF5F83 
  91      8936B7
  92 018a 57E164D5 		.ascii	"W\341d\325|,\365\273\334\202U8R\241\177E5$%E\223\314"
  92      7C2CF5BB 
  92      DC825538 
  92      52A17F45 
  92      35242545 
  93 01a0 DE97CA46 		.ascii	"\336\227\312F\344O:\377#v\010O}1\374+\226q\271\025\317"
  93      E44F3AFF 
  93      2376084F 
  93      7D31FC2B 
  93      9671B915 
  94 01b5 8C187CB1 		.ascii	"\214\030|\261\347H\376]k+\010k\022s\033\203\245\371"
  94      E748FE5D 
  94      6B2B086B 
  94      12731B83 
  94      A5F9
  95 01c7 5B7EE3FD 		.ascii	"[~\343\375\377fLp\271\022I\360d\"\341\004OWO\372R\372"
  95      FF664C70 
  95      B91249F0 
  95      6422E104 
ARM GAS  /tmp/ccU9vkl3.s 			page 7


  95      4F574FFA 
  96 01dd DC0527DB 		.ascii	"\334\005'\333\347\364\\\274\342\\\315^\273\336\347\244"
  96      E7F45CBC 
  96      E25CCD5E 
  96      BBDEE7A4 
  97 01ed B2BDBDD9 		.ascii	"\262\275\275\331\214s\346|wW\367\015'\323\237N%R\204"
  97      8C73E67C 
  97      7757F70D 
  97      27D39F4E 
  97      255284
  98 0200 CC6FC0CD 		.ascii	"\314o\300\315\323\342"
  98      D3E2
  99              		.text
 100              		.section	.gnu.lto_nvicSetSystemHandlerPriority.11e2aa495e9b8104,"",%progbits
 101 0000 789C6D92 		.ascii	"x\234m\222\317KTQ\024\307\357\367\2357\357=\177\322"
 101      CF4B5451 
 101      14C7EFF7 
 101      9D37EF3D 
 101      7FD2
 102 0012 5242C445 		.ascii	"RB\304E .\362!E\313\240\\KP\177\201Y\340\220\316\210"
 102      202EF221 
 102      45CBA05C 
 102      4B507F81 
 102      59E090CE 
 103 0027 46B49B3B 		.ascii	"F\264\233;?tH\301\242\032\035-y\202\204\245\371\263"
 103      3F7448C1 
 103      A21A1D2D 
 103      798284A5 
 103      F9B3
 104 0039 9F635662 		.ascii	"\237cVb\233f\241Q\213\010[\225bX\012\225.\242P;\347"
 104      9B66A151 
 104      8B085B95 
 104      62580A95 
 104      2EA2503B 
 105 004e CD042E3A 		.ascii	"\315\004.:\334\367\356\275\347\347\347\236{\003\312"
 105      DCF7EEBD 
 105      E7E7E79E 
 105      7B03CA
 106 005d 50A38652 		.ascii	"P\243\206R'\225RG\371C@\301\270\266\244T\3241\014\232"
 106      27955247 
 106      F94340C1 
 106      B8B6A454 
 106      D4310C9A 
 107 0071 AD50BAD0 		.ascii	"\255P\272\320|\357*]L0sj\023\220\205v\240\"\006\231"
 107      7CEF2A5D 
 107      4C30736A 
 107      13908576 
 107      A0220699 
 108 0085 88E02AF5 		.ascii	"\210\340*\365\021\026\222k\031\243zD\263\314\367m[\235"
 108      1116926B 
 108      19A37A44 
 108      B3CCF76D 
 108      5B9D
 109 0097 BAA3CC23 		.ascii	"\272\243\314#\245\372\371\023\301\010\252\331\353mb"
 109      A5FAF913 
 109      C108AAD9 
 109      EB6D62
ARM GAS  /tmp/ccU9vkl3.s 			page 8


 110 00a6 EA36F590 		.ascii	"\3526\365\220G\200\311\333\037\213\003+\245\2625P\311"
 110      4780C9DB 
 110      1F8B032B 
 110      A5B23550 
 110      C9
 111 00b7 DBF88D17 		.ascii	"\333\370\215\027s\016\035\203\342\365\246\316F\255\252"
 111      730E1D83 
 111      E2F5A6CE 
 111      46ADAA
 112 00c6 3B5AC7F4 		.ascii	";Z\307\364\374j\212\364!\217\010\243 N\210{(\307]\224"
 112      FC6A8AF4 
 112      218F08A3 
 112      204E887B 
 112      28C75D94 
 113 00da 2B56298C 		.ascii	"+V)\214\241\212\335\307b_6\211\216\373\241W\262;+v>"
 113      A18ADDC7 
 113      625F3689 
 113      8EFBA157 
 113      B23B2B76 
 114 00ef 74BB2F1F 		.ascii	"t\273/\037z\377?\241\343\250\022\377\317\323\273\251"
 114      7AFF3FA1 
 114      E3A812FF 
 114      CFD3BBA9 
 115 00ff 12CB1CFE 		.ascii	"\022\313\034\376\207\213\011X\340\211\025\223\3570\257"
 115      878B0958 
 115      E0891593 
 115      EF30AF
 116 010e 77F792CC 		.ascii	"w\367\222\314P\266\274\345\024\030\220z\001H\250\305"
 116      50B6BCE5 
 116      1418907A 
 116      0148A8C5 
 117 011e 494C5B7E 		.ascii	"IL[~Juq\234t\245\233\014\231i\025\211\017\257\326nY"
 117      4A75719C 
 117      74A59B0C 
 117      99691589 
 117      0FAFD66E 
 118 0133 926A900C 		.ascii	"\222j\220\014.\362\347\327\322s[\216J(\302$\023\210"
 118      2EF2E7D7 
 118      D2735B8E 
 118      4A28C224 
 118      1388
 119 0145 7433C56C 		.ascii	"t3\305l\005}C\242R<\005&\223\331\370hGv\264\343Q\240"
 119      057D43A2 
 119      523C0526 
 119      93D9F868 
 119      4776B4E3 
 120 015b 9F04630A 		.ascii	"\237\004c\012\0211\364v,\274\361\023X\376!\343\277_"
 120      1131F476 
 120      2CBCF113 
 120      58FE21E3 
 120      BF5F
 121 016d 6E95B21F 		.ascii	"n\225\262\037w\331\022r\321e\007\306.x\030\214\036\360"
 121      77D91272 
 121      D16507C6 
 121      2E78188C 
 121      1EF0
 122 017f C8C60CDF 		.ascii	"\310\306\014\337\314\264\324a\303\336\327\231\211\002"
ARM GAS  /tmp/ccU9vkl3.s 			page 9


 122      CCB4D461 
 122      C3DED799 
 122      8902
 123 018d 764E6B5D 		.ascii	"vNk])\011\036\300\203_\020\017\021\361\310\361QL\237"
 123      29091EC0 
 123      835F100F 
 123      11F1C8F1 
 123      514C9F
 124 01a0 7C1DB19F 		.ascii	"|\035\261\237\311\305\314\034r\350<\002j\035\361\357"
 124      C9C5CC1C 
 124      72E83C02 
 124      6A1DF1EF 
 125 01b0 9D7985CD 		.ascii	"\235y\205\315\272\375\027Y\000\023\217\270\314:\026"
 125      BAFD1759 
 125      00138FB8 
 125      CC3A16
 126 01bf 7AB387C5 		.ascii	"z\263\207\305g?k\241\317\032\315\314\335\014\344\266"
 126      673F6BA1 
 126      CF1ACDCC 
 126      DD0CE4B6 
 127 01cf 7A39AE4B 		.ascii	"z9\256K%>\035\373\344\010+\277\227\241\203\036\025\341"
 127      253E1DFB 
 127      E4082BBF 
 127      97A1831E 
 127      15E1
 128 01e1 09DFCCE3 		.ascii	"\011\337\314\343<\357F\352\365h\241;\256\023Q\341-\306"
 128      3CEF46EA 
 128      F568A13B 
 128      AE1351E1 
 128      2DC6
 129 01f3 53E64DFB 		.ascii	"S\346M\373/\211\215\303\327\007\353j'\3056\024\362\250"
 129      2F898DC3 
 129      D707EB6A 
 129      27C53614 
 129      F2A8
 130 0205 0419B8DC 		.ascii	"\004\031\270\334b\377\221\315\242\226\011\325&bC\317"
 130      62FF91CD 
 130      A29609D5 
 130      266243CF 
 131 0215 7A722714 		.ascii	"zr'\024\351\342>\362\331\330\347HM\215\233\033uM\301"
 131      E9E23EF2 
 131      D9D8E748 
 131      4D8D9B1B 
 131      754DC1
 132 0228 B3C15367 		.ascii	"\263\301Sg\334p\273\333\324\320\354\266\206\333.\266"
 132      DC70BBDB 
 132      D4D0ECB6 
 132      86DB2EB6 
 133 0238 BB8DE196 		.ascii	"\273\215\341\226\226p\310=q\272\276\256\376\262\033"
 133      9670C83D 
 133      71BABEAE 
 133      FEB21B
 134 0247 BA146CAC 		.ascii	"\272\024l\254iTvSC\350\\\363\3716\263\265-\030\376\013"
 134      69547653 
 134      43E85CF3 
 134      F936B3B5 
 134      2D18FE0B 
ARM GAS  /tmp/ccU9vkl3.s 			page 10


 135 025b 2A07EEEB 		.ascii	"*\007\356\353"
 136              		.text
 137              		.section	.gnu.lto___func__.9096.11e2aa495e9b8104,"",%progbits
 138 0000 789C6365 		.ascii	"x\234ce`b\020e``\220g\200\200\351\314\214\037\036\317"
 138      60621065 
 138      60609067 
 138      8080E9CC 
 138      8C1F1ECF 
 139 0014 B9CCA4C8 		.ascii	"\271\314\244\3104\277\201c>3\003\003\343rFE\006\331"
 139      34BF8163 
 139      3E330303 
 139      E3724645 
 139      06D9
 140 0026 BCB2CCE4 		.ascii	"\274\262\314\344\340\324\222\340\312\342\222\324\\\217"
 140      E0D492E0 
 140      CAE292D4 
 140      5C8F
 141 0034 C4BC949C 		.ascii	"\304\274\224\234\324\242\200\242\314\374\242\314\222"
 141      D4A280A2 
 141      CCFCA2CC 
 141      92
 142 0041 4A0600E6 		.ascii	"J\006\000\346\254\022o"
 142      AC126F
 143              		.text
 144              		.section	.gnu.lto_nvicClearPending.11e2aa495e9b8104,"",%progbits
 145 0000 789C2D51 		.ascii	"x\234-Q\317k\023Q\020\236og7I\241\211W\301\240=\010"
 145      CF6B1351 
 145      109E6F67 
 145      3749A189 
 145      57C1A03D 
 146 0015 A5087914 		.ascii	"\245\010y\024A\317\322\203\247R\320\277@si\300&b\245"
 146      41CFD283 
 146      A752D0BF 
 146      407369C0 
 146      2662A5
 147 0028 78EB4BDA 		.ascii	"x\353K\332&\330\202-\266M\255\0306b\244?\264M[=\330"
 147      26D8822D 
 147      B64DAD18 
 147      3662A43F 
 147      B44D5B3D 
 148 003d 7A098B97 		.ascii	"z\011\213\227\036\252\324\253\342AA\360\320\242\301"
 148      1EAAD4AB 
 148      E24141F0 
 148      D0A2C1
 149 004c 8387B63A 		.ascii	"\203\207\266:\263\353c\337\333\231\357}\363\315\274"
 149      B3EB63DF 
 149      DB99EF7D 
 149      F3CDBC
 150 005b 198F1C3A 		.ascii	"\031\217\034:\004\321e\":#\033Lpf\336\023\025\023\016"
 150      04D16522 
 150      3A231B4C 
 150      7066DE13 
 150      15130E
 151 006e A0864D80 		.ascii	"\240\206M\200F\035\214b\232\027\030A\345\373\266\323"
 151      461D8C62 
 151      9A171841 
 151      E5FBB6D3 
ARM GAS  /tmp/ccU9vkl3.s 			page 11


 152 007e B36465B5 		.ascii	"\263de\265\026v\342e;q\332g\242E\331\272\260\204\036"
 152      1676E265 
 152      3B71DA67 
 152      A245D9BA 
 152      B0841E
 153 0091 61ED8F6F 		.ascii	"a\355\217o<\341\007\3543\340\212\373k\357\361\267\224"
 153      3CE107EC 
 153      33E08AFB 
 153      6BEFF1B7 
 153      94
 154 00a2 BA0EBAC4 		.ascii	"\272\016\272\304=\266s\325\024_\002\211\275\030\314"
 154      3DB673D5 
 154      145F0289 
 154      BD18CC
 155 00b1 7F4A763F 		.ascii	"\177Jv?\267\266d[\357\346\330\236\367\231\261\012\026"
 155      B7B6645B 
 155      EFE6D89E 
 155      F799B10A 
 155      16
 156 00c2 41AC208D 		.ascii	"A\254 \215e\244I \302\013t+\377\353\346\311|2\346F\011"
 156      65A44920 
 156      C20B742B 
 156      FFEBE6C9 
 156      7C32E646 
 157 00d7 F11231A9 		.ascii	"\361\0221\251\235\232\037\321\262'\177+\266\365\271"
 157      9D9A1FD1 
 157      B2277F2B 
 157      B6F5B9
 158 00e6 81FDAB09 		.ascii	"\201\375\253\011@\351\216\004\272\254\207+\207\347\251"
 158      40E98E04 
 158      BAAC872B 
 158      87E7A9
 159 00f5 45342981 		.ascii	"E4)\201\372\254)v\364\317?0\326.\037\277\255C\305j\354"
 159      FAAC2976 
 159      F4CF3F30 
 159      D62E1FBF 
 159      AD43C56A 
 160 010a D4189266 		.ascii	"\324\030\222f\267\261s\324\251\025{\360\260&5\010\355"
 160      B7B173D4 
 160      A9157BF0 
 160      B0263508 
 160      ED
 161 011b A87CBF23 		.ascii	"\250|\277#\"qD\232m\254o'\225\344\342\034\326#\322\317"
 161      2271449A 
 161      6DAC6F27 
 161      95E4E21C 
 161      D623D2CF 
 162 012f F24A3C22 		.ascii	"\362J<\"\271\270\220\026\252\200\245v\345\277\272'\260"
 162      B9B89016 
 162      AA80A576 
 162      E5BFBA27 
 162      B0
 163 0140 00417537 		.ascii	"\000Au7\243\200hT'\202\017q\325\210\205\355x\375\364"
 163      A3806854 
 163      27820F71 
 163      D58885ED 
 163      78FDF4
ARM GAS  /tmp/ccU9vkl3.s 			page 12


 164 0153 F04F67E4 		.ascii	"\360Og\344\332`\314\246\004zx\320~\223\362Q+J\313\353"
 164      DA60CCA6 
 164      047A78D0 
 164      7E93F251 
 164      2B4ACBEB 
 165 0167 677D8E63 		.ascii	"g}\216cC\372\322\224t\032\260\367ek\346\224Y\263\343"
 165      43FAD294 
 165      741AB0F7 
 165      656BE694 
 165      59B3E3
 166 017a 45DBE573 		.ascii	"E\333\345s\002\233\360\361(\034\206\252\255\376^\346"
 166      029BF0F1 
 166      281C86AA 
 166      ADFE5EE6 
 167 018a DEA65ED6 		.ascii	"\336\246^\326G|\356\300\026\214<1\034\324+\364J=t\200"
 167      477CEEC0 
 167      168C3C31 
 167      1CD42BF4 
 167      4A3D7480 
 168 019e 52FDD974 		.ascii	"R\375\331tX^8\300I\206\266E8\0273\031\023}}\203\271"
 168      585E38C0 
 168      4986B645 
 168      38173319 
 168      137D7D83 
 169 01b3 9BB981EB 		.ascii	"\233\271\201\353\2460l\006o\3342\267\013w\356\016\233"
 169      A6306C06 
 169      6FDC32B7 
 169      0B77EE0E 
 169      9B
 170 01c4 6C6168A8 		.ascii	"lah\250\2207W\256\365\367\365\3373\371\221\\6\223%\344"
 170      903757AE 
 170      F5F7F5DF 
 170      33F9915C 
 170      369325E4 
 171 01d8 FF01A7DE 		.ascii	"\377\001\247\336\253\214"
 171      AB8C
 172              		.text
 173              		.section	.gnu.lto_.symbol_nodes.11e2aa495e9b8104,"",%progbits
 174 0000 789C55CA 		.ascii	"x\234U\312;\025\200@\020C\321\267Y\306\010\032\020\000"
 174      3B158040 
 174      1043D1B7 
 174      59C6081A 
 174      1000
 175 0012 7A103123 		.ascii	"z\0201#\0011T\324\024\3745\261\320m\232\234s\023C\214"
 175      013154D4 
 175      14FC35B1 
 175      D06D9A9C 
 175      7313438C 
 176 0026 946893C3 		.ascii	"\224h\223\303\364@\251%\206\"\273<\325r\310U\211\335"
 176      F440A925 
 176      8622BB3C 
 176      D572C855 
 176      89DD
 177 0038 225AC83A 		.ascii	"\"Z\310:\345\271\232\322%o~\201\210\376\373\030\353"
 177      E5B99AD2 
 177      256F7E81 
 177      88FEFB18 
ARM GAS  /tmp/ccU9vkl3.s 			page 13


 177      EB
 178 0049 DCF102C8 		.ascii	"\334\361\002\310K\032*"
 178      4B1A2A
 179              		.text
 180              		.section	.gnu.lto_.refs.11e2aa495e9b8104,"",%progbits
 181 0000 789C6365 		.ascii	"x\234ce`b`c```dbbfb\000\000\000\315\000\030"
 181      60626063 
 181      60606064 
 181      62626662 
 181      000000CD 
 182              		.text
 183              		.section	.gnu.lto_.decls.11e2aa495e9b8104,"",%progbits
 184 0000 789CBD58 		.ascii	"x\234\275XkPU\327\025>\373\354\013\\.\210\026\231\304"
 184      6B5055D7 
 184      153EFBEC 
 184      0B5C2E88 
 184      1699C4
 185 0013 26D8C938 		.ascii	"&\330\3118f\244m\352\305\230\266\311\257\206\\\265\362"
 185      66A46DEA 
 185      C598B6C9 
 185      AF865CB5 
 185      F2
 186 0024 C384B918 		.ascii	"\303\204\271\030\333\177\014\"\251\264\010\031\3006"
 186      DB7F0C22 
 186      A9B40819 
 186      C036
 187 0032 4CA7D3A3 		.ascii	"L\247\323\243\200\"\032\013\012*\257\200 \"\202\002"
 187      80221A0B 
 187      0A2AAF80 
 187      20228202 
 188 0042 F25211BD 		.ascii	"\362R\021\275\200\"\017AE\021A\020DD@D\036>\000\021"
 188      80220F41 
 188      45114110 
 188      44444044 
 188      1E3E0011 
 189 0056 BAF6E370 		.ascii	"\272\366\343p\017'\367:\371\321\351\221u\356]{\177{"
 189      0F27F73A 
 189      F9D1E991 
 189      75EE5D7B 
 189      7F7B
 190 0068 ED6FADB5 		.ascii	"\355o\255\265\037\353j#\210\202\341=A\360\027\005\341"
 190      1FEB6A23 
 190      8882E13D 
 190      41F01705 
 190      E1
 191 0079 2E128459 		.ascii	".\022\204Yxl\005A8%\230\037\033\220\363 \027AL U \215"
 191      786C0541 
 191      3825981F 
 191      1B90F320 
 191      17414C20 
 192 0090 200017EE 		.ascii	" \000\027\356\010\363\237\355\320\270\000>7\2018\203"
 192      08F39FED 
 192      D0B8003E 
 192      37813883 
 193 00a0 B8801481 		.ascii	"\270\200\024\201\270\202\254\000\371\012\304\0150+@"
 193      B882AC00 
 193      F90AC40D 
ARM GAS  /tmp/ccU9vkl3.s 			page 14


 193      302B40
 194 00af 9EC1F761 		.ascii	"\236\301\367a\220Y\220\031\020\014\362\016\264/\005"
 194      90599019 
 194      100CF20E 
 194      B42F05
 195 00be 791F31FB 		.ascii	"y\0371\373\347\205\037?\377\202\016G\013s\250\355\313"
 195      E7851F3F 
 195      FF820E47 
 195      0B73A8ED 
 195      CB
 196 00cf 76E57944 		.ascii	"v\345yD\302\003\2619\020\367G\375\354\200\016'+\374"
 196      C203B139 
 196      10F747FD 
 196      EC800E27 
 196      2BFC
 197 00e1 7F097DBF 		.ascii	"\177\011}\277\002i\201\357\327\370\\\377\004=\034\344"
 197      026981EF 
 197      D7F85CFF 
 197      043D1CE4 
 198 00f1 4F88CD41 		.ascii	"O\210\315A\354\372\"6\227\351-q:\3059\264X\340 ?Q\000"
 198      ECFA2236 
 198      97E92D71 
 198      3AC539B4 
 198      58E0203F 
 199 0107 D059F1D3 		.ascii	"\320Y\361\323\313\202\237\304\336Rn\267\312\202\275"
 199      CB829FC4 
 199      DE526EB7 
 199      CA82BD
 200 0116 C318353E 		.ascii	"\303\0305>\350{\377>\352@H@h\021B\034L\306\"\366\015"
 200      E87BFF3E 
 200      EA404840 
 200      6811421C 
 200      4CC622F6 
 201 012b F135401F 		.ascii	"\3615@\037\304tx\213\002\267\317\340H6\211\350?\370"
 201      C474788B 
 201      02B7CFE0 
 201      483689E8 
 201      3FF8
 202 013d 1311038B 		.ascii	"\023\021\003\213\202%\220\322\242yF\371\221\333\320"
 202      822590D2 
 202      A27946F9 
 202      91DBD0
 203 014c 7C93C41A 		.ascii	"|\223\304\032R4(\007(\014r/\030B\301Q\366\206.+\352"
 203      52342807 
 203      280C722F 
 203      1842C151 
 203      F6862E2B 
 204 0161 FCD0BEF1 		.ascii	"\374\320\276\3614M\027\352D\310AH\377\034\321\266\344"
 204      344D17EA 
 204      44C84148 
 204      FF1CD1B6 
 204      E4
 205 0172 DB3D9922 		.ascii	"\333=\231\"\206y\340{\327\344\211u+\363$\366h\177m\216"
 205      8679E07B 
 205      D7E48975 
 205      2BF324F6 
 205      687F6D8E 
ARM GAS  /tmp/ccU9vkl3.s 			page 15


 206 0186 5A676D4E 		.ascii	"ZgmN.\336\217\321\012\035\"s.\204\246\374\241s\223\013"
 206      2EDE8FD1 
 206      0A1D2273 
 206      2E84A6FC 
 206      A173930B 
 207 019a 58134134 		.ascii	"X\023A4\377g\354\230\035v\245\337oF\026\244\020\264"
 207      FF67EC98 
 207      1D76A5DF 
 207      6F4616A4 
 207      10B4
 208 01ac B30E6940 		.ascii	"\263\016i@\035mLz\350\004\252\213\016}p\030\213\211"
 208      1D6D4C7A 
 208      E804AA8B 
 208      0E7D7018 
 208      8B89
 209 01be F5AD551A 		.ascii	"\365\255U\032\344\246;N&1\315\026/\213\333-I\"*D:t\012"
 209      E4A63B4E 
 209      2631CD16 
 209      2F8BDB2D 
 209      49222A44 
 210 01d5 617412AD 		.ascii	"at\022\255$\274W\220\274GK\322N)6B\262_/\240|\344\212"
 210      24BC5790 
 210      BC474BD2 
 210      4E293642 
 210      B25F2FA0 
 211 01ec 4E235701 		.ascii	"N#W\001\025 72)\301\241<h\314\205F\230%\347X\\\206-"
 211      15203732 
 211      29C1A13C 
 211      68CC8546 
 211      9825E758 
 212 0203 FE9A1010 		.ascii	"\376\232\020\020k.\336\273\253A:7\213\343\213-\214g"
 212      6B2EDEBB 
 212      AB413A37 
 212      8BE38B2D 
 212      8C67
 213 0215 5C5E252F 		.ascii	"\\^%/\253\211\"\\\212\200\313\0313\027\240\306\302P"
 213      AB89225C 
 213      8A80CB19 
 213      3317A0C6 
 213      C250
 214 0227 35D9B548 		.ascii	"5\331\265H\003\011\246\200\315\032\322\024\223U7\205"
 214      0309A680 
 214      CD1AD214 
 214      93553785 
 215 0237 E7DA4A10 		.ascii	"\347\332J\020m\2742\373\312\264\220\005@$\261\031\271"
 215      6DBC32FB 
 215      CAB49005 
 215      4024B119 
 215      B9
 216 0248 96EAC002 		.ascii	"\226\352\300\002\260\010\324\206\233c\255\216K\016\321"
 216      B008D486 
 216      9B63AD8E 
 216      4B0ED1
 217 0257 2047488B 		.ascii	" GH\213D\264\351\035t\026\210\224\001\021\001\235CK"
 217      44B4E91D 
 217      74168894 
 217      0111019D 
ARM GAS  /tmp/ccU9vkl3.s 			page 16


 217      434B
 218 0269 E05D0A86 		.ascii	"\340]\012\206\350\224\317.7$9,K\227\322\273%\323\365"
 218      E894CF2E 
 218      3724392C 
 218      4B97D2BB 
 218      25D3F5
 219 027c 13CB1F9F 		.ascii	"\023\313\037\237\221$\240(i\010\016\345\2309\302Wx\237"
 219      9124A028 
 219      69080EE5 
 219      9839C257 
 219      789F
 220 028e 405D0865 		.ascii	"@]\010e\243\373\260\014\316\243e0\274\345~\305\010\306"
 220      A3FBB00C 
 220      CEA36530 
 220      BCE57EC5 
 220      08C6
 221 02a0 250859A1 		.ascii	"%\010Y\241\177\271 \367\215\223U.\025\224\313\005\231"
 221      7FB920F7 
 221      8D93552E 
 221      1594CB05 
 221      99
 222 02b1 4B6A7556 		.ascii	"KjuV\265\015\347\322\374\363D\311\264S\"\321\002\024"
 222      B50DE7D2 
 222      FCF344C9 
 222      B45322D1 
 222      0214
 223 02c3 2A373329 		.ascii	"*73)W3\271H\231\024N<\211\300\370*c\222\364\274\341"
 223      5733B948 
 223      99144E3C 
 223      89C0F82A 
 223      6392F4BC 
 224 02d8 32962DBD 		.ascii	"2\226-\275?g\211\370t\311l\351\222\332\222\211Z\252"
 224      3F6789F8 
 224      74C96CE9 
 224      92DA9289 
 224      5AAA
 225 02ea C83EEC89 		.ascii	"\310>\354\211{\231\241\324\221\350=N\334\320\340\322"
 225      7B99A1D4 
 225      91E83D4E 
 225      DCD0E0D2 
 226 02fa 79942ACD 		.ascii	"y\224*\315\206*\325\206\252\250!\323\310\261#\030\277"
 226      862AD586 
 226      AAA821D3 
 226      C8B12318 
 226      BF
 227 030b 60965A26 		.ascii	"`\226Z&*\246\034\361,U4\335\231cOl\221\233+B:\220\343"
 227      2AA61CF1 
 227      2C5534DD 
 227      99634F6C 
 227      919B2B42 
 228 0322 F28E10D0 		.ascii	"\362\216\020\320U\210\334e\204\345\355\225$\301\022"
 228      5588DC65 
 228      84E5ED95 
 228      24C112
 229 0331 1BF93769 		.ascii	"\033\3717if\213u$C\302K\004\264\332\025\271\303R\273"
 229      668B7524 
 229      43C24B04 
ARM GAS  /tmp/ccU9vkl3.s 			page 17


 229      B4DA15B9 
 229      C352BB
 230 0344 024B8D74 		.ascii	"\002K\215t\011\250\026bZ\0031M\222\264\264\005&\214"
 230      09A81662 
 230      5A03314D 
 230      92B4B405 
 230      268C
 231 0356 6D3C9A6C 		.ascii	"m<\232l\257\343\243\242\337:\012\320#\343\035\267E\307"
 231      AFE3A3A2 
 231      DF3A0AD0 
 231      23E31DB7 
 231      45C7
 232 0368 98B9058D 		.ascii	"\230\271\005\215\352\200\211\274\246\005T\217\034\371"
 232      EA8089BC 
 232      A605548F 
 232      1CF9
 233 0376 561D4EB9 		.ascii	"V\035N\271\261KG\263\014m<\313\273.w\247\331[\315\362"
 233      B14B47B3 
 233      0C6D3CCB 
 233      BB2E77A7 
 233      D95BCDF2 
 234 038a 359AE506 		.ascii	"5\232\345\0069\313\257\217\334\214X\010!\355\206\035"
 234      39CBAF8F 
 234      DC8C5808 
 234      21ED861D 
 235 039a F1B8F6A3 		.ascii	"\361\270\366\243\224\202^)ZGQ\250\332\034\322j\036\004"
 235      94825E29 
 235      5A4751A8 
 235      DA1CD26A 
 235      1E04
 236 03ac D4484379 		.ascii	"\324HCy1\276\364\256\210s\3301\222\321\337Xg\303\226"
 236      31BEF4AE 
 236      8873D831 
 236      92D1DF58 
 236      67C396
 237 03bf FF5212D9 		.ascii	"\377R\022\331\203C\373\021[\376\375\010\364\243\215"
 237      8343FB11 
 237      5BFEFD08 
 237      F4A38D
 238 03ce E38774B8 		.ascii	"\343\207t\270\214a\317V<\375\230A]\311\311\361CR\017"
 238      8C61CF56 
 238      3CFD9841 
 238      5DC9C9F1 
 238      43520F
 239 03e1 223191B8 		.ascii	"\"1\221\270\227\316J'o\321\240\350]Q3\213\311\311W\307"
 239      97CE4A27 
 239      6FD1A0E8 
 239      5D51338B 
 239      C9C957C7 
 240 03f5 B3B4CEB1 		.ascii	"\263\264\316\261\024-I\037 \232\235\033\000\277N\341"
 240      142D491F 
 240      209A9D1B 
 240      00BF4EE1 
 241 0405 B791B33C 		.ascii	"\267\221\263<\210\240\017u%u\352\224\350\272\267\241"
 241      88A00F75 
 241      2575EA94 
 241      E8BAB7A1 
ARM GAS  /tmp/ccU9vkl3.s 			page 18


 242 0415 336313AF 		.ascii	"3c\023\257:}\230)\3350\221}\347\236|\\\212\216\335\241"
 242      3A7D9829 
 242      DD30917D 
 242      E79E7C5C 
 242      8A8EDDA1 
 243 0429 452DC819 		.ascii	"E-\310\031\335\204(\300JT\214m\202\226\215\242\200\356"
 243      DD8428C0 
 243      4A548C6D 
 243      82968DA2 
 243      80EE
 244 043b A00F6168 		.ascii	"\240\017ah^KZ\271#\363I\"N\215V\356.\346\372\210\035"
 244      5E4B5AB9 
 244      23F34922 
 244      4E8D56EE 
 244      2EE6FA88 
 245 0450 E8F1A71E 		.ascii	"\350\361\247\036\226!\246\307\272\200\336\337\222\235"
 245      9621A6C7 
 245      BA80DEDF 
 245      929D
 246 045e B480C547 		.ascii	"\264\200\305G:J\002\224:=\035\251\301&\026\240\007w"
 246      3A4A0294 
 246      3A3D1DA9 
 246      C12616A0 
 246      0777
 247 0470 661AF861 		.ascii	"f\032\370a\032aCBT:p\300\301j\210:\345\020u\260\020"
 247      1A614342 
 247      543A70C0 
 247      C16A883A 
 247      E51075B0 
 248 0485 8DDFAB4C 		.ascii	"\215\337\253LW8\255\241[\277\035\340m\024~\237:\335"
 248      5738ADA1 
 248      5BBF1DE0 
 248      6D147E9F 
 248      3ADD
 249 0497 293BDD9B 		.ascii	");\335\233\325\233n\317\231\333\222u\023\327\223\351"
 249      D59B6ECF 
 249      99DB9275 
 249      13D793E9 
 250 04a7 C4991362 		.ascii	"\304\231\023b7\342\366\035\324p\246\344\016\330\337"
 250      37E2F61D 
 250      D470A6E4 
 250      0ED8DF
 251 04b6 1AF7075C 		.ascii	"\032\367\007\\\317x\336-<X\300\223\376\214`Gg\262\022"
 251      CF78DE2D 
 251      3C58C093 
 251      FE8C6047 
 251      67B212
 252 04c9 6CADF2EC 		.ascii	"l\255\362\354\225y>d<\363\243zs\2640\332\025.\030\244"
 252      95793E64 
 252      3CF3A37A 
 252      73B430DA 
 252      152E18A4 
 253 04dd B85D5CD9 		.ascii	"\270]\\\331\355Rl\032?\245\301\215t&\261\264\2707I\247"
 253      ED526C1A 
 253      3FA5C18D 
 253      7426B1B4 
 253      B83749A7 
ARM GAS  /tmp/ccU9vkl3.s 			page 19


 254 04f1 B840169E 		.ascii	"\270@\026\236\225\244Eh\000\034{l^\237\256s\367\307"
 254      95A44568 
 254      001C7B6C 
 254      5E9FAE73 
 254      F7C7
 255 0503 FC2DD90F 		.ascii	"\374-\331\017\233\313\225\237\376}@\347\021\277=\322"
 255      9BCB959F 
 255      FE7D40E7 
 255      11BF3DD2 
 256 0513 4E5C5E80 		.ascii	"N\\^\200[\331\004\211\011\225\305Ns\023\300\255PDo\205"
 256      5BD90489 
 256      0995C54E 
 256      7313C0AD 
 256      50446F85 
 257 0527 219861D0 		.ascii	"!\230a\320<\303\000\2622\305\023\313S\214?\272Pf\253"
 257      3CC300B2 
 257      32C513CB 
 257      538C3FBA 
 257      5066AB
 258 053a 5C7FC4DE 		.ascii	"\\\177\304\336\003\350\357\246\021yJS\321+\247\"=/q"
 258      03E8EFA6 
 258      11794A53 
 258      D12BA722 
 258      3D2F71
 259 054d C88E842F 		.ascii	"\310\216\204/\342\247Y\357\222\242\006\355\224\326\207"
 259      E2A759EF 
 259      92A206ED 
 259      94D687
 260 055c DF66BDB4 		.ascii	"\337f\275\264+~\017_\222\351\344\212>\3379jr`z7\011"
 260      2B7E0F5F 
 260      92E9E48A 
 260      3EDF396A 
 260      72607A37 
 261 0571 FFE4D091 		.ascii	"\377\344\320\221\026-O\264\023\350\325\343)\243\216"
 261      162D4FB4 
 261      13E8D5E3 
 261      29A38E
 262 0580 B88B65BA 		.ascii	"\270\213e\272\352^E4\317\364\357A\3359X\310\3161\213"
 262      EA5E4534 
 262      CFF4EF41 
 262      DD3958C8 
 262      CE318B
 263 0593 897E2127 		.ascii	"\211~!'\3729\343\031\325\227\332!\252\027\344\030\300"
 263      FA39E319 
 263      D597DA21 
 263      AA17E418 
 263      C0
 264 05a4 4729FC25 		.ascii	"G)\374%\345\371B\346y\370\351\344{|=*+\011gZI\240\323"
 264      E5F942E6 
 264      79F8E9E4 
 264      7B7C3D2A 
 264      2B09675A 
 265 05bb FD975274 		.ascii	"\375\227Rt\234%\271g\253o%\347\332\341\001\306\362y"
 265      9C25B967 
 265      AB6F25E7 
 265      DAE101C6 
 265      F279
ARM GAS  /tmp/ccU9vkl3.s 			page 20


 266 05cd 4CD42BBE 		.ascii	"L\324+\276o\310\246k=\372hBg\225\345\264\314\3625c\031"
 266      6FC8A66B 
 266      3DFA6842 
 266      6795E5B4 
 266      CCF23563 
 267 05e2 9392916A 		.ascii	"\223\222\221j\253f9\011\360\011\012\177CYN\313,\243"
 267      AB663909 
 267      F0090A7F 
 267      43594ECB 
 267      2CA3
 268 05f4 F3F65763 		.ascii	"\363\366Wc\226\253\237Rl\300\210\272\364\322\304y\333"
 268      96AB9F52 
 268      6CC088BA 
 268      F4D2C479 
 268      DB
 269 0605 72E66DF6 		.ascii	"r\346m\366_\225\276\276\307\335N\307$\342\345mq\274"
 269      5F95BEBE 
 269      C7DD4EC7 
 269      24E2E56D 
 269      71BC
 270 0617 BCE8566E 		.ascii	"\274\350Vn[\027\276mw\364\027\354\306x\230\305a\374"
 270      5B17BE6D 
 270      77F417EC 
 270      C67898C5 
 270      61FC
 271 0629 70D41E2D 		.ascii	"p\324\036-\003\277\013jmr\312/\254\206!J\344a\210\024"
 271      03BF0B6A 
 271      6D72CA2F 
 271      AC86214A 
 271      E4618814 
 272 063d 29CD8B4D 		.ascii	")\315\213M\367\316\332\253\303\260StE;D\002\337%:\313"
 272      F7CEDAAB 
 272      C3B05374 
 272      453B4402 
 272      DF253ACB 
 273 0651 83E826AD 		.ascii	"\203\350&\255\030\315\222O\017B\363QnO\246\016O0\032"
 273      18CD924F 
 273      0F42F351 
 273      6E4FA60E 
 273      4F301A
 274 0664 274D7B6B 		.ascii	"'M{ky:\322I\256f\223GR\035\361\033\326)'\322\231'\362"
 274      793AD249 
 274      AE669347 
 274      521DF11B 
 274      D62927D2 
 275 067b FA4069A1 		.ascii	"\372@i\241\210wc\332\371\246+6\326\216\217$k\263\253"
 275      887763DA 
 275      F9A62B36 
 275      D68E8F24 
 275      6BB3AB
 276 068e ADA5D011 		.ascii	"\255\245\320\021\357c\235\245}u5\362H\322\271'\277g"
 276      EF639DA5 
 276      7D7535F2 
 276      48D2B927 
 276      BF67
 277 06a0 AF0D4E60 		.ascii	"\257\015N`\235\017:\037\3078\341$\246\\\255\331\371"
 277      9D0F3A1F 
ARM GAS  /tmp/ccU9vkl3.s 			page 21


 277      C738E124 
 277      A65CADD9 
 277      F9
 278 06b1 577C8C7D 		.ascii	"W|\214}ox\030\371\021\033\024I\016\350+\307\012\323"
 278      6F7818F9 
 278      111B1449 
 278      0EE82BC7 
 278      0AD3
 279 06c3 308B5F3A 		.ascii	"0\213_:]\376E\2251\021\013q\016\005/\254~\220\235\254"
 279      5DFE4595 
 279      31110B71 
 279      0E052FAC 
 279      7E909DAC 
 280 06d7 45CBF9B3 		.ascii	"E\313\371\263\230\274\334\226gH\221;\340hx\3526t;R\222"
 280      98BCDC96 
 280      6748913B 
 280      E06878EA 
 280      36743B52 
 281 06ec 7639C299 		.ascii	"v9\302\231\347\214z\340p\370A\\<\267\355\240\336 aZ"
 281      E78C7AE0 
 281      70F8415C 
 281      3CB7EDA0 
 281      DE20615A 
 282 0700 457E3AB1 		.ascii	"E~:\261\001=\177\203W$x\017\350}\"C\313iG{E%:\002\320"
 282      013D7F83 
 282      5724780F 
 282      E87D2243 
 282      CB69477B 
 283 0719 8189144D 		.ascii	"\201\211\024M\026G\002G\317\255\254V\245mrN\325s\333"
 283      16470247 
 283      CFADAC56 
 283      A56D724E 
 283      D573DB
 284 072c 901514C7 		.ascii	"\220\025\024\307\321r\256\370\272R\240\007\025\350\030"
 284      D172AEF8 
 284      BA52A007 
 284      15E818
 285 073b 357A8FA8 		.ascii	"5z\217\250\342]\245\340}@\315[\257\0027+\300\261j\360"
 285      E25DA5E0 
 285      7D40CD5B 
 285      AF02372B 
 285      C0B16AF0 
 286 074f 7FD4A6C7 		.ascii	"\177\324\246\307\024\350h5z\267\031\035\307W\341\347"
 286      14E86835 
 286      7AB7191D 
 286      C757E1E7 
 287 075f 1A01C503 		.ascii	"\032\001\305\003\321\203\264\213\240as\241L\321\015"
 287      D183B48B 
 287      A06173A1 
 287      4CD10D
 288 076e 258BCB51 		.ascii	"%\213\313Q\"H\012H\006\310a\220$\220T\2204\220\243 "
 288      22480A48 
 288      06C86190 
 288      24905490 
 288      3490A320 
 289 0782 C7400E81 		.ascii	"\307@\016\201\244\203\034\021\227\323\022\206\005dJ"
 289      A4831C11 
ARM GAS  /tmp/ccU9vkl3.s 			page 22


 289      97D31286 
 289      05644A
 290 0791 11900875 		.ascii	"\021\220\010u@$Q\025\276\366@\206\206\013\024\335\343"
 290      40245115 
 290      BEF64086 
 290      860B14DD 
 290      E3
 291 07a2 6997AF55 		.ascii	"i\227\257UtW\235\366\252@\263\217SH\345\343+uj\332\025"
 291      74579DF6 
 291      AA40B38F 
 291      5348E5E3 
 291      2B756ADA 
 292 07b7 4CF6AB99 		.ascii	"L\366\253\231|of\302\256\247\227\203\316;$\011\021\224"
 292      7C6F66C2 
 292      AEA79783 
 292      CE3B2409 
 292      1194
 293 07c9 C0AF26B3 		.ascii	"\300\257&\263SMC"
 293      534D43
 294 07d0 2E0724A9 		.ascii	".\007$\251\326\235\234\253h\234\317,\237\266p\247\317"
 294      D69D9CAB 
 294      689CCF2C 
 294      9FB670A7 
 294      CF
 295 07e1 D982453F 		.ascii	"\331\202E?s\247\013*\333\021\272\350\305\035\027\322"
 295      73A70B2A 
 295      DB11BAE8 
 295      C51D17D2 
 296 07f1 9A1C90DB 		.ascii	"\232\034\220\333b6\307\360\220\026\252_\224\015\203"
 296      6236C7F0 
 296      9016AA5F 
 296      940D83
 297 0800 B3C4B90B 		.ascii	"\263\304\271\013\220\314h9/\3508\244\343\177\221\032"
 297      90CC6839 
 297      2FE838A4 
 297      E37F911A 
 298 0810 B257F717 		.ascii	"\262W\367\027\2169)\013\337l\305.\200\242^\244\205/"
 298      8E39290B 
 298      DF6CC52E 
 298      80A25EA4 
 298      852F
 299 0822 F924A7CC 		.ascii	"\371$\247\314pJ\222V\011&U\253\031\234\303\3019\024"
 299      704A9256 
 299      092655AB 
 299      199CC3C1 
 299      3914
 300 0834 3C51204D 		.ascii	"<Q Ma%\230\024wf\360I\016>I\301y\215W;\370\371\025M"
 300      61259814 
 300      7766F049 
 300      0E3E49C1 
 300      798D573B 
 301 084c 8E88D981 		.ascii	"\216\210\331\201\266L~\330\215\020\232\243\323\251e"
 301      B64C7ED8 
 301      8D109AA3 
 301      D3A965
 302 085b 5C77511C 		.ascii	"\\wQ\034Z.\374\320\232\336[\221h\275\032\312\227\317"
 302      5A2EFCD0 
ARM GAS  /tmp/ccU9vkl3.s 			page 23


 302      9ADE5B91 
 302      68BD1ACA 
 302      97CF
 303 086d DDD3EC7A 		.ascii	"\335\323\354z\230\214,\353F\352s\3674\004\367\024\315"
 303      988C2CEB 
 303      46EA73F7 
 303      3404F714 
 303      CD
 304 087e 7E013D77 		.ascii	"~\001=w\363\345s\267\244\271\365\245=\236bG[\372L\\"
 304      F3E573B7 
 304      A4B9F5A5 
 304      3D9E6247 
 304      5BFA4C5C 
 305 0892 86837C17 		.ascii	"\206\203|\027E\377\224\273hOK\307\231y\223\235\021\337"
 305      45FF94BB 
 305      684F4BC7 
 305      9979939D 
 305      11DF
 306 08a4 32D9ADBE 		.ascii	"2\331\255\276\243\221\274r\270!(~\333:\263\337\266\362"
 306      A391BC72 
 306      B821287E 
 306      DB3AB3DF 
 306      B6F2
 307 08b6 79ECC2CF 		.ascii	"y\354\302\317\343\362\232\346:\204g\031\267\252\261"
 307      E3F29AE6 
 307      3A846719 
 307      B7AAB1
 308 08c5 826C3E96 		.ascii	"\202l>\226\334\017\321\211c7\026Z\215\31199&g\331]\324"
 308      DC0FD189 
 308      6337165A 
 308      8DC93939 
 308      2667D95D 
 309 08da 3671A5DD 		.ascii	"6q\245\335F\035\223R\240YBi\236\2474\317\3114\357\027"
 309      461D9352 
 309      A0594269 
 309      9EA734CF 
 309      C934EF17 
 310 08ee 25F6D9A9 		.ascii	"%\366\331\251\235\262\212\336{\245\244\206'\267\226"
 310      9DB28ADE 
 310      7BA5A486 
 310      27B796
 311 08fd E87D3345 		.ascii	"\350}3E\365v8RCY\037<0Q\257\305\321L)\033\316-[\300"
 311      F5763852 
 311      43591F3C 
 311      3051AFC5 
 311      D14C291B 
 312 0915 9026FA43 		.ascii	"\220&\372C\266\374y=\257\205\264\212n\027\336=\236;"
 312      B6FC793D 
 312      AF85B48A 
 312      6E17DE3D 
 312      9E3B
 313 0927 92658BF7 		.ascii	"\222e\213\367\261\2611\245\267\356k\254\372[-\373\353"
 313      B1B131A5 
 313      B7EE6BAC 
 313      FA5B2DFB 
 313      EB
 314 0938 4EDD4DA8 		.ascii	"N\335M\250H(qR\273[\011\016\230\250\003\227\251\003"
ARM GAS  /tmp/ccU9vkl3.s 			page 24


 314      48287152 
 314      BB5B090E 
 314      98A80397 
 314      A903
 315 094a D5B203A7 		.ascii	"\325\262\003\247_\214\237\327\251\335\265\212>\321\227"
 315      5F8C9FD7 
 315      A9DDB58A 
 315      3ED197
 316 0959 B29FE7E1 		.ascii	"\262\237\347\341SP\217L\036\035\\\200c\031\311\247\303"
 316      53508F4C 
 316      1E1D5C80 
 316      6319C9A7 
 316      C3
 317 096a D3F94E38 		.ascii	"\323\371N8\201)\345e\027j\270w\356\240\346\346U69\340"
 317      8129E565 
 317      176AB877 
 317      EEA0E6E6 
 317      553639E0 
 318 097e 24D6371D 		.ascii	"$\3267\035\233Vd\217\323\231\222<\3369\300W\277\033"
 318      9B56648F 
 318      D399923C 
 318      DE39C057 
 318      BF1B
 319 0990 4974E60F 		.ascii	"It\346\017\007\354q\026\353\233\215\215N\264\303'\231"
 319      07EC7116 
 319      EB9B8D8D 
 319      4EB4C327 
 319      99
 320 09a1 12DF149F 		.ascii	"\022\337\024\237\351\200\363\2312\034\371\250\233\257"
 320      E980F399 
 320      321CF9A8 
 320      9BAF
 321 09af 9D25E487 		.ascii	"\235%\344\207g\177|\033\377]\344\250\250r\\x\225s\372"
 321      677F7C1B 
 321      FF5DE4A8 
 321      A8725C78 
 321      9573FA
 322 09c2 E5FEC30E 		.ascii	"\345\376\303\016\270\204\015mm\213<\307\261\016\344"
 322      B8840D6D 
 322      6D8B3CC7 
 322      B10EE4
 323 09d1 B77443D7 		.ascii	"\267tC\327\237\255F\266E\216\354m\266\222\352k\257}"
 323      9FAD46B6 
 323      458EEC6D 
 323      B692EA6B 
 323      AF7D
 324 09e3 AF5117E2 		.ascii	"\257Q\027\342\315\020\254\2334Xwh\260Z\344`e&FL\331"
 324      CD10AC9B 
 324      34587768 
 324      B05AE460 
 324      6526464C 
 325 09f8 A80B6BAB 		.ascii	"\250\013k\253\350\212\346\216\317\3619\306\361ES\307"
 325      E88AE68E 
 325      CFF139C6 
 325      F14553C7 
 326 0a08 03842B98 		.ascii	"\003\204+\230\022\331P\227m\207+\2312\224\323Xk\213"
 326      12D95097 
ARM GAS  /tmp/ccU9vkl3.s 			page 25


 326      6D872B99 
 326      3294D358 
 326      6B8B
 327 0a1a AF32A5B7 		.ascii	"\2572\245\267o\352,\306\327\230r|(\343{{|\223\217\351"
 327      6FEA2CC6 
 327      D798727C 
 327      28E37B7B 
 327      7C938FE9 
 328 0a2e 1D6EE2F1 		.ascii	"\035n\342\361\331G6\323\353\221\322\333rD\310j\033|"
 328      D94736D3 
 328      EB91D2DB 
 328      7244C86A 
 328      1B7C
 329 0a40 F168568B 		.ascii	"\361hV\213[)\370\335\241\342\270,\307\371e\012{\334"
 329      5B29F8DD 
 329      A1E2B82C 
 329      C7F9650A 
 329      7BDC
 330 0a52 40D83554 		.ascii	"@\3305T3An\203#\356\250\025n\226[p\220\017\300Q*\273"
 330      33416E83 
 330      23EEA815 
 330      6E965B70 
 330      900FC051 
 331 0a68 826EA8CB 		.ascii	"\202n\250\313\217\366`s\371\321\301\321s\207\011\275"
 331      8FF66073 
 331      F9D1C1D1 
 331      738709BD 
 332 0a78 F4F31143 		.ascii	"\364\363\021C\307\203\361\366pvk\225\203\3552\216\226"
 332      C783F1F6 
 332      70766B95 
 332      83ED328E 
 332      96
 333 0a89 371C2A56 		.ascii	"7\034*V\333\256\377\316l\373\272\3326+Vd\343\264\022"
 333      DBAEFFCE 
 333      6CFBBADA 
 333      362B5664 
 333      E3B412
 334 0a9c 52C01BD4 		.ascii	"R\300\033\324\360:\245\361xb<\234\241\311&\270\250F"
 334      F03AA5F1 
 334      78623C9C 
 334      A1C926B8 
 334      A846
 335 0aae 5F505369 		.ascii	"_PSiV\330nR\243\257\375\250&S\004\345\236\032m\262\\"
 335      56D86E52 
 335      A3AFFDA8 
 335      265304E5 
 335      9E1A6DB2 
 336 0ac3 AE744118 		.ascii	"\256tA\030\356\323\256\001~'>\207;q\020\356\271\036"
 336      EED3AE01 
 336      7E273E87 
 336      3B7110EE 
 336      B91E
 337 0ad5 907E9051 		.ascii	"\220~\220Q\220!\220q\220\007 \275 \217AF@\036\201\214"
 337      90219071 
 337      900720BD 
 337      208F4146 
 337      401E818C 
ARM GAS  /tmp/ccU9vkl3.s 			page 26


 338 0ae9 813C0179 		.ascii	"\201<\001y\005\362\002\244\017\344%\310C\220a\220g "
 338      05F202A4 
 338      0FE425C8 
 338      43906190 
 338      6720
 339 0afb 4FE7CA19 		.ascii	"O\347\312\031\022\203\346`s\014:-&O\341\324\230\"\004"
 339      1283E660 
 339      730C3A2D 
 339      264FE1D4 
 339      982204
 340 0b0e B56A708D 		.ascii	"\265jp\215:\004c\212\020\264\251\321%?B\207\233\321"
 340      3A04638A 
 340      10B4A9D1 
 340      253F4287 
 340      9BD1
 341 0b20 DD6A74EE 		.ascii	"\335jt\356\274\324\221\002\231\257\242\"XE\205\034-"
 341      BCD49102 
 341      99AFA222 
 341      5845851C 
 341      2D
 342 0b31 DF45FC57 		.ascii	"\337E\374W\207\262\210\345\350\002^\362\316C\347\211"
 342      87B288E5 
 342      E8025EF2 
 342      CE43E789 
 343 0b41 EA55D4AE 		.ascii	"\352U\324\256p\263\321r\246\225\360A\205\237\355\226"
 343      70B3D172 
 343      A695F041 
 343      859FED96 
 344 0b51 533D0FAE 		.ascii	"S=\017\256\260^oy\215*\341S\012\353w-G\221\301Y\011"
 344      B05E6F79 
 344      8D2AE153 
 344      0AEB772D 
 344      4791C159 
 345 0b66 56F38C95 		.ascii	"V\363\214\225y\003\3522\217D\255f\222\227yW \020U\334"
 345      7903EA32 
 345      8F44AD66 
 345      92977957 
 345      201055DC 
 346 0b7a 987CFCA3 		.ascii	"\230|\374\243K\352\375\321\254\330\037\025\226\367\307"
 346      4BEAFDD1 
 346      ACD81F15 
 346      96F7C7
 347 0b89 3CA60AC7 		.ascii	"<\246\012\307\256Z^\035\014\016GRSWB\223\006w\322#I"
 347      AE5A5E1D 
 347      0C0E4752 
 347      53574293 
 347      0677D223 
 348 0b9e 2C6B2D4A 		.ascii	",k-JpB\213\335,\355\0054\005[\340\377\261\035X\370f"
 348      70428BDD 
 348      2CED0534 
 348      055BE0FF 
 348      B11D58F8 
 349 0bb3 266D4905 		.ascii	"&mI\005;\011\023N\230+\330\001Z\301\222\377\033\274"
 349      3B09134E 
 349      982BD801 
 349      5AC192FF 
 349      1BBC
ARM GAS  /tmp/ccU9vkl3.s 			page 27


 350 0bc5 D61161A7 		.ascii	"\326\021a\247,\005'\347\025\231\257y)H>\027\005\375"
 350      2C0527E7 
 350      1599AF79 
 350      29483E17 
 350      05FD
 351 0bd7 3DC06F6D 		.ascii	"=\300om\220\357\346@\377M\376~a\301!\332?~\371\365\007"
 351      90EFE640 
 351      FF4DFE7E 
 351      61C121DA 
 351      3F7EF9F5 
 352 0bec 8655AB04 		.ascii	"\206U\253\004\235\217\317\366\200\240\260\325\037\373"
 352      9D8FCFF6 
 352      80A0B0D5 
 352      1FFB
 353 0bfa 84FD46BF 		.ascii	"\204\375F\277=4D\037\020\344\027\270}\213\277>\310\377"
 353      3D34441F 
 353      10E417B8 
 353      7D8BBF3E 
 353      C8FF
 354 0c0c 1F81019B 		.ascii	"\037\201\001\233\365\333|\375\266\006\004\371\353}\266"
 354      F5DB7CFD 
 354      B60604F9 
 354      EB7DB6
 355 0c1b F87FE3BB 		.ascii	"\370\177\343\273=0\314',\374[\377\320\225[\005\255<"
 355      3D30CC27 
 355      2CFC5BFF 
 355      D0955B05 
 355      AD3C
 356 0c2d 6C99A561 		.ascii	"l\231\245a\241\341\241z\237\320\260-\200\001\354\352"
 356      A1E1A17A 
 356      9FD0B02D 
 356      8001ECEA 
 357 0c3d 952BF5EC 		.ascii	"\225+\365\354\317\2605`s\300W\336\372\340P\375V\337"
 357      CFB03560 
 357      73C057DE 
 357      FAE050FD 
 357      56DF
 358 0c4f 40FDB7C1 		.ascii	"@\375\267\301!a\241z\277\340m\333\202\203\364\036\306"
 358      2161A17A 
 358      BFE06DDB 
 358      8283F41E 
 358      C6
 359 0c60 0D860DDF 		.ascii	"\015\206\015\337\351\011\325\225~\302\317\310\347\232"
 359      E909D595 
 359      7EC2CFC8 
 359      E79A
 360 0c6e 80503367 		.ascii	"\200P3gW\322\342\355\037\346\035\036\032\346\277m\275"
 360      57D2E2ED 
 360      1FE61D1E 
 360      1AE6BF6D 
 360      BD
 361 0c7f 6FD09640 		.ascii	"o\320\226@\377\020\257\220\200\340\220\200\260p\352"
 361      FF10AF90 
 361      80E09080 
 361      B070EA
 362 0c8e A121D0DF 		.ascii	"\241!\320\3377\304\313?\010\246\375\213\275\337V\000"
 362      37C4CB3F 
ARM GAS  /tmp/ccU9vkl3.s 			page 28


 362      08A6FD8B 
 362      BDDF5600 
 363 0c9e AEF70D0C 		.ascii	"\256\367\015\014\323\370m\365\015Yn\211BH\330\034o\277"
 363      D3F86DF5 
 363      0D596E89 
 363      4248D81C 
 363      6FBF
 364 0cb0 ADC07381 		.ascii	"\255\300s\201\217\3177\333\203\374||V~\346\376\331\357"
 364      8FCF37DB 
 364      83FC7C7C 
 364      567EE6FE 
 364      D9EF
 365 0cc2 B4B2666F 		.ascii	"\264\262fo\\\353\275\326\270i\355\232\337\212\236^\366"
 365      5CEBBDD6 
 365      B869ED9A 
 365      DF8A9E5E 
 365      F6
 366 0cd3 2C609FFA 		.ascii	",`\237\372\204\331\361\317\271\356O4\236\036_\030\347"
 366      84D9F1CF 
 366      B9EE4F34 
 366      9E1E5F18 
 366      E7
 367 0ce4 D4D51A4F 		.ascii	"\324\325\032O\203\227Y\375X\343\351\355e\324\032\231"
 367      839759FD 
 367      58E3E9ED 
 367      65D41A99 
 368 0cf4 B60A3AD7 		.ascii	"\266\012:\327\232;\335\241s\255Q\343\275\321\323\350"
 368      9A3BDDA1 
 368      73AD51E3 
 368      BDD1D3E8 
 369 0d04 6189290F 		.ascii	"a\211)\017\221\377wa$Lz\303\006oOo\275!8\304_\357);"
 369      91FF7761 
 369      244C7AC3 
 369      066F4F6F 
 369      BD2138C4 
 370 0d1c 008A8FDF 		.ascii	"\000\212\217\337\266O\300\015\373/7y\032|6B\242\300"
 370      B64FC00D 
 370      FB2F3779 
 370      1A7C3642 
 370      A2C0
 371 0d2e AA8751B3 		.ascii	"\252\207Q\263a\303:#\366Xc\304k\340\323k\235Q\343\261"
 371      61C33A23 
 371      F65863C4 
 371      6BE0D36B 
 371      9D51E3B1 
 372 0d42 CEDBA8F9 		.ascii	"\316\333\250\371b\235\207\321\006\272\000\260\206\350"
 372      629D87D1 
 372      06BA00B0 
 372      86E8
 373 0d50 EBC9CB00 		.ascii	"\353\311\313\000/\033\357\365\006o#\366^\357\205\015"
 373      2F1BEFF5 
 373      066F23F6 
 373      5EEF850D 
 374 0d60 06F83418 		.ascii	"\006\3704\030m<<\215\006\243f\323\306\257\214@\033\020"
 374      6D3C3C8D 
 374      06A366D3 
 374      C6AF8C40 
ARM GAS  /tmp/ccU9vkl3.s 			page 29


 374      1B10
 375 0d72 06AFAF3D 		.ascii	"\006\257\257=\327\300\333\303`\324z\033\276\240s\375"
 375      D7C0DBC3 
 375      60D47A1B 
 375      BEA073FD 
 376 0d82 17F5B02C 		.ascii	"\027\365\260,\205"
 376      85
 377              		.text
 378              		.section	.gnu.lto_.symtab.11e2aa495e9b8104,"",%progbits
 379 0000 6E766963 		.ascii	"nvicEnableVector\000"
 379      456E6162 
 379      6C655665 
 379      63746F72 
 379      00
 380 0011 00       		.ascii	"\000"
 381 0012 00       		.ascii	"\000"
 382 0013 00       		.ascii	"\000"
 383 0014 00000000 		.ascii	"\000\000\000\000\000\000\000\000"
 383      00000000 
 384 001c BA000000 		.ascii	"\272\000\000\000"
 385 0020 6E766963 		.ascii	"nvicDisableVector\000"
 385      44697361 
 385      626C6556 
 385      6563746F 
 385      7200
 386 0032 00       		.ascii	"\000"
 387 0033 00       		.ascii	"\000"
 388 0034 00       		.ascii	"\000"
 389 0035 00000000 		.ascii	"\000\000\000\000\000\000\000\000"
 389      00000000 
 390 003d BE000000 		.ascii	"\276\000\000\000"
 391 0041 6E766963 		.ascii	"nvicSetSystemHandlerPriority\000"
 391      53657453 
 391      79737465 
 391      6D48616E 
 391      646C6572 
 392 005e 00       		.ascii	"\000"
 393 005f 00       		.ascii	"\000"
 394 0060 00       		.ascii	"\000"
 395 0061 00000000 		.ascii	"\000\000\000\000\000\000\000\000"
 395      00000000 
 396 0069 C0000000 		.ascii	"\300\000\000\000"
 397 006d 6E766963 		.ascii	"nvicClearPending\000"
 397      436C6561 
 397      7250656E 
 397      64696E67 
 397      00
 398 007e 00       		.ascii	"\000"
 399 007f 00       		.ascii	"\000"
 400 0080 00       		.ascii	"\000"
 401 0081 00000000 		.ascii	"\000\000\000\000\000\000\000\000"
 401      00000000 
 402 0089 C2000000 		.ascii	"\302\000\000\000"
 403 008d 63685379 		.ascii	"chSysHalt\000"
 403      7348616C 
 403      7400
 404 0097 00       		.ascii	"\000"
ARM GAS  /tmp/ccU9vkl3.s 			page 30


 405 0098 02       		.ascii	"\002"
 406 0099 00       		.ascii	"\000"
 407 009a 00000000 		.ascii	"\000\000\000\000\000\000\000\000"
 407      00000000 
 408 00a2 CD000000 		.ascii	"\315\000\000\000"
 409              		.text
 410              		.section	.gnu.lto_.opts,"",%progbits
 411 0000 272D666D 		.ascii	"'-fmath-errno' '-fsigned-zeros' '-ftrapping-math' '"
 411      6174682D 
 411      6572726E 
 411      6F272027 
 411      2D667369 
 412 0033 2D666E6F 		.ascii	"-fno-trapv' '-fno-strict-overflow' '-fno-openmp' '-"
 412      2D747261 
 412      70762720 
 412      272D666E 
 412      6F2D7374 
 413 0066 666E6F2D 		.ascii	"fno-openacc' '-mcpu=cortex-m4' '-mthumb' '-mfloat-a"
 413      6F70656E 
 413      61636327 
 413      20272D6D 
 413      6370753D 
 414 0099 62693D68 		.ascii	"bi=hard' '-mfpu=fpv4-sp-d16' '-ggdb' '-Og' '-fomit-"
 414      61726427 
 414      20272D6D 
 414      6670753D 
 414      66707634 
 415 00cc 6672616D 		.ascii	"frame-pointer' '-falign-functions=16' '-ffunction-s"
 415      652D706F 
 415      696E7465 
 415      72272027 
 415      2D66616C 
 416 00ff 65637469 		.ascii	"ections' '-fdata-sections' '-fno-common' '-flto'\000"
 416      6F6E7327 
 416      20272D66 
 416      64617461 
 416      2D736563 
 417              		.text
 418              		.comm	__gnu_lto_v1,1,1
 419              		.comm	__gnu_lto_slim,1,1
 420              		.ident	"GCC: (15:6.3.1+svn253039-1build1) 6.3.1 20170620"
ARM GAS  /tmp/ccU9vkl3.s 			page 31


DEFINED SYMBOLS
                            *ABS*:0000000000000000 nvic.c
                            *COM*:0000000000000001 __gnu_lto_v1
                            *COM*:0000000000000001 __gnu_lto_slim

NO UNDEFINED SYMBOLS
