ARM GAS  /tmp/cc5PNyP2.s 			page 1


   1              		.cpu cortex-m4
   2              		.eabi_attribute 27, 1
   3              		.eabi_attribute 28, 1
   4              		.eabi_attribute 20, 1
   5              		.eabi_attribute 21, 1
   6              		.eabi_attribute 23, 3
   7              		.eabi_attribute 24, 1
   8              		.eabi_attribute 25, 1
   9              		.eabi_attribute 26, 1
  10              		.eabi_attribute 30, 1
  11              		.eabi_attribute 34, 1
  12              		.eabi_attribute 18, 4
  13              		.file	"stm32_isr.c"
  14              		.text
  15              	.Ltext0:
  16              		.section	.gnu.lto_.profile.849183977b1adeea,"",%progbits
  17 0000 789C6365 		.ascii	"x\234ce`b`e```dX\312\250\012\000\002\254\000\331"
  17      60626065 
  17      60606064 
  17      58CAA80A 
  17      0002AC00 
  18              		.text
  19              		.section	.gnu.lto_.inline.849183977b1adeea,"",%progbits
  20 0000 789C6365 		.ascii	"x\234ce`bhf@\000&\006\006\211k\014\214 \232\201m\201"
  20      60626866 
  20      40002606 
  20      06896B0C 
  20      8C209A81 
  21 0016 3C886260 		.ascii	"<\210b`\346\001\213\023O12\010\236G3\203\211\033$L\014"
  21      E6018B13 
  21      4F313208 
  21      9E473383 
  21      891B244C 
  22 002b C90000AF 		.ascii	"\311\000\000\257\332\004\311"
  22      DA04C9
  23              		.text
  24              		.section	.gnu.lto_.jmpfuncs.849183977b1adeea,"",%progbits
  25 0000 789C6365 		.ascii	"x\234ce`b\020c@\000&\004\223\021\301\004\000\004O\000"
  25      60621063 
  25      40002604 
  25      9311C104 
  25      00044F00 
  26 0014 21       		.ascii	"!"
  27              		.text
  28              		.section	.gnu.lto_.pureconst.849183977b1adeea,"",%progbits
  29 0000 789C6365 		.ascii	"x\234ce`b`e`\000\222\022\214\022\000\000\375\000@"
  29      60626065 
  29      60009212 
  29      8C120000 
  29      FD0040
  30              		.text
  31              		.section	.gnu.lto_irqInit.849183977b1adeea,"",%progbits
  32 0000 789C7DD2 		.ascii	"x\234}\3221HBA\030\000\340\377\177W\372\264\242\261"
  32      31484241 
  32      1800E0FF 
  32      7F57FAB4 
  32      A2B1
ARM GAS  /tmp/cc5PNyP2.s 			page 2


  33 0012 A068CEC5 		.ascii	"\240h\316\305\007\032\015\321\026\264\205\203\355Q-"
  33      071A0DD1 
  33      16B48583 
  33      ED512D
  34 0021 0A85E173 		.ascii	"\012\205\341sp{\257\300\004\003\263\241\304\305g-ZY"
  34      707BAFC0 
  34      0403B3A1 
  34      C4C5672D 
  34      5A59
  35 0033 6665F184 		.ascii	"fe\361\204\340QS\205\016-AMe\266T\264\007Yw]\020o\350"
  35      E0515385 
  35      0E2D414D 
  35      65B654B4 
  35      0759775D 
  36 004a FDDC7F77 		.ascii	"\375\334\177w\334\335\367\337p\327\016\002\014\013\000"
  36      DCDDF7DF 
  36      70D70E02 
  36      0C0B00
  37 0059 A300D047 		.ascii	"\243\000\320G\023\011\240\220\252\003,\212\002\"\233"
  37      1309A090 
  37      AA032C8A 
  37      02229B
  38 0068 A8228222 		.ascii	"\250\"\202\"\240\202\253$M\360<\376\254\013\256\274"
  38      A082AB24 
  38      4DF03CFE 
  38      AC0BAEBC 
  39 0078 4AC348A7 		.ascii	"J\303H\247\272\227\325X\257F\00024Y`\036]@\217=\226"
  39      BA97D558 
  39      AF460032 
  39      3459601E 
  39      5D408F3D 
  40 008d 5BEB5DB6 		.ascii	"[\353]\2666\276\216\005\264!\035K7h\250\255\257\270"
  40      36BE8E05 
  40      B4211D4B 
  40      3768A8AD 
  40      AFB8
  41 009f 6A3C6DE1 		.ascii	"j<m\341\251\317\001\220\240\333\354\216\025\"\260\221"
  41      A9CF0190 
  41      A0DBEC8E 
  41      1522B091 
  42 00af BC602C57 		.ascii	"\274`,W\312\022\006X\025]\177\275\267+\237\252\250\021"
  42      CA120658 
  42      155D7FBD 
  42      B72B9FAA 
  42      A811
  43 00c1 CC105A02 		.ascii	"\314\020Z\002\267Qa\033\315\302E\303\231$\032\021h\345"
  43      B751611B 
  43      CDC245C3 
  43      99241A11 
  43      68E5
  44 00d3 1DEC67A9 		.ascii	"\035\354g\251\021\002\314\227\007\376\347\273\234_^"
  44      1102CC97 
  44      07FEE7BB 
  44      9C5F5E
  45 00e2 A50B9D9C 		.ascii	"\245\013\235\234\333\261h\346\025\013\276\307y\342\343"
  45      DBB168E6 
  45      150BBEC7 
ARM GAS  /tmp/cc5PNyP2.s 			page 3


  45      79E2E3
  46 00f1 3629722E 		.ascii	"6)r.\342\276\231\353\026\274\304\371Fm\255j\343\334"
  46      E2BE99EB 
  46      16BCC4F9 
  46      466DAD6A 
  46      E3DC
  47 0103 8107667E 		.ascii	"\201\007f~f\301\313\234\3276\213\365_\356\304C3\177"
  47      66C1CB9C 
  47      D7368BF5 
  47      5FEEC443 
  47      337F
  48 0115 B0E0479C 		.ascii	"\260\340G\23472\315j\007\347=xl\346M\013^\341\274rm"
  48      3732CD6A 
  48      07E73D78 
  48      6CE64D0B 
  48      5EE1BC72 
  49 012a DCD9391F 		.ascii	"\334\3319\037\304\223?\376\206K\271\367,\376x\026\011"
  49      C4933FFE 
  49      864BB9F7 
  49      2CFE7816 
  49      09
  50 013b 8AE88BD2 		.ascii	"\212\350\213\322\2375\342vK\274\215\005\2023A\237_\012"
  50      9F35E276 
  50      4BBC8D05 
  50      8233419F 
  50      5F0A
  51 014d C952607A 		.ascii	"\311R`zNZ\010\205#\262\344\237\234\360zx?>\024\215J"
  51      4E5A0885 
  51      23B2E49F 
  51      9CF07A78 
  51      3F3E148D 
  52 0162 7264DEEB 		.ascii	"rd\336\353\231\012\312a\367,|\003)\247\301\371"
  52      990ACA61 
  52      F72C7C03 
  52      29A7C1F9 
  53              		.text
  54              		.section	.gnu.lto_irqDeinit.849183977b1adeea,"",%progbits
  55 0000 789C7DD2 		.ascii	"x\234}\322?H\002Q\030\000\360\357\273WzZ\321XT\320\232"
  55      3F480251 
  55      1800F0EF 
  55      BB577A5A 
  55      D15854D0 
  56 0015 8B07DA14 		.ascii	"\213\007\332\024mA[8\330\036\325\242P\030\236\203\333"
  56      6D415B38 
  56      D81ED5A2 
  56      50189E83 
  56      DB
  57 0026 5D510906 		.ascii	"]Q\011\006VC\211\323Y\213V\226YY\234\020\0345U\350\020"
  57      564389D3 
  57      598B5696 
  57      59599C10 
  57      1C3555E8 
  58 003b 41505389 		.ascii	"APS\211A\224[\020\024Y\357\365\202\233\272\217\367\217"
  58      41945B10 
  58      1459EFF5 
  58      829BBA8F 
  58      F78F
ARM GAS  /tmp/cc5PNyP2.s 			page 4


  59 004d F7BDDFF7 		.ascii	"\367\275\337\367\206\367\232A\200.\001`\020\000\272"
  59      86F79A41 
  59      802E0160 
  59      1000BA
  60 005c 69470228 		.ascii	"iG\002(\254T\000fE\001\221-T\021A\021P\301e\222$x\026"
  60      AC540066 
  60      4501912D 
  60      54114111 
  60      50C16592 
  61 0073 7BD20557 		.ascii	"{\322\005WF\245a$o\332\027\325\205N\215\000\244hg\201"
  61      46A56124 
  61      6FDA17D5 
  61      854E8D00 
  61      A4686781 
  62 0087 1974013D 		.ascii	"\031t\001=\366Xh\254\265\331\232\370>f\321\206t\316"
  62      F65868AC 
  62      B5D99AF8 
  62      3E66D186 
  62      74CE
  63 0099 5FA3A136 		.ascii	"_\243\2416\276c\252\361\266\211\237>\007@\234\246\331"
  63      BE63AAF1 
  63      B6899F3E 
  63      07409CA6 
  63      D9
  64 00aa 1D4B4460 		.ascii	"\035KD`3y\301\371\364\211F\030`Ut\375\365\336\256|\251"
  64      3379C1F9 
  64      F4894618 
  64      605574FD 
  64      F5DEAE7C 
  65 00bf 22DD4A11 		.ascii	"\"\335J\021Z\002\267Pa\211Z\366\274\352L\020\215\010"
  65      5A02B750 
  65      61895AF6 
  65      BCEA4C10 
  65      8D08
  66 00d1 B4F236F6 		.ascii	"\264\3626\366h\204\000\263z\357\377t\207\323\213\313"
  66      688400B3 
  66      7AEFFF74 
  66      87D38BCB 
  67 00e1 64B69553 		.ascii	"d\266\225S;\346LzjAw9\215\177\334&DNE\3343\351\203\005"
  67      3BE64C7A 
  67      6A417739 
  67      8D7FDC26 
  67      444E45DC 
  68 00f9 CD73BA5E 		.ascii	"\315s\272^^-\3318u\340\276Ik\026\264\300iy#W\371\243"
  68      5E2DD938 
  68      75E0BE49 
  68      6B16B4C0 
  68      69792357 
  69 010f 4E3C30E9 		.ascii	"N<0\351\263\005=\344\264\232\252\225Z8\355\300#\223"
  69      B3053DE4 
  69      B49AAA95 
  69      5A38EDC0 
  69      2393
  70 0121 D62D6891 		.ascii	"\326-h\221\323\342\225qg\347\264\017\2179\255\343\\"
  70      D3E29571 
  70      67E7B40F 
  70      8F39ADE3 
ARM GAS  /tmp/cc5PNyP2.s 			page 5


  70      5C
  71 0132 FA5DC35F 		.ascii	"\372]\303_\313\"N\001}5\372{\006\334n\211\267\241@p"
  71      CB224E01 
  71      7D35FA7B 
  71      06DC6E89 
  71      B7A14070 
  72 0146 22E8F34B 		.ascii	"\"\350\363K!Y\012\214OI3\241pD\226\374\243#^\017\037"
  72      21590A8C 
  72      4F4933A1 
  72      704496FC 
  72      A3235E0F 
  73 015b 87FBA351 		.ascii	"\207\373\243QI\216L{=cA9\354\236\204\037\325?\275~"
  73      498E4C7B 
  73      3D634139 
  73      EC9E841F 
  73      D53FBD7E 
  74              		.text
  75              		.section	.gnu.lto_.symbol_nodes.849183977b1adeea,"",%progbits
  76 0000 789C55CC 		.ascii	"x\234U\314\315\011\2000\014\206\341\257)\356\245\223"
  76      CD098030 
  76      0C86E1AF 
  76      29EEA593 
  77 0010 A5870EE0 		.ascii	"\245\207\016\340\020\035B<\367\340\0178\203B\347\020"
  77      101D423C 
  77      F7E00F38 
  77      8342E710 
  78 0020 53FD04CD 		.ascii	"S\375\004\315\345)oI\032\010\006\330\310$\012\364\033"
  78      E5296F49 
  78      1A0806D8 
  78      C8240AF4 
  78      1B
  79 0031 608CA1B3 		.ascii	"`\214\241\2632\213\272_q\213\250\334\005\010\241\265"
  79      328BBA5F 
  79      718BA8DC 
  79      0508A1B5 
  80 0041 B08AFA6F 		.ascii	"\260\212\372o\360v.\355\247\253fZh<\036\023\315\264"
  80      F0762EED 
  80      A7AB665A 
  80      683C1E13 
  80      CDB4
  81 0053 54ED75EF 		.ascii	"T\355u\357\231\231\026\032\337\177\232i\335\303\005"
  81      9999161A 
  81      DF7F9A69 
  81      DDC305
  82 0062 9BA736A8 		.ascii	"\233\2476\250"
  83              		.text
  84              		.section	.gnu.lto_.refs.849183977b1adeea,"",%progbits
  85 0000 789C6365 		.ascii	"x\234ce`b`d\000\002\000\000I\000\011"
  85      60626064 
  85      00020000 
  85      490009
  86              		.text
  87              		.section	.gnu.lto_.decls.849183977b1adeea,"",%progbits
  88 0000 789C7D52 		.ascii	"x\234}RIL\024A\024\255\337\325\0124\210\343\022\203"
  88      494C1441 
  88      14ADDFD5 
  88      0A3488E3 
ARM GAS  /tmp/cc5PNyP2.s 			page 6


  88      1283
  89 0012 CB817050 		.ascii	"\313\201pP.NG\360`<\030\015\270\035\320\304\205x1\223"
  89      2E4E47F0 
  89      603C180D 
  89      B81DD0C4 
  89      85783193 
  90 0026 61184327 		.ascii	"a\030C'\303\014N7\212\007\223\026%1h\334\016*\212Jt"
  90      C30C4E37 
  90      8A079316 
  90      253168DC 
  90      0E2A8A4A 
  91 003b 5C109001 		.ascii	"\\\020\220\001\027\004\025\306\021\214\270\034$\256"
  91      170415C6 
  91      118CB81C 
  91      24AE
  92 0049 51191522 		.ascii	"Q\031\025\"&\222\250hDH\014\376\256\356\266\007\035"
  92      2692A868 
  92      44480CFE 
  92      AEEEB607 
  92      1D
  93 005a ACEEDA7E 		.ascii	"\254\356\332~\275\377\376\253\377k\034\341\310v\236"
  93      BDFFFEAB 
  93      FF6B1CE1 
  93      C8769E
  94 0069 90294048 		.ascii	"\220)@H\200\0202\202\215\342\\G\254\206\307\344\022"
  94      80103282 
  94      8DE25C47 
  94      AC86C7E4 
  94      12
  95 007a F620F636 		.ascii	"\366 \3666\354w\310\277m#\350\270\\\354\355\330[\260"
  95      EC77C8BF 
  95      6D23E8B8 
  95      5CECEDD8 
  95      5BB0
  96 008c B71A679C 		.ascii	"\267\032g\234\341\337\026\303\317\031\345\327a\370\205"
  96      E1DF16C3 
  96      CF19E5D7 
  96      61F885
  97 009b A3FC8263 		.ascii	"\243\374\202c\304;B\341\321\273\0173\273\3415\000\001"
  97      C43B42E1 
  97      D1BB0F33 
  97      BBE13500 
  97      01
  98 00ac B0014E04 		.ascii	"\260\001N\004\3643\315b\314\354>\254\201\276\307\221"
  98      F433CD62 
  98      CCEC3EAC 
  98      81BEC791 
  99 00bc 632331E1 		.ascii	"c#1\341`R\002\373\360\347@\007s$\026(\232\321\212h6"
  99      605202FB 
  99      F0E74007 
  99      73241628 
  99      9AD18A68 
 100 00d1 D306A329 		.ascii	"\323\006\243)56\2102D;D\021\032\267\320\021Q\032\315"
 100      35368832 
 100      443B4411 
 100      1AB7D011 
 100      511ACD
ARM GAS  /tmp/cc5PNyP2.s 			page 7


 101 00e4 DB106A5E 		.ascii	"\333\020j^\276\177\357\267S|\004\336\000$\222\252\305"
 101      BE7FEFB7 
 101      537C04DE 
 101      002492AA 
 101      C5
 102 00f5 C06C7B3E 		.ascii	"\300l{>\015\357\007\212qp\035\031\272\260\314^\253\352"
 102      0DEF078A 
 102      71701D19 
 102      BAB0CC5E 
 102      ABEA
 103 0107 2D7E8695 		.ascii	"-~\206\225\265\216\221\301\320\304}\024&\013\300\341"
 103      B58E91C1 
 103      D0C47D14 
 103      260BC0E1 
 104 0117 B6EBCBC3 		.ascii	"\266\353\313\303\023\211\270\235*\200\015\267?w<\275"
 104      1389B89D 
 104      2A800DB7 
 104      3F773CBD 
 105 0127 2DA41C66 		.ascii	"-\244\034f^;U\033\007\271\323\240\026fA\015\314B\005"
 105      5E3B551B 
 105      07B9D3A0 
 105      1666410D 
 105      CC4205
 106 013a 75908263 		.ascii	"u\220\202c\036\2573]\336\367\371brZ\225Z\365V\015EJ"
 106      1EAF335D 
 106      DEF7F962 
 106      725A955A 
 106      F5560D45 
 107 014f 337A1A55 		.ascii	"3z\032U\265\014\335x\015\006\325@\341\"\3305\335\270"
 107      B50CDD78 
 107      0D06D540 
 107      E122D835 
 107      DDB8
 108 0161 C4F10244 		.ascii	"\304\361\002D\000\316C7^\353\022\244\241\373\307\336"
 108      00CE4337 
 108      5EEB12A4 
 108      A1FBC7DE 
 109 0171 1FDF05BA 		.ascii	"\037\337\005\272\212\251}\331\364\240!\321\240\352Z"
 109      8AA97DD9 
 109      F4A021D1 
 109      A0EA5A
 110 0180 54A1864A 		.ascii	"T\241\206J\221\210cD\365\026Q\375\337DAFt\374\311\373"
 110      91886344 
 110      F51651FD 
 110      DF444146 
 110      74FCC9FB 
 111 0194 331CDDC0 		.ascii	"3\034\335\300\210\336\334\253\256\241x\2359\002h\031"
 111      88DEDCAB 
 111      AEA1789D 
 111      39026819 
 112 01a4 9D88A6FA 		.ascii	"\235\210\246\372\376\346\241\011\272ICt\355\037\010"
 112      FEE6A109 
 112      BA494374 
 112      ED1F08
 113 01b3 C45189AD 		.ascii	"\304Q\211\255\037\357\012VR=\027<n\277>:\326\223\254"
 113      1FEF0A56 
 113      523D173C 
ARM GAS  /tmp/cc5PNyP2.s 			page 8


 113      6EBF3E3A 
 113      D693AC
 114 01c6 E722F508 		.ascii	"\347\"\365\010\345*\356?\017\363\220.\234\323\222\021"
 114      E52AEE3F 
 114      0FF3902E 
 114      9CD39211 
 115 01d6 EA3B39FB 		.ascii	"\352;9\373\350\200\252\246\302u\020\340\212%j\216\200"
 115      E880AAA6 
 115      C27510E0 
 115      8A256A8E 
 115      80
 116 01e7 E36E552D 		.ascii	"\343nU-U\017\354T\023V\020\270\206\351\272\212\351\202"
 116      550FEC54 
 116      135610B8 
 116      86E9BA8A 
 116      E982
 117 01f9 2648D782 		.ascii	"&H\327\202j8\270\214\306F4b\224\352\300\301\323\343"
 117      6A38B88C 
 117      C6463462 
 117      94EAC0C1 
 117      D3E3
 118 020b E969D014 		.ascii	"\351i\320\024pw[_\275\340AH\217Ip#\006\201.&R\227v\267"
 118      70775B5F 
 118      BDE04148 
 118      8F497023 
 118      06812E26 
 119 0223 4CCB500B 		.ascii	"L\313P\013\212i\266\304\2406\2756\341\241\210\215\307"
 119      8A69B6C4 
 119      A036BD36 
 119      E1A1888D 
 119      C7
 120 0234 F7CB0058 		.ascii	"\367\313\000X04\225\237\355\034\246\177l7\201\031\037"
 120      3034959F 
 120      ED1CA67F 
 120      6C378119 
 120      1F
 121 0245 3C1E789E 		.ascii	"<\036x\2364f\275[Y\275o\201Q\360\332\246{\317\264\202"
 121      3466BD5B 
 121      59BD6F81 
 121      51F0DAA6 
 121      7BCFB482 
 122 0259 BF450583 		.ascii	"\277E\005\203\315\013*\202\275\352n\201\241\240\301"
 122      CD0B2A82 
 122      BDEA6E81 
 122      A1A0C1
 123 0268 D2D000FA 		.ascii	"\322\320\000\372#\2056V\235\247\335\267\276PZ\252\277"
 123      23853656 
 123      9DA7DDB7 
 123      BE505AAA 
 123      BF
 124 0279 CA18B2DA 		.ascii	"\312\030\262\332\2035\277\222\307T\020f\012n\233\012"
 124      8335BF92 
 124      C7541066 
 124      0A6E9B0A 
 125 0289 BE05FA2A 		.ascii	"\276\005\372*\251\241`xz\205\032\3464\004\204\254\350"
 125      A9A16078 
 125      7A851AE6 
ARM GAS  /tmp/cc5PNyP2.s 			page 9


 125      340484AC 
 125      E8
 126 029a 2133FA1D 		.ascii	"!3\372\035\026\275\377uc'\237T\376'\273L\254\231`\002"
 126      16BDFF75 
 126      63279F54 
 126      FE27BB4C 
 126      AC996002 
 127 02ae ED90C4C0 		.ascii	"\355\220\304\3008#\370\344\241\300\204hlx\024\266\303"
 127      3823F8E4 
 127      A1C08468 
 127      6C7814B6 
 127      C3
 128 02bf C06A739C 		.ascii	"\300js\234\344\337\274\322+)\361\313W\255O\315\2327"
 128      E4DFBCD2 
 128      2B29F1CB 
 128      57AD4FCD 
 128      9A37
 129 02d1 8F2CB4DB 		.ascii	"\217,\264\333E\375\317*\220\362\244\325kE\237,\0268"
 129      45FDCF2A 
 129      90F2A4D5 
 129      6B459F2C 
 129      1638
 130 02e3 3D6291CF 		.ascii	"=b\221\317\257\310\342\332u9\231\031\372\270l~I\211"
 130      AFC8E2DA 
 130      75399919 
 130      FAB86C7E 
 130      4989
 131 02f5 282B8599 		.ascii	"(+\205\231\031\016I\366\333]$\001\271\262\335\022\262"
 131      190E49F6 
 131      DB5D2401 
 131      B9B2DD12 
 131      B2
 132 0306 D9BC5B24 		.ascii	"\331\274[$\327R\2573\317\343\316u\273\024\237_p8\212"
 132      D752AF33 
 132      CFE3CE75 
 132      BB149F5F 
 132      70388A
 133 0319 25AF8250 		.ascii	"%\257\202Pe\256X,\373E\311\353\362\024\347\273E\257"
 133      65AE582C 
 133      FB45C9EB 
 133      F214E7BB 
 133      45AF
 134 032b 7BAB47CA 		.ascii	"{\253G\312\023\013\235\256\002\311\353\026\035\371\356"
 134      130B9DAE 
 134      02C9EB16 
 134      1DF9EE
 135 033a 4DCE628F 		.ascii	"M\316b\217\342P\266\025\271e{\001\2117\335\322b\271"
 135      E250B615 
 135      B9657B01 
 135      8937DDD2 
 135      62B9
 136 034c C9DB64D1 		.ascii	"\311\333d\321!+\371\210Al\346\377\245\273|\205\205>"
 136      212BF988 
 136      416CE6FF 
 136      A5BB7C85 
 136      853E
 137 035e AFB8644D 		.ascii	"\257\270dMNVN\211\250)D\237I\332\234-\311\226\324\337"
ARM GAS  /tmp/cc5PNyP2.s 			page 10


 137      4E564E89 
 137      A829449F 
 137      49DA9C2D 
 137      C996D4DF 
 138 0372 26829466 		.ascii	"&\202\224f"
 139              		.text
 140              		.section	.gnu.lto_.symtab.849183977b1adeea,"",%progbits
 141 0000 69727149 		.ascii	"irqInit\000"
 141      6E697400 
 142 0008 00       		.ascii	"\000"
 143 0009 00       		.ascii	"\000"
 144 000a 00       		.ascii	"\000"
 145 000b 00000000 		.ascii	"\000\000\000\000\000\000\000\000"
 145      00000000 
 146 0013 AE000000 		.ascii	"\256\000\000\000"
 147 0017 69727144 		.ascii	"irqDeinit\000"
 147      65696E69 
 147      7400
 148 0021 00       		.ascii	"\000"
 149 0022 00       		.ascii	"\000"
 150 0023 00       		.ascii	"\000"
 151 0024 00000000 		.ascii	"\000\000\000\000\000\000\000\000"
 151      00000000 
 152 002c B0000000 		.ascii	"\260\000\000\000"
 153 0030 6E766963 		.ascii	"nvicEnableVector\000"
 153      456E6162 
 153      6C655665 
 153      63746F72 
 153      00
 154 0041 00       		.ascii	"\000"
 155 0042 02       		.ascii	"\002"
 156 0043 00       		.ascii	"\000"
 157 0044 00000000 		.ascii	"\000\000\000\000\000\000\000\000"
 157      00000000 
 158 004c BF000000 		.ascii	"\277\000\000\000"
 159 0050 6E766963 		.ascii	"nvicDisableVector\000"
 159      44697361 
 159      626C6556 
 159      6563746F 
 159      7200
 160 0062 00       		.ascii	"\000"
 161 0063 02       		.ascii	"\002"
 162 0064 00       		.ascii	"\000"
 163 0065 00000000 		.ascii	"\000\000\000\000\000\000\000\000"
 163      00000000 
 164 006d C3000000 		.ascii	"\303\000\000\000"
 165              		.text
 166              		.section	.gnu.lto_.opts,"",%progbits
 167 0000 272D666D 		.ascii	"'-fmath-errno' '-fsigned-zeros' '-ftrapping-math' '"
 167      6174682D 
 167      6572726E 
 167      6F272027 
 167      2D667369 
 168 0033 2D666E6F 		.ascii	"-fno-trapv' '-fno-strict-overflow' '-fno-openmp' '-"
 168      2D747261 
 168      70762720 
 168      272D666E 
ARM GAS  /tmp/cc5PNyP2.s 			page 11


 168      6F2D7374 
 169 0066 666E6F2D 		.ascii	"fno-openacc' '-mcpu=cortex-m4' '-mthumb' '-mfloat-a"
 169      6F70656E 
 169      61636327 
 169      20272D6D 
 169      6370753D 
 170 0099 62693D68 		.ascii	"bi=hard' '-mfpu=fpv4-sp-d16' '-ggdb' '-Og' '-fomit-"
 170      61726427 
 170      20272D6D 
 170      6670753D 
 170      66707634 
 171 00cc 6672616D 		.ascii	"frame-pointer' '-falign-functions=16' '-ffunction-s"
 171      652D706F 
 171      696E7465 
 171      72272027 
 171      2D66616C 
 172 00ff 65637469 		.ascii	"ections' '-fdata-sections' '-fno-common' '-flto'\000"
 172      6F6E7327 
 172      20272D66 
 172      64617461 
 172      2D736563 
 173              		.text
 174              		.comm	__gnu_lto_v1,1,1
 175              		.comm	__gnu_lto_slim,1,1
 176              		.ident	"GCC: (15:6.3.1+svn253039-1build1) 6.3.1 20170620"
ARM GAS  /tmp/cc5PNyP2.s 			page 12


DEFINED SYMBOLS
                            *ABS*:0000000000000000 stm32_isr.c
                            *COM*:0000000000000001 __gnu_lto_v1
                            *COM*:0000000000000001 __gnu_lto_slim

NO UNDEFINED SYMBOLS
